#
# There is insufficient memory for the Java Runtime Environment to continue.
# Native memory allocation (malloc) failed to allocate 202096 bytes for Chunk::new
# Possible reasons:
#   The system is out of physical RAM or swap space
#   The process is running with CompressedOops enabled, and the Java Heap may be blocking the growth of the native heap
# Possible solutions:
#   Reduce memory load on the system
#   Increase physical memory or swap space
#   Check if swap backing store is full
#   Decrease Java heap size (-Xmx/-Xms)
#   Decrease number of Java threads
#   Decrease Java thread stack sizes (-Xss)
#   Set larger code cache with -XX:ReservedCodeCacheSize=
#   JVM is running with Unscaled Compressed Oops mode in which the Java heap is
#     placed in the first 4GB address space. The Java Heap base address is the
#     maximum limit for the native heap growth. Please use -XX:HeapBaseMinAddress
#     to set the Java Heap base and to place the Java Heap above 4GB virtual address.
# This output file may be truncated or incomplete.
#
#  Out of Memory Error (./open/src/hotspot/share/memory/arena.cpp:197), pid=198968, tid=198280
#
# JRE version: Java(TM) SE Runtime Environment 18.9 (11.0.15+8) (build 11.0.15+8-LTS-149)
# Java VM: Java HotSpot(TM) 64-Bit Server VM 18.9 (11.0.15+8-LTS-149, mixed mode, tiered, compressed oops, g1 gc, windows-amd64)
# No core dump will be written. Minidumps are not enabled by default on client versions of Windows
#

---------------  S U M M A R Y ------------

Command Line: -javaagent:C:\Program Files\JetBrains\IntelliJ IDEA Community Edition 2022.2.1\lib\idea_rt.jar=60304:C:\Program Files\JetBrains\IntelliJ IDEA Community Edition 2022.2.1\bin -Dfile.encoding=UTF-8 com.training.springeurekaserver.SpringEurekaServerApplication

Host: Intel(R) Xeon(R) Platinum 8272CL CPU @ 2.60GHz, 2 cores, 7G,  Windows 10 , 64 bit Build 19041 (10.0.19041.1889)
Time: Tue Sep  6 05:26:00 2022 Coordinated Universal Time elapsed time: 568.521284 seconds (0d 0h 9m 28s)

---------------  T H R E A D  ---------------

Current thread (0x000001a9cd011000):  JavaThread "C2 CompilerThread0" daemon [_thread_in_native, id=198280, stack(0x00000064ab800000,0x00000064ab900000)]


Current CompileTask:
C2: 568521 7443       4       java.lang.reflect.AccessibleObject::checkAccess (40 bytes)

Stack: [0x00000064ab800000,0x00000064ab900000]
Native frames: (J=compiled Java code, j=interpreted, Vv=VM code, C=native code)
V  [jvm.dll+0x629d8a]
V  [jvm.dll+0x7638ff]
V  [jvm.dll+0x764fa9]
V  [jvm.dll+0x765633]
V  [jvm.dll+0x23d9c8]
V  [jvm.dll+0xb2a1c]
V  [jvm.dll+0xb2fdc]
V  [jvm.dll+0x2ae744]
V  [jvm.dll+0x53d4c6]
V  [jvm.dll+0x1f9ce5]
V  [jvm.dll+0x1f762d]
V  [jvm.dll+0x177c51]
V  [jvm.dll+0x207026]
V  [jvm.dll+0x2051bb]
V  [jvm.dll+0x729820]
V  [jvm.dll+0x7223f4]
V  [jvm.dll+0x628c26]
C  [ucrtbase.dll+0x21bb2]
C  [KERNEL32.DLL+0x17034]
C  [ntdll.dll+0x52651]


---------------  P R O C E S S  ---------------

Threads class SMR info:
_java_thread_list=0x000001a9d30b2e60, length=63, elements={
0x000001a9ccfef000, 0x000001a9ccff0000, 0x000001a9cd982800, 0x000001a9cd00d800,
0x000001a9cd00e800, 0x000001a9cd011000, 0x000001a9cd9be800, 0x000001a9cd9c1800,
0x000001a9cdabf800, 0x000001a9ce153800, 0x000001a9d2494000, 0x000001a9d289c800,
0x000001a9d3099000, 0x000001a9d152b800, 0x000001a9d13db800, 0x000001a9d0b82000,
0x000001a9cea0a800, 0x000001a9d2613800, 0x000001a9d0c26800, 0x000001a9d0c26000,
0x000001a9d0c25000, 0x000001a9d0c24800, 0x000001a9d2ef9800, 0x000001a9d2ef8000,
0x000001a9d2efa800, 0x000001a9d2ef8800, 0x000001a9d2efb000, 0x000001a9d2efc000,
0x000001a9d2ef6000, 0x000001a9d2efd000, 0x000001a9d2ef7000, 0x000001a9d2f01800,
0x000001a9d2efe800, 0x000001a9d2f00000, 0x000001a9d2f03800, 0x000001a9d2f01000,
0x000001a9d2efd800, 0x000001a9d2f05000, 0x000001a9d2eff000, 0x000001a9d2f04000,
0x000001a9d2f02800, 0x000001a9cf54a800, 0x000001a9cf54d800, 0x000001a9cf54e800,
0x000001a9cf54f800, 0x000001a9cf54d000, 0x000001a9cf551000, 0x000001a9cf54c000,
0x000001a9cf54b000, 0x000001a9cf554000, 0x000001a9cf555000, 0x000001a9cf556000,
0x000001a9cf552000, 0x000001a9cf556800, 0x000001a9cf552800, 0x000001a9cf557800,
0x000001a9cf558800, 0x000001a9cf559000, 0x000001a9cf553800, 0x000001a9d4677000,
0x000001a9d4674000, 0x000001a9d4672800, 0x000001a9d4673000
}

Java Threads: ( => current thread )
  0x000001a9ccfef000 JavaThread "Reference Handler" daemon [_thread_blocked, id=100288, stack(0x00000064ab300000,0x00000064ab400000)]
  0x000001a9ccff0000 JavaThread "Finalizer" daemon [_thread_blocked, id=154552, stack(0x00000064ab400000,0x00000064ab500000)]
  0x000001a9cd982800 JavaThread "Signal Dispatcher" daemon [_thread_blocked, id=148964, stack(0x00000064ab500000,0x00000064ab600000)]
  0x000001a9cd00d800 JavaThread "Attach Listener" daemon [_thread_blocked, id=178220, stack(0x00000064ab600000,0x00000064ab700000)]
  0x000001a9cd00e800 JavaThread "Service Thread" daemon [_thread_blocked, id=226388, stack(0x00000064ab700000,0x00000064ab800000)]
=>0x000001a9cd011000 JavaThread "C2 CompilerThread0" daemon [_thread_in_native, id=198280, stack(0x00000064ab800000,0x00000064ab900000)]
  0x000001a9cd9be800 JavaThread "C1 CompilerThread0" daemon [_thread_blocked, id=202040, stack(0x00000064ab900000,0x00000064aba00000)]
  0x000001a9cd9c1800 JavaThread "Sweeper thread" daemon [_thread_blocked, id=73400, stack(0x00000064aba00000,0x00000064abb00000)]
  0x000001a9cdabf800 JavaThread "Common-Cleaner" daemon [_thread_blocked, id=211232, stack(0x00000064abb00000,0x00000064abc00000)]
  0x000001a9ce153800 JavaThread "Monitor Ctrl-Break" daemon [_thread_in_native, id=201364, stack(0x00000064abd00000,0x00000064abe00000)]
  0x000001a9d2494000 JavaThread "spring.cloud.inetutils" daemon [_thread_blocked, id=178464, stack(0x00000064abf00000,0x00000064ac000000)]
  0x000001a9d289c800 JavaThread "Thread-4" daemon [_thread_blocked, id=194792, stack(0x00000064ac000000,0x00000064ac100000)]
  0x000001a9d3099000 JavaThread "SimplePauseDetectorThread_0" daemon [_thread_blocked, id=204140, stack(0x00000064ac100000,0x00000064ac200000)]
  0x000001a9d152b800 JavaThread "Catalina-utility-1" [_thread_blocked, id=208288, stack(0x00000064ac200000,0x00000064ac300000)]
  0x000001a9d13db800 JavaThread "Catalina-utility-2" [_thread_blocked, id=68128, stack(0x00000064ac300000,0x00000064ac400000)]
  0x000001a9d0b82000 JavaThread "container-0" [_thread_blocked, id=6288, stack(0x00000064ac400000,0x00000064ac500000)]
  0x000001a9cea0a800 JavaThread "Eureka-DeltaRetentionTimer" daemon [_thread_blocked, id=198820, stack(0x00000064ac500000,0x00000064ac600000)]
  0x000001a9d2613800 JavaThread "Eureka-EvictionTimer" daemon [_thread_blocked, id=170368, stack(0x00000064ac600000,0x00000064ac700000)]
  0x000001a9d0c26800 JavaThread "Eureka-MeasureRateTimer" daemon [_thread_blocked, id=217136, stack(0x00000064ac700000,0x00000064ac800000)]
  0x000001a9d0c26000 JavaThread "ReplicaAwareInstanceRegistry - RenewalThresholdUpdater" daemon [_thread_blocked, id=193784, stack(0x00000064ac800000,0x00000064ac900000)]
  0x000001a9d0c25000 JavaThread "Eureka-MeasureRateTimer" daemon [_thread_blocked, id=201540, stack(0x00000064ac900000,0x00000064aca00000)]
  0x000001a9d0c24800 JavaThread "Eureka-JerseyClient-Conn-Cleaner2" daemon [_thread_blocked, id=121712, stack(0x00000064aca00000,0x00000064acb00000)]
  0x000001a9d2ef9800 JavaThread "TaskAcceptor-target_localhost" daemon [_thread_blocked, id=189500, stack(0x00000064acb00000,0x00000064acc00000)]
  0x000001a9d2ef8000 JavaThread "StatsMonitor-0" daemon [_thread_blocked, id=212756, stack(0x00000064acc00000,0x00000064acd00000)]
  0x000001a9d2efa800 JavaThread "TaskBatchingWorker-target_localhost-0" daemon [_thread_blocked, id=109180, stack(0x00000064acd00000,0x00000064ace00000)]
  0x000001a9d2ef8800 JavaThread "TaskBatchingWorker-target_localhost-1" daemon [_thread_blocked, id=183884, stack(0x00000064ace00000,0x00000064acf00000)]
  0x000001a9d2efb000 JavaThread "TaskBatchingWorker-target_localhost-2" daemon [_thread_blocked, id=210184, stack(0x00000064acf00000,0x00000064ad000000)]
  0x000001a9d2efc000 JavaThread "TaskBatchingWorker-target_localhost-3" daemon [_thread_blocked, id=211196, stack(0x00000064ad000000,0x00000064ad100000)]
  0x000001a9d2ef6000 JavaThread "TaskBatchingWorker-target_localhost-4" daemon [_thread_blocked, id=135884, stack(0x00000064ad100000,0x00000064ad200000)]
  0x000001a9d2efd000 JavaThread "TaskBatchingWorker-target_localhost-5" daemon [_thread_blocked, id=63492, stack(0x00000064ad200000,0x00000064ad300000)]
  0x000001a9d2ef7000 JavaThread "TaskBatchingWorker-target_localhost-6" daemon [_thread_blocked, id=202104, stack(0x00000064ad300000,0x00000064ad400000)]
  0x000001a9d2f01800 JavaThread "TaskBatchingWorker-target_localhost-7" daemon [_thread_blocked, id=194764, stack(0x00000064ad400000,0x00000064ad500000)]
  0x000001a9d2efe800 JavaThread "TaskBatchingWorker-target_localhost-8" daemon [_thread_blocked, id=102324, stack(0x00000064ad500000,0x00000064ad600000)]
  0x000001a9d2f00000 JavaThread "TaskBatchingWorker-target_localhost-9" daemon [_thread_blocked, id=178832, stack(0x00000064ad600000,0x00000064ad700000)]
  0x000001a9d2f03800 JavaThread "TaskBatchingWorker-target_localhost-10" daemon [_thread_blocked, id=186012, stack(0x00000064ad700000,0x00000064ad800000)]
  0x000001a9d2f01000 JavaThread "TaskBatchingWorker-target_localhost-11" daemon [_thread_blocked, id=211380, stack(0x00000064ad800000,0x00000064ad900000)]
  0x000001a9d2efd800 JavaThread "TaskBatchingWorker-target_localhost-12" daemon [_thread_blocked, id=122912, stack(0x00000064ad900000,0x00000064ada00000)]
  0x000001a9d2f05000 JavaThread "TaskBatchingWorker-target_localhost-13" daemon [_thread_blocked, id=200472, stack(0x00000064ada00000,0x00000064adb00000)]
  0x000001a9d2eff000 JavaThread "TaskBatchingWorker-target_localhost-14" daemon [_thread_blocked, id=175328, stack(0x00000064adb00000,0x00000064adc00000)]
  0x000001a9d2f04000 JavaThread "TaskBatchingWorker-target_localhost-15" daemon [_thread_blocked, id=216068, stack(0x00000064adc00000,0x00000064add00000)]
  0x000001a9d2f02800 JavaThread "TaskBatchingWorker-target_localhost-16" daemon [_thread_blocked, id=147108, stack(0x00000064add00000,0x00000064ade00000)]
  0x000001a9cf54a800 JavaThread "TaskBatchingWorker-target_localhost-17" daemon [_thread_blocked, id=158956, stack(0x00000064ade00000,0x00000064adf00000)]
  0x000001a9cf54d800 JavaThread "TaskBatchingWorker-target_localhost-18" daemon [_thread_blocked, id=203564, stack(0x00000064adf00000,0x00000064ae000000)]
  0x000001a9cf54e800 JavaThread "TaskBatchingWorker-target_localhost-19" daemon [_thread_blocked, id=187160, stack(0x00000064ae000000,0x00000064ae100000)]
  0x000001a9cf54f800 JavaThread "TaskAcceptor-localhost" daemon [_thread_blocked, id=216096, stack(0x00000064ae100000,0x00000064ae200000)]
  0x000001a9cf54d000 JavaThread "TaskNonBatchingWorker-localhost-0" daemon [_thread_blocked, id=178644, stack(0x00000064ae200000,0x00000064ae300000)]
  0x000001a9cf551000 JavaThread "Eureka-PeerNodesUpdater" daemon [_thread_blocked, id=206428, stack(0x00000064ae300000,0x00000064ae400000)]
  0x000001a9cf54c000 JavaThread "Eureka-CacheFillTimer" daemon [_thread_blocked, id=199924, stack(0x00000064ae400000,0x00000064ae500000)]
  0x000001a9cf54b000 JavaThread "NioBlockingSelector.BlockPoller-1" daemon [_thread_in_native, id=180372, stack(0x00000064ae600000,0x00000064ae700000)]
  0x000001a9cf554000 JavaThread "http-nio-8761-exec-1" daemon [_thread_blocked, id=206940, stack(0x00000064ae700000,0x00000064ae800000)]
  0x000001a9cf555000 JavaThread "http-nio-8761-exec-2" daemon [_thread_blocked, id=209908, stack(0x00000064ae800000,0x00000064ae900000)]
  0x000001a9cf556000 JavaThread "http-nio-8761-exec-3" daemon [_thread_blocked, id=213908, stack(0x00000064ae900000,0x00000064aea00000)]
  0x000001a9cf552000 JavaThread "http-nio-8761-exec-4" daemon [_thread_blocked, id=122676, stack(0x00000064aea00000,0x00000064aeb00000)]
  0x000001a9cf556800 JavaThread "http-nio-8761-exec-5" daemon [_thread_blocked, id=192028, stack(0x00000064aeb00000,0x00000064aec00000)]
  0x000001a9cf552800 JavaThread "http-nio-8761-exec-6" daemon [_thread_blocked, id=211500, stack(0x00000064aec00000,0x00000064aed00000)]
  0x000001a9cf557800 JavaThread "http-nio-8761-exec-7" daemon [_thread_blocked, id=86796, stack(0x00000064aed00000,0x00000064aee00000)]
  0x000001a9cf558800 JavaThread "http-nio-8761-exec-8" daemon [_thread_blocked, id=211124, stack(0x00000064aee00000,0x00000064aef00000)]
  0x000001a9cf559000 JavaThread "http-nio-8761-exec-9" daemon [_thread_blocked, id=204364, stack(0x00000064aef00000,0x00000064af000000)]
  0x000001a9cf553800 JavaThread "http-nio-8761-exec-10" daemon [_thread_blocked, id=205412, stack(0x00000064af000000,0x00000064af100000)]
  0x000001a9d4677000 JavaThread "http-nio-8761-ClientPoller-0" daemon [_thread_in_native, id=69804, stack(0x00000064af100000,0x00000064af200000)]
  0x000001a9d4674000 JavaThread "http-nio-8761-ClientPoller-1" daemon [_thread_in_native, id=214080, stack(0x00000064af200000,0x00000064af300000)]
  0x000001a9d4672800 JavaThread "http-nio-8761-Acceptor-0" daemon [_thread_in_native, id=203416, stack(0x00000064af300000,0x00000064af400000)]
  0x000001a9d4673000 JavaThread "DestroyJavaVM" [_thread_blocked, id=48948, stack(0x00000064aac00000,0x00000064aad00000)]

Other Threads:
  0x000001a9ccfed000 VMThread "VM Thread" [stack: 0x00000064ab200000,0x00000064ab300000] [id=164288]
  0x000001a9ce158800 WatcherThread [stack: 0x00000064abe00000,0x00000064abf00000] [id=197324]
  0x000001a9afd8e800 GCTaskThread "GC Thread#0" [stack: 0x00000064aad00000,0x00000064aae00000] [id=21672]
  0x000001a9cde6c800 GCTaskThread "GC Thread#1" [stack: 0x00000064abc00000,0x00000064abd00000] [id=69132]
  0x000001a9afdbf000 ConcurrentGCThread "G1 Main Marker" [stack: 0x00000064aae00000,0x00000064aaf00000] [id=81980]
  0x000001a9afdc2800 ConcurrentGCThread "G1 Conc#0" [stack: 0x00000064aaf00000,0x00000064ab000000] [id=129300]
  0x000001a9afe49000 ConcurrentGCThread "G1 Refine#0" [stack: 0x00000064ab000000,0x00000064ab100000] [id=205476]
  0x000001a9afe4b000 ConcurrentGCThread "G1 Young RemSet Sampling" [stack: 0x00000064ab100000,0x00000064ab200000] [id=199772]

Threads with active compile tasks:
C2 CompilerThread0 568545 7443       4       java.lang.reflect.AccessibleObject::checkAccess (40 bytes)

VM state:not at safepoint (normal execution)

VM Mutex/Monitor currently owned by a thread: None

Heap address: 0x0000000080000000, size: 2048 MB, Compressed Oops mode: 32-bit
Narrow klass base: 0x0000000000000000, Narrow klass shift: 3
Compressed class space size: 1073741824 Address: 0x0000000100000000

Heap:
 garbage-first heap   total 189440K, used 63238K [0x0000000080000000, 0x0000000100000000)
  region size 1024K, 34 young (34816K), 6 survivors (6144K)
 Metaspace       used 68883K, capacity 70350K, committed 70656K, reserved 1110016K
  class space    used 8553K, capacity 9139K, committed 9216K, reserved 1048576K
Heap Regions: E=young(eden), S=young(survivor), O=old, HS=humongous(starts), HC=humongous(continues), CS=collection set, F=free, A=archive, TAMS=top-at-mark-start (previous, next)
|   0|0x0000000080000000, 0x0000000080100000, 0x0000000080100000|100%| O|  |TAMS 0x0000000080100000, 0x0000000080000000| Untracked 
|   1|0x0000000080100000, 0x0000000080200000, 0x0000000080200000|100%| O|  |TAMS 0x0000000080200000, 0x0000000080100000| Untracked 
|   2|0x0000000080200000, 0x0000000080300000, 0x0000000080300000|100%| O|  |TAMS 0x0000000080300000, 0x0000000080200000| Untracked 
|   3|0x0000000080300000, 0x0000000080400000, 0x0000000080400000|100%| O|  |TAMS 0x0000000080400000, 0x0000000080300000| Untracked 
|   4|0x0000000080400000, 0x0000000080500000, 0x0000000080500000|100%| O|  |TAMS 0x0000000080500000, 0x0000000080400000| Untracked 
|   5|0x0000000080500000, 0x0000000080600000, 0x0000000080600000|100%| O|  |TAMS 0x0000000080600000, 0x0000000080500000| Untracked 
|   6|0x0000000080600000, 0x0000000080700000, 0x0000000080700000|100%| O|  |TAMS 0x0000000080700000, 0x0000000080600000| Untracked 
|   7|0x0000000080700000, 0x0000000080800000, 0x0000000080800000|100%| O|  |TAMS 0x0000000080800000, 0x0000000080700000| Untracked 
|   8|0x0000000080800000, 0x0000000080900000, 0x0000000080900000|100%| O|  |TAMS 0x0000000080900000, 0x0000000080800000| Untracked 
|   9|0x0000000080900000, 0x0000000080a00000, 0x0000000080a00000|100%| O|  |TAMS 0x0000000080a00000, 0x0000000080900000| Untracked 
|  10|0x0000000080a00000, 0x0000000080b00000, 0x0000000080b00000|100%| O|  |TAMS 0x0000000080b00000, 0x0000000080a00000| Untracked 
|  11|0x0000000080b00000, 0x0000000080c00000, 0x0000000080c00000|100%| O|  |TAMS 0x0000000080c00000, 0x0000000080b00000| Untracked 
|  12|0x0000000080c00000, 0x0000000080d00000, 0x0000000080d00000|100%| O|  |TAMS 0x0000000080d00000, 0x0000000080c00000| Untracked 
|  13|0x0000000080d00000, 0x0000000080e00000, 0x0000000080e00000|100%| O|  |TAMS 0x0000000080e00000, 0x0000000080d00000| Untracked 
|  14|0x0000000080e00000, 0x0000000080f00000, 0x0000000080f00000|100%| O|  |TAMS 0x0000000080f00000, 0x0000000080e00000| Untracked 
|  15|0x0000000080f00000, 0x0000000081000000, 0x0000000081000000|100%| O|  |TAMS 0x0000000081000000, 0x0000000080f00000| Untracked 
|  16|0x0000000081000000, 0x0000000081100000, 0x0000000081100000|100%| O|  |TAMS 0x0000000081100000, 0x0000000081000000| Untracked 
|  17|0x0000000081100000, 0x0000000081200000, 0x0000000081200000|100%| O|  |TAMS 0x0000000081200000, 0x0000000081100000| Untracked 
|  18|0x0000000081200000, 0x0000000081300000, 0x0000000081300000|100%| O|  |TAMS 0x0000000081300000, 0x0000000081200000| Untracked 
|  19|0x0000000081300000, 0x0000000081400000, 0x0000000081400000|100%| O|  |TAMS 0x0000000081400000, 0x0000000081300000| Untracked 
|  20|0x0000000081400000, 0x0000000081500000, 0x0000000081500000|100%| O|  |TAMS 0x0000000081500000, 0x0000000081400000| Untracked 
|  21|0x0000000081500000, 0x0000000081600000, 0x0000000081600000|100%| O|  |TAMS 0x0000000081600000, 0x0000000081500000| Untracked 
|  22|0x0000000081600000, 0x0000000081700000, 0x0000000081700000|100%| O|  |TAMS 0x0000000081700000, 0x0000000081600000| Untracked 
|  23|0x0000000081700000, 0x0000000081800000, 0x0000000081800000|100%| O|  |TAMS 0x0000000081800000, 0x0000000081700000| Untracked 
|  24|0x0000000081800000, 0x0000000081900000, 0x0000000081900000|100%| O|  |TAMS 0x0000000081900000, 0x0000000081800000| Untracked 
|  25|0x0000000081900000, 0x0000000081a00000, 0x0000000081a00000|100%| O|  |TAMS 0x0000000081983c00, 0x0000000081900000| Untracked 
|  26|0x0000000081a00000, 0x0000000081b00000, 0x0000000081b00000|100%| O|  |TAMS 0x0000000081a00000, 0x0000000081a00000| Untracked 
|  27|0x0000000081b00000, 0x0000000081c00000, 0x0000000081c00000|100%| O|  |TAMS 0x0000000081b00000, 0x0000000081b00000| Untracked 
|  28|0x0000000081c00000, 0x0000000081d00000, 0x0000000081d00000|100%| O|  |TAMS 0x0000000081c00000, 0x0000000081c00000| Untracked 
|  29|0x0000000081d00000, 0x0000000081d41800, 0x0000000081e00000| 25%| O|  |TAMS 0x0000000081d00000, 0x0000000081d00000| Untracked 
|  30|0x0000000081e00000, 0x0000000081e00000, 0x0000000081f00000|  0%| F|  |TAMS 0x0000000081e00000, 0x0000000081e00000| Untracked 
|  31|0x0000000081f00000, 0x0000000081f00000, 0x0000000082000000|  0%| F|  |TAMS 0x0000000081f00000, 0x0000000081f00000| Untracked 
|  32|0x0000000082000000, 0x0000000082000000, 0x0000000082100000|  0%| F|  |TAMS 0x0000000082000000, 0x0000000082000000| Untracked 
|  33|0x0000000082100000, 0x0000000082100000, 0x0000000082200000|  0%| F|  |TAMS 0x0000000082100000, 0x0000000082100000| Untracked 
|  34|0x0000000082200000, 0x0000000082200000, 0x0000000082300000|  0%| F|  |TAMS 0x0000000082200000, 0x0000000082200000| Untracked 
|  35|0x0000000082300000, 0x0000000082300000, 0x0000000082400000|  0%| F|  |TAMS 0x0000000082300000, 0x0000000082300000| Untracked 
|  36|0x0000000082400000, 0x0000000082400000, 0x0000000082500000|  0%| F|  |TAMS 0x0000000082400000, 0x0000000082400000| Untracked 
|  37|0x0000000082500000, 0x0000000082500000, 0x0000000082600000|  0%| F|  |TAMS 0x0000000082500000, 0x0000000082500000| Untracked 
|  38|0x0000000082600000, 0x0000000082600000, 0x0000000082700000|  0%| F|  |TAMS 0x0000000082600000, 0x0000000082600000| Untracked 
|  39|0x0000000082700000, 0x0000000082700000, 0x0000000082800000|  0%| F|  |TAMS 0x0000000082700000, 0x0000000082700000| Untracked 
|  40|0x0000000082800000, 0x0000000082800000, 0x0000000082900000|  0%| F|  |TAMS 0x0000000082800000, 0x0000000082800000| Untracked 
|  41|0x0000000082900000, 0x0000000082900000, 0x0000000082a00000|  0%| F|  |TAMS 0x0000000082900000, 0x0000000082900000| Untracked 
|  42|0x0000000082a00000, 0x0000000082a00000, 0x0000000082b00000|  0%| F|  |TAMS 0x0000000082a00000, 0x0000000082a00000| Untracked 
|  43|0x0000000082b00000, 0x0000000082b00000, 0x0000000082c00000|  0%| F|  |TAMS 0x0000000082b00000, 0x0000000082b00000| Untracked 
|  44|0x0000000082c00000, 0x0000000082c00000, 0x0000000082d00000|  0%| F|  |TAMS 0x0000000082c00000, 0x0000000082c00000| Untracked 
|  45|0x0000000082d00000, 0x0000000082d00000, 0x0000000082e00000|  0%| F|  |TAMS 0x0000000082d00000, 0x0000000082d00000| Untracked 
|  46|0x0000000082e00000, 0x0000000082e00000, 0x0000000082f00000|  0%| F|  |TAMS 0x0000000082e00000, 0x0000000082e00000| Untracked 
|  47|0x0000000082f00000, 0x0000000082f00000, 0x0000000083000000|  0%| F|  |TAMS 0x0000000082f00000, 0x0000000082f00000| Untracked 
|  48|0x0000000083000000, 0x0000000083000000, 0x0000000083100000|  0%| F|  |TAMS 0x0000000083000000, 0x0000000083000000| Untracked 
|  49|0x0000000083100000, 0x0000000083100000, 0x0000000083200000|  0%| F|  |TAMS 0x0000000083100000, 0x0000000083100000| Untracked 
|  50|0x0000000083200000, 0x0000000083200000, 0x0000000083300000|  0%| F|  |TAMS 0x0000000083200000, 0x0000000083200000| Untracked 
|  51|0x0000000083300000, 0x0000000083300000, 0x0000000083400000|  0%| F|  |TAMS 0x0000000083300000, 0x0000000083300000| Untracked 
|  52|0x0000000083400000, 0x0000000083400000, 0x0000000083500000|  0%| F|  |TAMS 0x0000000083400000, 0x0000000083400000| Untracked 
|  53|0x0000000083500000, 0x0000000083500000, 0x0000000083600000|  0%| F|  |TAMS 0x0000000083500000, 0x0000000083500000| Untracked 
|  54|0x0000000083600000, 0x0000000083600000, 0x0000000083700000|  0%| F|  |TAMS 0x0000000083600000, 0x0000000083600000| Untracked 
|  55|0x0000000083700000, 0x0000000083700000, 0x0000000083800000|  0%| F|  |TAMS 0x0000000083700000, 0x0000000083700000| Untracked 
|  56|0x0000000083800000, 0x0000000083800000, 0x0000000083900000|  0%| F|  |TAMS 0x0000000083800000, 0x0000000083800000| Untracked 
|  57|0x0000000083900000, 0x0000000083900000, 0x0000000083a00000|  0%| F|  |TAMS 0x0000000083900000, 0x0000000083900000| Untracked 
|  58|0x0000000083a00000, 0x0000000083a00000, 0x0000000083b00000|  0%| F|  |TAMS 0x0000000083a00000, 0x0000000083a00000| Untracked 
|  59|0x0000000083b00000, 0x0000000083b00000, 0x0000000083c00000|  0%| F|  |TAMS 0x0000000083b00000, 0x0000000083b00000| Untracked 
|  60|0x0000000083c00000, 0x0000000083c00000, 0x0000000083d00000|  0%| F|  |TAMS 0x0000000083c00000, 0x0000000083c00000| Untracked 
|  61|0x0000000083d00000, 0x0000000083d00000, 0x0000000083e00000|  0%| F|  |TAMS 0x0000000083d00000, 0x0000000083d00000| Untracked 
|  62|0x0000000083e00000, 0x0000000083e00000, 0x0000000083f00000|  0%| F|  |TAMS 0x0000000083e00000, 0x0000000083e00000| Untracked 
|  63|0x0000000083f00000, 0x0000000083f00000, 0x0000000084000000|  0%| F|  |TAMS 0x0000000083f00000, 0x0000000083f00000| Untracked 
|  64|0x0000000084000000, 0x0000000084000000, 0x0000000084100000|  0%| F|  |TAMS 0x0000000084000000, 0x0000000084000000| Untracked 
|  65|0x0000000084100000, 0x0000000084100000, 0x0000000084200000|  0%| F|  |TAMS 0x0000000084100000, 0x0000000084100000| Untracked 
|  66|0x0000000084200000, 0x0000000084200000, 0x0000000084300000|  0%| F|  |TAMS 0x0000000084200000, 0x0000000084200000| Untracked 
|  67|0x0000000084300000, 0x0000000084300000, 0x0000000084400000|  0%| F|  |TAMS 0x0000000084300000, 0x0000000084300000| Untracked 
|  68|0x0000000084400000, 0x0000000084400000, 0x0000000084500000|  0%| F|  |TAMS 0x0000000084400000, 0x0000000084400000| Untracked 
|  69|0x0000000084500000, 0x0000000084500000, 0x0000000084600000|  0%| F|  |TAMS 0x0000000084500000, 0x0000000084500000| Untracked 
|  70|0x0000000084600000, 0x0000000084600000, 0x0000000084700000|  0%| F|  |TAMS 0x0000000084600000, 0x0000000084600000| Untracked 
|  71|0x0000000084700000, 0x0000000084700000, 0x0000000084800000|  0%| F|  |TAMS 0x0000000084700000, 0x0000000084700000| Untracked 
|  72|0x0000000084800000, 0x0000000084800000, 0x0000000084900000|  0%| F|  |TAMS 0x0000000084800000, 0x0000000084800000| Untracked 
|  73|0x0000000084900000, 0x0000000084900000, 0x0000000084a00000|  0%| F|  |TAMS 0x0000000084900000, 0x0000000084900000| Untracked 
|  74|0x0000000084a00000, 0x0000000084a00000, 0x0000000084b00000|  0%| F|  |TAMS 0x0000000084a00000, 0x0000000084a00000| Untracked 
|  75|0x0000000084b00000, 0x0000000084b00000, 0x0000000084c00000|  0%| F|  |TAMS 0x0000000084b00000, 0x0000000084b00000| Untracked 
|  76|0x0000000084c00000, 0x0000000084c00000, 0x0000000084d00000|  0%| F|  |TAMS 0x0000000084c00000, 0x0000000084c00000| Untracked 
|  77|0x0000000084d00000, 0x0000000084d80000, 0x0000000084e00000| 50%| S|CS|TAMS 0x0000000084d00000, 0x0000000084d00000| Complete 
|  78|0x0000000084e00000, 0x0000000084f00000, 0x0000000084f00000|100%| S|CS|TAMS 0x0000000084e00000, 0x0000000084e00000| Complete 
|  79|0x0000000084f00000, 0x0000000085000000, 0x0000000085000000|100%| S|CS|TAMS 0x0000000084f00000, 0x0000000084f00000| Complete 
|  80|0x0000000085000000, 0x0000000085100000, 0x0000000085100000|100%| S|CS|TAMS 0x0000000085000000, 0x0000000085000000| Complete 
|  81|0x0000000085100000, 0x0000000085200000, 0x0000000085200000|100%| S|CS|TAMS 0x0000000085100000, 0x0000000085100000| Complete 
|  82|0x0000000085200000, 0x0000000085300000, 0x0000000085300000|100%| S|CS|TAMS 0x0000000085200000, 0x0000000085200000| Complete 
|  83|0x0000000085300000, 0x0000000085300000, 0x0000000085400000|  0%| F|  |TAMS 0x0000000085300000, 0x0000000085300000| Untracked 
|  84|0x0000000085400000, 0x0000000085400000, 0x0000000085500000|  0%| F|  |TAMS 0x0000000085400000, 0x0000000085400000| Untracked 
|  85|0x0000000085500000, 0x0000000085500000, 0x0000000085600000|  0%| F|  |TAMS 0x0000000085500000, 0x0000000085500000| Untracked 
|  86|0x0000000085600000, 0x0000000085600000, 0x0000000085700000|  0%| F|  |TAMS 0x0000000085600000, 0x0000000085600000| Untracked 
|  87|0x0000000085700000, 0x0000000085700000, 0x0000000085800000|  0%| F|  |TAMS 0x0000000085700000, 0x0000000085700000| Untracked 
|  88|0x0000000085800000, 0x0000000085800000, 0x0000000085900000|  0%| F|  |TAMS 0x0000000085800000, 0x0000000085800000| Untracked 
|  89|0x0000000085900000, 0x0000000085900000, 0x0000000085a00000|  0%| F|  |TAMS 0x0000000085900000, 0x0000000085900000| Untracked 
|  90|0x0000000085a00000, 0x0000000085a00000, 0x0000000085b00000|  0%| F|  |TAMS 0x0000000085a00000, 0x0000000085a00000| Untracked 
|  91|0x0000000085b00000, 0x0000000085b00000, 0x0000000085c00000|  0%| F|  |TAMS 0x0000000085b00000, 0x0000000085b00000| Untracked 
|  92|0x0000000085c00000, 0x0000000085c00000, 0x0000000085d00000|  0%| F|  |TAMS 0x0000000085c00000, 0x0000000085c00000| Untracked 
|  93|0x0000000085d00000, 0x0000000085d00000, 0x0000000085e00000|  0%| F|  |TAMS 0x0000000085d00000, 0x0000000085d00000| Untracked 
|  94|0x0000000085e00000, 0x0000000085e00000, 0x0000000085f00000|  0%| F|  |TAMS 0x0000000085e00000, 0x0000000085e00000| Untracked 
|  95|0x0000000085f00000, 0x0000000085f00000, 0x0000000086000000|  0%| F|  |TAMS 0x0000000085f00000, 0x0000000085f00000| Untracked 
|  96|0x0000000086000000, 0x0000000086000000, 0x0000000086100000|  0%| F|  |TAMS 0x0000000086000000, 0x0000000086000000| Untracked 
|  97|0x0000000086100000, 0x0000000086100000, 0x0000000086200000|  0%| F|  |TAMS 0x0000000086100000, 0x0000000086100000| Untracked 
|  98|0x0000000086200000, 0x0000000086200000, 0x0000000086300000|  0%| F|  |TAMS 0x0000000086200000, 0x0000000086200000| Untracked 
|  99|0x0000000086300000, 0x0000000086300000, 0x0000000086400000|  0%| F|  |TAMS 0x0000000086300000, 0x0000000086300000| Untracked 
| 100|0x0000000086400000, 0x0000000086400000, 0x0000000086500000|  0%| F|  |TAMS 0x0000000086400000, 0x0000000086400000| Untracked 
| 101|0x0000000086500000, 0x0000000086500000, 0x0000000086600000|  0%| F|  |TAMS 0x0000000086500000, 0x0000000086500000| Untracked 
| 102|0x0000000086600000, 0x0000000086600000, 0x0000000086700000|  0%| F|  |TAMS 0x0000000086600000, 0x0000000086600000| Untracked 
| 103|0x0000000086700000, 0x0000000086700000, 0x0000000086800000|  0%| F|  |TAMS 0x0000000086700000, 0x0000000086700000| Untracked 
| 104|0x0000000086800000, 0x0000000086800000, 0x0000000086900000|  0%| F|  |TAMS 0x0000000086800000, 0x0000000086800000| Untracked 
| 105|0x0000000086900000, 0x0000000086900000, 0x0000000086a00000|  0%| F|  |TAMS 0x0000000086900000, 0x0000000086900000| Untracked 
| 106|0x0000000086a00000, 0x0000000086a00000, 0x0000000086b00000|  0%| F|  |TAMS 0x0000000086a00000, 0x0000000086a00000| Untracked 
| 107|0x0000000086b00000, 0x0000000086b00000, 0x0000000086c00000|  0%| F|  |TAMS 0x0000000086b00000, 0x0000000086b00000| Untracked 
| 108|0x0000000086c00000, 0x0000000086c00000, 0x0000000086d00000|  0%| F|  |TAMS 0x0000000086c00000, 0x0000000086c00000| Untracked 
| 109|0x0000000086d00000, 0x0000000086d00000, 0x0000000086e00000|  0%| F|  |TAMS 0x0000000086d00000, 0x0000000086d00000| Untracked 
| 110|0x0000000086e00000, 0x0000000086e00000, 0x0000000086f00000|  0%| F|  |TAMS 0x0000000086e00000, 0x0000000086e00000| Untracked 
| 111|0x0000000086f00000, 0x0000000086f00000, 0x0000000087000000|  0%| F|  |TAMS 0x0000000086f00000, 0x0000000086f00000| Untracked 
| 112|0x0000000087000000, 0x0000000087000000, 0x0000000087100000|  0%| F|  |TAMS 0x0000000087000000, 0x0000000087000000| Untracked 
| 113|0x0000000087100000, 0x0000000087100000, 0x0000000087200000|  0%| F|  |TAMS 0x0000000087100000, 0x0000000087100000| Untracked 
| 114|0x0000000087200000, 0x0000000087200000, 0x0000000087300000|  0%| F|  |TAMS 0x0000000087200000, 0x0000000087200000| Untracked 
| 115|0x0000000087300000, 0x0000000087300000, 0x0000000087400000|  0%| F|  |TAMS 0x0000000087300000, 0x0000000087300000| Untracked 
| 116|0x0000000087400000, 0x0000000087400000, 0x0000000087500000|  0%| F|  |TAMS 0x0000000087400000, 0x0000000087400000| Untracked 
| 117|0x0000000087500000, 0x0000000087500000, 0x0000000087600000|  0%| F|  |TAMS 0x0000000087500000, 0x0000000087500000| Untracked 
| 118|0x0000000087600000, 0x0000000087600000, 0x0000000087700000|  0%| F|  |TAMS 0x0000000087600000, 0x0000000087600000| Untracked 
| 119|0x0000000087700000, 0x0000000087700000, 0x0000000087800000|  0%| F|  |TAMS 0x0000000087700000, 0x0000000087700000| Untracked 
| 120|0x0000000087800000, 0x0000000087800000, 0x0000000087900000|  0%| F|  |TAMS 0x0000000087800000, 0x0000000087800000| Untracked 
| 121|0x0000000087900000, 0x0000000087900000, 0x0000000087a00000|  0%| F|  |TAMS 0x0000000087900000, 0x0000000087900000| Untracked 
| 122|0x0000000087a00000, 0x0000000087a00000, 0x0000000087b00000|  0%| F|  |TAMS 0x0000000087a00000, 0x0000000087a00000| Untracked 
| 123|0x0000000087b00000, 0x0000000087b00000, 0x0000000087c00000|  0%| F|  |TAMS 0x0000000087b00000, 0x0000000087b00000| Untracked 
| 124|0x0000000087c00000, 0x0000000087c00000, 0x0000000087d00000|  0%| F|  |TAMS 0x0000000087c00000, 0x0000000087c00000| Untracked 
| 125|0x0000000087d00000, 0x0000000087d00000, 0x0000000087e00000|  0%| F|  |TAMS 0x0000000087d00000, 0x0000000087d00000| Untracked 
| 126|0x0000000087e00000, 0x0000000087e00000, 0x0000000087f00000|  0%| F|  |TAMS 0x0000000087e00000, 0x0000000087e00000| Untracked 
| 127|0x0000000087f00000, 0x0000000087f00000, 0x0000000088000000|  0%| F|  |TAMS 0x0000000087f00000, 0x0000000087f00000| Untracked 
| 128|0x0000000088000000, 0x0000000088000000, 0x0000000088100000|  0%| F|  |TAMS 0x0000000088000000, 0x0000000088000000| Untracked 
| 129|0x0000000088100000, 0x0000000088100000, 0x0000000088200000|  0%| F|  |TAMS 0x0000000088100000, 0x0000000088100000| Untracked 
| 130|0x0000000088200000, 0x0000000088200000, 0x0000000088300000|  0%| F|  |TAMS 0x0000000088200000, 0x0000000088200000| Untracked 
| 131|0x0000000088300000, 0x0000000088300000, 0x0000000088400000|  0%| F|  |TAMS 0x0000000088300000, 0x0000000088300000| Untracked 
| 132|0x0000000088400000, 0x0000000088400000, 0x0000000088500000|  0%| F|  |TAMS 0x0000000088400000, 0x0000000088400000| Untracked 
| 133|0x0000000088500000, 0x0000000088500000, 0x0000000088600000|  0%| F|  |TAMS 0x0000000088500000, 0x0000000088500000| Untracked 
| 134|0x0000000088600000, 0x0000000088600000, 0x0000000088700000|  0%| F|  |TAMS 0x0000000088600000, 0x0000000088600000| Untracked 
| 135|0x0000000088700000, 0x0000000088700000, 0x0000000088800000|  0%| F|  |TAMS 0x0000000088700000, 0x0000000088700000| Untracked 
| 136|0x0000000088800000, 0x0000000088800000, 0x0000000088900000|  0%| F|  |TAMS 0x0000000088800000, 0x0000000088800000| Untracked 
| 137|0x0000000088900000, 0x0000000088900000, 0x0000000088a00000|  0%| F|  |TAMS 0x0000000088900000, 0x0000000088900000| Untracked 
| 138|0x0000000088a00000, 0x0000000088a00000, 0x0000000088b00000|  0%| F|  |TAMS 0x0000000088a00000, 0x0000000088a00000| Untracked 
| 139|0x0000000088b00000, 0x0000000088b00000, 0x0000000088c00000|  0%| F|  |TAMS 0x0000000088b00000, 0x0000000088b00000| Untracked 
| 140|0x0000000088c00000, 0x0000000088c00000, 0x0000000088d00000|  0%| F|  |TAMS 0x0000000088c00000, 0x0000000088c00000| Untracked 
| 141|0x0000000088d00000, 0x0000000088d00000, 0x0000000088e00000|  0%| F|  |TAMS 0x0000000088d00000, 0x0000000088d00000| Untracked 
| 142|0x0000000088e00000, 0x0000000088e00000, 0x0000000088f00000|  0%| F|  |TAMS 0x0000000088e00000, 0x0000000088e00000| Untracked 
| 143|0x0000000088f00000, 0x0000000088f00000, 0x0000000089000000|  0%| F|  |TAMS 0x0000000088f00000, 0x0000000088f00000| Untracked 
| 144|0x0000000089000000, 0x0000000089000000, 0x0000000089100000|  0%| F|  |TAMS 0x0000000089000000, 0x0000000089000000| Untracked 
| 145|0x0000000089100000, 0x0000000089100000, 0x0000000089200000|  0%| F|  |TAMS 0x0000000089100000, 0x0000000089100000| Untracked 
| 146|0x0000000089200000, 0x0000000089200000, 0x0000000089300000|  0%| F|  |TAMS 0x0000000089200000, 0x0000000089200000| Untracked 
| 147|0x0000000089300000, 0x0000000089300000, 0x0000000089400000|  0%| F|  |TAMS 0x0000000089300000, 0x0000000089300000| Untracked 
| 148|0x0000000089400000, 0x0000000089400000, 0x0000000089500000|  0%| F|  |TAMS 0x0000000089400000, 0x0000000089400000| Untracked 
| 149|0x0000000089500000, 0x0000000089500000, 0x0000000089600000|  0%| F|  |TAMS 0x0000000089500000, 0x0000000089500000| Untracked 
| 150|0x0000000089600000, 0x0000000089600000, 0x0000000089700000|  0%| F|  |TAMS 0x0000000089600000, 0x0000000089600000| Untracked 
| 151|0x0000000089700000, 0x0000000089700000, 0x0000000089800000|  0%| F|  |TAMS 0x0000000089700000, 0x0000000089700000| Untracked 
| 152|0x0000000089800000, 0x0000000089800000, 0x0000000089900000|  0%| F|  |TAMS 0x0000000089800000, 0x0000000089800000| Untracked 
| 153|0x0000000089900000, 0x0000000089900000, 0x0000000089a00000|  0%| F|  |TAMS 0x0000000089900000, 0x0000000089900000| Untracked 
| 154|0x0000000089a00000, 0x0000000089a00000, 0x0000000089b00000|  0%| F|  |TAMS 0x0000000089a00000, 0x0000000089a00000| Untracked 
| 155|0x0000000089b00000, 0x0000000089b00000, 0x0000000089c00000|  0%| F|  |TAMS 0x0000000089b00000, 0x0000000089b00000| Untracked 
| 156|0x0000000089c00000, 0x0000000089c00000, 0x0000000089d00000|  0%| F|  |TAMS 0x0000000089c00000, 0x0000000089c00000| Untracked 
| 157|0x0000000089d00000, 0x0000000089dbe228, 0x0000000089e00000| 74%| E|  |TAMS 0x0000000089d00000, 0x0000000089d00000| Complete 
| 158|0x0000000089e00000, 0x0000000089f00000, 0x0000000089f00000|100%| E|CS|TAMS 0x0000000089e00000, 0x0000000089e00000| Complete 
| 159|0x0000000089f00000, 0x000000008a000000, 0x000000008a000000|100%| E|CS|TAMS 0x0000000089f00000, 0x0000000089f00000| Complete 
| 160|0x000000008a000000, 0x000000008a100000, 0x000000008a100000|100%| E|CS|TAMS 0x000000008a000000, 0x000000008a000000| Complete 
| 161|0x000000008a100000, 0x000000008a200000, 0x000000008a200000|100%| E|CS|TAMS 0x000000008a100000, 0x000000008a100000| Complete 
| 162|0x000000008a200000, 0x000000008a300000, 0x000000008a300000|100%| E|CS|TAMS 0x000000008a200000, 0x000000008a200000| Complete 
| 163|0x000000008a300000, 0x000000008a400000, 0x000000008a400000|100%| E|CS|TAMS 0x000000008a300000, 0x000000008a300000| Complete 
| 164|0x000000008a400000, 0x000000008a500000, 0x000000008a500000|100%| E|CS|TAMS 0x000000008a400000, 0x000000008a400000| Complete 
| 165|0x000000008a500000, 0x000000008a600000, 0x000000008a600000|100%| E|CS|TAMS 0x000000008a500000, 0x000000008a500000| Complete 
| 166|0x000000008a600000, 0x000000008a700000, 0x000000008a700000|100%| E|CS|TAMS 0x000000008a600000, 0x000000008a600000| Complete 
| 167|0x000000008a700000, 0x000000008a800000, 0x000000008a800000|100%| E|CS|TAMS 0x000000008a700000, 0x000000008a700000| Complete 
| 168|0x000000008a800000, 0x000000008a900000, 0x000000008a900000|100%| E|CS|TAMS 0x000000008a800000, 0x000000008a800000| Complete 
| 169|0x000000008a900000, 0x000000008aa00000, 0x000000008aa00000|100%| E|CS|TAMS 0x000000008a900000, 0x000000008a900000| Complete 
| 170|0x000000008aa00000, 0x000000008ab00000, 0x000000008ab00000|100%| E|CS|TAMS 0x000000008aa00000, 0x000000008aa00000| Complete 
| 171|0x000000008ab00000, 0x000000008ac00000, 0x000000008ac00000|100%| E|CS|TAMS 0x000000008ab00000, 0x000000008ab00000| Complete 
| 172|0x000000008ac00000, 0x000000008ad00000, 0x000000008ad00000|100%| E|CS|TAMS 0x000000008ac00000, 0x000000008ac00000| Complete 
| 173|0x000000008ad00000, 0x000000008ae00000, 0x000000008ae00000|100%| E|CS|TAMS 0x000000008ad00000, 0x000000008ad00000| Complete 
| 174|0x000000008ae00000, 0x000000008af00000, 0x000000008af00000|100%| E|CS|TAMS 0x000000008ae00000, 0x000000008ae00000| Complete 
| 175|0x000000008af00000, 0x000000008b000000, 0x000000008b000000|100%| E|CS|TAMS 0x000000008af00000, 0x000000008af00000| Complete 
| 176|0x000000008b000000, 0x000000008b100000, 0x000000008b100000|100%| E|CS|TAMS 0x000000008b000000, 0x000000008b000000| Complete 
| 177|0x000000008b100000, 0x000000008b200000, 0x000000008b200000|100%| E|CS|TAMS 0x000000008b100000, 0x000000008b100000| Complete 
| 178|0x000000008b200000, 0x000000008b300000, 0x000000008b300000|100%| E|CS|TAMS 0x000000008b200000, 0x000000008b200000| Complete 
| 179|0x000000008b300000, 0x000000008b400000, 0x000000008b400000|100%| E|CS|TAMS 0x000000008b300000, 0x000000008b300000| Complete 
| 180|0x000000008b400000, 0x000000008b500000, 0x000000008b500000|100%| E|CS|TAMS 0x000000008b400000, 0x000000008b400000| Complete 
| 181|0x000000008b500000, 0x000000008b600000, 0x000000008b600000|100%| E|CS|TAMS 0x000000008b500000, 0x000000008b500000| Complete 
| 182|0x000000008b600000, 0x000000008b700000, 0x000000008b700000|100%| E|CS|TAMS 0x000000008b600000, 0x000000008b600000| Complete 
| 183|0x000000008b700000, 0x000000008b800000, 0x000000008b800000|100%| E|CS|TAMS 0x000000008b700000, 0x000000008b700000| Complete 
| 184|0x000000008b800000, 0x000000008b900000, 0x000000008b900000|100%| E|CS|TAMS 0x000000008b800000, 0x000000008b800000| Complete 

Card table byte_map: [0x000001a9c6420000,0x000001a9c6820000] _byte_map_base: 0x000001a9c6020000

Marking Bits (Prev, Next): (CMBitMap*) 0x000001a9afdb6500, (CMBitMap*) 0x000001a9afdb64c8
 Prev Bits: [0x000001a9c8c20000, 0x000001a9cac20000)
 Next Bits: [0x000001a9c6c20000, 0x000001a9c8c20000)

Polling page: 0x000001a9adce0000

Metaspace:

Usage:
  Non-class:     59.78 MB capacity,    58.92 MB ( 99%) used,   691.06 KB (  1%) free+waste,   190.25 KB ( <1%) overhead. 
      Class:      8.92 MB capacity,     8.35 MB ( 94%) used,   496.41 KB (  5%) free+waste,    89.25 KB ( <1%) overhead. 
       Both:     68.70 MB capacity,    67.27 MB ( 98%) used,     1.16 MB (  2%) free+waste,   279.50 KB ( <1%) overhead. 

Virtual space:
  Non-class space:       60.00 MB reserved,      60.00 MB (100%) committed 
      Class space:        1.00 GB reserved,       9.00 MB ( <1%) committed 
             Both:        1.06 GB reserved,      69.00 MB (  6%) committed 

Chunk freelists:
   Non-Class:  4.63 KB
       Class:  1.63 KB
        Both:  6.25 KB

CodeHeap 'non-profiled nmethods': size=120064Kb used=3890Kb max_used=3890Kb free=116173Kb
 bounds [0x000001a9beee0000, 0x000001a9bf2b0000, 0x000001a9c6420000]
CodeHeap 'profiled nmethods': size=120000Kb used=16895Kb max_used=16895Kb free=103104Kb
 bounds [0x000001a9b79b0000, 0x000001a9b8a30000, 0x000001a9beee0000]
CodeHeap 'non-nmethods': size=5696Kb used=1240Kb max_used=1278Kb free=4455Kb
 bounds [0x000001a9b7420000, 0x000001a9b7690000, 0x000001a9b79b0000]
 total_blobs=7974 nmethods=7372 adapters=511
 compilation: enabled
              stopped_count=0, restarted_count=0
 full_count=0

Compilation events (10 events):
Event: 567.994 Thread 0x000001a9cd9be800 nmethod 7439 0x000001a9b8a2d890 code [0x000001a9b8a2da60, 0x000001a9b8a2dd38]
Event: 567.994 Thread 0x000001a9cd9be800 7440       3       java.lang.invoke.DirectMethodHandle$Holder::invokeStatic (22 bytes)
Event: 567.994 Thread 0x000001a9cd9be800 nmethod 7440 0x000001a9b8a2de90 code [0x000001a9b8a2e060, 0x000001a9b8a2e598]
Event: 568.496 Thread 0x000001a9cd011000 7441       4       java.util.HashMap::afterNodeRemoval (1 bytes)
Event: 568.496 Thread 0x000001a9cd9be800 7442       3       com.sun.jersey.core.util.KeyComparatorLinkedHashMap$Entry::recordAccess (35 bytes)
Event: 568.496 Thread 0x000001a9cd011000 nmethod 7441 0x000001a9bf2ac790 code [0x000001a9bf2ac900, 0x000001a9bf2ac958]
Event: 568.497 Thread 0x000001a9cd9be800 nmethod 7442 0x000001a9b8a2e710 code [0x000001a9b8a2e8e0, 0x000001a9b8a2ee58]
Event: 568.513 Thread 0x000001a9cd011000 7443       4       java.lang.reflect.AccessibleObject::checkAccess (40 bytes)
Event: 568.515 Thread 0x000001a9cd9be800 7444       3       org.apache.http.util.Args::notNegative (33 bytes)
Event: 568.516 Thread 0x000001a9cd9be800 nmethod 7444 0x000001a9b8a2f090 code [0x000001a9b8a2f2e0, 0x000001a9b8a2fb38]

GC Heap History (10 events):
Event: 11.911 GC heap before
{Heap before GC invocations=8 (full 0):
 garbage-first heap   total 131072K, used 89995K [0x0000000080000000, 0x0000000100000000)
  region size 1024K, 76 young (77824K), 4 survivors (4096K)
 Metaspace       used 42607K, capacity 43573K, committed 43904K, reserved 1087488K
  class space    used 4989K, capacity 5395K, committed 5504K, reserved 1048576K
}
Event: 11.942 GC heap after
{Heap after GC invocations=9 (full 0):
 garbage-first heap   total 157696K, used 23025K [0x0000000080000000, 0x0000000100000000)
  region size 1024K, 10 young (10240K), 10 survivors (10240K)
 Metaspace       used 42607K, capacity 43573K, committed 43904K, reserved 1087488K
  class space    used 4989K, capacity 5395K, committed 5504K, reserved 1048576K
}
Event: 14.335 GC heap before
{Heap before GC invocations=9 (full 0):
 garbage-first heap   total 157696K, used 103921K [0x0000000080000000, 0x0000000100000000)
  region size 1024K, 89 young (91136K), 10 survivors (10240K)
 Metaspace       used 47035K, capacity 48079K, committed 48384K, reserved 1091584K
  class space    used 5596K, capacity 6021K, committed 6144K, reserved 1048576K
}
Event: 14.374 GC heap after
{Heap after GC invocations=10 (full 0):
 garbage-first heap   total 157696K, used 27120K [0x0000000080000000, 0x0000000100000000)
  region size 1024K, 4 young (4096K), 4 survivors (4096K)
 Metaspace       used 47035K, capacity 48079K, committed 48384K, reserved 1091584K
  class space    used 5596K, capacity 6021K, committed 6144K, reserved 1048576K
}
Event: 17.263 GC heap before
{Heap before GC invocations=10 (full 0):
 garbage-first heap   total 157696K, used 111088K [0x0000000080000000, 0x0000000100000000)
  region size 1024K, 86 young (88064K), 4 survivors (4096K)
 Metaspace       used 55032K, capacity 56299K, committed 56576K, reserved 1097728K
  class space    used 6783K, capacity 7302K, committed 7424K, reserved 1048576K
}
Event: 17.288 GC heap after
{Heap after GC invocations=11 (full 0):
 garbage-first heap   total 157696K, used 30192K [0x0000000080000000, 0x0000000100000000)
  region size 1024K, 7 young (7168K), 7 survivors (7168K)
 Metaspace       used 55032K, capacity 56299K, committed 56576K, reserved 1097728K
  class space    used 6783K, capacity 7302K, committed 7424K, reserved 1048576K
}
Event: 18.108 GC heap before
{Heap before GC invocations=11 (full 0):
 garbage-first heap   total 157696K, used 53744K [0x0000000080000000, 0x0000000100000000)
  region size 1024K, 31 young (31744K), 7 survivors (7168K)
 Metaspace       used 58454K, capacity 59767K, committed 59904K, reserved 1101824K
  class space    used 7272K, capacity 7817K, committed 7936K, reserved 1048576K
}
Event: 18.140 GC heap after
{Heap after GC invocations=12 (full 0):
 garbage-first heap   total 157696K, used 32271K [0x0000000080000000, 0x0000000100000000)
  region size 1024K, 6 young (6144K), 6 survivors (6144K)
 Metaspace       used 58454K, capacity 59767K, committed 59904K, reserved 1101824K
  class space    used 7272K, capacity 7817K, committed 7936K, reserved 1048576K
}
Event: 87.565 GC heap before
{Heap before GC invocations=13 (full 0):
 garbage-first heap   total 157696K, used 97807K [0x0000000080000000, 0x0000000100000000)
  region size 1024K, 71 young (72704K), 6 survivors (6144K)
 Metaspace       used 65655K, capacity 67090K, committed 67200K, reserved 1107968K
  class space    used 8172K, capacity 8758K, committed 8832K, reserved 1048576K
}
Event: 87.596 GC heap after
{Heap after GC invocations=14 (full 0):
 garbage-first heap   total 189440K, used 35590K [0x0000000080000000, 0x0000000100000000)
  region size 1024K, 6 young (6144K), 6 survivors (6144K)
 Metaspace       used 65655K, capacity 67090K, committed 67200K, reserved 1107968K
  class space    used 8172K, capacity 8758K, committed 8832K, reserved 1048576K
}

Deoptimization events (10 events):
Event: 445.322 Thread 0x000001a9cf558800 Uncommon trap: reason=class_check action=maybe_recompile pc=0x000001a9bf21fe58 method=java.util.TreeMap.getEntry(Ljava/lang/Object;)Ljava/util/TreeMap$Entry; @ 26 c2
Event: 445.322 Thread 0x000001a9cf558800 Uncommon trap: reason=predicate action=maybe_recompile pc=0x000001a9bf274bac method=java.util.TreeMap.put(Ljava/lang/Object;Ljava/lang/Object;)Ljava/lang/Object; @ 132 c2
Event: 445.427 Thread 0x000001a9cf556800 Uncommon trap: reason=unstable_if action=reinterpret pc=0x000001a9bef75058 method=java.util.Objects.equals(Ljava/lang/Object;Ljava/lang/Object;)Z @ 6 c2
Event: 445.485 Thread 0x000001a9cf556000 Uncommon trap: reason=unstable_if action=reinterpret pc=0x000001a9bf051ad0 method=java.lang.String.lastIndexOf([BBILjava/lang/String;I)I @ 37 c2
Event: 450.646 Thread 0x000001a9cf558800 Uncommon trap: reason=unstable_if action=reinterpret pc=0x000001a9bef85730 method=java.util.concurrent.ConcurrentHashMap.addCount(JI)V @ 34 c2
Event: 450.916 Thread 0x000001a9cf557800 Uncommon trap: reason=unstable_if action=reinterpret pc=0x000001a9bf280cdc method=java.util.concurrent.ConcurrentHashMap.addCount(JI)V @ 7 c2
Event: 544.915 Thread 0x000001a9d13db800 Uncommon trap: reason=profile_predicate action=maybe_recompile pc=0x000001a9bf2a6648 method=java.util.TreeMap.put(Ljava/lang/Object;Ljava/lang/Object;)Ljava/lang/Object; @ 55 c2
Event: 544.915 Thread 0x000001a9d13db800 Uncommon trap: reason=profile_predicate action=maybe_recompile pc=0x000001a9bf2a6648 method=java.util.TreeMap.put(Ljava/lang/Object;Ljava/lang/Object;)Ljava/lang/Object; @ 55 c2
Event: 544.915 Thread 0x000001a9d13db800 Uncommon trap: reason=profile_predicate action=maybe_recompile pc=0x000001a9bf2a6648 method=java.util.TreeMap.put(Ljava/lang/Object;Ljava/lang/Object;)Ljava/lang/Object; @ 55 c2
Event: 544.915 Thread 0x000001a9d13db800 Uncommon trap: reason=profile_predicate action=maybe_recompile pc=0x000001a9bf2a6648 method=java.util.TreeMap.put(Ljava/lang/Object;Ljava/lang/Object;)Ljava/lang/Object; @ 55 c2

Classes redefined (0 events):
No events

Internal exceptions (10 events):
Event: 511.547 Thread 0x000001a9d2ef8800 Exception <a 'java/net/SocketTimeoutException'{0x000000008b220db8}: Read timed out> (0x000000008b220db8) thrown at [./open/src/hotspot/share/prims/jni.cpp, line 632]
Event: 532.659 Thread 0x000001a9cf557800 Exception <a 'java/io/IOException'{0x0000000089f50738}> (0x0000000089f50738) thrown at [./open/src/hotspot/share/prims/jni.cpp, line 611]
Event: 533.252 Thread 0x000001a9d2efe800 Exception <a 'java/net/SocketTimeoutException'{0x000000008b697708}: Read timed out> (0x000000008b697708) thrown at [./open/src/hotspot/share/prims/jni.cpp, line 632]
Event: 537.881 Thread 0x000001a9cf556000 Exception <a 'java/io/IOException'{0x0000000089eb8ac8}> (0x0000000089eb8ac8) thrown at [./open/src/hotspot/share/prims/jni.cpp, line 611]
Event: 538.506 Thread 0x000001a9d2f02800 Exception <a 'java/net/SocketTimeoutException'{0x000000008b412940}: Read timed out> (0x000000008b412940) thrown at [./open/src/hotspot/share/prims/jni.cpp, line 632]
Event: 541.573 Thread 0x000001a9d2f04000 Exception <a 'java/net/SocketTimeoutException'{0x000000008b5d79b8}: Read timed out> (0x000000008b5d79b8) thrown at [./open/src/hotspot/share/prims/jni.cpp, line 632]
Event: 562.671 Thread 0x000001a9cf552000 Exception <a 'java/io/IOException'{0x0000000089e93a70}> (0x0000000089e93a70) thrown at [./open/src/hotspot/share/prims/jni.cpp, line 611]
Event: 563.269 Thread 0x000001a9d2eff000 Exception <a 'java/net/SocketTimeoutException'{0x000000008b3fa0f0}: Read timed out> (0x000000008b3fa0f0) thrown at [./open/src/hotspot/share/prims/jni.cpp, line 632]
Event: 567.901 Thread 0x000001a9cf554000 Exception <a 'java/net/SocketException'{0x0000000089fa7dd0}: Connection reset by peer: shutdown> (0x0000000089fa7dd0) thrown at [./open/src/hotspot/share/prims/jni.cpp, line 632]
Event: 568.511 Thread 0x000001a9d2efe800 Exception <a 'java/net/SocketTimeoutException'{0x000000008b69e9e8}: Read timed out> (0x000000008b69e9e8) thrown at [./open/src/hotspot/share/prims/jni.cpp, line 632]

Events (10 events):
Event: 544.915 Thread 0x000001a9d13db800 DEOPT PACKING pc=0x000001a9bf2a6648 sp=0x00000064ac3fedd0
Event: 544.915 Thread 0x000001a9d13db800 DEOPT UNPACKING pc=0x000001a9b74283af sp=0x00000064ac3feda0 mode 2
Event: 544.915 Thread 0x000001a9d13db800 Uncommon trap: trap_request=0xffffffbe fr.pc=0x000001a9bf2a6648 relative=0x0000000000001068
Event: 544.915 Thread 0x000001a9d13db800 DEOPT PACKING pc=0x000001a9bf2a6648 sp=0x00000064ac3fedd0
Event: 544.915 Thread 0x000001a9d13db800 DEOPT UNPACKING pc=0x000001a9b74283af sp=0x00000064ac3feda0 mode 2
Event: 544.915 Thread 0x000001a9d13db800 Uncommon trap: trap_request=0xffffffbe fr.pc=0x000001a9bf2a6648 relative=0x0000000000001068
Event: 544.915 Thread 0x000001a9d13db800 DEOPT PACKING pc=0x000001a9bf2a6648 sp=0x00000064ac3fedd0
Event: 544.915 Thread 0x000001a9d13db800 DEOPT UNPACKING pc=0x000001a9b74283af sp=0x00000064ac3feda0 mode 2
Event: 567.751 Executing VM operation: RevokeBias
Event: 567.752 Executing VM operation: RevokeBias done


Dynamic libraries:
0x00007ff7cfca0000 - 0x00007ff7cfcaf000 	C:\Program Files\Java\jdk-11.0.15\bin\java.exe
0x00007ffeb8df0000 - 0x00007ffeb8fe8000 	C:\Windows\SYSTEM32\ntdll.dll
0x00007ffeb71e0000 - 0x00007ffeb729d000 	C:\Windows\System32\KERNEL32.DLL
0x00007ffeb6b80000 - 0x00007ffeb6e4e000 	C:\Windows\System32\KERNELBASE.dll
0x00007ffeb69c0000 - 0x00007ffeb6ac0000 	C:\Windows\System32\ucrtbase.dll
0x00007ffea5460000 - 0x00007ffea5478000 	C:\Program Files\Java\jdk-11.0.15\bin\jli.dll
0x00007ffeb72a0000 - 0x00007ffeb734e000 	C:\Windows\System32\ADVAPI32.dll
0x00007ffeb8d10000 - 0x00007ffeb8dae000 	C:\Windows\System32\msvcrt.dll
0x00007ffeb7ee0000 - 0x00007ffeb7f7c000 	C:\Windows\System32\sechost.dll
0x00007ffeb8130000 - 0x00007ffeb8255000 	C:\Windows\System32\RPCRT4.dll
0x00007ffeb7040000 - 0x00007ffeb71e0000 	C:\Windows\System32\USER32.dll
0x00007ffeb6510000 - 0x00007ffeb6532000 	C:\Windows\System32\win32u.dll
0x00007ffeb7580000 - 0x00007ffeb75aa000 	C:\Windows\System32\GDI32.dll
0x00007ffeb6540000 - 0x00007ffeb664b000 	C:\Windows\System32\gdi32full.dll
0x00007ffeb68b0000 - 0x00007ffeb694d000 	C:\Windows\System32\msvcp_win.dll
0x00007ffea5440000 - 0x00007ffea5455000 	C:\Program Files\Java\jdk-11.0.15\bin\VCRUNTIME140.dll
0x00007ffea57f0000 - 0x00007ffea5a8a000 	C:\Windows\WinSxS\amd64_microsoft.windows.common-controls_6595b64144ccf1df_6.0.19041.1110_none_60b5254171f9507e\COMCTL32.dll
0x00007ffeadd30000 - 0x00007ffeadd3a000 	C:\Windows\SYSTEM32\VERSION.dll
0x00007ffeb6e50000 - 0x00007ffeb6e80000 	C:\Windows\System32\IMM32.DLL
0x00007ffea53a0000 - 0x00007ffea543b000 	C:\Program Files\Java\jdk-11.0.15\bin\msvcp140.dll
0x00007ffea4880000 - 0x00007ffea5396000 	C:\Program Files\Java\jdk-11.0.15\bin\server\jvm.dll
0x00007ffeb7640000 - 0x00007ffeb7648000 	C:\Windows\System32\PSAPI.DLL
0x00007ffea4870000 - 0x00007ffea4879000 	C:\Windows\SYSTEM32\WSOCK32.dll
0x00007ffeb7e70000 - 0x00007ffeb7edb000 	C:\Windows\System32\WS2_32.dll
0x00007ffea4840000 - 0x00007ffea4867000 	C:\Windows\SYSTEM32\WINMM.dll
0x00007ffeb43f0000 - 0x00007ffeb4402000 	C:\Windows\SYSTEM32\kernel.appcore.dll
0x00007ffea8df0000 - 0x00007ffea8e00000 	C:\Program Files\Java\jdk-11.0.15\bin\verify.dll
0x00007ffeaef30000 - 0x00007ffeaf114000 	C:\Windows\SYSTEM32\DBGHELP.DLL
0x00007ffeaf260000 - 0x00007ffeaf28c000 	C:\Windows\SYSTEM32\dbgcore.DLL
0x00007ffeb6af0000 - 0x00007ffeb6b72000 	C:\Windows\System32\bcryptPrimitives.dll
0x00007ffea4810000 - 0x00007ffea4838000 	C:\Program Files\Java\jdk-11.0.15\bin\java.dll
0x00007ffea8de0000 - 0x00007ffea8dea000 	C:\Program Files\Java\jdk-11.0.15\bin\jimage.dll
0x00007ffea34b0000 - 0x00007ffea34be000 	C:\Program Files\Java\jdk-11.0.15\bin\instrument.dll
0x00007ffea47f0000 - 0x00007ffea4806000 	C:\Program Files\Java\jdk-11.0.15\bin\zip.dll
0x00007ffeb7650000 - 0x00007ffeb7d94000 	C:\Windows\System32\SHELL32.dll
0x00007ffeb45f0000 - 0x00007ffeb4d84000 	C:\Windows\SYSTEM32\windows.storage.dll
0x00007ffeb8520000 - 0x00007ffeb8874000 	C:\Windows\System32\combase.dll
0x00007ffeb5dc0000 - 0x00007ffeb5df0000 	C:\Windows\SYSTEM32\Wldp.dll
0x00007ffeb7470000 - 0x00007ffeb751d000 	C:\Windows\System32\SHCORE.dll
0x00007ffeb6f00000 - 0x00007ffeb6f55000 	C:\Windows\System32\shlwapi.dll
0x00007ffeb6450000 - 0x00007ffeb646f000 	C:\Windows\SYSTEM32\profapi.dll
0x00007ffea4230000 - 0x00007ffea4249000 	C:\Program Files\Java\jdk-11.0.15\bin\net.dll
0x00007ffead640000 - 0x00007ffead74a000 	C:\Windows\SYSTEM32\WINHTTP.dll
0x00007ffeb5ba0000 - 0x00007ffeb5c0a000 	C:\Windows\system32\mswsock.dll
0x00007ffeae8b0000 - 0x00007ffeae8c2000 	C:\Program Files\Java\jdk-11.0.15\bin\nio.dll
0x00007ffe9ce60000 - 0x00007ffe9ce7a000 	C:\Program Files\JetBrains\IntelliJ IDEA Community Edition 2022.2.1\bin\breakgen64.dll
0x00007ffeb58b0000 - 0x00007ffeb58eb000 	C:\Windows\SYSTEM32\IPHLPAPI.DLL
0x00007ffeb6e80000 - 0x00007ffeb6e88000 	C:\Windows\System32\NSI.dll
0x00007ffeaf740000 - 0x00007ffeaf757000 	C:\Windows\SYSTEM32\dhcpcsvc6.DLL
0x00007ffeaf720000 - 0x00007ffeaf73d000 	C:\Windows\SYSTEM32\dhcpcsvc.DLL
0x00007ffeb5900000 - 0x00007ffeb59ca000 	C:\Windows\SYSTEM32\DNSAPI.dll
0x00007ffead0c0000 - 0x00007ffead0ca000 	C:\Windows\System32\rasadhlp.dll
0x00007ffead850000 - 0x00007ffead8d0000 	C:\Windows\System32\fwpuclnt.dll
0x00007ffeb6ac0000 - 0x00007ffeb6ae7000 	C:\Windows\System32\bcrypt.dll
0x00007ffea8dd0000 - 0x00007ffea8dd9000 	C:\Program Files\Java\jdk-11.0.15\bin\management.dll
0x00007ffea4770000 - 0x00007ffea477b000 	C:\Program Files\Java\jdk-11.0.15\bin\management_ext.dll
0x00007ffea0d00000 - 0x00007ffea0d17000 	C:\Windows\system32\napinsp.dll
0x00007ffea0ce0000 - 0x00007ffea0cfb000 	C:\Windows\system32\pnrpnsp.dll
0x00007ffea0cc0000 - 0x00007ffea0cd5000 	C:\Windows\system32\wshbth.dll
0x00007ffeaf860000 - 0x00007ffeaf87d000 	C:\Windows\system32\NLAapi.dll
0x00007ffea0ca0000 - 0x00007ffea0cb2000 	C:\Windows\System32\winrnr.dll
0x00007ffeb5e00000 - 0x00007ffeb5e18000 	C:\Windows\SYSTEM32\CRYPTSP.dll
0x00007ffeb5540000 - 0x00007ffeb5574000 	C:\Windows\system32\rsaenh.dll
0x00007ffeb6410000 - 0x00007ffeb643e000 	C:\Windows\SYSTEM32\USERENV.dll
0x00007ffeb5d30000 - 0x00007ffeb5d3c000 	C:\Windows\SYSTEM32\CRYPTBASE.dll
0x00007ffea4520000 - 0x00007ffea4545000 	C:\Program Files\Java\jdk-11.0.15\bin\sunec.dll

dbghelp: loaded successfully - version: 4.0.5 - missing functions: none
symbol engine: initialized successfully - sym options: 0x614 - pdb path: .;C:\Program Files\Java\jdk-11.0.15\bin;C:\Windows\SYSTEM32;C:\Windows\WinSxS\amd64_microsoft.windows.common-controls_6595b64144ccf1df_6.0.19041.1110_none_60b5254171f9507e;C:\Program Files\Java\jdk-11.0.15\bin\server;C:\Program Files\JetBrains\IntelliJ IDEA Community Edition 2022.2.1\bin

VM Arguments:
jvm_args: -javaagent:C:\Program Files\JetBrains\IntelliJ IDEA Community Edition 2022.2.1\lib\idea_rt.jar=60304:C:\Program Files\JetBrains\IntelliJ IDEA Community Edition 2022.2.1\bin -Dfile.encoding=UTF-8 
java_command: com.training.springeurekaserver.SpringEurekaServerApplication
java_class_path (initial): C:\Users\sfjbs\Downloads\eureka-naming-server-main\eureka-naming-server-main\spring-eureka-server\target\classes;C:\Users\sfjbs\.m2\repository\org\springframework\cloud\spring-cloud-starter-netflix-eureka-server\3.1.3\spring-cloud-starter-netflix-eureka-server-3.1.3.jar;C:\Users\sfjbs\.m2\repository\org\springframework\cloud\spring-cloud-starter\2.1.0.RELEASE\spring-cloud-starter-2.1.0.RELEASE.jar;C:\Users\sfjbs\.m2\repository\org\springframework\cloud\spring-cloud-context\2.1.0.RELEASE\spring-cloud-context-2.1.0.RELEASE.jar;C:\Users\sfjbs\.m2\repository\org\springframework\security\spring-security-crypto\5.1.4.RELEASE\spring-security-crypto-5.1.4.RELEASE.jar;C:\Users\sfjbs\.m2\repository\org\springframework\cloud\spring-cloud-commons\2.1.0.RELEASE\spring-cloud-commons-2.1.0.RELEASE.jar;C:\Users\sfjbs\.m2\repository\org\springframework\security\spring-security-rsa\1.0.7.RELEASE\spring-security-rsa-1.0.7.RELEASE.jar;C:\Users\sfjbs\.m2\repository\org\bouncycastle\bcpkix-jdk15on\1.60\bcpkix-jdk15on-1.60.jar;C:\Users\sfjbs\.m2\repository\org\bouncycastle\bcprov-jdk15on\1.60\bcprov-jdk15on-1.60.jar;C:\Users\sfjbs\.m2\repository\org\springframework\cloud\spring-cloud-netflix-eureka-server\2.1.0.RELEASE\spring-cloud-netflix-eureka-server-2.1.0.RELEASE.jar;C:\Users\sfjbs\.m2\repository\org\springframework\boot\spring-boot-starter-web\2.1.3.RELEASE\spring-boot-starter-web-2.1.3.RELEASE.jar;C:\Users\sfjbs\.m2\repository\org\springframework\boot\spring-boot-starter-json\2.1.3.RELEASE\spring-boot-starter-json-2.1.3.RELEASE.jar;C:\Users\sfjbs\.m2\repository\com\fasterxml\jackson\datatype\jackson-datatype-jdk8\2.9.8\jackson-datatype-jdk8-2.9.8.jar;C:\Users\sfjbs\.m2\repository\com\fasterxml\jackson\datatype\jackson-datatype-jsr310\2.9.8\jackson-datatype-jsr310-2.9.8.jar;C:\Users\sfjbs\.m2\repository\com\fasterxml\jackson\module\jackson-module-parameter-names\2.9.8\jackson-module-parameter-names-2.9.8.jar;C:\Users\sfjbs\.m2\repository\org\springframewo
Launcher Type: SUN_STANDARD

[Global flags]
     intx CICompilerCount                          = 2                                         {product} {ergonomic}
     uint ConcGCThreads                            = 1                                         {product} {ergonomic}
     uint G1ConcRefinementThreads                  = 2                                         {product} {ergonomic}
   size_t G1HeapRegionSize                         = 1048576                                   {product} {ergonomic}
    uintx GCDrainStackTargetSize                   = 64                                        {product} {ergonomic}
   size_t InitialHeapSize                          = 134217728                                 {product} {ergonomic}
   size_t MarkStackSize                            = 4194304                                   {product} {ergonomic}
   size_t MaxHeapSize                              = 2147483648                                {product} {ergonomic}
   size_t MaxNewSize                               = 1287651328                                {product} {ergonomic}
   size_t MinHeapDeltaBytes                        = 1048576                                   {product} {ergonomic}
    uintx NonNMethodCodeHeapSize                   = 5825164                                {pd product} {ergonomic}
    uintx NonProfiledCodeHeapSize                  = 122916538                              {pd product} {ergonomic}
    uintx ProfiledCodeHeapSize                     = 122916538                              {pd product} {ergonomic}
    uintx ReservedCodeCacheSize                    = 251658240                              {pd product} {ergonomic}
     bool SegmentedCodeCache                       = true                                      {product} {ergonomic}
     bool UseCompressedClassPointers               = true                                 {lp64_product} {ergonomic}
     bool UseCompressedOops                        = true                                 {lp64_product} {ergonomic}
     bool UseG1GC                                  = true                                      {product} {ergonomic}
     bool UseLargePagesIndividualAllocation        = false                                  {pd product} {ergonomic}

Logging:
Log output configuration:
 #0: stdout all=warning uptime,level,tags
 #1: stderr all=off uptime,level,tags

Environment Variables:
PATH=C:\Program Files\Common Files\Oracle\Java\javapath;C:\Windows\system32;C:\Windows;C:\Windows\System32\Wbem;C:\Windows\System32\WindowsPowerShell\v1.0\;C:\Windows\System32\OpenSSH\;C:\Program Files\PuTTY\;C:\Program Files\Git\cmd;C:\Program Files\Docker\Docker\resources\bin;C:\ProgramData\DockerDesktop\version-bin;C:\Users\sfjbs\Downloads\apache-maven-3.8.6-bin\apache-maven-3.8.6\bin;C:\Users\sfjbs\Downloads\apache-maven-3.8.6-bin\apache-maven-3.8.6\lib;C:\Users\sfjbs\AppData\Local\Microsoft\WindowsApps;C:\Program Files\JetBrains\IntelliJ IDEA Community Edition 2022.2.1\bin;;C:\Users\sfjbs\Downloads\apache-maven-3.8.6-bin\apache-maven-3.8.6\bin;C:\Users\sfjbs\Downloads\apache-maven-3.8.6-bin\apache-maven-3.8.6\lib;
USERNAME=sfjbs
OS=Windows_NT
PROCESSOR_IDENTIFIER=Intel64 Family 6 Model 85 Stepping 7, GenuineIntel



---------------  S Y S T E M  ---------------

OS: Windows 10 , 64 bit Build 19041 (10.0.19041.1889)
Hyper-V role detected

CPU:total 2 (initial active 2) (1 cores per cpu, 2 threads per core) family 6 model 85 stepping 7 microcode 0xffffffff, cmov, cx8, fxsr, mmx, sse, sse2, sse3, ssse3, sse4.1, sse4.2, popcnt, avx, avx2, aes, clmul, erms, rtm, 3dnowpref, lzcnt, ht, tsc, bmi1, bmi2, adx, evex, fma

Memory: 4k page, system-wide physical 8190M (644M free)
TotalPageFile size 10238M (AvailPageFile size 0M)
current process WorkingSet (physical memory assigned to process): 327M, peak: 344M
current process commit charge ("private bytes"): 375M, peak: 404M

vm_info: Java HotSpot(TM) 64-Bit Server VM (11.0.15+8-LTS-149) for windows-amd64 JRE (11.0.15+8-LTS-149), built on Mar  9 2022 22:42:32 by "mach5one" with MS VC++ 15.9 (VS2017)

END.
