#
# There is insufficient memory for the Java Runtime Environment to continue.
# Native memory allocation (malloc) failed to allocate 1275856 bytes for Chunk::new
# Possible reasons:
#   The system is out of physical RAM or swap space
#   The process is running with CompressedOops enabled, and the Java Heap may be blocking the growth of the native heap
# Possible solutions:
#   Reduce memory load on the system
#   Increase physical memory or swap space
#   Check if swap backing store is full
#   Decrease Java heap size (-Xmx/-Xms)
#   Decrease number of Java threads
#   Decrease Java thread stack sizes (-Xss)
#   Set larger code cache with -XX:ReservedCodeCacheSize=
#   JVM is running with Unscaled Compressed Oops mode in which the Java heap is
#     placed in the first 4GB address space. The Java Heap base address is the
#     maximum limit for the native heap growth. Please use -XX:HeapBaseMinAddress
#     to set the Java Heap base and to place the Java Heap above 4GB virtual address.
# This output file may be truncated or incomplete.
#
#  Out of Memory Error (./open/src/hotspot/share/memory/arena.cpp:197), pid=87476, tid=138772
#
# JRE version: Java(TM) SE Runtime Environment 18.9 (11.0.15+8) (build 11.0.15+8-LTS-149)
# Java VM: Java HotSpot(TM) 64-Bit Server VM 18.9 (11.0.15+8-LTS-149, mixed mode, tiered, compressed oops, g1 gc, windows-amd64)
# No core dump will be written. Minidumps are not enabled by default on client versions of Windows
#

---------------  S U M M A R Y ------------

Command Line: -Dfile.encoding=windows-1252 -Duser.country=US -Duser.language=en -Duser.variant com.example.openfeign.OpenFeignApplication

Host: Intel(R) Xeon(R) Platinum 8272CL CPU @ 2.60GHz, 2 cores, 7G,  Windows 10 , 64 bit Build 19041 (10.0.19041.1889)
Time: Wed Sep  7 06:56:45 2022 Coordinated Universal Time elapsed time: 10.129197 seconds (0d 0h 0m 10s)

---------------  T H R E A D  ---------------

Current thread (0x0000017ebfc79800):  JavaThread "C2 CompilerThread0" daemon [_thread_in_native, id=138772, stack(0x0000005789200000,0x0000005789300000)]


Current CompileTask:
C2:  10129 3966       4       org.springframework.beans.factory.support.AbstractBeanFactory::isTypeMatch (607 bytes)

Stack: [0x0000005789200000,0x0000005789300000]
Native frames: (J=compiled Java code, j=interpreted, Vv=VM code, C=native code)
V  [jvm.dll+0x629d8a]
V  [jvm.dll+0x7638ff]
V  [jvm.dll+0x764fa9]
V  [jvm.dll+0x765633]
V  [jvm.dll+0x23d9c8]
V  [jvm.dll+0xb2a1c]
V  [jvm.dll+0xb2fdc]
V  [jvm.dll+0x341047]
V  [jvm.dll+0x18cb19]
V  [jvm.dll+0x1f8672]
V  [jvm.dll+0x1f774d]
V  [jvm.dll+0x177c51]
V  [jvm.dll+0x207026]
V  [jvm.dll+0x2051bb]
V  [jvm.dll+0x729820]
V  [jvm.dll+0x7223f4]
V  [jvm.dll+0x628c26]
C  [ucrtbase.dll+0x21bb2]
C  [KERNEL32.DLL+0x17034]
C  [ntdll.dll+0x52651]


---------------  P R O C E S S  ---------------

Threads class SMR info:
_java_thread_list=0x0000017ec3bef030, length=13, elements={
0x0000017ea29dc800, 0x0000017ebfc55800, 0x0000017ebfc5f000, 0x0000017ebfc71000,
0x0000017ebfc74000, 0x0000017ebfc76000, 0x0000017ebfc79800, 0x0000017ebfc7b800,
0x0000017ec0644800, 0x0000017ec068a800, 0x0000017ec1dc5800, 0x0000017ec1d1d800,
0x0000017ec3bf9800
}

Java Threads: ( => current thread )
  0x0000017ea29dc800 JavaThread "main" [_thread_in_vm, id=136168, stack(0x0000005788600000,0x0000005788700000)]
  0x0000017ebfc55800 JavaThread "Reference Handler" daemon [_thread_blocked, id=150052, stack(0x0000005788d00000,0x0000005788e00000)]
  0x0000017ebfc5f000 JavaThread "Finalizer" daemon [_thread_blocked, id=188976, stack(0x0000005788e00000,0x0000005788f00000)]
  0x0000017ebfc71000 JavaThread "Signal Dispatcher" daemon [_thread_blocked, id=146944, stack(0x0000005788f00000,0x0000005789000000)]
  0x0000017ebfc74000 JavaThread "Attach Listener" daemon [_thread_blocked, id=150328, stack(0x0000005789000000,0x0000005789100000)]
  0x0000017ebfc76000 JavaThread "Service Thread" daemon [_thread_blocked, id=143264, stack(0x0000005789100000,0x0000005789200000)]
=>0x0000017ebfc79800 JavaThread "C2 CompilerThread0" daemon [_thread_in_native, id=138772, stack(0x0000005789200000,0x0000005789300000)]
  0x0000017ebfc7b800 JavaThread "C1 CompilerThread0" daemon [_thread_blocked, id=128400, stack(0x0000005789300000,0x0000005789400000)]
  0x0000017ec0644800 JavaThread "Sweeper thread" daemon [_thread_blocked, id=164352, stack(0x0000005789400000,0x0000005789500000)]
  0x0000017ec068a800 JavaThread "Common-Cleaner" daemon [_thread_blocked, id=134644, stack(0x0000005789600000,0x0000005789700000)]
  0x0000017ec1dc5800 JavaThread "Catalina-utility-1" [_thread_blocked, id=133540, stack(0x0000005789800000,0x0000005789900000)]
  0x0000017ec1d1d800 JavaThread "Catalina-utility-2" [_thread_blocked, id=161736, stack(0x0000005789900000,0x0000005789a00000)]
  0x0000017ec3bf9800 JavaThread "container-0" [_thread_blocked, id=123600, stack(0x0000005789a00000,0x0000005789b00000)]

Other Threads:
  0x0000017ebfc53800 VMThread "VM Thread" [stack: 0x0000005788c00000,0x0000005788d00000] [id=232520]
  0x0000017ec0688800 WatcherThread [stack: 0x0000005789500000,0x0000005789600000] [id=155428]
  0x0000017ea29f1800 GCTaskThread "GC Thread#0" [stack: 0x0000005788700000,0x0000005788800000] [id=161760]
  0x0000017ec0c05000 GCTaskThread "GC Thread#1" [stack: 0x0000005789700000,0x0000005789800000] [id=146192]
  0x0000017ea2a24800 ConcurrentGCThread "G1 Main Marker" [stack: 0x0000005788800000,0x0000005788900000] [id=71748]
  0x0000017ea2a27800 ConcurrentGCThread "G1 Conc#0" [stack: 0x0000005788900000,0x0000005788a00000] [id=71448]
  0x0000017ea2aad800 ConcurrentGCThread "G1 Refine#0" [stack: 0x0000005788a00000,0x0000005788b00000] [id=130136]
  0x0000017ea2aae800 ConcurrentGCThread "G1 Young RemSet Sampling" [stack: 0x0000005788b00000,0x0000005788c00000] [id=102312]

Threads with active compile tasks:
C2 CompilerThread0  10161 3966       4       org.springframework.beans.factory.support.AbstractBeanFactory::isTypeMatch (607 bytes)

VM state:not at safepoint (normal execution)

VM Mutex/Monitor currently owned by a thread: None

Heap address: 0x0000000080000000, size: 2048 MB, Compressed Oops mode: 32-bit
Narrow klass base: 0x0000000000000000, Narrow klass shift: 3
Compressed class space size: 1073741824 Address: 0x0000000100000000

Heap:
 garbage-first heap   total 189440K, used 75385K [0x0000000080000000, 0x0000000100000000)
  region size 1024K, 68 young (69632K), 7 survivors (7168K)
 Metaspace       used 41239K, capacity 42347K, committed 42496K, reserved 1087488K
  class space    used 4865K, capacity 5337K, committed 5376K, reserved 1048576K
Heap Regions: E=young(eden), S=young(survivor), O=old, HS=humongous(starts), HC=humongous(continues), CS=collection set, F=free, A=archive, TAMS=top-at-mark-start (previous, next)
|   0|0x0000000080000000, 0x0000000080100000, 0x0000000080100000|100%| O|  |TAMS 0x0000000080100000, 0x0000000080000000| Untracked 
|   1|0x0000000080100000, 0x0000000080200000, 0x0000000080200000|100%| O|  |TAMS 0x0000000080200000, 0x0000000080100000| Untracked 
|   2|0x0000000080200000, 0x0000000080300000, 0x0000000080300000|100%| O|  |TAMS 0x0000000080300000, 0x0000000080200000| Untracked 
|   3|0x0000000080300000, 0x0000000080400000, 0x0000000080400000|100%| O|  |TAMS 0x0000000080400000, 0x0000000080300000| Untracked 
|   4|0x0000000080400000, 0x0000000080500000, 0x0000000080500000|100%| O|  |TAMS 0x0000000080500000, 0x0000000080400000| Untracked 
|   5|0x0000000080500000, 0x0000000080600000, 0x0000000080600000|100%| O|  |TAMS 0x0000000080600000, 0x0000000080500000| Untracked 
|   6|0x0000000080600000, 0x0000000080600000, 0x0000000080700000|  0%| F|  |TAMS 0x0000000080600000, 0x0000000080600000| Untracked 
|   7|0x0000000080700000, 0x0000000080700000, 0x0000000080800000|  0%| F|  |TAMS 0x0000000080700000, 0x0000000080700000| Untracked 
|   8|0x0000000080800000, 0x0000000080800000, 0x0000000080900000|  0%| F|  |TAMS 0x0000000080800000, 0x0000000080800000| Untracked 
|   9|0x0000000080900000, 0x0000000080900000, 0x0000000080a00000|  0%| F|  |TAMS 0x0000000080900000, 0x0000000080900000| Untracked 
|  10|0x0000000080a00000, 0x0000000080a00000, 0x0000000080b00000|  0%| F|  |TAMS 0x0000000080a00000, 0x0000000080a00000| Untracked 
|  11|0x0000000080b00000, 0x0000000080c00000, 0x0000000080c00000|100%| O|  |TAMS 0x0000000080c00000, 0x0000000080b00000| Untracked 
|  12|0x0000000080c00000, 0x0000000080c1e600, 0x0000000080d00000| 11%| O|  |TAMS 0x0000000080c1e600, 0x0000000080c00000| Untracked 
|  13|0x0000000080d00000, 0x0000000080d00000, 0x0000000080e00000|  0%| F|  |TAMS 0x0000000080d00000, 0x0000000080d00000| Untracked 
|  14|0x0000000080e00000, 0x0000000080e00000, 0x0000000080f00000|  0%| F|  |TAMS 0x0000000080e00000, 0x0000000080e00000| Untracked 
|  15|0x0000000080f00000, 0x0000000080f00000, 0x0000000081000000|  0%| F|  |TAMS 0x0000000080f00000, 0x0000000080f00000| Untracked 
|  16|0x0000000081000000, 0x0000000081000000, 0x0000000081100000|  0%| F|  |TAMS 0x0000000081000000, 0x0000000081000000| Untracked 
|  17|0x0000000081100000, 0x0000000081100000, 0x0000000081200000|  0%| F|  |TAMS 0x0000000081100000, 0x0000000081100000| Untracked 
|  18|0x0000000081200000, 0x0000000081200000, 0x0000000081300000|  0%| F|  |TAMS 0x0000000081200000, 0x0000000081200000| Untracked 
|  19|0x0000000081300000, 0x0000000081300000, 0x0000000081400000|  0%| F|  |TAMS 0x0000000081300000, 0x0000000081300000| Untracked 
|  20|0x0000000081400000, 0x0000000081400000, 0x0000000081500000|  0%| F|  |TAMS 0x0000000081400000, 0x0000000081400000| Untracked 
|  21|0x0000000081500000, 0x0000000081500000, 0x0000000081600000|  0%| F|  |TAMS 0x0000000081500000, 0x0000000081500000| Untracked 
|  22|0x0000000081600000, 0x0000000081600000, 0x0000000081700000|  0%| F|  |TAMS 0x0000000081600000, 0x0000000081600000| Untracked 
|  23|0x0000000081700000, 0x0000000081700000, 0x0000000081800000|  0%| F|  |TAMS 0x0000000081700000, 0x0000000081700000| Untracked 
|  24|0x0000000081800000, 0x0000000081800000, 0x0000000081900000|  0%| F|  |TAMS 0x0000000081800000, 0x0000000081800000| Untracked 
|  25|0x0000000081900000, 0x0000000081900000, 0x0000000081a00000|  0%| F|  |TAMS 0x0000000081900000, 0x0000000081900000| Untracked 
|  26|0x0000000081a00000, 0x0000000081a00000, 0x0000000081b00000|  0%| F|  |TAMS 0x0000000081a00000, 0x0000000081a00000| Untracked 
|  27|0x0000000081b00000, 0x0000000081b00000, 0x0000000081c00000|  0%| F|  |TAMS 0x0000000081b00000, 0x0000000081b00000| Untracked 
|  28|0x0000000081c00000, 0x0000000081c00000, 0x0000000081d00000|  0%| F|  |TAMS 0x0000000081c00000, 0x0000000081c00000| Untracked 
|  29|0x0000000081d00000, 0x0000000081d00000, 0x0000000081e00000|  0%| F|  |TAMS 0x0000000081d00000, 0x0000000081d00000| Untracked 
|  30|0x0000000081e00000, 0x0000000081e00000, 0x0000000081f00000|  0%| F|  |TAMS 0x0000000081e00000, 0x0000000081e00000| Untracked 
|  31|0x0000000081f00000, 0x0000000081f00000, 0x0000000082000000|  0%| F|  |TAMS 0x0000000081f00000, 0x0000000081f00000| Untracked 
|  32|0x0000000082000000, 0x0000000082000000, 0x0000000082100000|  0%| F|  |TAMS 0x0000000082000000, 0x0000000082000000| Untracked 
|  33|0x0000000082100000, 0x0000000082100000, 0x0000000082200000|  0%| F|  |TAMS 0x0000000082100000, 0x0000000082100000| Untracked 
|  34|0x0000000082200000, 0x0000000082200000, 0x0000000082300000|  0%| F|  |TAMS 0x0000000082200000, 0x0000000082200000| Untracked 
|  35|0x0000000082300000, 0x0000000082300000, 0x0000000082400000|  0%| F|  |TAMS 0x0000000082300000, 0x0000000082300000| Untracked 
|  36|0x0000000082400000, 0x0000000082400000, 0x0000000082500000|  0%| F|  |TAMS 0x0000000082400000, 0x0000000082400000| Untracked 
|  37|0x0000000082500000, 0x0000000082500000, 0x0000000082600000|  0%| F|  |TAMS 0x0000000082500000, 0x0000000082500000| Untracked 
|  38|0x0000000082600000, 0x0000000082600000, 0x0000000082700000|  0%| F|  |TAMS 0x0000000082600000, 0x0000000082600000| Untracked 
|  39|0x0000000082700000, 0x0000000082700000, 0x0000000082800000|  0%| F|  |TAMS 0x0000000082700000, 0x0000000082700000| Untracked 
|  40|0x0000000082800000, 0x0000000082800000, 0x0000000082900000|  0%| F|  |TAMS 0x0000000082800000, 0x0000000082800000| Untracked 
|  41|0x0000000082900000, 0x0000000082900000, 0x0000000082a00000|  0%| F|  |TAMS 0x0000000082900000, 0x0000000082900000| Untracked 
|  42|0x0000000082a00000, 0x0000000082a00000, 0x0000000082b00000|  0%| F|  |TAMS 0x0000000082a00000, 0x0000000082a00000| Untracked 
|  43|0x0000000082b00000, 0x0000000082b00000, 0x0000000082c00000|  0%| F|  |TAMS 0x0000000082b00000, 0x0000000082b00000| Untracked 
|  44|0x0000000082c00000, 0x0000000082c00000, 0x0000000082d00000|  0%| F|  |TAMS 0x0000000082c00000, 0x0000000082c00000| Untracked 
|  45|0x0000000082d00000, 0x0000000082d00000, 0x0000000082e00000|  0%| F|  |TAMS 0x0000000082d00000, 0x0000000082d00000| Untracked 
|  46|0x0000000082e00000, 0x0000000082e00000, 0x0000000082f00000|  0%| F|  |TAMS 0x0000000082e00000, 0x0000000082e00000| Untracked 
|  47|0x0000000082f00000, 0x0000000082f00000, 0x0000000083000000|  0%| F|  |TAMS 0x0000000082f00000, 0x0000000082f00000| Untracked 
|  48|0x0000000083000000, 0x0000000083000000, 0x0000000083100000|  0%| F|  |TAMS 0x0000000083000000, 0x0000000083000000| Untracked 
|  49|0x0000000083100000, 0x0000000083100000, 0x0000000083200000|  0%| F|  |TAMS 0x0000000083100000, 0x0000000083100000| Untracked 
|  50|0x0000000083200000, 0x0000000083200000, 0x0000000083300000|  0%| F|  |TAMS 0x0000000083200000, 0x0000000083200000| Untracked 
|  51|0x0000000083300000, 0x0000000083300000, 0x0000000083400000|  0%| F|  |TAMS 0x0000000083300000, 0x0000000083300000| Untracked 
|  52|0x0000000083400000, 0x0000000083400000, 0x0000000083500000|  0%| F|  |TAMS 0x0000000083400000, 0x0000000083400000| Untracked 
|  53|0x0000000083500000, 0x0000000083500000, 0x0000000083600000|  0%| F|  |TAMS 0x0000000083500000, 0x0000000083500000| Untracked 
|  54|0x0000000083600000, 0x0000000083600000, 0x0000000083700000|  0%| F|  |TAMS 0x0000000083600000, 0x0000000083600000| Untracked 
|  55|0x0000000083700000, 0x0000000083700000, 0x0000000083800000|  0%| F|  |TAMS 0x0000000083700000, 0x0000000083700000| Untracked 
|  56|0x0000000083800000, 0x0000000083800000, 0x0000000083900000|  0%| F|  |TAMS 0x0000000083800000, 0x0000000083800000| Untracked 
|  57|0x0000000083900000, 0x0000000083900000, 0x0000000083a00000|  0%| F|  |TAMS 0x0000000083900000, 0x0000000083900000| Untracked 
|  58|0x0000000083a00000, 0x0000000083a00000, 0x0000000083b00000|  0%| F|  |TAMS 0x0000000083a00000, 0x0000000083a00000| Untracked 
|  59|0x0000000083b00000, 0x0000000083b00000, 0x0000000083c00000|  0%| F|  |TAMS 0x0000000083b00000, 0x0000000083b00000| Untracked 
|  60|0x0000000083c00000, 0x0000000083c00000, 0x0000000083d00000|  0%| F|  |TAMS 0x0000000083c00000, 0x0000000083c00000| Untracked 
|  61|0x0000000083d00000, 0x0000000083d00000, 0x0000000083e00000|  0%| F|  |TAMS 0x0000000083d00000, 0x0000000083d00000| Untracked 
|  62|0x0000000083e00000, 0x0000000083e00000, 0x0000000083f00000|  0%| F|  |TAMS 0x0000000083e00000, 0x0000000083e00000| Untracked 
|  63|0x0000000083f00000, 0x0000000083f00000, 0x0000000084000000|  0%| F|  |TAMS 0x0000000083f00000, 0x0000000083f00000| Untracked 
|  64|0x0000000084000000, 0x0000000084000000, 0x0000000084100000|  0%| F|  |TAMS 0x0000000084000000, 0x0000000084000000| Untracked 
|  65|0x0000000084100000, 0x0000000084100000, 0x0000000084200000|  0%| F|  |TAMS 0x0000000084100000, 0x0000000084100000| Untracked 
|  66|0x0000000084200000, 0x0000000084200000, 0x0000000084300000|  0%| F|  |TAMS 0x0000000084200000, 0x0000000084200000| Untracked 
|  67|0x0000000084300000, 0x0000000084300000, 0x0000000084400000|  0%| F|  |TAMS 0x0000000084300000, 0x0000000084300000| Untracked 
|  68|0x0000000084400000, 0x0000000084400000, 0x0000000084500000|  0%| F|  |TAMS 0x0000000084400000, 0x0000000084400000| Untracked 
|  69|0x0000000084500000, 0x0000000084500000, 0x0000000084600000|  0%| F|  |TAMS 0x0000000084500000, 0x0000000084500000| Untracked 
|  70|0x0000000084600000, 0x0000000084600000, 0x0000000084700000|  0%| F|  |TAMS 0x0000000084600000, 0x0000000084600000| Untracked 
|  71|0x0000000084700000, 0x0000000084700000, 0x0000000084800000|  0%| F|  |TAMS 0x0000000084700000, 0x0000000084700000| Untracked 
|  72|0x0000000084800000, 0x0000000084800000, 0x0000000084900000|  0%| F|  |TAMS 0x0000000084800000, 0x0000000084800000| Untracked 
|  73|0x0000000084900000, 0x0000000084900000, 0x0000000084a00000|  0%| F|  |TAMS 0x0000000084900000, 0x0000000084900000| Untracked 
|  74|0x0000000084a00000, 0x0000000084a00000, 0x0000000084b00000|  0%| F|  |TAMS 0x0000000084a00000, 0x0000000084a00000| Untracked 
|  75|0x0000000084b00000, 0x0000000084b00000, 0x0000000084c00000|  0%| F|  |TAMS 0x0000000084b00000, 0x0000000084b00000| Untracked 
|  76|0x0000000084c00000, 0x0000000084c00000, 0x0000000084d00000|  0%| F|  |TAMS 0x0000000084c00000, 0x0000000084c00000| Untracked 
|  77|0x0000000084d00000, 0x0000000084d00000, 0x0000000084e00000|  0%| F|  |TAMS 0x0000000084d00000, 0x0000000084d00000| Untracked 
|  78|0x0000000084e00000, 0x0000000084e00000, 0x0000000084f00000|  0%| F|  |TAMS 0x0000000084e00000, 0x0000000084e00000| Untracked 
|  79|0x0000000084f00000, 0x0000000084f00000, 0x0000000085000000|  0%| F|  |TAMS 0x0000000084f00000, 0x0000000084f00000| Untracked 
|  80|0x0000000085000000, 0x0000000085000000, 0x0000000085100000|  0%| F|  |TAMS 0x0000000085000000, 0x0000000085000000| Untracked 
|  81|0x0000000085100000, 0x0000000085100000, 0x0000000085200000|  0%| F|  |TAMS 0x0000000085100000, 0x0000000085100000| Untracked 
|  82|0x0000000085200000, 0x0000000085200000, 0x0000000085300000|  0%| F|  |TAMS 0x0000000085200000, 0x0000000085200000| Untracked 
|  83|0x0000000085300000, 0x0000000085300000, 0x0000000085400000|  0%| F|  |TAMS 0x0000000085300000, 0x0000000085300000| Untracked 
|  84|0x0000000085400000, 0x0000000085400000, 0x0000000085500000|  0%| F|  |TAMS 0x0000000085400000, 0x0000000085400000| Untracked 
|  85|0x0000000085500000, 0x0000000085500000, 0x0000000085600000|  0%| F|  |TAMS 0x0000000085500000, 0x0000000085500000| Untracked 
|  86|0x0000000085600000, 0x0000000085600000, 0x0000000085700000|  0%| F|  |TAMS 0x0000000085600000, 0x0000000085600000| Untracked 
|  87|0x0000000085700000, 0x0000000085700000, 0x0000000085800000|  0%| F|  |TAMS 0x0000000085700000, 0x0000000085700000| Untracked 
|  88|0x0000000085800000, 0x0000000085800000, 0x0000000085900000|  0%| F|  |TAMS 0x0000000085800000, 0x0000000085800000| Untracked 
|  89|0x0000000085900000, 0x0000000085900000, 0x0000000085a00000|  0%| F|  |TAMS 0x0000000085900000, 0x0000000085900000| Untracked 
|  90|0x0000000085a00000, 0x0000000085a00000, 0x0000000085b00000|  0%| F|  |TAMS 0x0000000085a00000, 0x0000000085a00000| Untracked 
|  91|0x0000000085b00000, 0x0000000085b00000, 0x0000000085c00000|  0%| F|  |TAMS 0x0000000085b00000, 0x0000000085b00000| Untracked 
|  92|0x0000000085c00000, 0x0000000085c00000, 0x0000000085d00000|  0%| F|  |TAMS 0x0000000085c00000, 0x0000000085c00000| Untracked 
|  93|0x0000000085d00000, 0x0000000085d00000, 0x0000000085e00000|  0%| F|  |TAMS 0x0000000085d00000, 0x0000000085d00000| Untracked 
|  94|0x0000000085e00000, 0x0000000085e00000, 0x0000000085f00000|  0%| F|  |TAMS 0x0000000085e00000, 0x0000000085e00000| Untracked 
|  95|0x0000000085f00000, 0x0000000085f00000, 0x0000000086000000|  0%| F|  |TAMS 0x0000000085f00000, 0x0000000085f00000| Untracked 
|  96|0x0000000086000000, 0x0000000086000000, 0x0000000086100000|  0%| F|  |TAMS 0x0000000086000000, 0x0000000086000000| Untracked 
|  97|0x0000000086100000, 0x0000000086100000, 0x0000000086200000|  0%| F|  |TAMS 0x0000000086100000, 0x0000000086100000| Untracked 
|  98|0x0000000086200000, 0x0000000086200000, 0x0000000086300000|  0%| F|  |TAMS 0x0000000086200000, 0x0000000086200000| Untracked 
|  99|0x0000000086300000, 0x0000000086300000, 0x0000000086400000|  0%| F|  |TAMS 0x0000000086300000, 0x0000000086300000| Untracked 
| 100|0x0000000086400000, 0x0000000086400000, 0x0000000086500000|  0%| F|  |TAMS 0x0000000086400000, 0x0000000086400000| Untracked 
| 101|0x0000000086500000, 0x0000000086500000, 0x0000000086600000|  0%| F|  |TAMS 0x0000000086500000, 0x0000000086500000| Untracked 
| 102|0x0000000086600000, 0x0000000086600000, 0x0000000086700000|  0%| F|  |TAMS 0x0000000086600000, 0x0000000086600000| Untracked 
| 103|0x0000000086700000, 0x0000000086700000, 0x0000000086800000|  0%| F|  |TAMS 0x0000000086700000, 0x0000000086700000| Untracked 
| 104|0x0000000086800000, 0x0000000086800000, 0x0000000086900000|  0%| F|  |TAMS 0x0000000086800000, 0x0000000086800000| Untracked 
| 105|0x0000000086900000, 0x0000000086900000, 0x0000000086a00000|  0%| F|  |TAMS 0x0000000086900000, 0x0000000086900000| Untracked 
| 106|0x0000000086a00000, 0x0000000086a00000, 0x0000000086b00000|  0%| F|  |TAMS 0x0000000086a00000, 0x0000000086a00000| Untracked 
| 107|0x0000000086b00000, 0x0000000086b00000, 0x0000000086c00000|  0%| F|  |TAMS 0x0000000086b00000, 0x0000000086b00000| Untracked 
| 108|0x0000000086c00000, 0x0000000086c00000, 0x0000000086d00000|  0%| F|  |TAMS 0x0000000086c00000, 0x0000000086c00000| Untracked 
| 109|0x0000000086d00000, 0x0000000086d00000, 0x0000000086e00000|  0%| F|  |TAMS 0x0000000086d00000, 0x0000000086d00000| Untracked 
| 110|0x0000000086e00000, 0x0000000086e00000, 0x0000000086f00000|  0%| F|  |TAMS 0x0000000086e00000, 0x0000000086e00000| Untracked 
| 111|0x0000000086f00000, 0x0000000086f00000, 0x0000000087000000|  0%| F|  |TAMS 0x0000000086f00000, 0x0000000086f00000| Untracked 
| 112|0x0000000087000000, 0x0000000087000000, 0x0000000087100000|  0%| F|  |TAMS 0x0000000087000000, 0x0000000087000000| Untracked 
| 113|0x0000000087100000, 0x0000000087100000, 0x0000000087200000|  0%| F|  |TAMS 0x0000000087100000, 0x0000000087100000| Untracked 
| 114|0x0000000087200000, 0x0000000087200000, 0x0000000087300000|  0%| F|  |TAMS 0x0000000087200000, 0x0000000087200000| Untracked 
| 115|0x0000000087300000, 0x0000000087300000, 0x0000000087400000|  0%| F|  |TAMS 0x0000000087300000, 0x0000000087300000| Untracked 
| 116|0x0000000087400000, 0x0000000087400000, 0x0000000087500000|  0%| F|  |TAMS 0x0000000087400000, 0x0000000087400000| Untracked 
| 117|0x0000000087500000, 0x0000000087600000, 0x0000000087600000|100%| E|  |TAMS 0x0000000087500000, 0x0000000087500000| Complete 
| 118|0x0000000087600000, 0x0000000087700000, 0x0000000087700000|100%| E|CS|TAMS 0x0000000087600000, 0x0000000087600000| Complete 
| 119|0x0000000087700000, 0x0000000087800000, 0x0000000087800000|100%| E|CS|TAMS 0x0000000087700000, 0x0000000087700000| Complete 
| 120|0x0000000087800000, 0x0000000087900000, 0x0000000087900000|100%| E|CS|TAMS 0x0000000087800000, 0x0000000087800000| Complete 
| 121|0x0000000087900000, 0x0000000087a00000, 0x0000000087a00000|100%| E|CS|TAMS 0x0000000087900000, 0x0000000087900000| Complete 
| 122|0x0000000087a00000, 0x0000000087b00000, 0x0000000087b00000|100%| E|CS|TAMS 0x0000000087a00000, 0x0000000087a00000| Complete 
| 123|0x0000000087b00000, 0x0000000087b80000, 0x0000000087c00000| 50%| S|CS|TAMS 0x0000000087b00000, 0x0000000087b00000| Complete 
| 124|0x0000000087c00000, 0x0000000087d00000, 0x0000000087d00000|100%| S|CS|TAMS 0x0000000087c00000, 0x0000000087c00000| Complete 
| 125|0x0000000087d00000, 0x0000000087e00000, 0x0000000087e00000|100%| S|CS|TAMS 0x0000000087d00000, 0x0000000087d00000| Complete 
| 126|0x0000000087e00000, 0x0000000087f00000, 0x0000000087f00000|100%| S|CS|TAMS 0x0000000087e00000, 0x0000000087e00000| Complete 
| 127|0x0000000087f00000, 0x0000000088000000, 0x0000000088000000|100%| S|CS|TAMS 0x0000000087f00000, 0x0000000087f00000| Complete 
| 128|0x0000000088000000, 0x0000000088100000, 0x0000000088100000|100%| S|CS|TAMS 0x0000000088000000, 0x0000000088000000| Complete 
| 129|0x0000000088100000, 0x0000000088200000, 0x0000000088200000|100%| S|CS|TAMS 0x0000000088100000, 0x0000000088100000| Complete 
| 130|0x0000000088200000, 0x0000000088300000, 0x0000000088300000|100%| E|CS|TAMS 0x0000000088200000, 0x0000000088200000| Complete 
| 131|0x0000000088300000, 0x0000000088400000, 0x0000000088400000|100%| E|CS|TAMS 0x0000000088300000, 0x0000000088300000| Complete 
| 132|0x0000000088400000, 0x0000000088500000, 0x0000000088500000|100%| E|CS|TAMS 0x0000000088400000, 0x0000000088400000| Complete 
| 133|0x0000000088500000, 0x0000000088600000, 0x0000000088600000|100%| E|CS|TAMS 0x0000000088500000, 0x0000000088500000| Complete 
| 134|0x0000000088600000, 0x0000000088700000, 0x0000000088700000|100%| E|CS|TAMS 0x0000000088600000, 0x0000000088600000| Complete 
| 135|0x0000000088700000, 0x0000000088800000, 0x0000000088800000|100%| E|CS|TAMS 0x0000000088700000, 0x0000000088700000| Complete 
| 136|0x0000000088800000, 0x0000000088900000, 0x0000000088900000|100%| E|CS|TAMS 0x0000000088800000, 0x0000000088800000| Complete 
| 137|0x0000000088900000, 0x0000000088a00000, 0x0000000088a00000|100%| E|CS|TAMS 0x0000000088900000, 0x0000000088900000| Complete 
| 138|0x0000000088a00000, 0x0000000088b00000, 0x0000000088b00000|100%| E|CS|TAMS 0x0000000088a00000, 0x0000000088a00000| Complete 
| 139|0x0000000088b00000, 0x0000000088c00000, 0x0000000088c00000|100%| E|CS|TAMS 0x0000000088b00000, 0x0000000088b00000| Complete 
| 140|0x0000000088c00000, 0x0000000088d00000, 0x0000000088d00000|100%| E|CS|TAMS 0x0000000088c00000, 0x0000000088c00000| Complete 
| 141|0x0000000088d00000, 0x0000000088e00000, 0x0000000088e00000|100%| E|CS|TAMS 0x0000000088d00000, 0x0000000088d00000| Complete 
| 142|0x0000000088e00000, 0x0000000088f00000, 0x0000000088f00000|100%| E|CS|TAMS 0x0000000088e00000, 0x0000000088e00000| Complete 
| 143|0x0000000088f00000, 0x0000000089000000, 0x0000000089000000|100%| E|CS|TAMS 0x0000000088f00000, 0x0000000088f00000| Complete 
| 144|0x0000000089000000, 0x0000000089100000, 0x0000000089100000|100%| E|CS|TAMS 0x0000000089000000, 0x0000000089000000| Complete 
| 145|0x0000000089100000, 0x0000000089200000, 0x0000000089200000|100%| E|CS|TAMS 0x0000000089100000, 0x0000000089100000| Complete 
| 146|0x0000000089200000, 0x0000000089300000, 0x0000000089300000|100%| E|CS|TAMS 0x0000000089200000, 0x0000000089200000| Complete 
| 147|0x0000000089300000, 0x0000000089400000, 0x0000000089400000|100%| E|CS|TAMS 0x0000000089300000, 0x0000000089300000| Complete 
| 148|0x0000000089400000, 0x0000000089500000, 0x0000000089500000|100%| E|CS|TAMS 0x0000000089400000, 0x0000000089400000| Complete 
| 149|0x0000000089500000, 0x0000000089600000, 0x0000000089600000|100%| E|CS|TAMS 0x0000000089500000, 0x0000000089500000| Complete 
| 150|0x0000000089600000, 0x0000000089700000, 0x0000000089700000|100%| E|CS|TAMS 0x0000000089600000, 0x0000000089600000| Complete 
| 151|0x0000000089700000, 0x0000000089800000, 0x0000000089800000|100%| E|CS|TAMS 0x0000000089700000, 0x0000000089700000| Complete 
| 152|0x0000000089800000, 0x0000000089900000, 0x0000000089900000|100%| E|CS|TAMS 0x0000000089800000, 0x0000000089800000| Complete 
| 153|0x0000000089900000, 0x0000000089a00000, 0x0000000089a00000|100%| E|CS|TAMS 0x0000000089900000, 0x0000000089900000| Complete 
| 154|0x0000000089a00000, 0x0000000089b00000, 0x0000000089b00000|100%| E|CS|TAMS 0x0000000089a00000, 0x0000000089a00000| Complete 
| 155|0x0000000089b00000, 0x0000000089c00000, 0x0000000089c00000|100%| E|CS|TAMS 0x0000000089b00000, 0x0000000089b00000| Complete 
| 156|0x0000000089c00000, 0x0000000089d00000, 0x0000000089d00000|100%| E|CS|TAMS 0x0000000089c00000, 0x0000000089c00000| Complete 
| 157|0x0000000089d00000, 0x0000000089e00000, 0x0000000089e00000|100%| E|CS|TAMS 0x0000000089d00000, 0x0000000089d00000| Complete 
| 158|0x0000000089e00000, 0x0000000089f00000, 0x0000000089f00000|100%| E|CS|TAMS 0x0000000089e00000, 0x0000000089e00000| Complete 
| 159|0x0000000089f00000, 0x000000008a000000, 0x000000008a000000|100%| E|CS|TAMS 0x0000000089f00000, 0x0000000089f00000| Complete 
| 160|0x000000008a000000, 0x000000008a100000, 0x000000008a100000|100%| E|CS|TAMS 0x000000008a000000, 0x000000008a000000| Complete 
| 161|0x000000008a100000, 0x000000008a200000, 0x000000008a200000|100%| E|CS|TAMS 0x000000008a100000, 0x000000008a100000| Complete 
| 162|0x000000008a200000, 0x000000008a300000, 0x000000008a300000|100%| E|CS|TAMS 0x000000008a200000, 0x000000008a200000| Complete 
| 163|0x000000008a300000, 0x000000008a400000, 0x000000008a400000|100%| E|CS|TAMS 0x000000008a300000, 0x000000008a300000| Complete 
| 164|0x000000008a400000, 0x000000008a500000, 0x000000008a500000|100%| E|CS|TAMS 0x000000008a400000, 0x000000008a400000| Complete 
| 165|0x000000008a500000, 0x000000008a600000, 0x000000008a600000|100%| E|CS|TAMS 0x000000008a500000, 0x000000008a500000| Complete 
| 166|0x000000008a600000, 0x000000008a700000, 0x000000008a700000|100%| E|CS|TAMS 0x000000008a600000, 0x000000008a600000| Complete 
| 167|0x000000008a700000, 0x000000008a800000, 0x000000008a800000|100%| E|CS|TAMS 0x000000008a700000, 0x000000008a700000| Complete 
| 168|0x000000008a800000, 0x000000008a900000, 0x000000008a900000|100%| E|CS|TAMS 0x000000008a800000, 0x000000008a800000| Complete 
| 169|0x000000008a900000, 0x000000008aa00000, 0x000000008aa00000|100%| E|CS|TAMS 0x000000008a900000, 0x000000008a900000| Complete 
| 170|0x000000008aa00000, 0x000000008ab00000, 0x000000008ab00000|100%| E|CS|TAMS 0x000000008aa00000, 0x000000008aa00000| Complete 
| 171|0x000000008ab00000, 0x000000008ac00000, 0x000000008ac00000|100%| E|CS|TAMS 0x000000008ab00000, 0x000000008ab00000| Complete 
| 172|0x000000008ac00000, 0x000000008ad00000, 0x000000008ad00000|100%| E|CS|TAMS 0x000000008ac00000, 0x000000008ac00000| Complete 
| 173|0x000000008ad00000, 0x000000008ae00000, 0x000000008ae00000|100%| E|CS|TAMS 0x000000008ad00000, 0x000000008ad00000| Complete 
| 174|0x000000008ae00000, 0x000000008af00000, 0x000000008af00000|100%| E|CS|TAMS 0x000000008ae00000, 0x000000008ae00000| Complete 
| 175|0x000000008af00000, 0x000000008b000000, 0x000000008b000000|100%| E|CS|TAMS 0x000000008af00000, 0x000000008af00000| Complete 
| 176|0x000000008b000000, 0x000000008b100000, 0x000000008b100000|100%| E|CS|TAMS 0x000000008b000000, 0x000000008b000000| Complete 
| 177|0x000000008b100000, 0x000000008b200000, 0x000000008b200000|100%| E|CS|TAMS 0x000000008b100000, 0x000000008b100000| Complete 
| 178|0x000000008b200000, 0x000000008b300000, 0x000000008b300000|100%| E|CS|TAMS 0x000000008b200000, 0x000000008b200000| Complete 
| 179|0x000000008b300000, 0x000000008b400000, 0x000000008b400000|100%| E|CS|TAMS 0x000000008b300000, 0x000000008b300000| Complete 
| 180|0x000000008b400000, 0x000000008b500000, 0x000000008b500000|100%| E|CS|TAMS 0x000000008b400000, 0x000000008b400000| Complete 
| 181|0x000000008b500000, 0x000000008b600000, 0x000000008b600000|100%| E|CS|TAMS 0x000000008b500000, 0x000000008b500000| Complete 
| 182|0x000000008b600000, 0x000000008b700000, 0x000000008b700000|100%| E|CS|TAMS 0x000000008b600000, 0x000000008b600000| Complete 
| 183|0x000000008b700000, 0x000000008b800000, 0x000000008b800000|100%| E|CS|TAMS 0x000000008b700000, 0x000000008b700000| Complete 
| 184|0x000000008b800000, 0x000000008b900000, 0x000000008b900000|100%| E|CS|TAMS 0x000000008b800000, 0x000000008b800000| Complete 

Card table byte_map: [0x0000017eb9080000,0x0000017eb9480000] _byte_map_base: 0x0000017eb8c80000

Marking Bits (Prev, Next): (CMBitMap*) 0x0000017ea2a1b7d8, (CMBitMap*) 0x0000017ea2a1b810
 Prev Bits: [0x0000017eb9880000, 0x0000017ebb880000)
 Next Bits: [0x0000017ebb880000, 0x0000017ebd880000)

Polling page: 0x0000017ea07b0000

Metaspace:

Usage:
  Non-class:     36.14 MB capacity,    35.52 MB ( 98%) used,   504.79 KB (  1%) free+waste,   131.75 KB ( <1%) overhead. 
      Class:      5.21 MB capacity,     4.75 MB ( 91%) used,   406.42 KB (  8%) free+waste,    64.75 KB (  1%) overhead. 
       Both:     41.35 MB capacity,    40.27 MB ( 97%) used,   911.21 KB (  2%) free+waste,   196.50 KB ( <1%) overhead. 

Virtual space:
  Non-class space:       38.00 MB reserved,      36.25 MB ( 95%) committed 
      Class space:        1.00 GB reserved,       5.25 MB ( <1%) committed 
             Both:        1.04 GB reserved,      41.50 MB (  4%) committed 

Chunk freelists:
   Non-Class:  0 bytes
       Class:  896 bytes
        Both:  896 bytes

CodeHeap 'non-profiled nmethods': size=120064Kb used=1936Kb max_used=1936Kb free=118128Kb
 bounds [0x0000017eb1b40000, 0x0000017eb1db0000, 0x0000017eb9080000]
CodeHeap 'profiled nmethods': size=120000Kb used=8825Kb max_used=8825Kb free=111174Kb
 bounds [0x0000017eaa610000, 0x0000017eaaeb0000, 0x0000017eb1b40000]
CodeHeap 'non-nmethods': size=5696Kb used=1164Kb max_used=1191Kb free=4531Kb
 bounds [0x0000017eaa080000, 0x0000017eaa2f0000, 0x0000017eaa610000]
 total_blobs=4481 nmethods=3992 adapters=400
 compilation: enabled
              stopped_count=0, restarted_count=0
 full_count=0

Compilation events (10 events):
Event: 10.073 Thread 0x0000017ebfc7b800 4013   !   2       jdk.xml.internal.SecuritySupport::readJAXPProperty (147 bytes)
Event: 10.076 Thread 0x0000017ebfc7b800 nmethod 4013 0x0000017eaaea8990 code [0x0000017eaaea8d60, 0x0000017eaaeaa078]
Event: 10.081 Thread 0x0000017ebfc7b800 4014       2       sun.reflect.generics.reflectiveObjects.ParameterizedTypeImpl::<init> (35 bytes)
Event: 10.082 Thread 0x0000017ebfc7b800 nmethod 4014 0x0000017eaaeab110 code [0x0000017eaaeab2e0, 0x0000017eaaeab5f8]
Event: 10.085 Thread 0x0000017ebfc7b800 4015       2       org.springframework.core.ResolvableType::forType (7 bytes)
Event: 10.085 Thread 0x0000017ebfc7b800 nmethod 4015 0x0000017eaaeab790 code [0x0000017eaaeab920, 0x0000017eaaeaba28]
Event: 10.086 Thread 0x0000017ebfc7b800 4016       2       org.springframework.core.ResolvableType::<init> (39 bytes)
Event: 10.086 Thread 0x0000017ebfc7b800 nmethod 4016 0x0000017eaaeabb10 code [0x0000017eaaeabcc0, 0x0000017eaaeabfe8]
Event: 10.090 Thread 0x0000017ebfc7b800 4017       2       org.springframework.beans.factory.InjectionPoint::getAnnotations (39 bytes)
Event: 10.091 Thread 0x0000017ebfc7b800 nmethod 4017 0x0000017eaaeac090 code [0x0000017eaaeac280, 0x0000017eaaeac5e8]

GC Heap History (10 events):
Event: 2.866 GC heap before
{Heap before GC invocations=4 (full 0):
 garbage-first heap   total 131072K, used 28026K [0x0000000080000000, 0x0000000100000000)
  region size 1024K, 23 young (23552K), 2 survivors (2048K)
 Metaspace       used 18650K, capacity 19172K, committed 19456K, reserved 1067008K
  class space    used 2066K, capacity 2244K, committed 2304K, reserved 1048576K
}
Event: 2.876 GC heap after
{Heap after GC invocations=5 (full 0):
 garbage-first heap   total 157696K, used 7601K [0x0000000080000000, 0x0000000100000000)
  region size 1024K, 3 young (3072K), 3 survivors (3072K)
 Metaspace       used 18650K, capacity 19172K, committed 19456K, reserved 1067008K
  class space    used 2066K, capacity 2244K, committed 2304K, reserved 1048576K
}
Event: 3.208 GC heap before
{Heap before GC invocations=5 (full 0):
 garbage-first heap   total 157696K, used 16817K [0x0000000080000000, 0x0000000100000000)
  region size 1024K, 13 young (13312K), 3 survivors (3072K)
 Metaspace       used 20645K, capacity 21177K, committed 21248K, reserved 1069056K
  class space    used 2295K, capacity 2512K, committed 2560K, reserved 1048576K
}
Event: 3.217 GC heap after
{Heap after GC invocations=6 (full 0):
 garbage-first heap   total 157696K, used 7936K [0x0000000080000000, 0x0000000100000000)
  region size 1024K, 3 young (3072K), 3 survivors (3072K)
 Metaspace       used 20645K, capacity 21177K, committed 21248K, reserved 1069056K
  class space    used 2295K, capacity 2512K, committed 2560K, reserved 1048576K
}
Event: 4.652 GC heap before
{Heap before GC invocations=7 (full 0):
 garbage-first heap   total 157696K, used 46848K [0x0000000080000000, 0x0000000100000000)
  region size 1024K, 42 young (43008K), 3 survivors (3072K)
 Metaspace       used 25530K, capacity 26187K, committed 26240K, reserved 1073152K
  class space    used 2915K, capacity 3182K, committed 3200K, reserved 1048576K
}
Event: 4.666 GC heap after
{Heap after GC invocations=8 (full 0):
 garbage-first heap   total 157696K, used 9648K [0x0000000080000000, 0x0000000100000000)
  region size 1024K, 5 young (5120K), 5 survivors (5120K)
 Metaspace       used 25530K, capacity 26187K, committed 26240K, reserved 1073152K
  class space    used 2915K, capacity 3182K, committed 3200K, reserved 1048576K
}
Event: 7.102 GC heap before
{Heap before GC invocations=8 (full 0):
 garbage-first heap   total 157696K, used 65968K [0x0000000080000000, 0x0000000100000000)
  region size 1024K, 60 young (61440K), 5 survivors (5120K)
 Metaspace       used 32170K, capacity 33168K, committed 33408K, reserved 1079296K
  class space    used 3760K, capacity 4148K, committed 4224K, reserved 1048576K
}
Event: 7.126 GC heap after
{Heap after GC invocations=9 (full 0):
 garbage-first heap   total 157696K, used 12412K [0x0000000080000000, 0x0000000100000000)
  region size 1024K, 7 young (7168K), 7 survivors (7168K)
 Metaspace       used 32170K, capacity 33168K, committed 33408K, reserved 1079296K
  class space    used 3760K, capacity 4148K, committed 4224K, reserved 1048576K
}
Event: 8.066 GC heap before
{Heap before GC invocations=9 (full 0):
 garbage-first heap   total 157696K, used 41084K [0x0000000080000000, 0x0000000100000000)
  region size 1024K, 31 young (31744K), 7 survivors (7168K)
 Metaspace       used 34807K, capacity 35770K, committed 35840K, reserved 1081344K
  class space    used 4051K, capacity 4441K, committed 4480K, reserved 1048576K
}
Event: 8.092 GC heap after
{Heap after GC invocations=10 (full 0):
 garbage-first heap   total 189440K, used 13945K [0x0000000080000000, 0x0000000100000000)
  region size 1024K, 7 young (7168K), 7 survivors (7168K)
 Metaspace       used 34807K, capacity 35770K, committed 35840K, reserved 1081344K
  class space    used 4051K, capacity 4441K, committed 4480K, reserved 1048576K
}

Deoptimization events (10 events):
Event: 9.383 Thread 0x0000017ea29dc800 Uncommon trap: reason=class_check action=maybe_recompile pc=0x0000017eb1baa24c method=org.springframework.boot.context.properties.source.ConfigurationPropertyName$Elements.charAt(II)C @ 43 c2
Event: 9.383 Thread 0x0000017ea29dc800 Uncommon trap: reason=class_check action=maybe_recompile pc=0x0000017eb1baa24c method=org.springframework.boot.context.properties.source.ConfigurationPropertyName$Elements.charAt(II)C @ 43 c2
Event: 9.529 Thread 0x0000017ea29dc800 Uncommon trap: reason=unstable_if action=reinterpret pc=0x0000017eb1bc7d94 method=org.springframework.boot.context.properties.source.ConfigurationPropertyName$ElementsParser.isAlpha(C)Z @ 9 c2
Event: 9.529 Thread 0x0000017ea29dc800 Uncommon trap: reason=unstable_if action=reinterpret pc=0x0000017eb1bcbf48 method=org.springframework.boot.context.properties.source.ConfigurationPropertyName$ElementsParser.isAlpha(C)Z @ 9 c2
Event: 9.529 Thread 0x0000017ea29dc800 Uncommon trap: reason=unstable_if action=reinterpret pc=0x0000017eb1bb2f58 method=org.springframework.boot.context.properties.source.ConfigurationPropertyName$ElementsParser.isAlpha(C)Z @ 9 c2
Event: 9.667 Thread 0x0000017ea29dc800 Uncommon trap: reason=unstable_if action=reinterpret pc=0x0000017eb1bdae5c method=org.springframework.util.ConcurrentReferenceHashMap$Segment.clear()V @ 7 c2
Event: 9.703 Thread 0x0000017ea29dc800 Uncommon trap: reason=null_check action=make_not_entrant pc=0x0000017eb1c9c660 method=org.springframework.util.ClassUtils.isAssignable(Ljava/lang/Class;Ljava/lang/Class;)Z @ 14 c2
Event: 9.743 Thread 0x0000017ea29dc800 Uncommon trap: reason=unstable_if action=reinterpret pc=0x0000017eb1ccc990 method=sun.reflect.annotation.AnnotationInvocationHandler.invoke(Ljava/lang/Object;Ljava/lang/reflect/Method;[Ljava/lang/Object;)Ljava/lang/Object; @ 76 c2
Event: 9.845 Thread 0x0000017ea29dc800 Uncommon trap: reason=null_check action=make_not_entrant pc=0x0000017eb1c809a0 method=org.springframework.beans.factory.support.DefaultSingletonBeanRegistry.getSingleton(Ljava/lang/String;Z)Ljava/lang/Object; @ 90 c2
Event: 9.900 Thread 0x0000017ea29dc800 Uncommon trap: reason=unstable_if action=reinterpret pc=0x0000017eb1cda860 method=org.springframework.boot.context.properties.source.ConfigurationPropertyName.hashCode()I @ 18 c2

Classes redefined (0 events):
No events

Internal exceptions (10 events):
Event: 9.347 Thread 0x0000017ea29dc800 Exception <a 'java/lang/ClassNotFoundException'{0x0000000089103650}: org/springframework/context/ApplicationContextAwareCustomizer> (0x0000000089103650) thrown at [./open/src/hotspot/share/classfile/systemDictionary.cpp, line 226]
Event: 9.348 Thread 0x0000017ea29dc800 Exception <a 'java/lang/ClassNotFoundException'{0x0000000089113800}: org/springframework/beans/factory/AwareCustomizer> (0x0000000089113800) thrown at [./open/src/hotspot/share/classfile/systemDictionary.cpp, line 226]
Event: 9.349 Thread 0x0000017ea29dc800 Exception <a 'java/lang/ClassNotFoundException'{0x0000000089123df8}: org/springframework/web/context/ServletContextAwareCustomizer> (0x0000000089123df8) thrown at [./open/src/hotspot/share/classfile/systemDictionary.cpp, line 226]
Event: 9.349 Thread 0x0000017ea29dc800 Exception <a 'java/lang/ClassNotFoundException'{0x0000000089133a80}: org/springframework/beans/factory/AwareCustomizer> (0x0000000089133a80) thrown at [./open/src/hotspot/share/classfile/systemDictionary.cpp, line 226]
Event: 9.703 Thread 0x0000017ea29dc800 Implicit null exception at 0x0000017eb1c9c457 to 0x0000017eb1c9c64c
Event: 9.769 Thread 0x0000017ea29dc800 Exception <a 'java/lang/ClassNotFoundException'{0x0000000088406b98}: java/lang/ObjectCustomizer> (0x0000000088406b98) thrown at [./open/src/hotspot/share/classfile/systemDictionary.cpp, line 226]
Event: 9.770 Thread 0x0000017ea29dc800 Exception <a 'java/lang/ClassNotFoundException'{0x000000008840b378}: java/lang/reflect/ProxyCustomizer> (0x000000008840b378) thrown at [./open/src/hotspot/share/classfile/systemDictionary.cpp, line 226]
Event: 9.772 Thread 0x0000017ea29dc800 Exception <a 'java/lang/ClassNotFoundException'{0x000000008841c398}: com/sun/proxy/$Proxy81Customizer> (0x000000008841c398) thrown at [./open/src/hotspot/share/classfile/systemDictionary.cpp, line 226]
Event: 9.775 Thread 0x0000017ea29dc800 Exception <a 'java/lang/ClassNotFoundException'{0x0000000088430948}: com/example/openfeign/client/UserFeignClientCustomizer> (0x0000000088430948) thrown at [./open/src/hotspot/share/classfile/systemDictionary.cpp, line 226]
Event: 9.845 Thread 0x0000017ea29dc800 Implicit null exception at 0x0000017eb1c80213 to 0x0000017eb1c80993

Events (10 events):
Event: 10.076 loading class org/joda/time$YearMonth
Event: 10.076 loading class org/joda/time$YearMonth done
Event: 10.077 loading class org/springframework/boot/autoconfigure/http/HttpMessageConverters
Event: 10.077 loading class org/springframework/boot/autoconfigure/http/HttpMessageConverters done
Event: 10.080 loading class org/springframework/hateoas/server/mvc/TypeConstrainedMappingJackson2HttpMessageConverter
Event: 10.080 loading class org/springframework/hateoas/server/mvc/TypeConstrainedMappingJackson2HttpMessageConverter done
Event: 10.084 loading class org/springframework/boot/context/properties/bind/Bindable
Event: 10.084 loading class org/springframework/boot/context/properties/bind/Bindable done
Event: 10.084 loading class org/springframework/boot/context/properties/bind/Bindable
Event: 10.084 loading class org/springframework/boot/context/properties/bind/Bindable done


Dynamic libraries:
0x00007ff7cfca0000 - 0x00007ff7cfcaf000 	C:\Program Files\Java\jdk-11.0.15\bin\java.exe
0x00007ffeb8df0000 - 0x00007ffeb8fe8000 	C:\Windows\SYSTEM32\ntdll.dll
0x00007ffeb71e0000 - 0x00007ffeb729d000 	C:\Windows\System32\KERNEL32.DLL
0x00007ffeb6b80000 - 0x00007ffeb6e4e000 	C:\Windows\System32\KERNELBASE.dll
0x00007ffeb69c0000 - 0x00007ffeb6ac0000 	C:\Windows\System32\ucrtbase.dll
0x00007ffea5440000 - 0x00007ffea5455000 	C:\Program Files\Java\jdk-11.0.15\bin\VCRUNTIME140.dll
0x00007ffea5460000 - 0x00007ffea5478000 	C:\Program Files\Java\jdk-11.0.15\bin\jli.dll
0x00007ffeb72a0000 - 0x00007ffeb734e000 	C:\Windows\System32\ADVAPI32.dll
0x00007ffeb8d10000 - 0x00007ffeb8dae000 	C:\Windows\System32\msvcrt.dll
0x00007ffeb7ee0000 - 0x00007ffeb7f7c000 	C:\Windows\System32\sechost.dll
0x00007ffeb8130000 - 0x00007ffeb8255000 	C:\Windows\System32\RPCRT4.dll
0x00007ffeb7040000 - 0x00007ffeb71e0000 	C:\Windows\System32\USER32.dll
0x00007ffeb6510000 - 0x00007ffeb6532000 	C:\Windows\System32\win32u.dll
0x00007ffeb7580000 - 0x00007ffeb75aa000 	C:\Windows\System32\GDI32.dll
0x00007ffeb6540000 - 0x00007ffeb664b000 	C:\Windows\System32\gdi32full.dll
0x00007ffeb68b0000 - 0x00007ffeb694d000 	C:\Windows\System32\msvcp_win.dll
0x00007ffea57f0000 - 0x00007ffea5a8a000 	C:\Windows\WinSxS\amd64_microsoft.windows.common-controls_6595b64144ccf1df_6.0.19041.1110_none_60b5254171f9507e\COMCTL32.dll
0x00007ffeadd30000 - 0x00007ffeadd3a000 	C:\Windows\SYSTEM32\VERSION.dll
0x00007ffeb6e50000 - 0x00007ffeb6e80000 	C:\Windows\System32\IMM32.DLL
0x00007ffea53a0000 - 0x00007ffea543b000 	C:\Program Files\Java\jdk-11.0.15\bin\msvcp140.dll
0x00007ffea4880000 - 0x00007ffea5396000 	C:\Program Files\Java\jdk-11.0.15\bin\server\jvm.dll
0x00007ffeb7640000 - 0x00007ffeb7648000 	C:\Windows\System32\PSAPI.DLL
0x00007ffea4840000 - 0x00007ffea4867000 	C:\Windows\SYSTEM32\WINMM.dll
0x00007ffea4870000 - 0x00007ffea4879000 	C:\Windows\SYSTEM32\WSOCK32.dll
0x00007ffeb7e70000 - 0x00007ffeb7edb000 	C:\Windows\System32\WS2_32.dll
0x00007ffeb43f0000 - 0x00007ffeb4402000 	C:\Windows\SYSTEM32\kernel.appcore.dll
0x00007ffea8df0000 - 0x00007ffea8e00000 	C:\Program Files\Java\jdk-11.0.15\bin\verify.dll
0x00007ffeaef30000 - 0x00007ffeaf114000 	C:\Windows\SYSTEM32\DBGHELP.DLL
0x00007ffeaf260000 - 0x00007ffeaf28c000 	C:\Windows\SYSTEM32\dbgcore.DLL
0x00007ffeb6af0000 - 0x00007ffeb6b72000 	C:\Windows\System32\bcryptPrimitives.dll
0x00007ffea4810000 - 0x00007ffea4838000 	C:\Program Files\Java\jdk-11.0.15\bin\java.dll
0x00007ffea8de0000 - 0x00007ffea8dea000 	C:\Program Files\Java\jdk-11.0.15\bin\jimage.dll
0x00007ffea47f0000 - 0x00007ffea4806000 	C:\Program Files\Java\jdk-11.0.15\bin\zip.dll
0x00007ffeb7650000 - 0x00007ffeb7d94000 	C:\Windows\System32\SHELL32.dll
0x00007ffeb45f0000 - 0x00007ffeb4d84000 	C:\Windows\SYSTEM32\windows.storage.dll
0x00007ffeb8520000 - 0x00007ffeb8874000 	C:\Windows\System32\combase.dll
0x00007ffeb5dc0000 - 0x00007ffeb5df0000 	C:\Windows\SYSTEM32\Wldp.dll
0x00007ffeb7470000 - 0x00007ffeb751d000 	C:\Windows\System32\SHCORE.dll
0x00007ffeb6f00000 - 0x00007ffeb6f55000 	C:\Windows\System32\shlwapi.dll
0x00007ffeb6450000 - 0x00007ffeb646f000 	C:\Windows\SYSTEM32\profapi.dll
0x00007ffea4230000 - 0x00007ffea4249000 	C:\Program Files\Java\jdk-11.0.15\bin\net.dll
0x00007ffead640000 - 0x00007ffead74a000 	C:\Windows\SYSTEM32\WINHTTP.dll
0x00007ffeb5ba0000 - 0x00007ffeb5c0a000 	C:\Windows\system32\mswsock.dll
0x00007ffeae8b0000 - 0x00007ffeae8c2000 	C:\Program Files\Java\jdk-11.0.15\bin\nio.dll
0x00007ffeb58b0000 - 0x00007ffeb58eb000 	C:\Windows\SYSTEM32\IPHLPAPI.DLL
0x00007ffeb6e80000 - 0x00007ffeb6e88000 	C:\Windows\System32\NSI.dll
0x00007ffeaf740000 - 0x00007ffeaf757000 	C:\Windows\SYSTEM32\dhcpcsvc6.DLL
0x00007ffeaf720000 - 0x00007ffeaf73d000 	C:\Windows\SYSTEM32\dhcpcsvc.DLL
0x00007ffeb5900000 - 0x00007ffeb59ca000 	C:\Windows\SYSTEM32\DNSAPI.dll
0x00007ffead0c0000 - 0x00007ffead0ca000 	C:\Windows\System32\rasadhlp.dll
0x00007ffead850000 - 0x00007ffead8d0000 	C:\Windows\System32\fwpuclnt.dll
0x00007ffeb6ac0000 - 0x00007ffeb6ae7000 	C:\Windows\System32\bcrypt.dll
0x00007ffea8dd0000 - 0x00007ffea8dd9000 	C:\Program Files\Java\jdk-11.0.15\bin\management.dll
0x00007ffea4770000 - 0x00007ffea477b000 	C:\Program Files\Java\jdk-11.0.15\bin\management_ext.dll
0x00007ffea0d00000 - 0x00007ffea0d17000 	C:\Windows\system32\napinsp.dll
0x00007ffea0ce0000 - 0x00007ffea0cfb000 	C:\Windows\system32\pnrpnsp.dll
0x00007ffea0cc0000 - 0x00007ffea0cd5000 	C:\Windows\system32\wshbth.dll
0x00007ffeaf860000 - 0x00007ffeaf87d000 	C:\Windows\system32\NLAapi.dll
0x00007ffea0ca0000 - 0x00007ffea0cb2000 	C:\Windows\System32\winrnr.dll
0x00007ffeb5e00000 - 0x00007ffeb5e18000 	C:\Windows\SYSTEM32\CRYPTSP.dll
0x00007ffeb5540000 - 0x00007ffeb5574000 	C:\Windows\system32\rsaenh.dll
0x00007ffeb6410000 - 0x00007ffeb643e000 	C:\Windows\SYSTEM32\USERENV.dll
0x00007ffeb5d30000 - 0x00007ffeb5d3c000 	C:\Windows\SYSTEM32\CRYPTBASE.dll
0x00007ffea4680000 - 0x00007ffea468d000 	C:\Program Files\Java\jdk-11.0.15\bin\sunmscapi.dll
0x00007ffeb66a0000 - 0x00007ffeb67f6000 	C:\Windows\System32\CRYPT32.dll
0x00007ffeb5f10000 - 0x00007ffeb5f37000 	C:\Windows\SYSTEM32\ncrypt.dll
0x00007ffeb5ed0000 - 0x00007ffeb5f0b000 	C:\Windows\SYSTEM32\NTASN1.dll
0x00007ffea4520000 - 0x00007ffea4545000 	C:\Program Files\Java\jdk-11.0.15\bin\sunec.dll

dbghelp: loaded successfully - version: 4.0.5 - missing functions: none
symbol engine: initialized successfully - sym options: 0x614 - pdb path: .;C:\Program Files\Java\jdk-11.0.15\bin;C:\Windows\SYSTEM32;C:\Windows\WinSxS\amd64_microsoft.windows.common-controls_6595b64144ccf1df_6.0.19041.1110_none_60b5254171f9507e;C:\Program Files\Java\jdk-11.0.15\bin\server

VM Arguments:
jvm_args: -Dfile.encoding=windows-1252 -Duser.country=US -Duser.language=en -Duser.variant 
java_command: com.example.openfeign.OpenFeignApplication
java_class_path (initial): C:\Users\sfjbs\Downloads\feign-client-main\feign-client-main\build\classes\java\main;C:\Users\sfjbs\Downloads\feign-client-main\feign-client-main\build\resources\main;C:\Users\sfjbs\.gradle\caches\modules-2\files-2.1\org.springframework.boot\spring-boot-starter-web\2.5.0\3103486844ed786b6ba420971ad137658a2da803\spring-boot-starter-web-2.5.0.jar;C:\Users\sfjbs\.gradle\caches\modules-2\files-2.1\org.springframework.cloud\spring-cloud-starter-openfeign\3.0.3\9843ad8b689fa016e853e98e36cba8f9510e18f2\spring-cloud-starter-openfeign-3.0.3.jar;C:\Users\sfjbs\.gradle\caches\modules-2\files-2.1\org.springframework.cloud\spring-cloud-starter-netflix-hystrix\2.2.9.RELEASE\bca3b9a61a1744a6d4a790e8029de97b572b2f56\spring-cloud-starter-netflix-hystrix-2.2.9.RELEASE.jar;C:\Users\sfjbs\.gradle\caches\modules-2\files-2.1\io.github.openfeign\feign-hc5\10.12\4689673eddb6c7c5b5c2c4ef1b93d66590b9d18f\feign-hc5-10.12.jar;C:\Users\sfjbs\.gradle\caches\modules-2\files-2.1\org.springframework.cloud\spring-cloud-openfeign-core\3.0.3\c1875e063989ec419f4065727d1211a54226a14d\spring-cloud-openfeign-core-3.0.3.jar;C:\Users\sfjbs\.gradle\caches\modules-2\files-2.1\io.github.openfeign.form\feign-form-spring\3.8.0\71059f6e16ddbaf0e42f1b1aa0bb60cc2f823e4d\feign-form-spring-3.8.0.jar;C:\Users\sfjbs\.gradle\caches\modules-2\files-2.1\io.github.openfeign.form\feign-form\3.8.0\3083889996b18443c275a352d3ab4bc6c8321598\feign-form-3.8.0.jar;C:\Users\sfjbs\.gradle\caches\modules-2\files-2.1\org.springdoc\springdoc-openapi-ui\1.6.11\994a2f535c251aab0b8a6b6ba84a6863554192c3\springdoc-openapi-ui-1.6.11.jar;C:\Users\sfjbs\.gradle\caches\modules-2\files-2.1\commons-fileupload\commons-fileupload\1.4\f95188e3d372e20e7328706c37ef366e5d7859b0\commons-fileupload-1.4.jar;C:\Users\sfjbs\.gradle\caches\modules-2\files-2.1\commons-io\commons-io\2.7\3f2bd4ba11c4162733c13cc90ca7c7ea09967102\commons-io-2.7.jar;C:\Users\sfjbs\.gradle\caches\modules-2\files-2.1\org.springframework.boot\spring-boot-
Launcher Type: SUN_STANDARD

[Global flags]
     intx CICompilerCount                          = 2                                         {product} {ergonomic}
     uint ConcGCThreads                            = 1                                         {product} {ergonomic}
     uint G1ConcRefinementThreads                  = 2                                         {product} {ergonomic}
   size_t G1HeapRegionSize                         = 1048576                                   {product} {ergonomic}
    uintx GCDrainStackTargetSize                   = 64                                        {product} {ergonomic}
   size_t InitialHeapSize                          = 134217728                                 {product} {ergonomic}
   size_t MarkStackSize                            = 4194304                                   {product} {ergonomic}
   size_t MaxHeapSize                              = 2147483648                                {product} {ergonomic}
   size_t MaxNewSize                               = 1287651328                                {product} {ergonomic}
   size_t MinHeapDeltaBytes                        = 1048576                                   {product} {ergonomic}
    uintx NonNMethodCodeHeapSize                   = 5825164                                {pd product} {ergonomic}
    uintx NonProfiledCodeHeapSize                  = 122916538                              {pd product} {ergonomic}
    uintx ProfiledCodeHeapSize                     = 122916538                              {pd product} {ergonomic}
    uintx ReservedCodeCacheSize                    = 251658240                              {pd product} {ergonomic}
     bool SegmentedCodeCache                       = true                                      {product} {ergonomic}
     bool UseCompressedClassPointers               = true                                 {lp64_product} {ergonomic}
     bool UseCompressedOops                        = true                                 {lp64_product} {ergonomic}
     bool UseG1GC                                  = true                                      {product} {ergonomic}
     bool UseLargePagesIndividualAllocation        = false                                  {pd product} {ergonomic}

Logging:
Log output configuration:
 #0: stdout all=warning uptime,level,tags
 #1: stderr all=off uptime,level,tags

Environment Variables:
PATH=C:\Program Files\Common Files\Oracle\Java\javapath;C:\Windows\system32;C:\Windows;C:\Windows\System32\Wbem;C:\Windows\System32\WindowsPowerShell\v1.0\;C:\Windows\System32\OpenSSH\;C:\Program Files\PuTTY\;C:\Program Files\Git\cmd;C:\Program Files\Docker\Docker\resources\bin;C:\ProgramData\DockerDesktop\version-bin;C:\Users\sfjbs\Downloads\apache-maven-3.8.6-bin\apache-maven-3.8.6\bin;C:\Users\sfjbs\Downloads\apache-maven-3.8.6-bin\apache-maven-3.8.6\lib;C:\Users\sfjbs\AppData\Local\Microsoft\WindowsApps;C:\Program Files\JetBrains\IntelliJ IDEA Community Edition 2022.2.1\bin;;C:\Users\sfjbs\Downloads\apache-maven-3.8.6-bin\apache-maven-3.8.6\bin;C:\Users\sfjbs\Downloads\apache-maven-3.8.6-bin\apache-maven-3.8.6\lib;
USERNAME=sfjbs
OS=Windows_NT
PROCESSOR_IDENTIFIER=Intel64 Family 6 Model 85 Stepping 7, GenuineIntel



---------------  S Y S T E M  ---------------

OS: Windows 10 , 64 bit Build 19041 (10.0.19041.1889)
Hyper-V role detected

CPU:total 2 (initial active 2) (1 cores per cpu, 2 threads per core) family 6 model 85 stepping 7 microcode 0xffffffff, cmov, cx8, fxsr, mmx, sse, sse2, sse3, ssse3, sse4.1, sse4.2, popcnt, avx, avx2, aes, clmul, erms, rtm, 3dnowpref, lzcnt, ht, tsc, bmi1, bmi2, adx, evex, fma

Memory: 4k page, system-wide physical 8190M (473M free)
TotalPageFile size 10238M (AvailPageFile size 5M)
current process WorkingSet (physical memory assigned to process): 246M, peak: 249M
current process commit charge ("private bytes"): 353M, peak: 354M

vm_info: Java HotSpot(TM) 64-Bit Server VM (11.0.15+8-LTS-149) for windows-amd64 JRE (11.0.15+8-LTS-149), built on Mar  9 2022 22:42:32 by "mach5one" with MS VC++ 15.9 (VS2017)

END.
