#
# There is insufficient memory for the Java Runtime Environment to continue.
# Native memory allocation (malloc) failed to allocate 1213536 bytes for Chunk::new
# Possible reasons:
#   The system is out of physical RAM or swap space
#   The process is running with CompressedOops enabled, and the Java Heap may be blocking the growth of the native heap
# Possible solutions:
#   Reduce memory load on the system
#   Increase physical memory or swap space
#   Check if swap backing store is full
#   Decrease Java heap size (-Xmx/-Xms)
#   Decrease number of Java threads
#   Decrease Java thread stack sizes (-Xss)
#   Set larger code cache with -XX:ReservedCodeCacheSize=
#   JVM is running with Unscaled Compressed Oops mode in which the Java heap is
#     placed in the first 4GB address space. The Java Heap base address is the
#     maximum limit for the native heap growth. Please use -XX:HeapBaseMinAddress
#     to set the Java Heap base and to place the Java Heap above 4GB virtual address.
# This output file may be truncated or incomplete.
#
#  Out of Memory Error (arena.cpp:184), pid=204016, tid=188232
#
# JRE version: OpenJDK Runtime Environment (18.0.2.1+1) (build 18.0.2.1+1-1)
# Java VM: OpenJDK 64-Bit Server VM (18.0.2.1+1-1, mixed mode, sharing, tiered, compressed oops, compressed class ptrs, g1 gc, windows-amd64)
# No core dump will be written. Minidumps are not enabled by default on client versions of Windows
#

---------------  S U M M A R Y ------------

Command Line: -javaagent:C:\Program Files\JetBrains\IntelliJ IDEA Community Edition 2022.2.1\lib\idea_rt.jar=52218:C:\Program Files\JetBrains\IntelliJ IDEA Community Edition 2022.2.1\bin -Dfile.encoding=UTF-8 -Dsun.stdout.encoding=UTF-8 -Dsun.stderr.encoding=UTF-8 com.training.Microservice4Application

Host: Intel(R) Xeon(R) Platinum 8272CL CPU @ 2.60GHz, 2 cores, 7G,  Windows 10 , 64 bit Build 19041 (10.0.19041.1889)
Time: Thu Sep  8 04:20:03 2022 Coordinated Universal Time elapsed time: 7.379677 seconds (0d 0h 0m 7s)

---------------  T H R E A D  ---------------

Current thread (0x000002ae2875eb50):  JavaThread "C2 CompilerThread0" daemon [_thread_in_native, id=188232, stack(0x000000bdcd200000,0x000000bdcd300000)]


Current CompileTask:
C2:   7379 4107       4       org.aspectj.apache.bcel.classfile.Attribute::readAttribute (568 bytes)

Stack: [0x000000bdcd200000,0x000000bdcd300000]
Native frames: (J=compiled Java code, j=interpreted, Vv=VM code, C=native code)
V  [jvm.dll+0x6993aa]
V  [jvm.dll+0x7f46dd]
V  [jvm.dll+0x7f5fee]
V  [jvm.dll+0x7f66a3]
V  [jvm.dll+0x25cf1f]
V  [jvm.dll+0xb8c2f]
V  [jvm.dll+0xb8fa5]
V  [jvm.dll+0x3860cb]
V  [jvm.dll+0x1d2d58]
V  [jvm.dll+0x230259]
V  [jvm.dll+0x22f4d1]
V  [jvm.dll+0x1ba01c]
V  [jvm.dll+0x23ee0a]
V  [jvm.dll+0x23d0f5]
V  [jvm.dll+0x7a6dd1]
V  [jvm.dll+0x7a120a]
V  [jvm.dll+0x698255]
C  [ucrtbase.dll+0x21bb2]
C  [KERNEL32.DLL+0x17034]
C  [ntdll.dll+0x52651]


---------------  P R O C E S S  ---------------

Threads class SMR info:
_java_thread_list=0x000002ae2edf1260, length=13, elements={
0x000002ae0b0d89c0, 0x000002ae2873d050, 0x000002ae2873d9f0, 0x000002ae2875a190,
0x000002ae2875cb40, 0x000002ae2875d4e0, 0x000002ae2875de80, 0x000002ae2875eb50,
0x000002ae287c5120, 0x000002ae287c5710, 0x000002ae287f63c0, 0x000002ae2d0883b0,
0x000002ae2cffd2f0
}

Java Threads: ( => current thread )
  0x000002ae0b0d89c0 JavaThread "main" [_thread_in_vm, id=167388, stack(0x000000bdcc400000,0x000000bdcc500000)]
  0x000002ae2873d050 JavaThread "Reference Handler" daemon [_thread_blocked, id=141348, stack(0x000000bdccc00000,0x000000bdccd00000)]
  0x000002ae2873d9f0 JavaThread "Finalizer" daemon [_thread_blocked, id=202768, stack(0x000000bdccd00000,0x000000bdcce00000)]
  0x000002ae2875a190 JavaThread "Signal Dispatcher" daemon [_thread_blocked, id=144600, stack(0x000000bdcce00000,0x000000bdccf00000)]
  0x000002ae2875cb40 JavaThread "Attach Listener" daemon [_thread_blocked, id=224980, stack(0x000000bdccf00000,0x000000bdcd000000)]
  0x000002ae2875d4e0 JavaThread "Service Thread" daemon [_thread_blocked, id=27988, stack(0x000000bdcd000000,0x000000bdcd100000)]
  0x000002ae2875de80 JavaThread "Monitor Deflation Thread" daemon [_thread_blocked, id=14292, stack(0x000000bdcd100000,0x000000bdcd200000)]
=>0x000002ae2875eb50 JavaThread "C2 CompilerThread0" daemon [_thread_in_native, id=188232, stack(0x000000bdcd200000,0x000000bdcd300000)]
  0x000002ae287c5120 JavaThread "C1 CompilerThread0" daemon [_thread_blocked, id=203104, stack(0x000000bdcd300000,0x000000bdcd400000)]
  0x000002ae287c5710 JavaThread "Sweeper thread" daemon [_thread_blocked, id=207144, stack(0x000000bdcd400000,0x000000bdcd500000)]
  0x000002ae287f63c0 JavaThread "Common-Cleaner" daemon [_thread_blocked, id=154336, stack(0x000000bdcd500000,0x000000bdcd600000)]
  0x000002ae2d0883b0 JavaThread "Monitor Ctrl-Break" daemon [_thread_in_native, id=202220, stack(0x000000bdcd800000,0x000000bdcd900000)]
  0x000002ae2cffd2f0 JavaThread "Notification Thread" daemon [_thread_blocked, id=159696, stack(0x000000bdcd900000,0x000000bdcda00000)]

Other Threads:
  0x000002ae28739ae0 VMThread "VM Thread" [stack: 0x000000bdccb00000,0x000000bdccc00000] [id=159236]
  0x000002ae2ced6bf0 WatcherThread "VM Periodic Task Thread" [stack: 0x000000bdcda00000,0x000000bdcdb00000] [id=150836]
  0x000002ae0b139e90 WorkerThread "GC Thread#0" [stack: 0x000000bdcc600000,0x000000bdcc700000] [id=157688]
  0x000002ae2cee44e0 WorkerThread "GC Thread#1" [stack: 0x000000bdcd600000,0x000000bdcd700000] [id=76128]
  0x000002ae0b14bdd0 ConcurrentGCThread "G1 Main Marker" [stack: 0x000000bdcc700000,0x000000bdcc800000] [id=199732]
  0x000002ae0b14c7c0 WorkerThread "G1 Conc#0" [stack: 0x000000bdcc800000,0x000000bdcc900000] [id=151392]
  0x000002ae0b181c40 ConcurrentGCThread "G1 Refine#0" [stack: 0x000000bdcc900000,0x000000bdcca00000] [id=211852]
  0x000002ae0b182550 ConcurrentGCThread "G1 Service" [stack: 0x000000bdcca00000,0x000000bdccb00000] [id=18644]

Threads with active compile tasks:
C2 CompilerThread0     7404 4107       4       org.aspectj.apache.bcel.classfile.Attribute::readAttribute (568 bytes)
C1 CompilerThread0     7404 4201       1       org.apache.tomcat.util.modeler.AttributeInfo::setSetMethod (6 bytes)

VM state: not at safepoint (normal execution)

VM Mutex/Monitor currently owned by a thread:  ([mutex/lock_event])
[0x000002ae0b0d58f0] MethodCompileQueue_lock - owner thread: 0x000002ae287c5120

Heap address: 0x0000000080000000, size: 2048 MB, Compressed Oops mode: 32-bit

CDS archive(s) mapped at: [0x0000000800000000-0x0000000800ba0000-0x0000000800ba0000), size 12189696, SharedBaseAddress: 0x0000000800000000, ArchiveRelocationMode: 0.
Compressed class space mapped at: 0x0000000800c00000-0x0000000840c00000, reserved size: 1073741824
Narrow klass base: 0x0000000800000000, Narrow klass shift: 0, Narrow klass range: 0x100000000

GC Precious Log:
 CardTable entry size: 512
 Card Set container configuration: InlinePtr #cards 5 size 8 Array Of Cards #cards 12 size 40 Howl #buckets 4 coarsen threshold 1843 Howl Bitmap #cards 512 size 80 coarsen threshold 460 Card regions per heap region 1 cards per card region 2048
 CPUs: 2 total, 2 available
 Memory: 8190M
 Large Page Support: Disabled
 NUMA Support: Disabled
 Compressed Oops: Enabled (32-bit)
 Heap Region Size: 1M
 Heap Min Capacity: 8M
 Heap Initial Capacity: 128M
 Heap Max Capacity: 2G
 Pre-touch: Disabled
 Parallel Workers: 2
 Concurrent Workers: 1
 Concurrent Refinement Workers: 2
 Periodic GC: Disabled

Heap:
 garbage-first heap   total 46080K, used 18750K [0x0000000080000000, 0x0000000100000000)
  region size 1024K, 5 young (5120K), 2 survivors (2048K)
 Metaspace       used 30647K, committed 30912K, reserved 1114112K
  class space    used 3677K, committed 3776K, reserved 1048576K

Heap Regions: E=young(eden), S=young(survivor), O=old, HS=humongous(starts), HC=humongous(continues), CS=collection set, F=free, OA=open archive, CA=closed archive, TAMS=top-at-mark-start (previous, next)
|   0|0x0000000080000000, 0x0000000080100000, 0x0000000080100000|100%| O|  |TAMS 0x0000000080100000, 0x0000000080000000| Untracked 
|   1|0x0000000080100000, 0x0000000080200000, 0x0000000080200000|100%| O|  |TAMS 0x0000000080200000, 0x0000000080100000| Untracked 
|   2|0x0000000080200000, 0x0000000080300000, 0x0000000080300000|100%| O|  |TAMS 0x0000000080300000, 0x0000000080200000| Untracked 
|   3|0x0000000080300000, 0x0000000080400000, 0x0000000080400000|100%| O|  |TAMS 0x0000000080300000, 0x0000000080300000| Untracked 
|   4|0x0000000080400000, 0x0000000080500000, 0x0000000080500000|100%| O|  |TAMS 0x0000000080400000, 0x0000000080400000| Untracked 
|   5|0x0000000080500000, 0x0000000080600000, 0x0000000080600000|100%| O|  |TAMS 0x0000000080500000, 0x0000000080500000| Untracked 
|   6|0x0000000080600000, 0x0000000080700000, 0x0000000080700000|100%| O|  |TAMS 0x0000000080600000, 0x0000000080600000| Untracked 
|   7|0x0000000080700000, 0x0000000080800000, 0x0000000080800000|100%| O|  |TAMS 0x0000000080700000, 0x0000000080700000| Untracked 
|   8|0x0000000080800000, 0x0000000080900000, 0x0000000080900000|100%| O|  |TAMS 0x0000000080800000, 0x0000000080800000| Untracked 
|   9|0x0000000080900000, 0x0000000080a00000, 0x0000000080a00000|100%| O|  |TAMS 0x0000000080900000, 0x0000000080900000| Untracked 
|  10|0x0000000080a00000, 0x0000000080b00000, 0x0000000080b00000|100%| O|  |TAMS 0x0000000080a00000, 0x0000000080a00000| Untracked 
|  11|0x0000000080b00000, 0x0000000080c00000, 0x0000000080c00000|100%| O|  |TAMS 0x0000000080b00000, 0x0000000080b00000| Untracked 
|  12|0x0000000080c00000, 0x0000000080d00000, 0x0000000080d00000|100%| O|  |TAMS 0x0000000080c00000, 0x0000000080c00000| Untracked 
|  13|0x0000000080d00000, 0x0000000080e00000, 0x0000000080e00000|100%| O|  |TAMS 0x0000000080d00000, 0x0000000080d00000| Untracked 
|  14|0x0000000080e00000, 0x0000000080ed2400, 0x0000000080f00000| 82%| O|  |TAMS 0x0000000080e00000, 0x0000000080e00000| Untracked 
|  15|0x0000000080f00000, 0x0000000080f00000, 0x0000000081000000|  0%| F|  |TAMS 0x0000000080f00000, 0x0000000080f00000| Untracked 
|  16|0x0000000081000000, 0x0000000081000000, 0x0000000081100000|  0%| F|  |TAMS 0x0000000081000000, 0x0000000081000000| Untracked 
|  17|0x0000000081100000, 0x0000000081100000, 0x0000000081200000|  0%| F|  |TAMS 0x0000000081100000, 0x0000000081100000| Untracked 
|  18|0x0000000081200000, 0x0000000081200000, 0x0000000081300000|  0%| F|  |TAMS 0x0000000081200000, 0x0000000081200000| Untracked 
|  19|0x0000000081300000, 0x0000000081300000, 0x0000000081400000|  0%| F|  |TAMS 0x0000000081300000, 0x0000000081300000| Untracked 
|  20|0x0000000081400000, 0x0000000081400000, 0x0000000081500000|  0%| F|  |TAMS 0x0000000081400000, 0x0000000081400000| Untracked 
|  21|0x0000000081500000, 0x0000000081500000, 0x0000000081600000|  0%| F|  |TAMS 0x0000000081500000, 0x0000000081500000| Untracked 
|  22|0x0000000081600000, 0x0000000081600000, 0x0000000081700000|  0%| F|  |TAMS 0x0000000081600000, 0x0000000081600000| Untracked 
|  23|0x0000000081700000, 0x0000000081700000, 0x0000000081800000|  0%| F|  |TAMS 0x0000000081700000, 0x0000000081700000| Untracked 
|  24|0x0000000081800000, 0x0000000081800000, 0x0000000081900000|  0%| F|  |TAMS 0x0000000081800000, 0x0000000081800000| Untracked 
|  25|0x0000000081900000, 0x000000008197d748, 0x0000000081a00000| 49%| S|CS|TAMS 0x0000000081900000, 0x0000000081900000| Complete 
|  26|0x0000000081a00000, 0x0000000081b00000, 0x0000000081b00000|100%| S|CS|TAMS 0x0000000081a00000, 0x0000000081a00000| Complete 
|  27|0x0000000081b00000, 0x0000000081b00000, 0x0000000081c00000|  0%| F|  |TAMS 0x0000000081b00000, 0x0000000081b00000| Untracked 
|  28|0x0000000081c00000, 0x0000000081c00000, 0x0000000081d00000|  0%| F|  |TAMS 0x0000000081c00000, 0x0000000081c00000| Untracked 
|  29|0x0000000081d00000, 0x0000000081d00000, 0x0000000081e00000|  0%| F|  |TAMS 0x0000000081d00000, 0x0000000081d00000| Untracked 
|  30|0x0000000081e00000, 0x0000000081e00000, 0x0000000081f00000|  0%| F|  |TAMS 0x0000000081e00000, 0x0000000081e00000| Untracked 
|  31|0x0000000081f00000, 0x0000000081f00000, 0x0000000082000000|  0%| F|  |TAMS 0x0000000081f00000, 0x0000000081f00000| Untracked 
|  32|0x0000000082000000, 0x0000000082000000, 0x0000000082100000|  0%| F|  |TAMS 0x0000000082000000, 0x0000000082000000| Untracked 
|  33|0x0000000082100000, 0x0000000082100000, 0x0000000082200000|  0%| F|  |TAMS 0x0000000082100000, 0x0000000082100000| Untracked 
|  34|0x0000000082200000, 0x0000000082200000, 0x0000000082300000|  0%| F|  |TAMS 0x0000000082200000, 0x0000000082200000| Untracked 
|  35|0x0000000082300000, 0x0000000082300000, 0x0000000082400000|  0%| F|  |TAMS 0x0000000082300000, 0x0000000082300000| Untracked 
|  36|0x0000000082400000, 0x0000000082400000, 0x0000000082500000|  0%| F|  |TAMS 0x0000000082400000, 0x0000000082400000| Untracked 
|  37|0x0000000082500000, 0x0000000082500000, 0x0000000082600000|  0%| F|  |TAMS 0x0000000082500000, 0x0000000082500000| Untracked 
|  96|0x0000000086000000, 0x0000000086000000, 0x0000000086100000|  0%| F|  |TAMS 0x0000000086000000, 0x0000000086000000| Untracked 
|  97|0x0000000086100000, 0x0000000086100000, 0x0000000086200000|  0%| F|  |TAMS 0x0000000086100000, 0x0000000086100000| Untracked 
|  98|0x0000000086200000, 0x0000000086200000, 0x0000000086300000|  0%| F|  |TAMS 0x0000000086200000, 0x0000000086200000| Untracked 
|  99|0x0000000086300000, 0x0000000086300000, 0x0000000086400000|  0%| F|  |TAMS 0x0000000086300000, 0x0000000086300000| Untracked 
| 100|0x0000000086400000, 0x00000000864a8d18, 0x0000000086500000| 65%| E|  |TAMS 0x0000000086400000, 0x0000000086400000| Complete 
| 101|0x0000000086500000, 0x0000000086600000, 0x0000000086600000|100%| E|CS|TAMS 0x0000000086500000, 0x0000000086500000| Complete 
| 127|0x0000000087f00000, 0x0000000088000000, 0x0000000088000000|100%| E|CS|TAMS 0x0000000087f00000, 0x0000000087f00000| Complete 

Card table byte_map: [0x000002ae21e10000,0x000002ae22210000] _byte_map_base: 0x000002ae21a10000

Marking Bits (Prev, Next): (CMBitMap*) 0x000002ae0b13b4e0, (CMBitMap*) 0x000002ae0b13b4a0
 Prev Bits: [0x000002ae24610000, 0x000002ae26610000)
 Next Bits: [0x000002ae22610000, 0x000002ae24610000)

Polling page: 0x000002ae09260000

Metaspace:

Usage:
  Non-class:     26.34 MB used.
      Class:      3.59 MB used.
       Both:     29.93 MB used.

Virtual space:
  Non-class space:       64.00 MB reserved,      26.50 MB ( 41%) committed,  1 nodes.
      Class space:        1.00 GB reserved,       3.69 MB ( <1%) committed,  1 nodes.
             Both:        1.06 GB reserved,      30.19 MB (  3%) committed. 

Chunk freelists:
   Non-Class:  1.22 MB
       Class:  257.00 KB
        Both:  1.47 MB

MaxMetaspaceSize: unlimited
CompressedClassSpaceSize: 1.00 GB
Initial GC threshold: 21.00 MB
Current GC threshold: 35.12 MB
CDS: on
MetaspaceReclaimPolicy: balanced
 - commit_granule_bytes: 65536.
 - commit_granule_words: 8192.
 - virtual_space_node_default_size: 8388608.
 - enlarge_chunks_in_place: 1.
 - new_chunks_are_fully_committed: 0.
 - uncommit_free_chunks: 1.
 - use_allocation_guard: 0.


Internal statistics:

num_allocs_failed_limit: 3.
num_arena_births: 360.
num_arena_deaths: 0.
num_vsnodes_births: 2.
num_vsnodes_deaths: 0.
num_space_committed: 483.
num_space_uncommitted: 0.
num_chunks_returned_to_freelist: 3.
num_chunks_taken_from_freelist: 1354.
num_chunk_merges: 3.
num_chunk_splits: 930.
num_chunks_enlarged: 736.
num_inconsistent_stats: 0.

CodeHeap 'non-profiled nmethods': size=120064Kb used=1773Kb max_used=1773Kb free=118290Kb
 bounds [0x000002ae1a4d0000, 0x000002ae1a740000, 0x000002ae21a10000]
CodeHeap 'profiled nmethods': size=120000Kb used=10065Kb max_used=10065Kb free=109934Kb
 bounds [0x000002ae12fa0000, 0x000002ae13980000, 0x000002ae1a4d0000]
CodeHeap 'non-nmethods': size=5696Kb used=1237Kb max_used=1286Kb free=4458Kb
 bounds [0x000002ae12a10000, 0x000002ae12c80000, 0x000002ae12fa0000]
 total_blobs=4715 nmethods=4196 adapters=430
 compilation: enabled
              stopped_count=0, restarted_count=0
 full_count=0

Compilation events (20 events):
Event: 7.328 Thread 0x000002ae287c5120 4191       2       java.util.Hashtable$Enumerator::hasMoreElements (53 bytes)
Event: 7.329 Thread 0x000002ae287c5120 nmethod 4191 0x000002ae13970c90 code [0x000002ae13970e20, 0x000002ae13971038]
Event: 7.329 Thread 0x000002ae287c5120 4192       1       org.apache.tomcat.util.modeler.AttributeInfo::setGetMethod (6 bytes)
Event: 7.329 Thread 0x000002ae287c5120 nmethod 4192 0x000002ae1a68a790 code [0x000002ae1a68a920, 0x000002ae1a68aa38]
Event: 7.329 Thread 0x000002ae287c5120 4193       2       javax.management.MBeanAttributeInfo::<init> (18 bytes)
Event: 7.329 Thread 0x000002ae287c5120 nmethod 4193 0x000002ae13971190 code [0x000002ae13971320, 0x000002ae13971448]
Event: 7.329 Thread 0x000002ae287c5120 4194       2       org.apache.tomcat.util.modeler.AttributeInfo::createAttributeInfo (47 bytes)
Event: 7.329 Thread 0x000002ae287c5120 nmethod 4194 0x000002ae13971510 code [0x000002ae139716c0, 0x000002ae13971928]
Event: 7.331 Thread 0x000002ae287c5120 4195       2       java.util.Locale::hashCode (41 bytes)
Event: 7.331 Thread 0x000002ae287c5120 nmethod 4195 0x000002ae13971a10 code [0x000002ae13971bc0, 0x000002ae13971d58]
Event: 7.339 Thread 0x000002ae287c5120 4196       2       java.lang.PublicMethods$Key::equals (50 bytes)
Event: 7.339 Thread 0x000002ae287c5120 nmethod 4196 0x000002ae13971e90 code [0x000002ae13972040, 0x000002ae13972268]
Event: 7.340 Thread 0x000002ae287c5120 4197       2       org.apache.tomcat.util.modeler.modules.MbeansDescriptorsIntrospectionSource::unCapitalize (36 bytes)
Event: 7.340 Thread 0x000002ae287c5120 nmethod 4197 0x000002ae13972390 code [0x000002ae13972580, 0x000002ae13972848]
Event: 7.345 Thread 0x000002ae287c5120 4198       2       java.util.Hashtable$Enumerator::nextElement (111 bytes)
Event: 7.346 Thread 0x000002ae287c5120 nmethod 4198 0x000002ae13972a90 code [0x000002ae13972c60, 0x000002ae13973048]
Event: 7.346 Thread 0x000002ae287c5120 4199       1       org.apache.tomcat.util.modeler.ManagedBean::getType (5 bytes)
Event: 7.346 Thread 0x000002ae287c5120 nmethod 4199 0x000002ae1a68aa90 code [0x000002ae1a68ac20, 0x000002ae1a68acf8]
Event: 7.347 Thread 0x000002ae287c5120 4200       2       java.util.logging.LogManager$LoggerContext::requiresDefaultLoggers (29 bytes)
Event: 7.347 Thread 0x000002ae287c5120 nmethod 4200 0x000002ae13973210 code [0x000002ae139733a0, 0x000002ae13973508]

GC Heap History (20 events):
Event: 0.864 GC heap before
{Heap before GC invocations=0 (full 0):
 garbage-first heap   total 131072K, used 5120K [0x0000000080000000, 0x0000000100000000)
  region size 1024K, 6 young (6144K), 0 survivors (0K)
 Metaspace       used 549K, committed 704K, reserved 1114112K
  class space    used 32K, committed 128K, reserved 1048576K
}
Event: 0.879 GC heap after
{Heap after GC invocations=1 (full 0):
 garbage-first heap   total 131072K, used 3585K [0x0000000080000000, 0x0000000100000000)
  region size 1024K, 1 young (1024K), 1 survivors (1024K)
 Metaspace       used 549K, committed 704K, reserved 1114112K
  class space    used 32K, committed 128K, reserved 1048576K
}
Event: 1.336 GC heap before
{Heap before GC invocations=1 (full 0):
 garbage-first heap   total 131072K, used 7681K [0x0000000080000000, 0x0000000100000000)
  region size 1024K, 6 young (6144K), 1 survivors (1024K)
 Metaspace       used 2701K, committed 2816K, reserved 1114112K
  class space    used 250K, committed 320K, reserved 1048576K
}
Event: 1.340 GC heap after
{Heap after GC invocations=2 (full 0):
 garbage-first heap   total 131072K, used 4966K [0x0000000080000000, 0x0000000100000000)
  region size 1024K, 1 young (1024K), 1 survivors (1024K)
 Metaspace       used 2701K, committed 2816K, reserved 1114112K
  class space    used 250K, committed 320K, reserved 1048576K
}
Event: 1.764 GC heap before
{Heap before GC invocations=2 (full 0):
 garbage-first heap   total 131072K, used 12134K [0x0000000080000000, 0x0000000100000000)
  region size 1024K, 9 young (9216K), 1 survivors (1024K)
 Metaspace       used 5701K, committed 5824K, reserved 1114112K
  class space    used 603K, committed 640K, reserved 1048576K
}
Event: 1.770 GC heap after
{Heap after GC invocations=3 (full 0):
 garbage-first heap   total 131072K, used 5883K [0x0000000080000000, 0x0000000100000000)
  region size 1024K, 2 young (2048K), 2 survivors (2048K)
 Metaspace       used 5701K, committed 5824K, reserved 1114112K
  class space    used 603K, committed 640K, reserved 1048576K
}
Event: 2.669 GC heap before
{Heap before GC invocations=3 (full 0):
 garbage-first heap   total 131072K, used 35579K [0x0000000080000000, 0x0000000100000000)
  region size 1024K, 32 young (32768K), 2 survivors (2048K)
 Metaspace       used 14493K, committed 14720K, reserved 1114112K
  class space    used 1785K, committed 1856K, reserved 1048576K
}
Event: 2.681 GC heap after
{Heap after GC invocations=4 (full 0):
 garbage-first heap   total 131072K, used 7679K [0x0000000080000000, 0x0000000100000000)
  region size 1024K, 4 young (4096K), 4 survivors (4096K)
 Metaspace       used 14493K, committed 14720K, reserved 1114112K
  class space    used 1785K, committed 1856K, reserved 1048576K
}
Event: 4.434 GC heap before
{Heap before GC invocations=4 (full 0):
 garbage-first heap   total 131072K, used 32255K [0x0000000080000000, 0x0000000100000000)
  region size 1024K, 30 young (30720K), 4 survivors (4096K)
 Metaspace       used 21189K, committed 21504K, reserved 1114112K
  class space    used 2584K, committed 2752K, reserved 1048576K
}
Event: 4.450 GC heap after
{Heap after GC invocations=5 (full 0):
 garbage-first heap   total 131072K, used 10086K [0x0000000080000000, 0x0000000100000000)
  region size 1024K, 6 young (6144K), 6 survivors (6144K)
 Metaspace       used 21189K, committed 21504K, reserved 1114112K
  class space    used 2584K, committed 2752K, reserved 1048576K
}
Event: 5.007 GC heap before
{Heap before GC invocations=6 (full 0):
 garbage-first heap   total 37888K, used 26470K [0x0000000080000000, 0x0000000100000000)
  region size 1024K, 22 young (22528K), 6 survivors (6144K)
 Metaspace       used 21885K, committed 22208K, reserved 1114112K
  class space    used 2663K, committed 2816K, reserved 1048576K
}
Event: 5.027 GC heap after
{Heap after GC invocations=7 (full 0):
 garbage-first heap   total 37888K, used 11944K [0x0000000080000000, 0x0000000100000000)
  region size 1024K, 2 young (2048K), 2 survivors (2048K)
 Metaspace       used 21885K, committed 22208K, reserved 1114112K
  class space    used 2663K, committed 2816K, reserved 1048576K
}
Event: 5.064 GC heap before
{Heap before GC invocations=7 (full 0):
 garbage-first heap   total 37888K, used 12968K [0x0000000080000000, 0x0000000100000000)
  region size 1024K, 3 young (3072K), 2 survivors (2048K)
 Metaspace       used 21896K, committed 22208K, reserved 1114112K
  class space    used 2663K, committed 2816K, reserved 1048576K
}
Event: 5.070 GC heap after
{Heap after GC invocations=8 (full 0):
 garbage-first heap   total 46080K, used 12137K [0x0000000080000000, 0x0000000100000000)
  region size 1024K, 1 young (1024K), 1 survivors (1024K)
 Metaspace       used 21896K, committed 22208K, reserved 1114112K
  class space    used 2663K, committed 2816K, reserved 1048576K
}
Event: 5.768 GC heap before
{Heap before GC invocations=8 (full 0):
 garbage-first heap   total 46080K, used 32617K [0x0000000080000000, 0x0000000100000000)
  region size 1024K, 21 young (21504K), 1 survivors (1024K)
 Metaspace       used 23965K, committed 24320K, reserved 1114112K
  class space    used 2923K, committed 3072K, reserved 1048576K
}
Event: 5.781 GC heap after
{Heap after GC invocations=9 (full 0):
 garbage-first heap   total 46080K, used 13409K [0x0000000080000000, 0x0000000100000000)
  region size 1024K, 2 young (2048K), 2 survivors (2048K)
 Metaspace       used 23965K, committed 24320K, reserved 1114112K
  class space    used 2923K, committed 3072K, reserved 1048576K
}
Event: 6.600 GC heap before
{Heap before GC invocations=9 (full 0):
 garbage-first heap   total 46080K, used 33889K [0x0000000080000000, 0x0000000100000000)
  region size 1024K, 22 young (22528K), 2 survivors (2048K)
 Metaspace       used 28077K, committed 28416K, reserved 1114112K
  class space    used 3373K, committed 3520K, reserved 1048576K
}
Event: 6.611 GC heap after
{Heap after GC invocations=10 (full 0):
 garbage-first heap   total 46080K, used 15276K [0x0000000080000000, 0x0000000100000000)
  region size 1024K, 2 young (2048K), 2 survivors (2048K)
 Metaspace       used 28077K, committed 28416K, reserved 1114112K
  class space    used 3373K, committed 3520K, reserved 1048576K
}
Event: 7.264 GC heap before
{Heap before GC invocations=10 (full 0):
 garbage-first heap   total 46080K, used 33708K [0x0000000080000000, 0x0000000100000000)
  region size 1024K, 20 young (20480K), 2 survivors (2048K)
 Metaspace       used 30060K, committed 30400K, reserved 1114112K
  class space    used 3612K, committed 3776K, reserved 1048576K
}
Event: 7.274 GC heap after
{Heap after GC invocations=11 (full 0):
 garbage-first heap   total 46080K, used 16702K [0x0000000080000000, 0x0000000100000000)
  region size 1024K, 2 young (2048K), 2 survivors (2048K)
 Metaspace       used 30060K, committed 30400K, reserved 1114112K
  class space    used 3612K, committed 3776K, reserved 1048576K
}

Deoptimization events (20 events):
Event: 7.209 Thread 0x000002ae0b0d89c0 DEOPT PACKING pc=0x000002ae13902e31 sp=0x000000bdcc4fddc0
Event: 7.209 Thread 0x000002ae0b0d89c0 DEOPT UNPACKING pc=0x000002ae12a66763 sp=0x000000bdcc4fd2b0 mode 0
Event: 7.209 Thread 0x000002ae0b0d89c0 DEOPT PACKING pc=0x000002ae1394e1e6 sp=0x000000bdcc4fddf0
Event: 7.209 Thread 0x000002ae0b0d89c0 DEOPT UNPACKING pc=0x000002ae12a66763 sp=0x000000bdcc4fd2b8 mode 0
Event: 7.209 Thread 0x000002ae0b0d89c0 DEOPT PACKING pc=0x000002ae13902e31 sp=0x000000bdcc4fddc0
Event: 7.209 Thread 0x000002ae0b0d89c0 DEOPT UNPACKING pc=0x000002ae12a66763 sp=0x000000bdcc4fd2b0 mode 0
Event: 7.216 Thread 0x000002ae0b0d89c0 DEOPT PACKING pc=0x000002ae1394e1e6 sp=0x000000bdcc4fde00
Event: 7.217 Thread 0x000002ae0b0d89c0 DEOPT UNPACKING pc=0x000002ae12a66763 sp=0x000000bdcc4fd2c8 mode 0
Event: 7.217 Thread 0x000002ae0b0d89c0 DEOPT PACKING pc=0x000002ae13902e31 sp=0x000000bdcc4fddd0
Event: 7.217 Thread 0x000002ae0b0d89c0 DEOPT UNPACKING pc=0x000002ae12a66763 sp=0x000000bdcc4fd2c0 mode 0
Event: 7.250 Thread 0x000002ae0b0d89c0 DEOPT PACKING pc=0x000002ae13902e31 sp=0x000000bdcc4fe090
Event: 7.250 Thread 0x000002ae0b0d89c0 DEOPT UNPACKING pc=0x000002ae12a66763 sp=0x000000bdcc4fd580 mode 0
Event: 7.250 Thread 0x000002ae0b0d89c0 DEOPT PACKING pc=0x000002ae1394e1e6 sp=0x000000bdcc4fe0c0
Event: 7.250 Thread 0x000002ae0b0d89c0 DEOPT UNPACKING pc=0x000002ae12a66763 sp=0x000000bdcc4fd588 mode 0
Event: 7.301 Thread 0x000002ae0b0d89c0 DEOPT PACKING pc=0x000002ae133f6366 sp=0x000000bdcc4fe2a0
Event: 7.301 Thread 0x000002ae0b0d89c0 DEOPT UNPACKING pc=0x000002ae12a66763 sp=0x000000bdcc4fd760 mode 0
Event: 7.317 Thread 0x000002ae0b0d89c0 DEOPT PACKING pc=0x000002ae133f6366 sp=0x000000bdcc4fe1b0
Event: 7.317 Thread 0x000002ae0b0d89c0 DEOPT UNPACKING pc=0x000002ae12a66763 sp=0x000000bdcc4fd670 mode 0
Event: 7.320 Thread 0x000002ae0b0d89c0 DEOPT PACKING pc=0x000002ae133f6366 sp=0x000000bdcc4fde60
Event: 7.320 Thread 0x000002ae0b0d89c0 DEOPT UNPACKING pc=0x000002ae12a66763 sp=0x000000bdcc4fd320 mode 0

Classes loaded (20 events):
Event: 7.284 Loading class java/util/concurrent/TimeoutException
Event: 7.284 Loading class java/util/concurrent/TimeoutException done
Event: 7.297 Loading class javax/management/modelmbean/InvalidTargetObjectTypeException
Event: 7.297 Loading class javax/management/modelmbean/InvalidTargetObjectTypeException done
Event: 7.327 Loading class java/nio/channels/AsynchronousServerSocketChannel
Event: 7.328 Loading class java/nio/channels/AsynchronousChannel
Event: 7.328 Loading class java/nio/channels/AsynchronousChannel done
Event: 7.328 Loading class java/nio/channels/AsynchronousServerSocketChannel done
Event: 7.328 Loading class java/nio/channels/AsynchronousSocketChannel
Event: 7.328 Loading class java/nio/channels/AsynchronousByteChannel
Event: 7.328 Loading class java/nio/channels/AsynchronousByteChannel done
Event: 7.328 Loading class java/nio/channels/AsynchronousSocketChannel done
Event: 7.328 Loading class java/net/ServerSocket
Event: 7.328 Loading class java/net/ServerSocket done
Event: 7.330 Loading class java/util/logging/LogRecord
Event: 7.330 Loading class java/util/logging/LogRecord done
Event: 7.332 Loading class java/security/cert/X509Certificate
Event: 7.332 Loading class java/security/cert/X509Extension
Event: 7.333 Loading class java/security/cert/X509Extension done
Event: 7.333 Loading class java/security/cert/X509Certificate done

Classes unloaded (0 events):
No events

Classes redefined (0 events):
No events

Internal exceptions (20 events):
Event: 6.244 Thread 0x000002ae0b0d89c0 Exception <a 'java/lang/ArrayIndexOutOfBoundsException'{0x0000000081f7f1b8}> (0x0000000081f7f1b8) 
thrown [s\open\src\hotspot\share\runtime\sharedRuntime.cpp, line 625]
Event: 6.244 Thread 0x000002ae0b0d89c0 Exception <a 'java/lang/ArrayIndexOutOfBoundsException'{0x0000000081f7fa28}> (0x0000000081f7fa28) 
thrown [s\open\src\hotspot\share\runtime\sharedRuntime.cpp, line 625]
Event: 6.244 Thread 0x000002ae0b0d89c0 Exception <a 'java/lang/ArrayIndexOutOfBoundsException'{0x0000000081f823c0}> (0x0000000081f823c0) 
thrown [s\open\src\hotspot\share\runtime\sharedRuntime.cpp, line 625]
Event: 6.244 Thread 0x000002ae0b0d89c0 Exception <a 'java/lang/ArrayIndexOutOfBoundsException'{0x0000000081f82c30}> (0x0000000081f82c30) 
thrown [s\open\src\hotspot\share\runtime\sharedRuntime.cpp, line 625]
Event: 6.255 Thread 0x000002ae0b0d89c0 Exception <a 'java/lang/ArrayIndexOutOfBoundsException'{0x0000000081fbc278}> (0x0000000081fbc278) 
thrown [s\open\src\hotspot\share\runtime\sharedRuntime.cpp, line 625]
Event: 6.255 Thread 0x000002ae0b0d89c0 Exception <a 'java/lang/ArrayIndexOutOfBoundsException'{0x0000000081fbc840}> (0x0000000081fbc840) 
thrown [s\open\src\hotspot\share\runtime\sharedRuntime.cpp, line 625]
Event: 6.265 Thread 0x000002ae0b0d89c0 Exception <a 'java/lang/ArrayIndexOutOfBoundsException'{0x0000000081ff7c20}> (0x0000000081ff7c20) 
thrown [s\open\src\hotspot\share\runtime\sharedRuntime.cpp, line 625]
Event: 6.265 Thread 0x000002ae0b0d89c0 Exception <a 'java/lang/ArrayIndexOutOfBoundsException'{0x0000000081ff81e8}> (0x0000000081ff81e8) 
thrown [s\open\src\hotspot\share\runtime\sharedRuntime.cpp, line 625]
Event: 6.289 Thread 0x000002ae0b0d89c0 Exception <a 'java/lang/NoSuchMethodError'{0x0000000081e945e8}: 'void java.lang.invoke.DirectMethodHandle$Holder.invokeVirtual(java.lang.Object, java.lang.Object)'> (0x0000000081e945e8) 
thrown [s\open\src\hotspot\share\interpreter\linkResolver.cpp, line 759]
Event: 6.290 Thread 0x000002ae0b0d89c0 Implicit null exception at 0x000002ae1a5da781 to 0x000002ae1a5dae14
Event: 6.743 Thread 0x000002ae0b0d89c0 Exception <a 'java/lang/NoSuchMethodError'{0x000000008649edf8}: 'void java.lang.invoke.DirectMethodHandle$Holder.invokeInterface(java.lang.Object, java.lang.Object, int)'> (0x000000008649edf8) 
thrown [s\open\src\hotspot\share\interpreter\linkResolver.cpp, line 759]
Event: 6.750 Thread 0x000002ae0b0d89c0 Exception <a 'java/lang/NoSuchMethodError'{0x00000000864e67f8}: 'void java.lang.invoke.DirectMethodHandle$Holder.invokeStatic(java.lang.Object, int, java.lang.Object)'> (0x00000000864e67f8) 
thrown [s\open\src\hotspot\share\interpreter\linkResolver.cpp, line 759]
Event: 6.763 Thread 0x000002ae0b0d89c0 Exception <a 'java/lang/NoSuchMethodError'{0x000000008630ab00}: 'int java.lang.invoke.DirectMethodHandle$Holder.invokeVirtual(java.lang.Object, java.lang.Object)'> (0x000000008630ab00) 
thrown [s\open\src\hotspot\share\interpreter\linkResolver.cpp, line 759]
Event: 6.764 Thread 0x000002ae0b0d89c0 Exception <a 'java/lang/NoSuchMethodError'{0x0000000086311608}: 'int java.lang.invoke.DirectMethodHandle$Holder.invokeSpecial(java.lang.Object, java.lang.Object, int)'> (0x0000000086311608) 
thrown [s\open\src\hotspot\share\interpreter\linkResolver.cpp, line 759]
Event: 6.765 Thread 0x000002ae0b0d89c0 Exception <a 'java/lang/NoSuchMethodError'{0x0000000086318d08}: 'int java.lang.invoke.DirectMethodHandle$Holder.invokeSpecialIFC(java.lang.Object, java.lang.Object, java.lang.Object, java.lang.Object)'> (0x0000000086318d08) 
thrown [s\open\src\hotspot\share\interpreter\linkResolver.cpp, line 759]
Event: 6.970 Thread 0x000002ae0b0d89c0 Implicit null exception at 0x000002ae1a5dbd91 to 0x000002ae1a5dbdd0
Event: 7.072 Thread 0x000002ae0b0d89c0 Exception <a 'java/lang/NoSuchMethodError'{0x0000000081fe6ae8}: 'java.lang.Object java.lang.invoke.DirectMethodHandle$Holder.invokeStaticInit(java.lang.Object, int, int, int, int)'> (0x0000000081fe6ae8) 
thrown [s\open\src\hotspot\share\interpreter\linkResolver.cpp, line 759]
Event: 7.121 Thread 0x000002ae0b0d89c0 Exception <a 'java/lang/NoSuchMethodError'{0x0000000081e18b10}: 'java.lang.Object java.lang.invoke.DirectMethodHandle$Holder.invokeStaticInit(java.lang.Object, java.lang.Object, int, int, int, int)'> (0x0000000081e18b10) 
thrown [s\open\src\hotspot\share\interpreter\linkResolver.cpp, line 759]
Event: 7.197 Thread 0x000002ae0b0d89c0 Exception <a 'java/lang/NoSuchMethodError'{0x0000000081c3f100}: 'int java.lang.invoke.DirectMethodHandle$Holder.invokeVirtual(java.lang.Object, java.lang.Object, java.lang.Object, java.lang.Object)'> (0x0000000081c3f100) 
thrown [s\open\src\hotspot\share\interpreter\linkResolver.cpp, line 759]
Event: 7.197 Thread 0x000002ae0b0d89c0 Exception <a 'java/lang/NoSuchMethodError'{0x0000000081c42c18}: 'int java.lang.invoke.DelegatingMethodHandle$Holder.reinvoke_L(java.lang.Object, java.lang.Object, java.lang.Object, java.lang.Object)'> (0x0000000081c42c18) 
thrown [s\open\src\hotspot\share\interpreter\linkResolver.cpp, line 759]

VM Operations (20 events):
Event: 6.350 Executing VM operation: HandshakeAllThreads
Event: 6.350 Executing VM operation: HandshakeAllThreads done
Event: 6.546 Executing VM operation: ICBufferFull
Event: 6.546 Executing VM operation: ICBufferFull done
Event: 6.599 Executing VM operation: G1CollectForAllocation
Event: 6.611 Executing VM operation: G1CollectForAllocation done
Event: 6.612 Executing VM operation: HandshakeAllThreads
Event: 6.613 Executing VM operation: HandshakeAllThreads done
Event: 6.814 Executing VM operation: HandshakeAllThreads
Event: 6.814 Executing VM operation: HandshakeAllThreads done
Event: 6.902 Executing VM operation: HandshakeAllThreads
Event: 6.902 Executing VM operation: HandshakeAllThreads done
Event: 6.970 Executing VM operation: HandshakeAllThreads
Event: 6.970 Executing VM operation: HandshakeAllThreads done
Event: 7.198 Executing VM operation: ICBufferFull
Event: 7.198 Executing VM operation: ICBufferFull done
Event: 7.263 Executing VM operation: G1CollectForAllocation
Event: 7.274 Executing VM operation: G1CollectForAllocation done
Event: 7.333 Executing VM operation: HandshakeAllThreads
Event: 7.333 Executing VM operation: HandshakeAllThreads done

Events (20 events):
Event: 0.382 Loaded shared library C:\Program Files\Java\jdk-18.0.2.1\bin\zip.dll
Event: 0.387 Loaded shared library C:\Program Files\Java\jdk-18.0.2.1\bin\instrument.dll
Event: 0.402 Loaded shared library C:\Program Files\Java\jdk-18.0.2.1\bin\net.dll
Event: 0.410 Loaded shared library C:\Program Files\Java\jdk-18.0.2.1\bin\nio.dll
Event: 0.415 Loaded shared library C:\Program Files\Java\jdk-18.0.2.1\bin\zip.dll
Event: 0.783 Loaded shared library C:\Program Files\Java\jdk-18.0.2.1\bin\jimage.dll
Event: 0.950 Loaded shared library C:\Program Files\JetBrains\IntelliJ IDEA Community Edition 2022.2.1\bin\breakgen64.dll
Event: 0.950 Thread 0x000002ae2d0883b0 Thread added: 0x000002ae2d0883b0
Event: 0.951 Thread 0x000002ae2cffd2f0 Thread added: 0x000002ae2cffd2f0
Event: 1.042 Loaded shared library C:\Program Files\Java\jdk-18.0.2.1\bin\verify.dll
Event: 1.553 Thread 0x000002ae2d208a80 Thread added: 0x000002ae2d208a80
Event: 1.924 Thread 0x000002ae2d427120 Thread added: 0x000002ae2d427120
Event: 1.991 Thread 0x000002ae2d427120 Thread exited: 0x000002ae2d427120
Event: 2.100 Loaded shared library C:\Program Files\Java\jdk-18.0.2.1\bin\management.dll
Event: 2.105 Loaded shared library C:\Program Files\Java\jdk-18.0.2.1\bin\management_ext.dll
Event: 3.836 Thread 0x000002ae2d208a80 Thread exited: 0x000002ae2d208a80
Event: 3.992 Thread 0x000002ae2d208a80 Thread added: 0x000002ae2d208a80
Event: 3.993 Thread 0x000002ae2d208a80 Thread exited: 0x000002ae2d208a80
Event: 4.350 Thread 0x000002ae2e6aa660 Thread added: 0x000002ae2e6aa660
Event: 4.524 Thread 0x000002ae2e6aa660 Thread exited: 0x000002ae2e6aa660


Dynamic libraries:
0x00007ff69ab20000 - 0x00007ff69ab2e000 	C:\Program Files\Java\jdk-18.0.2.1\bin\java.exe
0x00007ffeb8df0000 - 0x00007ffeb8fe8000 	C:\Windows\SYSTEM32\ntdll.dll
0x00007ffeb71e0000 - 0x00007ffeb729d000 	C:\Windows\System32\KERNEL32.DLL
0x00007ffeb6b80000 - 0x00007ffeb6e4e000 	C:\Windows\System32\KERNELBASE.dll
0x00007ffeb69c0000 - 0x00007ffeb6ac0000 	C:\Windows\System32\ucrtbase.dll
0x00007ffea2c20000 - 0x00007ffea2c37000 	C:\Program Files\Java\jdk-18.0.2.1\bin\jli.dll
0x00007ffeb7040000 - 0x00007ffeb71e0000 	C:\Windows\System32\USER32.dll
0x00007ffeb6510000 - 0x00007ffeb6532000 	C:\Windows\System32\win32u.dll
0x00007ffeb7580000 - 0x00007ffeb75aa000 	C:\Windows\System32\GDI32.dll
0x00007ffeb6540000 - 0x00007ffeb664b000 	C:\Windows\System32\gdi32full.dll
0x00007ffeb68b0000 - 0x00007ffeb694d000 	C:\Windows\System32\msvcp_win.dll
0x00007ffea2c00000 - 0x00007ffea2c1a000 	C:\Program Files\Java\jdk-18.0.2.1\bin\VCRUNTIME140.dll
0x00007ffea57f0000 - 0x00007ffea5a8a000 	C:\Windows\WinSxS\amd64_microsoft.windows.common-controls_6595b64144ccf1df_6.0.19041.1110_none_60b5254171f9507e\COMCTL32.dll
0x00007ffeb8d10000 - 0x00007ffeb8dae000 	C:\Windows\System32\msvcrt.dll
0x00007ffeb6e50000 - 0x00007ffeb6e80000 	C:\Windows\System32\IMM32.DLL
0x00007ffea44d0000 - 0x00007ffea44dc000 	C:\Program Files\Java\jdk-18.0.2.1\bin\vcruntime140_1.dll
0x00007ffe97580000 - 0x00007ffe9760d000 	C:\Program Files\Java\jdk-18.0.2.1\bin\msvcp140.dll
0x00007ffe80340000 - 0x00007ffe80f51000 	C:\Program Files\Java\jdk-18.0.2.1\bin\server\jvm.dll
0x00007ffeb72a0000 - 0x00007ffeb734e000 	C:\Windows\System32\ADVAPI32.dll
0x00007ffeb7ee0000 - 0x00007ffeb7f7c000 	C:\Windows\System32\sechost.dll
0x00007ffeb8130000 - 0x00007ffeb8255000 	C:\Windows\System32\RPCRT4.dll
0x00007ffeb7640000 - 0x00007ffeb7648000 	C:\Windows\System32\PSAPI.DLL
0x00007ffea4870000 - 0x00007ffea4879000 	C:\Windows\SYSTEM32\WSOCK32.dll
0x00007ffeb7e70000 - 0x00007ffeb7edb000 	C:\Windows\System32\WS2_32.dll
0x00007ffea4840000 - 0x00007ffea4867000 	C:\Windows\SYSTEM32\WINMM.dll
0x00007ffeadd30000 - 0x00007ffeadd3a000 	C:\Windows\SYSTEM32\VERSION.dll
0x00007ffeb43f0000 - 0x00007ffeb4402000 	C:\Windows\SYSTEM32\kernel.appcore.dll
0x00007ffea38c0000 - 0x00007ffea38ca000 	C:\Program Files\Java\jdk-18.0.2.1\bin\jimage.dll
0x00007ffeaef30000 - 0x00007ffeaf114000 	C:\Windows\SYSTEM32\DBGHELP.DLL
0x00007ffeaf260000 - 0x00007ffeaf28c000 	C:\Windows\SYSTEM32\dbgcore.DLL
0x00007ffeb6af0000 - 0x00007ffeb6b72000 	C:\Windows\System32\bcryptPrimitives.dll
0x00007ffea3280000 - 0x00007ffea328e000 	C:\Program Files\Java\jdk-18.0.2.1\bin\instrument.dll
0x00007ffea2bd0000 - 0x00007ffea2bf5000 	C:\Program Files\Java\jdk-18.0.2.1\bin\java.dll
0x00007ffe948e0000 - 0x00007ffe949b6000 	C:\Program Files\Java\jdk-18.0.2.1\bin\jsvml.dll
0x00007ffeb7650000 - 0x00007ffeb7d94000 	C:\Windows\System32\SHELL32.dll
0x00007ffeb45f0000 - 0x00007ffeb4d84000 	C:\Windows\SYSTEM32\windows.storage.dll
0x00007ffeb8520000 - 0x00007ffeb8874000 	C:\Windows\System32\combase.dll
0x00007ffeb5dc0000 - 0x00007ffeb5df0000 	C:\Windows\SYSTEM32\Wldp.dll
0x00007ffeb7470000 - 0x00007ffeb751d000 	C:\Windows\System32\SHCORE.dll
0x00007ffeb6f00000 - 0x00007ffeb6f55000 	C:\Windows\System32\shlwapi.dll
0x00007ffeb6450000 - 0x00007ffeb646f000 	C:\Windows\SYSTEM32\profapi.dll
0x00007ffea2760000 - 0x00007ffea2778000 	C:\Program Files\Java\jdk-18.0.2.1\bin\zip.dll
0x00007ffea2bb0000 - 0x00007ffea2bc3000 	C:\Program Files\Java\jdk-18.0.2.1\bin\net.dll
0x00007ffead640000 - 0x00007ffead74a000 	C:\Windows\SYSTEM32\WINHTTP.dll
0x00007ffeb5ba0000 - 0x00007ffeb5c0a000 	C:\Windows\system32\mswsock.dll
0x00007ffea29d0000 - 0x00007ffea29e6000 	C:\Program Files\Java\jdk-18.0.2.1\bin\nio.dll
0x00007ffea26e0000 - 0x00007ffea26fa000 	C:\Program Files\JetBrains\IntelliJ IDEA Community Edition 2022.2.1\bin\breakgen64.dll
0x00007ffea3250000 - 0x00007ffea3260000 	C:\Program Files\Java\jdk-18.0.2.1\bin\verify.dll
0x00007ffeb58b0000 - 0x00007ffeb58eb000 	C:\Windows\SYSTEM32\IPHLPAPI.DLL
0x00007ffeb6e80000 - 0x00007ffeb6e88000 	C:\Windows\System32\NSI.dll
0x00007ffeaf740000 - 0x00007ffeaf757000 	C:\Windows\SYSTEM32\dhcpcsvc6.DLL
0x00007ffeaf720000 - 0x00007ffeaf73d000 	C:\Windows\SYSTEM32\dhcpcsvc.DLL
0x00007ffeb5900000 - 0x00007ffeb59ca000 	C:\Windows\SYSTEM32\DNSAPI.dll
0x00007ffead0c0000 - 0x00007ffead0ca000 	C:\Windows\System32\rasadhlp.dll
0x00007ffead850000 - 0x00007ffead8d0000 	C:\Windows\System32\fwpuclnt.dll
0x00007ffeb6ac0000 - 0x00007ffeb6ae7000 	C:\Windows\System32\bcrypt.dll
0x00007ffea2a00000 - 0x00007ffea2a09000 	C:\Program Files\Java\jdk-18.0.2.1\bin\management.dll
0x00007ffea2750000 - 0x00007ffea275b000 	C:\Program Files\Java\jdk-18.0.2.1\bin\management_ext.dll
0x00007ffea0d00000 - 0x00007ffea0d17000 	C:\Windows\system32\napinsp.dll
0x00007ffea0ce0000 - 0x00007ffea0cfb000 	C:\Windows\system32\pnrpnsp.dll
0x00007ffea0cc0000 - 0x00007ffea0cd5000 	C:\Windows\system32\wshbth.dll
0x00007ffeaf860000 - 0x00007ffeaf87d000 	C:\Windows\system32\NLAapi.dll
0x00007ffea0ca0000 - 0x00007ffea0cb2000 	C:\Windows\System32\winrnr.dll
0x00007ffeb5e00000 - 0x00007ffeb5e18000 	C:\Windows\SYSTEM32\CRYPTSP.dll
0x00007ffeb5540000 - 0x00007ffeb5574000 	C:\Windows\system32\rsaenh.dll
0x00007ffeb6410000 - 0x00007ffeb643e000 	C:\Windows\SYSTEM32\USERENV.dll
0x00007ffeb5d30000 - 0x00007ffeb5d3c000 	C:\Windows\SYSTEM32\CRYPTBASE.dll

dbghelp: loaded successfully - version: 4.0.5 - missing functions: none
symbol engine: initialized successfully - sym options: 0x614 - pdb path: .;C:\Program Files\Java\jdk-18.0.2.1\bin;C:\Windows\SYSTEM32;C:\Windows\WinSxS\amd64_microsoft.windows.common-controls_6595b64144ccf1df_6.0.19041.1110_none_60b5254171f9507e;C:\Program Files\Java\jdk-18.0.2.1\bin\server;C:\Program Files\JetBrains\IntelliJ IDEA Community Edition 2022.2.1\bin

VM Arguments:
jvm_args: -javaagent:C:\Program Files\JetBrains\IntelliJ IDEA Community Edition 2022.2.1\lib\idea_rt.jar=52218:C:\Program Files\JetBrains\IntelliJ IDEA Community Edition 2022.2.1\bin -Dfile.encoding=UTF-8 -Dsun.stdout.encoding=UTF-8 -Dsun.stderr.encoding=UTF-8 
java_command: com.training.Microservice4Application
java_class_path (initial): C:\Users\sfjbs\Downloads\cloud-sleuth-main\cloud-sleuth-main\microservice4\target\classes;C:\Users\sfjbs\.m2\repository\org\springframework\cloud\spring-cloud-starter-sleuth\2.1.2.RELEASE\spring-cloud-starter-sleuth-2.1.2.RELEASE.jar;C:\Users\sfjbs\.m2\repository\org\springframework\cloud\spring-cloud-starter\2.1.2.RELEASE\spring-cloud-starter-2.1.2.RELEASE.jar;C:\Users\sfjbs\.m2\repository\org\springframework\cloud\spring-cloud-context\2.1.2.RELEASE\spring-cloud-context-2.1.2.RELEASE.jar;C:\Users\sfjbs\.m2\repository\org\springframework\security\spring-security-crypto\5.1.6.RELEASE\spring-security-crypto-5.1.6.RELEASE.jar;C:\Users\sfjbs\.m2\repository\org\springframework\cloud\spring-cloud-commons\2.1.2.RELEASE\spring-cloud-commons-2.1.2.RELEASE.jar;C:\Users\sfjbs\.m2\repository\org\springframework\security\spring-security-rsa\1.0.7.RELEASE\spring-security-rsa-1.0.7.RELEASE.jar;C:\Users\sfjbs\.m2\repository\org\bouncycastle\bcpkix-jdk15on\1.60\bcpkix-jdk15on-1.60.jar;C:\Users\sfjbs\.m2\repository\org\bouncycastle\bcprov-jdk15on\1.60\bcprov-jdk15on-1.60.jar;C:\Users\sfjbs\.m2\repository\org\springframework\boot\spring-boot-starter-aop\2.1.7.RELEASE\spring-boot-starter-aop-2.1.7.RELEASE.jar;C:\Users\sfjbs\.m2\repository\org\springframework\spring-aop\5.1.9.RELEASE\spring-aop-5.1.9.RELEASE.jar;C:\Users\sfjbs\.m2\repository\org\aspectj\aspectjweaver\1.9.4\aspectjweaver-1.9.4.jar;C:\Users\sfjbs\.m2\repository\org\springframework\cloud\spring-cloud-sleuth-core\2.1.2.RELEASE\spring-cloud-sleuth-core-2.1.2.RELEASE.jar;C:\Users\sfjbs\.m2\repository\org\springframework\spring-context\5.1.9.RELEASE\spring-context-5.1.9.RELEASE.jar;C:\Users\sfjbs\.m2\repository\org\aspectj\aspectjrt\1.9.4\aspectjrt-1.9.4.jar;C:\Users\sfjbs\.m2\repository\io\zipkin\brave\brave\5.6.5\brave-5.6.5.jar;C:\Users\sfjbs\.m2\repository\io\zipkin\brave\brave-context-log4j2\5.6.5\brave-context-log4j2-5.6.5.jar;C:\Users\sfjbs\.m2\repository\io\zipkin\brave\brave-instrumentation-spring-web\5.6.5\brave-instrumentation-spring-web-5.6.5.jar;C:\Users\sfjbs\.m2\repository\io\zipkin\brave\brave-instrumentation-http\5.6.5\brave-instrumentation-http-5.6.5.jar;C:\Users\sfjbs\.m2\repository\io\zipkin\brave\brave-instrumentation-spring-rabbit\5.6.5\brave-instrumentation-spring-rabbit-5.6.5.jar;C:\Users\sfjbs\.m2\repository\io\zipkin\brave\brave-instrumentation-kafka-clients\5.6.5\brave-instrumentation-kafka-clients-5.6.5.jar;C:\Users\sfjbs\.m2\repository\io\zipkin\brave\brave-instrumentation-httpclient\5.6.5\brave-instrumentation-httpclient-5.6.5.jar;C:\Users\sfjbs\.m2\repository\io\zipkin\brave\brave-instrumentation-httpasyncclient\5.6.5\brave-instrumentation-httpasyncclient-5.6.5.jar;C:\Users\sfjbs\.m2\repository\io\zipkin\brave\brave-instrumentation-spring-webmvc\5.6.5\brave-instrumentation-spring-webmvc-5.6.5.jar;C:\Users\sfjbs\.m2\repository\io\zipkin\brave\brave-instrumentation-servlet\5.6.5\brave-instrumentation-servlet-5.6.5.jar;C:\Users\sfjbs\.m2\repository\io\zipkin\brave\brave-instrumentation-jms\5.6.5\brave-instrumentation-jms-5.6.5.jar;C:\Users\sfjbs\.m2\repository\org\springframework\boot\spring-boot-starter-web\2.1.7.RELEASE\spring-boot-starter-web-2.1.7.RELEASE.jar;C:\Users\sfjbs\.m2\repository\org\springframework\boot\spring-boot-starter\2.1.7.RELEASE\spring-boot-starter-2.1.7.RELEASE.jar;C:\Users\sfjbs\.m2\repository\org\springframework\boot\spring-boot\2.1.7.RELEASE\spring-boot-2.1.7.RELEASE.jar;C:\Users\sfjbs\.m2\repository\org\springframework\boot\spring-boot-autoconfigure\2.1.7.RELEASE\spring-boot-autoconfigure-2.1.7.RELEASE.jar;C:\Users\sfjbs\.m2\repository\org\springframework\boot\spring-boot-starter-logging\2.1.7.RELEASE\spring-boot-starter-logging-2.1.7.RELEASE.jar;C:\Users\sfjbs\.m2\repository\ch\qos\logback\logback-classic\1.2.3\logback-classic-1.2.3.jar;C:\Users\sfjbs\.m2\repository\ch\qos\logback\logback-core\1.2.3\logback-core-1.2.3.jar;C:\Users\sfjbs\.m2\repository\org\apache\logging\log4j\log4j-to-slf4j\2.11.2\log4j-to-slf4j-2.11.2.jar;C:\Users\sfjbs\.m2\repository\javax\annotation\javax.annotation-api\1.3.2\javax.annotation-api-1.3.2.jar;C:\Users\sfjbs\.m2\repository\org\springframework\spring-core\5.1.9.RELEASE\spring-core-5.1.9.RELEASE.jar;C:\Users\sfjbs\.m2\repository\org\springframework\spring-jcl\5.1.9.RELEASE\spring-jcl-5.1.9.RELEASE.jar;C:\Users\sfjbs\.m2\repository\org\yaml\snakeyaml\1.23\snakeyaml-1.23.jar;C:\Users\sfjbs\.m2\repository\org\springframework\boot\spring-boot-starter-json\2.1.7.RELEASE\spring-boot-starter-json-2.1.7.RELEASE.jar;C:\Users\sfjbs\.m2\repository\com\fasterxml\jackson\core\jackson-databind\2.9.9\jackson-databind-2.9.9.jar;C:\Users\sfjbs\.m2\repository\com\fasterxml\jackson\core\jackson-annotations\2.9.0\jackson-annotations-2.9.0.jar;C:\Users\sfjbs\.m2\repository\com\fasterxml\jackson\core\jackson-core\2.9.9\jackson-core-2.9.9.jar;C:\Users\sfjbs\.m2\repository\com\fasterxml\jackson\datatype\jackson-datatype-jdk8\2.9.9\jackson-datatype-jdk8-2.9.9.jar;C:\Users\sfjbs\.m2\repository\com\fasterxml\jackson\datatype\jackson-datatype-jsr310\2.9.9\jackson-datatype-jsr310-2.9.9.jar;C:\Users\sfjbs\.m2\repository\com\fasterxml\jackson\module\jackson-module-parameter-names\2.9.9\jackson-module-parameter-names-2.9.9.jar;C:\Users\sfjbs\.m2\repository\org\springframework\boot\spring-boot-starter-tomcat\2.1.7.RELEASE\spring-boot-starter-tomcat-2.1.7.RELEASE.jar;C:\Users\sfjbs\.m2\repository\org\apache\tomcat\embed\tomcat-embed-core\9.0.22\tomcat-embed-core-9.0.22.jar;C:\Users\sfjbs\.m2\repository\org\apache\tomcat\embed\tomcat-embed-el\9.0.22\tomcat-embed-el-9.0.22.jar;C:\Users\sfjbs\.m2\repository\org\apache\tomcat\embed\tomcat-embed-websocket\9.0.22\tomcat-embed-websocket-9.0.22.jar;C:\Users\sfjbs\.m2\repository\org\hibernate\validator\hibernate-validator\6.0.17.Final\hibernate-validator-6.0.17.Final.jar;C:\Users\sfjbs\.m2\repository\javax\validation\validation-api\2.0.1.Final\validation-api-2.0.1.Final.jar;C:\Users\sfjbs\.m2\repository\org\jboss\logging\jboss-logging\3.3.2.Final\jboss-logging-3.3.2.Final.jar;C:\Users\sfjbs\.m2\repository\com\fasterxml\classmate\1.4.0\classmate-1.4.0.jar;C:\Users\sfjbs\.m2\repository\org\springframework\spring-web\5.1.9.RELEASE\spring-web-5.1.9.RELEASE.jar;C:\Users\sfjbs\.m2\repository\org\springframework\spring-beans\5.1.9.RELEASE\spring-beans-5.1.9.RELEASE.jar;C:\Users\sfjbs\.m2\repository\org\springframework\spring-webmvc\5.1.9.RELEASE\spring-webmvc-5.1.9.RELEASE.jar;C:\Users\sfjbs\.m2\repository\org\springframework\spring-expression\5.1.9.RELEASE\spring-expression-5.1.9.RELEASE.jar;C:\Users\sfjbs\.m2\repository\org\springframework\boot\spring-boot-starter-log4j2\2.1.7.RELEASE\spring-boot-starter-log4j2-2.1.7.RELEASE.jar;C:\Users\sfjbs\.m2\repository\org\apache\logging\log4j\log4j-slf4j-impl\2.11.2\log4j-slf4j-impl-2.11.2.jar;C:\Users\sfjbs\.m2\repository\org\slf4j\slf4j-api\1.7.26\slf4j-api-1.7.26.jar;C:\Users\sfjbs\.m2\repository\org\apache\logging\log4j\log4j-api\2.11.2\log4j-api-2.11.2.jar;C:\Users\sfjbs\.m2\repository\org\apache\logging\log4j\log4j-core\2.11.2\log4j-core-2.11.2.jar;C:\Users\sfjbs\.m2\repository\org\apache\logging\log4j\log4j-jul\2.11.2\log4j-jul-2.11.2.jar;C:\Users\sfjbs\.m2\repository\org\slf4j\jul-to-slf4j\1.7.26\jul-to-slf4j-1.7.26.jar;C:\Users\sfjbs\.m2\repository\org\springframework\cloud\spring-cloud-starter-zipkin\2.1.2.RELEASE\spring-cloud-starter-zipkin-2.1.2.RELEASE.jar;C:\Users\sfjbs\.m2\repository\org\springframework\cloud\spring-cloud-sleuth-zipkin\2.1.2.RELEASE\spring-cloud-sleuth-zipkin-2.1.2.RELEASE.jar;C:\Users\sfjbs\.m2\repository\io\zipkin\zipkin2\zipkin\2.14.2\zipkin-2.14.2.jar;C:\Users\sfjbs\.m2\repository\io\zipkin\reporter2\zipkin-reporter\2.8.4\zipkin-reporter-2.8.4.jar;C:\Users\sfjbs\.m2\repository\io\zipkin\reporter2\zipkin-sender-kafka\2.8.4\zipkin-sender-kafka-2.8.4.jar;C:\Users\sfjbs\.m2\repository\io\zipkin\reporter2\zipkin-sender-amqp-client\2.8.4\zipkin-sender-amqp-client-2.8.4.jar
Launcher Type: SUN_STANDARD

[Global flags]
     intx CICompilerCount                          = 2                                         {product} {ergonomic}
     uint ConcGCThreads                            = 1                                         {product} {ergonomic}
     uint G1ConcRefinementThreads                  = 2                                         {product} {ergonomic}
   size_t G1HeapRegionSize                         = 1048576                                   {product} {ergonomic}
    uintx GCDrainStackTargetSize                   = 64                                        {product} {ergonomic}
   size_t InitialHeapSize                          = 134217728                                 {product} {ergonomic}
   size_t MarkStackSize                            = 4194304                                   {product} {ergonomic}
   size_t MaxHeapSize                              = 2147483648                                {product} {ergonomic}
   size_t MaxNewSize                               = 1287651328                                {product} {ergonomic}
   size_t MinHeapDeltaBytes                        = 1048576                                   {product} {ergonomic}
   size_t MinHeapSize                              = 8388608                                   {product} {ergonomic}
    uintx NonNMethodCodeHeapSize                   = 5826188                                {pd product} {ergonomic}
    uintx NonProfiledCodeHeapSize                  = 122916026                              {pd product} {ergonomic}
    uintx ProfiledCodeHeapSize                     = 122916026                              {pd product} {ergonomic}
    uintx ReservedCodeCacheSize                    = 251658240                              {pd product} {ergonomic}
     bool SegmentedCodeCache                       = true                                      {product} {ergonomic}
   size_t SoftMaxHeapSize                          = 2147483648                             {manageable} {ergonomic}
     bool UseCompressedClassPointers               = true                           {product lp64_product} {ergonomic}
     bool UseCompressedOops                        = true                           {product lp64_product} {ergonomic}
     bool UseG1GC                                  = true                                      {product} {ergonomic}
     bool UseLargePagesIndividualAllocation        = false                                  {pd product} {ergonomic}

Logging:
Log output configuration:
 #0: stdout all=warning uptime,level,tags foldmultilines=false
 #1: stderr all=off uptime,level,tags foldmultilines=false

Environment Variables:
PATH=C:\Program Files\Common Files\Oracle\Java\javapath;C:\Windows\system32;C:\Windows;C:\Windows\System32\Wbem;C:\Windows\System32\WindowsPowerShell\v1.0\;C:\Windows\System32\OpenSSH\;C:\Program Files\PuTTY\;C:\Program Files\Git\cmd;C:\Program Files\Docker\Docker\resources\bin;C:\ProgramData\DockerDesktop\version-bin;C:\Users\sfjbs\Downloads\apache-maven-3.8.6-bin\apache-maven-3.8.6\bin;C:\Users\sfjbs\Downloads\apache-maven-3.8.6-bin\apache-maven-3.8.6\lib;C:\Users\sfjbs\AppData\Local\Microsoft\WindowsApps;C:\Program Files\JetBrains\IntelliJ IDEA Community Edition 2022.2.1\bin;;C:\Users\sfjbs\Downloads\apache-maven-3.8.6-bin\apache-maven-3.8.6\bin;C:\Users\sfjbs\Downloads\apache-maven-3.8.6-bin\apache-maven-3.8.6\lib;
USERNAME=sfjbs
OS=Windows_NT
PROCESSOR_IDENTIFIER=Intel64 Family 6 Model 85 Stepping 7, GenuineIntel



---------------  S Y S T E M  ---------------

OS:
 Windows 10 , 64 bit Build 19041 (10.0.19041.1889)
OS uptime: 17 days 10:36 hours
Hyper-V role detected

CPU: total 2 (initial active 2) (1 cores per cpu, 2 threads per core) family 6 model 85 stepping 7 microcode 0xffffffff, cx8, cmov, fxsr, ht, mmx, 3dnowpref, sse, sse2, sse3, ssse3, sse4.1, sse4.2, popcnt, lzcnt, tsc, avx, avx2, aes, erms, clmul, bmi1, bmi2, rtm, adx, avx512f, avx512dq, avx512cd, avx512bw, avx512vl, fma, vzeroupper, clflush, clflushopt, hv

Memory: 4k page, system-wide physical 8190M (696M free)
TotalPageFile size 10238M (AvailPageFile size 5M)
current process WorkingSet (physical memory assigned to process): 153M, peak: 155M
current process commit charge ("private bytes"): 182M, peak: 256M

vm_info: OpenJDK 64-Bit Server VM (18.0.2.1+1-1) for windows-amd64 JRE (18.0.2.1+1-1), built on Aug 16 2022 01:44:29 by "mach5one" with MS VC++ 16.8 / 16.9 (VS2019)

END.
