#
# There is insufficient memory for the Java Runtime Environment to continue.
# Native memory allocation (mmap) failed to map 65536 bytes for Failed to commit metaspace.
# Possible reasons:
#   The system is out of physical RAM or swap space
#   The process is running with CompressedOops enabled, and the Java Heap may be blocking the growth of the native heap
# Possible solutions:
#   Reduce memory load on the system
#   Increase physical memory or swap space
#   Check if swap backing store is full
#   Decrease Java heap size (-Xmx/-Xms)
#   Decrease number of Java threads
#   Decrease Java thread stack sizes (-Xss)
#   Set larger code cache with -XX:ReservedCodeCacheSize=
#   JVM is running with Unscaled Compressed Oops mode in which the Java heap is
#     placed in the first 4GB address space. The Java Heap base address is the
#     maximum limit for the native heap growth. Please use -XX:HeapBaseMinAddress
#     to set the Java Heap base and to place the Java Heap above 4GB virtual address.
# This output file may be truncated or incomplete.
#
#  Out of Memory Error (virtualSpaceNode.cpp:110), pid=149960, tid=229236
#
# JRE version: OpenJDK Runtime Environment (18.0.2.1+1) (build 18.0.2.1+1-1)
# Java VM: OpenJDK 64-Bit Server VM (18.0.2.1+1-1, mixed mode, sharing, tiered, compressed oops, compressed class ptrs, g1 gc, windows-amd64)
# No core dump will be written. Minidumps are not enabled by default on client versions of Windows
#

---------------  S U M M A R Y ------------

Command Line: -javaagent:C:\Program Files\JetBrains\IntelliJ IDEA Community Edition 2022.2.1\lib\idea_rt.jar=52945:C:\Program Files\JetBrains\IntelliJ IDEA Community Edition 2022.2.1\bin -Dfile.encoding=UTF-8 -Dsun.stdout.encoding=UTF-8 -Dsun.stderr.encoding=UTF-8 com.training.Microservice2Application

Host: Intel(R) Xeon(R) Platinum 8272CL CPU @ 2.60GHz, 2 cores, 7G,  Windows 10 , 64 bit Build 19041 (10.0.19041.1889)
Time: Thu Sep  8 04:49:27 2022 Coordinated Universal Time elapsed time: 1.752684 seconds (0d 0h 0m 1s)

---------------  T H R E A D  ---------------

Current thread (0x000001f8278d0e90):  JavaThread "background-preinit" [_thread_in_vm, id=229236, stack(0x0000003fa2e00000,0x0000003fa2f00000)]

Stack: [0x0000003fa2e00000,0x0000003fa2f00000]
Native frames: (J=compiled Java code, j=interpreted, Vv=VM code, C=native code)
V  [jvm.dll+0x6993aa]
V  [jvm.dll+0x7f46dd]
V  [jvm.dll+0x7f5fee]
V  [jvm.dll+0x7f66a3]
V  [jvm.dll+0x25cf1f]
V  [jvm.dll+0x7f03eb]
V  [jvm.dll+0x63f526]
V  [jvm.dll+0x1d75ce]
V  [jvm.dll+0x641ecb]
V  [jvm.dll+0x641cce]
V  [jvm.dll+0x63feee]
V  [jvm.dll+0x252a66]
V  [jvm.dll+0x20333d]
V  [jvm.dll+0x1f8d61]
V  [jvm.dll+0x55dc05]
V  [jvm.dll+0x76eabd]
V  [jvm.dll+0x76ea1a]
V  [jvm.dll+0x42de11]
V  [jvm.dll+0x440a23]
C  [java.dll+0x1657]

Java frames: (J=compiled Java code, j=interpreted, Vv=VM code)
j  java.lang.ClassLoader.defineClass0(Ljava/lang/ClassLoader;Ljava/lang/Class;Ljava/lang/String;[BIILjava/security/ProtectionDomain;ZILjava/lang/Object;)Ljava/lang/Class;+0 java.base@18.0.2.1
j  java.lang.System$2.defineClass(Ljava/lang/ClassLoader;Ljava/lang/Class;Ljava/lang/String;[BLjava/security/ProtectionDomain;ZILjava/lang/Object;)Ljava/lang/Class;+17 java.base@18.0.2.1
j  java.lang.invoke.MethodHandles$Lookup$ClassDefiner.defineClass(ZLjava/lang/Object;)Ljava/lang/Class;+54 java.base@18.0.2.1
j  java.lang.invoke.InvokerBytecodeGenerator.loadMethod([B)Ljava/lang/invoke/MemberName;+19 java.base@18.0.2.1
j  java.lang.invoke.InvokerBytecodeGenerator.generateCustomizedCode(Ljava/lang/invoke/LambdaForm;Ljava/lang/invoke/MethodType;)Ljava/lang/invoke/MemberName;+30 java.base@18.0.2.1
j  java.lang.invoke.LambdaForm.compileToBytecode()V+69 java.base@18.0.2.1
j  java.lang.invoke.DirectMethodHandle.makePreparedLambdaForm(Ljava/lang/invoke/MethodType;I)Ljava/lang/invoke/LambdaForm;+792 java.base@18.0.2.1
J 1177 c1 java.lang.invoke.DirectMethodHandle.preparedLambdaForm(Ljava/lang/invoke/MemberName;Z)Ljava/lang/invoke/LambdaForm; java.base@18.0.2.1 (244 bytes) @ 0x000001f80dcf078c [0x000001f80dcefd80+0x0000000000000a0c]
J 1181 c1 java.lang.invoke.DirectMethodHandle.preparedLambdaForm(Ljava/lang/invoke/MemberName;)Ljava/lang/invoke/LambdaForm; java.base@18.0.2.1 (6 bytes) @ 0x000001f80dcf5ff4 [0x000001f80dcf5fa0+0x0000000000000054]
j  java.lang.invoke.DirectMethodHandle.make(BLjava/lang/Class;Ljava/lang/invoke/MemberName;Ljava/lang/Class;)Ljava/lang/invoke/DirectMethodHandle;+163 java.base@18.0.2.1
j  java.lang.invoke.MethodHandles$Lookup.getDirectMethodCommon(BLjava/lang/Class;Ljava/lang/invoke/MemberName;ZZLjava/lang/invoke/MethodHandles$Lookup;)Ljava/lang/invoke/MethodHandle;+210 java.base@18.0.2.1
j  java.lang.invoke.MethodHandles$Lookup.getDirectMethodNoSecurityManager(BLjava/lang/Class;Ljava/lang/invoke/MemberName;Ljava/lang/invoke/MethodHandles$Lookup;)Ljava/lang/invoke/MethodHandle;+14 java.base@18.0.2.1
j  java.lang.invoke.MethodHandles$Lookup.getDirectMethodForConstant(BLjava/lang/Class;Ljava/lang/invoke/MemberName;)Ljava/lang/invoke/MethodHandle;+31 java.base@18.0.2.1
j  java.lang.invoke.MethodHandles$Lookup.linkMethodHandleConstant(BLjava/lang/Class;Ljava/lang/String;Ljava/lang/Object;)Ljava/lang/invoke/MethodHandle;+153 java.base@18.0.2.1
j  java.lang.invoke.MethodHandleNatives.linkMethodHandleConstant(Ljava/lang/Class;ILjava/lang/Class;Ljava/lang/String;Ljava/lang/Object;)Ljava/lang/invoke/MethodHandle;+38 java.base@18.0.2.1
v  ~StubRoutines::call_stub
j  org.springframework.http.converter.xml.SourceHttpMessageConverter.<clinit>()V+8
v  ~StubRoutines::call_stub
j  org.springframework.http.converter.support.AllEncompassingFormHttpMessageConverter.<init>()V+5
j  org.springframework.boot.autoconfigure.BackgroundPreinitializer$MessageConverterInitializer.run()V+4
j  org.springframework.boot.autoconfigure.BackgroundPreinitializer$1.runSafely(Ljava/lang/Runnable;)V+1
j  org.springframework.boot.autoconfigure.BackgroundPreinitializer$1.run()V+33
j  java.lang.Thread.run()V+11 java.base@18.0.2.1
v  ~StubRoutines::call_stub

---------------  P R O C E S S  ---------------

Threads class SMR info:
_java_thread_list=0x000001f828019570, length=14, elements={
0x000001f805bf97c0, 0x000001f82307dd20, 0x000001f82307e6c0, 0x000001f82309ae60,
0x000001f82309d810, 0x000001f82309e1b0, 0x000001f82309eb50, 0x000001f82309f820,
0x000001f8230a0200, 0x000001f8230fe3f0, 0x000001f827450ec0, 0x000001f82776a080,
0x000001f827565420, 0x000001f8278d0e90
}

Java Threads: ( => current thread )
  0x000001f805bf97c0 JavaThread "main" [_thread_in_vm, id=14884, stack(0x0000003fa1800000,0x0000003fa1900000)]
  0x000001f82307dd20 JavaThread "Reference Handler" daemon [_thread_blocked, id=6904, stack(0x0000003fa2000000,0x0000003fa2100000)]
  0x000001f82307e6c0 JavaThread "Finalizer" daemon [_thread_blocked, id=9912, stack(0x0000003fa2100000,0x0000003fa2200000)]
  0x000001f82309ae60 JavaThread "Signal Dispatcher" daemon [_thread_blocked, id=1648, stack(0x0000003fa2200000,0x0000003fa2300000)]
  0x000001f82309d810 JavaThread "Attach Listener" daemon [_thread_blocked, id=10456, stack(0x0000003fa2300000,0x0000003fa2400000)]
  0x000001f82309e1b0 JavaThread "Service Thread" daemon [_thread_blocked, id=24464, stack(0x0000003fa2400000,0x0000003fa2500000)]
  0x000001f82309eb50 JavaThread "Monitor Deflation Thread" daemon [_thread_blocked, id=221928, stack(0x0000003fa2500000,0x0000003fa2600000)]
  0x000001f82309f820 JavaThread "C2 CompilerThread0" daemon [_thread_blocked, id=124688, stack(0x0000003fa2600000,0x0000003fa2700000)]
  0x000001f8230a0200 JavaThread "C1 CompilerThread0" daemon [_thread_blocked, id=228944, stack(0x0000003fa2700000,0x0000003fa2800000)]
  0x000001f8230fe3f0 JavaThread "Sweeper thread" daemon [_thread_blocked, id=131128, stack(0x0000003fa2800000,0x0000003fa2900000)]
  0x000001f827450ec0 JavaThread "Common-Cleaner" daemon [_thread_blocked, id=94128, stack(0x0000003fa2900000,0x0000003fa2a00000)]
  0x000001f82776a080 JavaThread "Monitor Ctrl-Break" daemon [_thread_in_native, id=223772, stack(0x0000003fa2a00000,0x0000003fa2b00000)]
  0x000001f827565420 JavaThread "Notification Thread" daemon [_thread_blocked, id=163960, stack(0x0000003fa2b00000,0x0000003fa2c00000)]
=>0x000001f8278d0e90 JavaThread "background-preinit" [_thread_in_vm, id=229236, stack(0x0000003fa2e00000,0x0000003fa2f00000)]

Other Threads:
  0x000001f82307a7b0 VMThread "VM Thread" [stack: 0x0000003fa1f00000,0x0000003fa2000000] [id=164556]
  0x000001f82770a890 WatcherThread "VM Periodic Task Thread" [stack: 0x0000003fa2c00000,0x0000003fa2d00000] [id=230124]
  0x000001f805c5a890 WorkerThread "GC Thread#0" [stack: 0x0000003fa1a00000,0x0000003fa1b00000] [id=231320]
  0x000001f82309aa40 WorkerThread "GC Thread#1" [stack: 0x0000003fa2d00000,0x0000003fa2e00000] [id=21736]
  0x000001f805c6cbd0 ConcurrentGCThread "G1 Main Marker" [stack: 0x0000003fa1b00000,0x0000003fa1c00000] [id=209964]
  0x000001f805c6d5c0 WorkerThread "G1 Conc#0" [stack: 0x0000003fa1c00000,0x0000003fa1d00000] [id=13132]
  0x000001f805ca2b00 ConcurrentGCThread "G1 Refine#0" [stack: 0x0000003fa1d00000,0x0000003fa1e00000] [id=72004]
  0x000001f805ca3410 ConcurrentGCThread "G1 Service" [stack: 0x0000003fa1e00000,0x0000003fa1f00000] [id=17988]

Threads with active compile tasks:

VM state: not at safepoint (normal execution)

VM Mutex/Monitor currently owned by a thread:  ([mutex/lock_event])
[0x000001f805bf3f00] Metaspace_lock - owner thread: 0x000001f8278d0e90

Heap address: 0x0000000080000000, size: 2048 MB, Compressed Oops mode: 32-bit

CDS archive(s) mapped at: [0x0000000800000000-0x0000000800ba0000-0x0000000800ba0000), size 12189696, SharedBaseAddress: 0x0000000800000000, ArchiveRelocationMode: 0.
Compressed class space mapped at: 0x0000000800c00000-0x0000000840c00000, reserved size: 1073741824
Narrow klass base: 0x0000000800000000, Narrow klass shift: 0, Narrow klass range: 0x100000000

GC Precious Log:
 CardTable entry size: 512
 Card Set container configuration: InlinePtr #cards 5 size 8 Array Of Cards #cards 12 size 40 Howl #buckets 4 coarsen threshold 1843 Howl Bitmap #cards 512 size 80 coarsen threshold 460 Card regions per heap region 1 cards per card region 2048
 CPUs: 2 total, 2 available
 Memory: 8190M
 Large Page Support: Disabled
 NUMA Support: Disabled
 Compressed Oops: Enabled (32-bit)
 Heap Region Size: 1M
 Heap Min Capacity: 8M
 Heap Initial Capacity: 128M
 Heap Max Capacity: 2G
 Pre-touch: Disabled
 Parallel Workers: 2
 Concurrent Workers: 1
 Concurrent Refinement Workers: 2
 Periodic GC: Disabled

Heap:
 garbage-first heap   total 131072K, used 19728K [0x0000000080000000, 0x0000000100000000)
  region size 1024K, 17 young (17408K), 2 survivors (2048K)
 Metaspace       used 9870K, committed 10048K, reserved 1114112K
  class space    used 1258K, committed 1344K, reserved 1048576K

Heap Regions: E=young(eden), S=young(survivor), O=old, HS=humongous(starts), HC=humongous(continues), CS=collection set, F=free, OA=open archive, CA=closed archive, TAMS=top-at-mark-start (previous, next)
|   0|0x0000000080000000, 0x0000000080100000, 0x0000000080100000|100%| O|  |TAMS 0x0000000080000000, 0x0000000080000000| Untracked 
|   1|0x0000000080100000, 0x0000000080200000, 0x0000000080200000|100%| O|  |TAMS 0x0000000080100000, 0x0000000080100000| Untracked 
|   2|0x0000000080200000, 0x0000000080300000, 0x0000000080300000|100%| O|  |TAMS 0x0000000080200000, 0x0000000080200000| Untracked 
|   3|0x0000000080300000, 0x000000008036e400, 0x0000000080400000| 43%| O|  |TAMS 0x0000000080300000, 0x0000000080300000| Untracked 
|   4|0x0000000080400000, 0x0000000080400000, 0x0000000080500000|  0%| F|  |TAMS 0x0000000080400000, 0x0000000080400000| Untracked 
|   5|0x0000000080500000, 0x0000000080500000, 0x0000000080600000|  0%| F|  |TAMS 0x0000000080500000, 0x0000000080500000| Untracked 
|   6|0x0000000080600000, 0x0000000080600000, 0x0000000080700000|  0%| F|  |TAMS 0x0000000080600000, 0x0000000080600000| Untracked 
|   7|0x0000000080700000, 0x0000000080700000, 0x0000000080800000|  0%| F|  |TAMS 0x0000000080700000, 0x0000000080700000| Untracked 
|   8|0x0000000080800000, 0x0000000080800000, 0x0000000080900000|  0%| F|  |TAMS 0x0000000080800000, 0x0000000080800000| Untracked 
|   9|0x0000000080900000, 0x0000000080900000, 0x0000000080a00000|  0%| F|  |TAMS 0x0000000080900000, 0x0000000080900000| Untracked 
|  10|0x0000000080a00000, 0x0000000080a00000, 0x0000000080b00000|  0%| F|  |TAMS 0x0000000080a00000, 0x0000000080a00000| Untracked 
|  11|0x0000000080b00000, 0x0000000080b00000, 0x0000000080c00000|  0%| F|  |TAMS 0x0000000080b00000, 0x0000000080b00000| Untracked 
|  12|0x0000000080c00000, 0x0000000080c00000, 0x0000000080d00000|  0%| F|  |TAMS 0x0000000080c00000, 0x0000000080c00000| Untracked 
|  13|0x0000000080d00000, 0x0000000080d00000, 0x0000000080e00000|  0%| F|  |TAMS 0x0000000080d00000, 0x0000000080d00000| Untracked 
|  14|0x0000000080e00000, 0x0000000080e00000, 0x0000000080f00000|  0%| F|  |TAMS 0x0000000080e00000, 0x0000000080e00000| Untracked 
|  15|0x0000000080f00000, 0x0000000080f00000, 0x0000000081000000|  0%| F|  |TAMS 0x0000000080f00000, 0x0000000080f00000| Untracked 
|  16|0x0000000081000000, 0x0000000081000000, 0x0000000081100000|  0%| F|  |TAMS 0x0000000081000000, 0x0000000081000000| Untracked 
|  17|0x0000000081100000, 0x0000000081100000, 0x0000000081200000|  0%| F|  |TAMS 0x0000000081100000, 0x0000000081100000| Untracked 
|  18|0x0000000081200000, 0x0000000081200000, 0x0000000081300000|  0%| F|  |TAMS 0x0000000081200000, 0x0000000081200000| Untracked 
|  19|0x0000000081300000, 0x0000000081300000, 0x0000000081400000|  0%| F|  |TAMS 0x0000000081300000, 0x0000000081300000| Untracked 
|  20|0x0000000081400000, 0x0000000081400000, 0x0000000081500000|  0%| F|  |TAMS 0x0000000081400000, 0x0000000081400000| Untracked 
|  21|0x0000000081500000, 0x0000000081500000, 0x0000000081600000|  0%| F|  |TAMS 0x0000000081500000, 0x0000000081500000| Untracked 
|  22|0x0000000081600000, 0x0000000081600000, 0x0000000081700000|  0%| F|  |TAMS 0x0000000081600000, 0x0000000081600000| Untracked 
|  23|0x0000000081700000, 0x0000000081700000, 0x0000000081800000|  0%| F|  |TAMS 0x0000000081700000, 0x0000000081700000| Untracked 
|  24|0x0000000081800000, 0x0000000081800000, 0x0000000081900000|  0%| F|  |TAMS 0x0000000081800000, 0x0000000081800000| Untracked 
|  25|0x0000000081900000, 0x0000000081900000, 0x0000000081a00000|  0%| F|  |TAMS 0x0000000081900000, 0x0000000081900000| Untracked 
|  26|0x0000000081a00000, 0x0000000081a00000, 0x0000000081b00000|  0%| F|  |TAMS 0x0000000081a00000, 0x0000000081a00000| Untracked 
|  27|0x0000000081b00000, 0x0000000081b00000, 0x0000000081c00000|  0%| F|  |TAMS 0x0000000081b00000, 0x0000000081b00000| Untracked 
|  28|0x0000000081c00000, 0x0000000081c00000, 0x0000000081d00000|  0%| F|  |TAMS 0x0000000081c00000, 0x0000000081c00000| Untracked 
|  29|0x0000000081d00000, 0x0000000081d00000, 0x0000000081e00000|  0%| F|  |TAMS 0x0000000081d00000, 0x0000000081d00000| Untracked 
|  30|0x0000000081e00000, 0x0000000081e00000, 0x0000000081f00000|  0%| F|  |TAMS 0x0000000081e00000, 0x0000000081e00000| Untracked 
|  31|0x0000000081f00000, 0x0000000081f00000, 0x0000000082000000|  0%| F|  |TAMS 0x0000000081f00000, 0x0000000081f00000| Untracked 
|  32|0x0000000082000000, 0x0000000082000000, 0x0000000082100000|  0%| F|  |TAMS 0x0000000082000000, 0x0000000082000000| Untracked 
|  33|0x0000000082100000, 0x0000000082100000, 0x0000000082200000|  0%| F|  |TAMS 0x0000000082100000, 0x0000000082100000| Untracked 
|  34|0x0000000082200000, 0x0000000082200000, 0x0000000082300000|  0%| F|  |TAMS 0x0000000082200000, 0x0000000082200000| Untracked 
|  35|0x0000000082300000, 0x0000000082300000, 0x0000000082400000|  0%| F|  |TAMS 0x0000000082300000, 0x0000000082300000| Untracked 
|  36|0x0000000082400000, 0x0000000082400000, 0x0000000082500000|  0%| F|  |TAMS 0x0000000082400000, 0x0000000082400000| Untracked 
|  37|0x0000000082500000, 0x0000000082500000, 0x0000000082600000|  0%| F|  |TAMS 0x0000000082500000, 0x0000000082500000| Untracked 
|  38|0x0000000082600000, 0x0000000082600000, 0x0000000082700000|  0%| F|  |TAMS 0x0000000082600000, 0x0000000082600000| Untracked 
|  39|0x0000000082700000, 0x0000000082700000, 0x0000000082800000|  0%| F|  |TAMS 0x0000000082700000, 0x0000000082700000| Untracked 
|  40|0x0000000082800000, 0x0000000082800000, 0x0000000082900000|  0%| F|  |TAMS 0x0000000082800000, 0x0000000082800000| Untracked 
|  41|0x0000000082900000, 0x0000000082900000, 0x0000000082a00000|  0%| F|  |TAMS 0x0000000082900000, 0x0000000082900000| Untracked 
|  42|0x0000000082a00000, 0x0000000082a00000, 0x0000000082b00000|  0%| F|  |TAMS 0x0000000082a00000, 0x0000000082a00000| Untracked 
|  43|0x0000000082b00000, 0x0000000082b00000, 0x0000000082c00000|  0%| F|  |TAMS 0x0000000082b00000, 0x0000000082b00000| Untracked 
|  44|0x0000000082c00000, 0x0000000082c00000, 0x0000000082d00000|  0%| F|  |TAMS 0x0000000082c00000, 0x0000000082c00000| Untracked 
|  45|0x0000000082d00000, 0x0000000082d00000, 0x0000000082e00000|  0%| F|  |TAMS 0x0000000082d00000, 0x0000000082d00000| Untracked 
|  46|0x0000000082e00000, 0x0000000082e00000, 0x0000000082f00000|  0%| F|  |TAMS 0x0000000082e00000, 0x0000000082e00000| Untracked 
|  47|0x0000000082f00000, 0x0000000082f00000, 0x0000000083000000|  0%| F|  |TAMS 0x0000000082f00000, 0x0000000082f00000| Untracked 
|  48|0x0000000083000000, 0x0000000083000000, 0x0000000083100000|  0%| F|  |TAMS 0x0000000083000000, 0x0000000083000000| Untracked 
|  49|0x0000000083100000, 0x0000000083100000, 0x0000000083200000|  0%| F|  |TAMS 0x0000000083100000, 0x0000000083100000| Untracked 
|  50|0x0000000083200000, 0x0000000083200000, 0x0000000083300000|  0%| F|  |TAMS 0x0000000083200000, 0x0000000083200000| Untracked 
|  51|0x0000000083300000, 0x0000000083300000, 0x0000000083400000|  0%| F|  |TAMS 0x0000000083300000, 0x0000000083300000| Untracked 
|  52|0x0000000083400000, 0x0000000083400000, 0x0000000083500000|  0%| F|  |TAMS 0x0000000083400000, 0x0000000083400000| Untracked 
|  53|0x0000000083500000, 0x0000000083500000, 0x0000000083600000|  0%| F|  |TAMS 0x0000000083500000, 0x0000000083500000| Untracked 
|  54|0x0000000083600000, 0x0000000083600000, 0x0000000083700000|  0%| F|  |TAMS 0x0000000083600000, 0x0000000083600000| Untracked 
|  55|0x0000000083700000, 0x0000000083700000, 0x0000000083800000|  0%| F|  |TAMS 0x0000000083700000, 0x0000000083700000| Untracked 
|  56|0x0000000083800000, 0x0000000083800000, 0x0000000083900000|  0%| F|  |TAMS 0x0000000083800000, 0x0000000083800000| Untracked 
|  57|0x0000000083900000, 0x0000000083900000, 0x0000000083a00000|  0%| F|  |TAMS 0x0000000083900000, 0x0000000083900000| Untracked 
|  58|0x0000000083a00000, 0x0000000083a00000, 0x0000000083b00000|  0%| F|  |TAMS 0x0000000083a00000, 0x0000000083a00000| Untracked 
|  59|0x0000000083b00000, 0x0000000083b00000, 0x0000000083c00000|  0%| F|  |TAMS 0x0000000083b00000, 0x0000000083b00000| Untracked 
|  60|0x0000000083c00000, 0x0000000083c00000, 0x0000000083d00000|  0%| F|  |TAMS 0x0000000083c00000, 0x0000000083c00000| Untracked 
|  61|0x0000000083d00000, 0x0000000083d00000, 0x0000000083e00000|  0%| F|  |TAMS 0x0000000083d00000, 0x0000000083d00000| Untracked 
|  62|0x0000000083e00000, 0x0000000083e00000, 0x0000000083f00000|  0%| F|  |TAMS 0x0000000083e00000, 0x0000000083e00000| Untracked 
|  63|0x0000000083f00000, 0x0000000083f00000, 0x0000000084000000|  0%| F|  |TAMS 0x0000000083f00000, 0x0000000083f00000| Untracked 
|  64|0x0000000084000000, 0x0000000084000000, 0x0000000084100000|  0%| F|  |TAMS 0x0000000084000000, 0x0000000084000000| Untracked 
|  65|0x0000000084100000, 0x0000000084100000, 0x0000000084200000|  0%| F|  |TAMS 0x0000000084100000, 0x0000000084100000| Untracked 
|  66|0x0000000084200000, 0x0000000084200000, 0x0000000084300000|  0%| F|  |TAMS 0x0000000084200000, 0x0000000084200000| Untracked 
|  67|0x0000000084300000, 0x0000000084300000, 0x0000000084400000|  0%| F|  |TAMS 0x0000000084300000, 0x0000000084300000| Untracked 
|  68|0x0000000084400000, 0x0000000084400000, 0x0000000084500000|  0%| F|  |TAMS 0x0000000084400000, 0x0000000084400000| Untracked 
|  69|0x0000000084500000, 0x0000000084500000, 0x0000000084600000|  0%| F|  |TAMS 0x0000000084500000, 0x0000000084500000| Untracked 
|  70|0x0000000084600000, 0x0000000084600000, 0x0000000084700000|  0%| F|  |TAMS 0x0000000084600000, 0x0000000084600000| Untracked 
|  71|0x0000000084700000, 0x0000000084700000, 0x0000000084800000|  0%| F|  |TAMS 0x0000000084700000, 0x0000000084700000| Untracked 
|  72|0x0000000084800000, 0x0000000084800000, 0x0000000084900000|  0%| F|  |TAMS 0x0000000084800000, 0x0000000084800000| Untracked 
|  73|0x0000000084900000, 0x0000000084900000, 0x0000000084a00000|  0%| F|  |TAMS 0x0000000084900000, 0x0000000084900000| Untracked 
|  74|0x0000000084a00000, 0x0000000084a00000, 0x0000000084b00000|  0%| F|  |TAMS 0x0000000084a00000, 0x0000000084a00000| Untracked 
|  75|0x0000000084b00000, 0x0000000084b00000, 0x0000000084c00000|  0%| F|  |TAMS 0x0000000084b00000, 0x0000000084b00000| Untracked 
|  76|0x0000000084c00000, 0x0000000084c00000, 0x0000000084d00000|  0%| F|  |TAMS 0x0000000084c00000, 0x0000000084c00000| Untracked 
|  77|0x0000000084d00000, 0x0000000084d00000, 0x0000000084e00000|  0%| F|  |TAMS 0x0000000084d00000, 0x0000000084d00000| Untracked 
|  78|0x0000000084e00000, 0x0000000084e00000, 0x0000000084f00000|  0%| F|  |TAMS 0x0000000084e00000, 0x0000000084e00000| Untracked 
|  79|0x0000000084f00000, 0x0000000084f00000, 0x0000000085000000|  0%| F|  |TAMS 0x0000000084f00000, 0x0000000084f00000| Untracked 
|  80|0x0000000085000000, 0x0000000085000000, 0x0000000085100000|  0%| F|  |TAMS 0x0000000085000000, 0x0000000085000000| Untracked 
|  81|0x0000000085100000, 0x0000000085100000, 0x0000000085200000|  0%| F|  |TAMS 0x0000000085100000, 0x0000000085100000| Untracked 
|  82|0x0000000085200000, 0x0000000085200000, 0x0000000085300000|  0%| F|  |TAMS 0x0000000085200000, 0x0000000085200000| Untracked 
|  83|0x0000000085300000, 0x0000000085300000, 0x0000000085400000|  0%| F|  |TAMS 0x0000000085300000, 0x0000000085300000| Untracked 
|  84|0x0000000085400000, 0x0000000085400000, 0x0000000085500000|  0%| F|  |TAMS 0x0000000085400000, 0x0000000085400000| Untracked 
|  85|0x0000000085500000, 0x0000000085500000, 0x0000000085600000|  0%| F|  |TAMS 0x0000000085500000, 0x0000000085500000| Untracked 
|  86|0x0000000085600000, 0x0000000085600000, 0x0000000085700000|  0%| F|  |TAMS 0x0000000085600000, 0x0000000085600000| Untracked 
|  87|0x0000000085700000, 0x0000000085700000, 0x0000000085800000|  0%| F|  |TAMS 0x0000000085700000, 0x0000000085700000| Untracked 
|  88|0x0000000085800000, 0x0000000085800000, 0x0000000085900000|  0%| F|  |TAMS 0x0000000085800000, 0x0000000085800000| Untracked 
|  89|0x0000000085900000, 0x0000000085900000, 0x0000000085a00000|  0%| F|  |TAMS 0x0000000085900000, 0x0000000085900000| Untracked 
|  90|0x0000000085a00000, 0x0000000085a00000, 0x0000000085b00000|  0%| F|  |TAMS 0x0000000085a00000, 0x0000000085a00000| Untracked 
|  91|0x0000000085b00000, 0x0000000085b00000, 0x0000000085c00000|  0%| F|  |TAMS 0x0000000085b00000, 0x0000000085b00000| Untracked 
|  92|0x0000000085c00000, 0x0000000085c00000, 0x0000000085d00000|  0%| F|  |TAMS 0x0000000085c00000, 0x0000000085c00000| Untracked 
|  93|0x0000000085d00000, 0x0000000085d00000, 0x0000000085e00000|  0%| F|  |TAMS 0x0000000085d00000, 0x0000000085d00000| Untracked 
|  94|0x0000000085e00000, 0x0000000085e00000, 0x0000000085f00000|  0%| F|  |TAMS 0x0000000085e00000, 0x0000000085e00000| Untracked 
|  95|0x0000000085f00000, 0x0000000085f00000, 0x0000000086000000|  0%| F|  |TAMS 0x0000000085f00000, 0x0000000085f00000| Untracked 
|  96|0x0000000086000000, 0x0000000086000000, 0x0000000086100000|  0%| F|  |TAMS 0x0000000086000000, 0x0000000086000000| Untracked 
|  97|0x0000000086100000, 0x0000000086100000, 0x0000000086200000|  0%| F|  |TAMS 0x0000000086100000, 0x0000000086100000| Untracked 
|  98|0x0000000086200000, 0x0000000086200000, 0x0000000086300000|  0%| F|  |TAMS 0x0000000086200000, 0x0000000086200000| Untracked 
|  99|0x0000000086300000, 0x0000000086300000, 0x0000000086400000|  0%| F|  |TAMS 0x0000000086300000, 0x0000000086300000| Untracked 
| 100|0x0000000086400000, 0x0000000086400000, 0x0000000086500000|  0%| F|  |TAMS 0x0000000086400000, 0x0000000086400000| Untracked 
| 101|0x0000000086500000, 0x0000000086500000, 0x0000000086600000|  0%| F|  |TAMS 0x0000000086500000, 0x0000000086500000| Untracked 
| 102|0x0000000086600000, 0x0000000086600000, 0x0000000086700000|  0%| F|  |TAMS 0x0000000086600000, 0x0000000086600000| Untracked 
| 103|0x0000000086700000, 0x0000000086700000, 0x0000000086800000|  0%| F|  |TAMS 0x0000000086700000, 0x0000000086700000| Untracked 
| 104|0x0000000086800000, 0x0000000086800000, 0x0000000086900000|  0%| F|  |TAMS 0x0000000086800000, 0x0000000086800000| Untracked 
| 105|0x0000000086900000, 0x0000000086900000, 0x0000000086a00000|  0%| F|  |TAMS 0x0000000086900000, 0x0000000086900000| Untracked 
| 106|0x0000000086a00000, 0x0000000086a00000, 0x0000000086b00000|  0%| F|  |TAMS 0x0000000086a00000, 0x0000000086a00000| Untracked 
| 107|0x0000000086b00000, 0x0000000086b00000, 0x0000000086c00000|  0%| F|  |TAMS 0x0000000086b00000, 0x0000000086b00000| Untracked 
| 108|0x0000000086c00000, 0x0000000086c00000, 0x0000000086d00000|  0%| F|  |TAMS 0x0000000086c00000, 0x0000000086c00000| Untracked 
| 109|0x0000000086d00000, 0x0000000086d00000, 0x0000000086e00000|  0%| F|  |TAMS 0x0000000086d00000, 0x0000000086d00000| Untracked 
| 110|0x0000000086e00000, 0x0000000086e00000, 0x0000000086f00000|  0%| F|  |TAMS 0x0000000086e00000, 0x0000000086e00000| Untracked 
| 111|0x0000000086f00000, 0x0000000086f78618, 0x0000000087000000| 47%| E|  |TAMS 0x0000000086f00000, 0x0000000086f00000| Complete 
| 112|0x0000000087000000, 0x0000000087100000, 0x0000000087100000|100%| E|CS|TAMS 0x0000000087000000, 0x0000000087000000| Complete 
| 113|0x0000000087100000, 0x0000000087200000, 0x0000000087200000|100%| E|CS|TAMS 0x0000000087100000, 0x0000000087100000| Complete 
| 114|0x0000000087200000, 0x0000000087300000, 0x0000000087300000|100%| E|CS|TAMS 0x0000000087200000, 0x0000000087200000| Complete 
| 115|0x0000000087300000, 0x0000000087400000, 0x0000000087400000|100%| E|CS|TAMS 0x0000000087300000, 0x0000000087300000| Complete 
| 116|0x0000000087400000, 0x0000000087500000, 0x0000000087500000|100%| E|CS|TAMS 0x0000000087400000, 0x0000000087400000| Complete 
| 117|0x0000000087500000, 0x00000000875d5d70, 0x0000000087600000| 83%| S|CS|TAMS 0x0000000087500000, 0x0000000087500000| Complete 
| 118|0x0000000087600000, 0x0000000087700000, 0x0000000087700000|100%| S|CS|TAMS 0x0000000087600000, 0x0000000087600000| Complete 
| 119|0x0000000087700000, 0x0000000087800000, 0x0000000087800000|100%| E|CS|TAMS 0x0000000087700000, 0x0000000087700000| Complete 
| 120|0x0000000087800000, 0x0000000087900000, 0x0000000087900000|100%| E|CS|TAMS 0x0000000087800000, 0x0000000087800000| Complete 
| 121|0x0000000087900000, 0x0000000087a00000, 0x0000000087a00000|100%| E|CS|TAMS 0x0000000087900000, 0x0000000087900000| Complete 
| 122|0x0000000087a00000, 0x0000000087b00000, 0x0000000087b00000|100%| E|CS|TAMS 0x0000000087a00000, 0x0000000087a00000| Complete 
| 123|0x0000000087b00000, 0x0000000087c00000, 0x0000000087c00000|100%| E|CS|TAMS 0x0000000087b00000, 0x0000000087b00000| Complete 
| 124|0x0000000087c00000, 0x0000000087d00000, 0x0000000087d00000|100%| E|CS|TAMS 0x0000000087c00000, 0x0000000087c00000| Complete 
| 125|0x0000000087d00000, 0x0000000087e00000, 0x0000000087e00000|100%| E|CS|TAMS 0x0000000087d00000, 0x0000000087d00000| Complete 
| 126|0x0000000087e00000, 0x0000000087f00000, 0x0000000087f00000|100%| E|CS|TAMS 0x0000000087e00000, 0x0000000087e00000| Complete 
| 127|0x0000000087f00000, 0x0000000088000000, 0x0000000088000000|100%| E|CS|TAMS 0x0000000087f00000, 0x0000000087f00000| Complete 

Card table byte_map: [0x000001f81c530000,0x000001f81c930000] _byte_map_base: 0x000001f81c130000

Marking Bits (Prev, Next): (CMBitMap*) 0x000001f805c5c2a0, (CMBitMap*) 0x000001f805c5c2e0
 Prev Bits: [0x000001f81cd30000, 0x000001f81ed30000)
 Next Bits: [0x000001f81ed30000, 0x000001f820d30000)

Polling page: 0x000001f8039e0000

Metaspace:

Usage:
  Non-class:      8.41 MB used.
      Class:      1.23 MB used.
       Both:      9.64 MB used.

Virtual space:
  Non-class space:       64.00 MB reserved,       8.50 MB ( 13%) committed,  1 nodes.
      Class space:        1.00 GB reserved,       1.31 MB ( <1%) committed,  1 nodes.
             Both:        1.06 GB reserved,       9.81 MB ( <1%) committed. 

Chunk freelists:
   Non-Class:  3.12 MB
       Class:  2.60 MB
        Both:  5.72 MB

MaxMetaspaceSize: unlimited
CompressedClassSpaceSize: 1.00 GB
Initial GC threshold: 21.00 MB
Current GC threshold: 21.00 MB
CDS: on
MetaspaceReclaimPolicy: balanced
 - commit_granule_bytes: 65536.
 - commit_granule_words: 8192.
 - virtual_space_node_default_size: 8388608.
 - enlarge_chunks_in_place: 1.
 - new_chunks_are_fully_committed: 0.
 - uncommit_free_chunks: 1.
 - use_allocation_guard: 0.


Internal statistics:

num_allocs_failed_limit: 0.
num_arena_births: 116.
num_arena_deaths: 0.
num_vsnodes_births: 2.
num_vsnodes_deaths: 0.
num_space_committed: 157.
num_space_uncommitted: 0.
num_chunks_returned_to_freelist: 0.
num_chunks_taken_from_freelist: 406.
num_chunk_merges: 0.
num_chunk_splits: 256.
num_chunks_enlarged: 201.
num_inconsistent_stats: 0.

CodeHeap 'non-profiled nmethods': size=120064Kb used=549Kb max_used=549Kb free=119514Kb
 bounds [0x000001f814ff0000, 0x000001f815260000, 0x000001f81c530000]
CodeHeap 'profiled nmethods': size=120000Kb used=2815Kb max_used=2815Kb free=117184Kb
 bounds [0x000001f80dac0000, 0x000001f80dd80000, 0x000001f814ff0000]
CodeHeap 'non-nmethods': size=5696Kb used=1190Kb max_used=1211Kb free=4505Kb
 bounds [0x000001f80d530000, 0x000001f80d7a0000, 0x000001f80dac0000]
 total_blobs=2008 nmethods=1546 adapters=375
 compilation: enabled
              stopped_count=0, restarted_count=0
 full_count=0

Compilation events (20 events):
Event: 1.743 Thread 0x000001f8230a0200 nmethod 1540 0x000001f815075190 code [0x000001f815075320, 0x000001f8150753f8]
Event: 1.743 Thread 0x000001f8230a0200 1541       3       org.springframework.boot.context.properties.source.ConfigurationPropertyName::adapt (53 bytes)
Event: 1.744 Thread 0x000001f8230a0200 nmethod 1541 0x000001f815075490 code [0x000001f8150756c0, 0x000001f815075ed8]
Event: 1.744 Thread 0x000001f8230a0200 1542       3       org.springframework.boot.context.properties.source.SpringConfigurationPropertySource$DelegatingPropertyMapper::map (27 bytes)
Event: 1.744 Thread 0x000001f82309f820 nmethod 1527 0x000001f815076190 code [0x000001f815076320, 0x000001f815076738]
Event: 1.744 Thread 0x000001f82309f820 1533       4       java.lang.CharacterDataLatin1::toUpperCaseEx (71 bytes)
Event: 1.745 Thread 0x000001f8230a0200 nmethod 1542 0x000001f815076890 code [0x000001f815076a80, 0x000001f815076f48]
Event: 1.745 Thread 0x000001f82309f820 nmethod 1533 0x000001f815077190 code [0x000001f815077300, 0x000001f815077418]
Event: 1.745 Thread 0x000001f82309f820 1539       4       java.util.Collections$UnmodifiableCollection$1::hasNext (10 bytes)
Event: 1.746 Thread 0x000001f82309f820 nmethod 1539 0x000001f815077510 code [0x000001f815077680, 0x000001f815077718]
Event: 1.746 Thread 0x000001f8230a0200 1543       3       org.springframework.boot.context.properties.source.DefaultPropertyMapper::map (43 bytes)
Event: 1.746 Thread 0x000001f8230a0200 nmethod 1543 0x000001f815077810 code [0x000001f815077a00, 0x000001f815077f18]
Event: 1.746 Thread 0x000001f8230a0200 1544   !   3       org.springframework.boot.context.properties.source.DefaultPropertyMapper::tryMap (39 bytes)
Event: 1.747 Thread 0x000001f8230a0200 nmethod 1544 0x000001f815078110 code [0x000001f815078300, 0x000001f815078a28]
Event: 1.747 Thread 0x000001f8230a0200 1545       3       org.springframework.boot.context.properties.source.ConfigurationPropertyName::adapt (7 bytes)
Event: 1.747 Thread 0x000001f8230a0200 nmethod 1545 0x000001f815078d10 code [0x000001f815078ea0, 0x000001f815078fc8]
Event: 1.747 Thread 0x000001f8230a0200 1546       1       java.lang.StringLatin1$CharsSpliterator::characteristics (5 bytes)
Event: 1.747 Thread 0x000001f8230a0200 nmethod 1546 0x000001f815079090 code [0x000001f815079220, 0x000001f8150792f8]
Event: 1.747 Thread 0x000001f8230a0200 1547       1       java.util.stream.MatchOps$BooleanTerminalSink::cancellationRequested (5 bytes)
Event: 1.747 Thread 0x000001f8230a0200 nmethod 1547 0x000001f815079390 code [0x000001f815079520, 0x000001f8150795f8]

GC Heap History (6 events):
Event: 0.378 GC heap before
{Heap before GC invocations=0 (full 0):
 garbage-first heap   total 131072K, used 5120K [0x0000000080000000, 0x0000000100000000)
  region size 1024K, 6 young (6144K), 0 survivors (0K)
 Metaspace       used 492K, committed 640K, reserved 1114112K
  class space    used 24K, committed 128K, reserved 1048576K
}
Event: 0.383 GC heap after
{Heap after GC invocations=1 (full 0):
 garbage-first heap   total 131072K, used 3252K [0x0000000080000000, 0x0000000100000000)
  region size 1024K, 1 young (1024K), 1 survivors (1024K)
 Metaspace       used 492K, committed 640K, reserved 1114112K
  class space    used 24K, committed 128K, reserved 1048576K
}
Event: 0.736 GC heap before
{Heap before GC invocations=1 (full 0):
 garbage-first heap   total 131072K, used 8372K [0x0000000080000000, 0x0000000100000000)
  region size 1024K, 6 young (6144K), 1 survivors (1024K)
 Metaspace       used 2753K, committed 2944K, reserved 1114112K
  class space    used 258K, committed 384K, reserved 1048576K
}
Event: 0.744 GC heap after
{Heap after GC invocations=2 (full 0):
 garbage-first heap   total 131072K, used 4537K [0x0000000080000000, 0x0000000100000000)
  region size 1024K, 1 young (1024K), 1 survivors (1024K)
 Metaspace       used 2753K, committed 2944K, reserved 1114112K
  class space    used 258K, committed 384K, reserved 1048576K
}
Event: 1.118 GC heap before
{Heap before GC invocations=2 (full 0):
 garbage-first heap   total 131072K, used 11705K [0x0000000080000000, 0x0000000100000000)
  region size 1024K, 9 young (9216K), 1 survivors (1024K)
 Metaspace       used 5845K, committed 6016K, reserved 1114112K
  class space    used 624K, committed 704K, reserved 1048576K
}
Event: 1.124 GC heap after
{Heap after GC invocations=3 (full 0):
 garbage-first heap   total 131072K, used 5392K [0x0000000080000000, 0x0000000100000000)
  region size 1024K, 2 young (2048K), 2 survivors (2048K)
 Metaspace       used 5845K, committed 6016K, reserved 1114112K
  class space    used 624K, committed 704K, reserved 1048576K
}

Deoptimization events (20 events):
Event: 1.660 Thread 0x000001f8278d0e90 Uncommon trap: trap_request=0xffffffde fr.pc=0x000001f81505eb58 relative=0x0000000000000a58
Event: 1.660 Thread 0x000001f8278d0e90 Uncommon trap: reason=class_check action=maybe_recompile pc=0x000001f81505eb58 method=java.util.HashMap.putVal(ILjava/lang/Object;Ljava/lang/Object;ZZ)Ljava/lang/Object; @ 91 c2
Event: 1.660 Thread 0x000001f8278d0e90 DEOPT PACKING pc=0x000001f81505eb58 sp=0x0000003fa2efef60
Event: 1.660 Thread 0x000001f8278d0e90 DEOPT UNPACKING pc=0x000001f80d585c23 sp=0x0000003fa2efef00 mode 2
Event: 1.695 Thread 0x000001f8278d0e90 Uncommon trap: trap_request=0xffffffde fr.pc=0x000001f81506e1c8 relative=0x0000000000000128
Event: 1.695 Thread 0x000001f8278d0e90 Uncommon trap: reason=class_check action=maybe_recompile pc=0x000001f81506e1c8 method=jdk.internal.misc.Unsafe.allocateUninitializedArray(Ljava/lang/Class;I)Ljava/lang/Object; @ 51 c2
Event: 1.695 Thread 0x000001f8278d0e90 DEOPT PACKING pc=0x000001f81506e1c8 sp=0x0000003fa2efc790
Event: 1.695 Thread 0x000001f8278d0e90 DEOPT UNPACKING pc=0x000001f80d585c23 sp=0x0000003fa2efc718 mode 2
Event: 1.695 Thread 0x000001f8278d0e90 Uncommon trap: trap_request=0xffffffde fr.pc=0x000001f81506e1c8 relative=0x0000000000000128
Event: 1.695 Thread 0x000001f8278d0e90 Uncommon trap: reason=class_check action=maybe_recompile pc=0x000001f81506e1c8 method=jdk.internal.misc.Unsafe.allocateUninitializedArray(Ljava/lang/Class;I)Ljava/lang/Object; @ 51 c2
Event: 1.695 Thread 0x000001f8278d0e90 DEOPT PACKING pc=0x000001f81506e1c8 sp=0x0000003fa2efc1f0
Event: 1.695 Thread 0x000001f8278d0e90 DEOPT UNPACKING pc=0x000001f80d585c23 sp=0x0000003fa2efc178 mode 2
Event: 1.695 Thread 0x000001f8278d0e90 Uncommon trap: trap_request=0xffffffde fr.pc=0x000001f81506e1c8 relative=0x0000000000000128
Event: 1.695 Thread 0x000001f8278d0e90 Uncommon trap: reason=class_check action=maybe_recompile pc=0x000001f81506e1c8 method=jdk.internal.misc.Unsafe.allocateUninitializedArray(Ljava/lang/Class;I)Ljava/lang/Object; @ 51 c2
Event: 1.695 Thread 0x000001f8278d0e90 DEOPT PACKING pc=0x000001f81506e1c8 sp=0x0000003fa2efc390
Event: 1.695 Thread 0x000001f8278d0e90 DEOPT UNPACKING pc=0x000001f80d585c23 sp=0x0000003fa2efc318 mode 2
Event: 1.695 Thread 0x000001f8278d0e90 Uncommon trap: trap_request=0xffffffde fr.pc=0x000001f81506e1c8 relative=0x0000000000000128
Event: 1.695 Thread 0x000001f8278d0e90 Uncommon trap: reason=class_check action=maybe_recompile pc=0x000001f81506e1c8 method=jdk.internal.misc.Unsafe.allocateUninitializedArray(Ljava/lang/Class;I)Ljava/lang/Object; @ 51 c2
Event: 1.695 Thread 0x000001f8278d0e90 DEOPT PACKING pc=0x000001f81506e1c8 sp=0x0000003fa2efae70
Event: 1.695 Thread 0x000001f8278d0e90 DEOPT UNPACKING pc=0x000001f80d585c23 sp=0x0000003fa2efadf8 mode 2

Classes loaded (20 events):
Event: 1.719 Loading class java/io/StringReader
Event: 1.719 Loading class java/io/StringReader done
Event: 1.719 Loading class javax/xml/transform/TransformerException
Event: 1.719 Loading class javax/xml/transform/TransformerException done
Event: 1.719 Loading class javax/xml/transform/Result
Event: 1.719 Loading class javax/xml/transform/Result done
Event: 1.720 Loading class javax/xml/parsers/ParserConfigurationException
Event: 1.720 Loading class javax/xml/parsers/ParserConfigurationException done
Event: 1.720 Loading class org/w3c/dom/Node
Event: 1.720 Loading class org/w3c/dom/Node done
Event: 1.720 Loading class org/xml/sax/EntityResolver
Event: 1.720 Loading class org/xml/sax/EntityResolver done
Event: 1.721 Loading class sun/invoke/util/VerifyAccess$1
Event: 1.721 Loading class java/util/AbstractList$ListItr
Event: 1.721 Loading class sun/invoke/util/VerifyAccess$1 done
Event: 1.721 Loading class java/util/AbstractList$Itr
Event: 1.721 Loading class java/util/AbstractList$Itr done
Event: 1.721 Loading class java/util/AbstractList$ListItr done
Event: 1.748 Loading class javax/xml/stream/XMLResolver
Event: 1.748 Loading class javax/xml/stream/XMLResolver done

Classes unloaded (0 events):
No events

Classes redefined (0 events):
No events

Internal exceptions (20 events):
Event: 0.745 Thread 0x000001f805bf97c0 Exception <a 'java/lang/NoSuchMethodError'{0x0000000087f00f40}: 'java.lang.Object java.lang.invoke.DirectMethodHandle$Holder.invokeInterface(java.lang.Object, java.lang.Object)'> (0x0000000087f00f40) 
thrown [s\open\src\hotspot\share\interpreter\linkResolver.cpp, line 759]
Event: 0.777 Thread 0x000001f805bf97c0 Exception <a 'java/lang/NoSuchMethodError'{0x0000000087f5d678}: 'java.lang.Object java.lang.invoke.DirectMethodHandle$Holder.newInvokeSpecial(java.lang.Object, java.lang.Object, java.lang.Object, java.lang.Object, java.lang.Object)'> (0x0000000087f5d678) 
thrown [s\open\src\hotspot\share\interpreter\linkResolver.cpp, line 759]
Event: 0.920 Thread 0x000001f805bf97c0 Exception <a 'java/lang/NoSuchMethodError'{0x0000000087dcb240}: 'java.lang.Object java.lang.invoke.DirectMethodHandle$Holder.invokeStaticInit(java.lang.Object)'> (0x0000000087dcb240) 
thrown [s\open\src\hotspot\share\interpreter\linkResolver.cpp, line 759]
Event: 0.927 Thread 0x000001f805bf97c0 Exception <a 'sun/nio/fs/WindowsException'{0x0000000087c0eb18}> (0x0000000087c0eb18) 
thrown [s\open\src\hotspot\share\prims\jni.cpp, line 516]
Event: 0.999 Thread 0x000001f805bf97c0 Implicit null exception at 0x000001f815035ec0 to 0x000001f8150367bd
Event: 0.999 Thread 0x000001f805bf97c0 Implicit null exception at 0x000001f815024e0f to 0x000001f815024e89
Event: 1.052 Thread 0x000001f805bf97c0 Exception <a 'java/lang/NoSuchMethodError'{0x0000000087918df8}: 'java.lang.Object java.lang.invoke.DirectMethodHandle$Holder.invokeVirtual(java.lang.Object, java.lang.Object, java.lang.Object)'> (0x0000000087918df8) 
thrown [s\open\src\hotspot\share\interpreter\linkResolver.cpp, line 759]
Event: 1.133 Thread 0x000001f805bf97c0 Exception <a 'java/lang/NoSuchMethodError'{0x0000000087f3ae60}: 'int java.lang.invoke.DirectMethodHandle$Holder.invokeSpecial(java.lang.Object, java.lang.Object, java.lang.Object)'> (0x0000000087f3ae60) 
thrown [s\open\src\hotspot\share\interpreter\linkResolver.cpp, line 759]
Event: 1.289 Thread 0x000001f805bf97c0 Exception <a 'java/lang/NoSuchMethodError'{0x0000000087cc1308}: 'java.lang.Object java.lang.invoke.DirectMethodHandle$Holder.newInvokeSpecial(java.lang.Object, java.lang.Object, int, java.lang.Object)'> (0x0000000087cc1308) 
thrown [s\open\src\hotspot\share\interpreter\linkResolver.cpp, line 759]
Event: 1.289 Thread 0x000001f805bf97c0 Exception <a 'java/lang/NoSuchMethodError'{0x0000000087cc56f0}: 'java.lang.Object java.lang.invoke.DirectMethodHandle$Holder.invokeSpecial(java.lang.Object, java.lang.Object, java.lang.Object, int, java.lang.Object)'> (0x0000000087cc56f0) 
thrown [s\open\src\hotspot\share\interpreter\linkResolver.cpp, line 759]
Event: 1.299 Thread 0x000001f805bf97c0 Exception <a 'java/lang/NoSuchMethodError'{0x0000000087b0c490}: 'java.lang.Object java.lang.invoke.DirectMethodHandle$Holder.newInvokeSpecial(java.lang.Object, java.lang.Object, java.lang.Object, java.lang.Object, java.lang.Object, java.lang.Object)'> (0x0000000087b0c490) 
thrown [s\open\src\hotspot\share\interpreter\linkResolver.cpp, line 759]
Event: 1.358 Thread 0x000001f805bf97c0 Exception <a 'java/lang/NoSuchMethodError'{0x0000000087bc73e8}: 'void java.lang.invoke.DirectMethodHandle$Holder.invokeStaticInit(java.lang.Object, java.lang.Object)'> (0x0000000087bc73e8) 
thrown [s\open\src\hotspot\share\interpreter\linkResolver.cpp, line 759]
Event: 1.570 Thread 0x000001f805bf97c0 Exception <a 'java/lang/NoSuchMethodError'{0x00000000874eefb0}: 'void java.lang.invoke.DirectMethodHandle$Holder.invokeStatic(java.lang.Object, java.lang.Object, java.lang.Object, java.lang.Object)'> (0x00000000874eefb0) 
thrown [s\open\src\hotspot\share\interpreter\linkResolver.cpp, line 759]
Event: 1.628 Thread 0x000001f8278d0e90 Exception <a 'java/lang/NoSuchMethodError'{0x0000000087244980}: 'void java.lang.invoke.DirectMethodHandle$Holder.invokeStatic(java.lang.Object, java.lang.Object, java.lang.Object, java.lang.Object, java.lang.Object, java.lang.Object)'> (0x0000000087244980) 
thrown [s\open\src\hotspot\share\interpreter\linkResolver.cpp, line 759]
Event: 1.686 Thread 0x000001f8278d0e90 Exception <a 'java/lang/NoSuchMethodError'{0x00000000870352c8}: 'void java.lang.invoke.DirectMethodHandle$Holder.invokeSpecial(java.lang.Object, java.lang.Object, java.lang.Object, java.lang.Object, java.lang.Object)'> (0x00000000870352c8) 
thrown [s\open\src\hotspot\share\interpreter\linkResolver.cpp, line 759]
Event: 1.688 Thread 0x000001f8278d0e90 Exception <a 'java/lang/NoSuchMethodError'{0x0000000087040c80}: 'int java.lang.invoke.DirectMethodHandle$Holder.invokeStaticInit(java.lang.Object, java.lang.Object, java.lang.Object)'> (0x0000000087040c80) 
thrown [s\open\src\hotspot\share\interpreter\linkResolver.cpp, line 759]
Event: 1.690 Thread 0x000001f805bf97c0 Exception <a 'java/lang/NoSuchMethodError'{0x00000000871d8d80}: 'void java.lang.invoke.DirectMethodHandle$Holder.invokeStatic(java.lang.Object, java.lang.Object, int)'> (0x00000000871d8d80) 
thrown [s\open\src\hotspot\share\interpreter\linkResolver.cpp, line 759]
Event: 1.708 Thread 0x000001f8278d0e90 Exception <a 'java/lang/NoSuchMethodError'{0x0000000086f04d70}: 'int java.lang.invoke.DirectMethodHandle$Holder.invokeInterface(java.lang.Object, java.lang.Object)'> (0x0000000086f04d70) 
thrown [s\open\src\hotspot\share\interpreter\linkResolver.cpp, line 759]
Event: 1.721 Thread 0x000001f8278d0e90 Exception <a 'java/lang/NoSuchMethodError'{0x0000000086f32f50}: 'java.lang.Object java.lang.invoke.DirectMethodHandle$Holder.invokeStaticInit(java.lang.Object, java.lang.Object, java.lang.Object)'> (0x0000000086f32f50) 
thrown [s\open\src\hotspot\share\interpreter\linkResolver.cpp, line 759]
Event: 1.749 Thread 0x000001f8278d0e90 Exception <a 'java/lang/NoSuchMethodError'{0x0000000086f38f68}: 'java.lang.Object java.lang.invoke.DirectMethodHandle$Holder.invokeStaticInit(java.lang.Object, java.lang.Object, java.lang.Object, java.lang.Object, java.lang.Object)'> (0x0000000086f38f68) 
thrown [s\open\src\hotspot\share\interpreter\linkResolver.cpp, line 759]

VM Operations (20 events):
Event: 0.384 Executing VM operation: HandshakeAllThreads
Event: 0.385 Executing VM operation: HandshakeAllThreads done
Event: 0.667 Executing VM operation: HandshakeAllThreads
Event: 0.667 Executing VM operation: HandshakeAllThreads done
Event: 0.736 Executing VM operation: G1CollectForAllocation
Event: 0.744 Executing VM operation: G1CollectForAllocation done
Event: 0.928 Executing VM operation: HandshakeAllThreads
Event: 0.928 Executing VM operation: HandshakeAllThreads done
Event: 1.118 Executing VM operation: G1CollectForAllocation
Event: 1.125 Executing VM operation: G1CollectForAllocation done
Event: 1.144 Executing VM operation: HandshakeAllThreads
Event: 1.144 Executing VM operation: HandshakeAllThreads done
Event: 1.230 Executing VM operation: HandshakeAllThreads
Event: 1.230 Executing VM operation: HandshakeAllThreads done
Event: 1.536 Executing VM operation: HandshakeAllThreads
Event: 1.537 Executing VM operation: HandshakeAllThreads done
Event: 1.537 Executing VM operation: HandshakeAllThreads
Event: 1.537 Executing VM operation: HandshakeAllThreads done
Event: 1.552 Executing VM operation: HandshakeAllThreads
Event: 1.553 Executing VM operation: HandshakeAllThreads done

Events (20 events):
Event: 0.076 Thread 0x000001f82309eb50 Thread added: 0x000001f82309eb50
Event: 0.076 Thread 0x000001f82309f820 Thread added: 0x000001f82309f820
Event: 0.076 Thread 0x000001f8230a0200 Thread added: 0x000001f8230a0200
Event: 0.078 Thread 0x000001f8230fe3f0 Thread added: 0x000001f8230fe3f0
Event: 0.168 Thread 0x000001f827450ec0 Thread added: 0x000001f827450ec0
Event: 0.208 Loaded shared library C:\Program Files\Java\jdk-18.0.2.1\bin\zip.dll
Event: 0.212 Loaded shared library C:\Program Files\Java\jdk-18.0.2.1\bin\instrument.dll
Event: 0.223 Loaded shared library C:\Program Files\Java\jdk-18.0.2.1\bin\net.dll
Event: 0.225 Loaded shared library C:\Program Files\Java\jdk-18.0.2.1\bin\nio.dll
Event: 0.229 Loaded shared library C:\Program Files\Java\jdk-18.0.2.1\bin\zip.dll
Event: 0.372 Loaded shared library C:\Program Files\JetBrains\IntelliJ IDEA Community Edition 2022.2.1\bin\breakgen64.dll
Event: 0.373 Thread 0x000001f82776a080 Thread added: 0x000001f82776a080
Event: 0.373 Thread 0x000001f827565420 Thread added: 0x000001f827565420
Event: 0.419 Loaded shared library C:\Program Files\Java\jdk-18.0.2.1\bin\verify.dll
Event: 0.425 Loaded shared library C:\Program Files\Java\jdk-18.0.2.1\bin\jimage.dll
Event: 0.902 Thread 0x000001f8278d0e90 Thread added: 0x000001f8278d0e90
Event: 1.233 Thread 0x000001f82799d170 Thread added: 0x000001f82799d170
Event: 1.278 Thread 0x000001f82799d170 Thread exited: 0x000001f82799d170
Event: 1.371 Loaded shared library C:\Program Files\Java\jdk-18.0.2.1\bin\management.dll
Event: 1.378 Loaded shared library C:\Program Files\Java\jdk-18.0.2.1\bin\management_ext.dll


Dynamic libraries:
0x00007ff69ab20000 - 0x00007ff69ab2e000 	C:\Program Files\Java\jdk-18.0.2.1\bin\java.exe
0x00007ffeb8df0000 - 0x00007ffeb8fe8000 	C:\Windows\SYSTEM32\ntdll.dll
0x00007ffeb71e0000 - 0x00007ffeb729d000 	C:\Windows\System32\KERNEL32.DLL
0x00007ffeb6b80000 - 0x00007ffeb6e4e000 	C:\Windows\System32\KERNELBASE.dll
0x00007ffeb69c0000 - 0x00007ffeb6ac0000 	C:\Windows\System32\ucrtbase.dll
0x00007ffea2c20000 - 0x00007ffea2c37000 	C:\Program Files\Java\jdk-18.0.2.1\bin\jli.dll
0x00007ffeb7040000 - 0x00007ffeb71e0000 	C:\Windows\System32\USER32.dll
0x00007ffeb6510000 - 0x00007ffeb6532000 	C:\Windows\System32\win32u.dll
0x00007ffeb7580000 - 0x00007ffeb75aa000 	C:\Windows\System32\GDI32.dll
0x00007ffeb6540000 - 0x00007ffeb664b000 	C:\Windows\System32\gdi32full.dll
0x00007ffeb68b0000 - 0x00007ffeb694d000 	C:\Windows\System32\msvcp_win.dll
0x00007ffea2c00000 - 0x00007ffea2c1a000 	C:\Program Files\Java\jdk-18.0.2.1\bin\VCRUNTIME140.dll
0x00007ffea57f0000 - 0x00007ffea5a8a000 	C:\Windows\WinSxS\amd64_microsoft.windows.common-controls_6595b64144ccf1df_6.0.19041.1110_none_60b5254171f9507e\COMCTL32.dll
0x00007ffeb8d10000 - 0x00007ffeb8dae000 	C:\Windows\System32\msvcrt.dll
0x00007ffeb6e50000 - 0x00007ffeb6e80000 	C:\Windows\System32\IMM32.DLL
0x00007ffea44d0000 - 0x00007ffea44dc000 	C:\Program Files\Java\jdk-18.0.2.1\bin\vcruntime140_1.dll
0x00007ffe97580000 - 0x00007ffe9760d000 	C:\Program Files\Java\jdk-18.0.2.1\bin\msvcp140.dll
0x00007ffe80340000 - 0x00007ffe80f51000 	C:\Program Files\Java\jdk-18.0.2.1\bin\server\jvm.dll
0x00007ffeb72a0000 - 0x00007ffeb734e000 	C:\Windows\System32\ADVAPI32.dll
0x00007ffeb7ee0000 - 0x00007ffeb7f7c000 	C:\Windows\System32\sechost.dll
0x00007ffeb8130000 - 0x00007ffeb8255000 	C:\Windows\System32\RPCRT4.dll
0x00007ffeb7640000 - 0x00007ffeb7648000 	C:\Windows\System32\PSAPI.DLL
0x00007ffea4870000 - 0x00007ffea4879000 	C:\Windows\SYSTEM32\WSOCK32.dll
0x00007ffeb7e70000 - 0x00007ffeb7edb000 	C:\Windows\System32\WS2_32.dll
0x00007ffea4840000 - 0x00007ffea4867000 	C:\Windows\SYSTEM32\WINMM.dll
0x00007ffeadd30000 - 0x00007ffeadd3a000 	C:\Windows\SYSTEM32\VERSION.dll
0x00007ffeb43f0000 - 0x00007ffeb4402000 	C:\Windows\SYSTEM32\kernel.appcore.dll
0x00007ffea38c0000 - 0x00007ffea38ca000 	C:\Program Files\Java\jdk-18.0.2.1\bin\jimage.dll
0x00007ffeaef30000 - 0x00007ffeaf114000 	C:\Windows\SYSTEM32\DBGHELP.DLL
0x00007ffeaf260000 - 0x00007ffeaf28c000 	C:\Windows\SYSTEM32\dbgcore.DLL
0x00007ffeb6af0000 - 0x00007ffeb6b72000 	C:\Windows\System32\bcryptPrimitives.dll
0x00007ffea3280000 - 0x00007ffea328e000 	C:\Program Files\Java\jdk-18.0.2.1\bin\instrument.dll
0x00007ffea2bd0000 - 0x00007ffea2bf5000 	C:\Program Files\Java\jdk-18.0.2.1\bin\java.dll
0x00007ffe948e0000 - 0x00007ffe949b6000 	C:\Program Files\Java\jdk-18.0.2.1\bin\jsvml.dll
0x00007ffeb7650000 - 0x00007ffeb7d94000 	C:\Windows\System32\SHELL32.dll
0x00007ffeb45f0000 - 0x00007ffeb4d84000 	C:\Windows\SYSTEM32\windows.storage.dll
0x00007ffeb8520000 - 0x00007ffeb8874000 	C:\Windows\System32\combase.dll
0x00007ffeb5dc0000 - 0x00007ffeb5df0000 	C:\Windows\SYSTEM32\Wldp.dll
0x00007ffeb7470000 - 0x00007ffeb751d000 	C:\Windows\System32\SHCORE.dll
0x00007ffeb6f00000 - 0x00007ffeb6f55000 	C:\Windows\System32\shlwapi.dll
0x00007ffeb6450000 - 0x00007ffeb646f000 	C:\Windows\SYSTEM32\profapi.dll
0x00007ffea2760000 - 0x00007ffea2778000 	C:\Program Files\Java\jdk-18.0.2.1\bin\zip.dll
0x00007ffea2bb0000 - 0x00007ffea2bc3000 	C:\Program Files\Java\jdk-18.0.2.1\bin\net.dll
0x00007ffead640000 - 0x00007ffead74a000 	C:\Windows\SYSTEM32\WINHTTP.dll
0x00007ffeb5ba0000 - 0x00007ffeb5c0a000 	C:\Windows\system32\mswsock.dll
0x00007ffea29d0000 - 0x00007ffea29e6000 	C:\Program Files\Java\jdk-18.0.2.1\bin\nio.dll
0x00007ffea26e0000 - 0x00007ffea26fa000 	C:\Program Files\JetBrains\IntelliJ IDEA Community Edition 2022.2.1\bin\breakgen64.dll
0x00007ffea3250000 - 0x00007ffea3260000 	C:\Program Files\Java\jdk-18.0.2.1\bin\verify.dll
0x00007ffeb58b0000 - 0x00007ffeb58eb000 	C:\Windows\SYSTEM32\IPHLPAPI.DLL
0x00007ffeb6e80000 - 0x00007ffeb6e88000 	C:\Windows\System32\NSI.dll
0x00007ffeaf740000 - 0x00007ffeaf757000 	C:\Windows\SYSTEM32\dhcpcsvc6.DLL
0x00007ffeaf720000 - 0x00007ffeaf73d000 	C:\Windows\SYSTEM32\dhcpcsvc.DLL
0x00007ffeb5900000 - 0x00007ffeb59ca000 	C:\Windows\SYSTEM32\DNSAPI.dll
0x00007ffead0c0000 - 0x00007ffead0ca000 	C:\Windows\System32\rasadhlp.dll
0x00007ffead850000 - 0x00007ffead8d0000 	C:\Windows\System32\fwpuclnt.dll
0x00007ffeb6ac0000 - 0x00007ffeb6ae7000 	C:\Windows\System32\bcrypt.dll
0x00007ffea2a00000 - 0x00007ffea2a09000 	C:\Program Files\Java\jdk-18.0.2.1\bin\management.dll
0x00007ffea2750000 - 0x00007ffea275b000 	C:\Program Files\Java\jdk-18.0.2.1\bin\management_ext.dll
0x00007ffea0d00000 - 0x00007ffea0d17000 	C:\Windows\system32\napinsp.dll
0x00007ffea0ce0000 - 0x00007ffea0cfb000 	C:\Windows\system32\pnrpnsp.dll
0x00007ffea0cc0000 - 0x00007ffea0cd5000 	C:\Windows\system32\wshbth.dll
0x00007ffeaf860000 - 0x00007ffeaf87d000 	C:\Windows\system32\NLAapi.dll
0x00007ffea0ca0000 - 0x00007ffea0cb2000 	C:\Windows\System32\winrnr.dll

dbghelp: loaded successfully - version: 4.0.5 - missing functions: none
symbol engine: initialized successfully - sym options: 0x614 - pdb path: .;C:\Program Files\Java\jdk-18.0.2.1\bin;C:\Windows\SYSTEM32;C:\Windows\WinSxS\amd64_microsoft.windows.common-controls_6595b64144ccf1df_6.0.19041.1110_none_60b5254171f9507e;C:\Program Files\Java\jdk-18.0.2.1\bin\server;C:\Program Files\JetBrains\IntelliJ IDEA Community Edition 2022.2.1\bin

VM Arguments:
jvm_args: -javaagent:C:\Program Files\JetBrains\IntelliJ IDEA Community Edition 2022.2.1\lib\idea_rt.jar=52945:C:\Program Files\JetBrains\IntelliJ IDEA Community Edition 2022.2.1\bin -Dfile.encoding=UTF-8 -Dsun.stdout.encoding=UTF-8 -Dsun.stderr.encoding=UTF-8 
java_command: com.training.Microservice2Application
java_class_path (initial): C:\Users\sfjbs\Downloads\cloud-sleuth-main\cloud-sleuth-main\microservice2\target\classes;C:\Users\sfjbs\.m2\repository\org\springframework\cloud\spring-cloud-starter-sleuth\2.1.2.RELEASE\spring-cloud-starter-sleuth-2.1.2.RELEASE.jar;C:\Users\sfjbs\.m2\repository\org\springframework\cloud\spring-cloud-starter\2.1.2.RELEASE\spring-cloud-starter-2.1.2.RELEASE.jar;C:\Users\sfjbs\.m2\repository\org\springframework\cloud\spring-cloud-context\2.1.2.RELEASE\spring-cloud-context-2.1.2.RELEASE.jar;C:\Users\sfjbs\.m2\repository\org\springframework\security\spring-security-crypto\5.1.6.RELEASE\spring-security-crypto-5.1.6.RELEASE.jar;C:\Users\sfjbs\.m2\repository\org\springframework\cloud\spring-cloud-commons\2.1.2.RELEASE\spring-cloud-commons-2.1.2.RELEASE.jar;C:\Users\sfjbs\.m2\repository\org\springframework\security\spring-security-rsa\1.0.7.RELEASE\spring-security-rsa-1.0.7.RELEASE.jar;C:\Users\sfjbs\.m2\repository\org\bouncycastle\bcpkix-jdk15on\1.60\bcpkix-jdk15on-1.60.jar;C:\Users\sfjbs\.m2\repository\org\bouncycastle\bcprov-jdk15on\1.60\bcprov-jdk15on-1.60.jar;C:\Users\sfjbs\.m2\repository\org\springframework\boot\spring-boot-starter-aop\2.1.7.RELEASE\spring-boot-starter-aop-2.1.7.RELEASE.jar;C:\Users\sfjbs\.m2\repository\org\springframework\spring-aop\5.1.9.RELEASE\spring-aop-5.1.9.RELEASE.jar;C:\Users\sfjbs\.m2\repository\org\aspectj\aspectjweaver\1.9.4\aspectjweaver-1.9.4.jar;C:\Users\sfjbs\.m2\repository\org\springframework\cloud\spring-cloud-sleuth-core\2.1.2.RELEASE\spring-cloud-sleuth-core-2.1.2.RELEASE.jar;C:\Users\sfjbs\.m2\repository\org\springframework\spring-context\5.1.9.RELEASE\spring-context-5.1.9.RELEASE.jar;C:\Users\sfjbs\.m2\repository\org\aspectj\aspectjrt\1.9.4\aspectjrt-1.9.4.jar;C:\Users\sfjbs\.m2\repository\io\zipkin\brave\brave\5.6.5\brave-5.6.5.jar;C:\Users\sfjbs\.m2\repository\io\zipkin\brave\brave-context-log4j2\5.6.5\brave-context-log4j2-5.6.5.jar;C:\Users\sfjbs\.m2\repository\io\zipkin\brave\brave-instrumentation-spring-web\5.6.5\brave-instrumentation-spring-web-5.6.5.jar;C:\Users\sfjbs\.m2\repository\io\zipkin\brave\brave-instrumentation-http\5.6.5\brave-instrumentation-http-5.6.5.jar;C:\Users\sfjbs\.m2\repository\io\zipkin\brave\brave-instrumentation-spring-rabbit\5.6.5\brave-instrumentation-spring-rabbit-5.6.5.jar;C:\Users\sfjbs\.m2\repository\io\zipkin\brave\brave-instrumentation-kafka-clients\5.6.5\brave-instrumentation-kafka-clients-5.6.5.jar;C:\Users\sfjbs\.m2\repository\io\zipkin\brave\brave-instrumentation-httpclient\5.6.5\brave-instrumentation-httpclient-5.6.5.jar;C:\Users\sfjbs\.m2\repository\io\zipkin\brave\brave-instrumentation-httpasyncclient\5.6.5\brave-instrumentation-httpasyncclient-5.6.5.jar;C:\Users\sfjbs\.m2\repository\io\zipkin\brave\brave-instrumentation-spring-webmvc\5.6.5\brave-instrumentation-spring-webmvc-5.6.5.jar;C:\Users\sfjbs\.m2\repository\io\zipkin\brave\brave-instrumentation-servlet\5.6.5\brave-instrumentation-servlet-5.6.5.jar;C:\Users\sfjbs\.m2\repository\io\zipkin\brave\brave-instrumentation-jms\5.6.5\brave-instrumentation-jms-5.6.5.jar;C:\Users\sfjbs\.m2\repository\org\springframework\boot\spring-boot-starter-web\2.1.7.RELEASE\spring-boot-starter-web-2.1.7.RELEASE.jar;C:\Users\sfjbs\.m2\repository\org\springframework\boot\spring-boot-starter\2.1.7.RELEASE\spring-boot-starter-2.1.7.RELEASE.jar;C:\Users\sfjbs\.m2\repository\org\springframework\boot\spring-boot\2.1.7.RELEASE\spring-boot-2.1.7.RELEASE.jar;C:\Users\sfjbs\.m2\repository\org\springframework\boot\spring-boot-autoconfigure\2.1.7.RELEASE\spring-boot-autoconfigure-2.1.7.RELEASE.jar;C:\Users\sfjbs\.m2\repository\org\springframework\boot\spring-boot-starter-logging\2.1.7.RELEASE\spring-boot-starter-logging-2.1.7.RELEASE.jar;C:\Users\sfjbs\.m2\repository\ch\qos\logback\logback-classic\1.2.3\logback-classic-1.2.3.jar;C:\Users\sfjbs\.m2\repository\ch\qos\logback\logback-core\1.2.3\logback-core-1.2.3.jar;C:\Users\sfjbs\.m2\repository\org\apache\logging\log4j\log4j-to-slf4j\2.11.2\log4j-to-slf4j-2.11.2.jar;C:\Users\sfjbs\.m2\repository\javax\annotation\javax.annotation-api\1.3.2\javax.annotation-api-1.3.2.jar;C:\Users\sfjbs\.m2\repository\org\springframework\spring-core\5.1.9.RELEASE\spring-core-5.1.9.RELEASE.jar;C:\Users\sfjbs\.m2\repository\org\springframework\spring-jcl\5.1.9.RELEASE\spring-jcl-5.1.9.RELEASE.jar;C:\Users\sfjbs\.m2\repository\org\yaml\snakeyaml\1.23\snakeyaml-1.23.jar;C:\Users\sfjbs\.m2\repository\org\springframework\boot\spring-boot-starter-json\2.1.7.RELEASE\spring-boot-starter-json-2.1.7.RELEASE.jar;C:\Users\sfjbs\.m2\repository\com\fasterxml\jackson\core\jackson-databind\2.9.9\jackson-databind-2.9.9.jar;C:\Users\sfjbs\.m2\repository\com\fasterxml\jackson\core\jackson-annotations\2.9.0\jackson-annotations-2.9.0.jar;C:\Users\sfjbs\.m2\repository\com\fasterxml\jackson\core\jackson-core\2.9.9\jackson-core-2.9.9.jar;C:\Users\sfjbs\.m2\repository\com\fasterxml\jackson\datatype\jackson-datatype-jdk8\2.9.9\jackson-datatype-jdk8-2.9.9.jar;C:\Users\sfjbs\.m2\repository\com\fasterxml\jackson\datatype\jackson-datatype-jsr310\2.9.9\jackson-datatype-jsr310-2.9.9.jar;C:\Users\sfjbs\.m2\repository\com\fasterxml\jackson\module\jackson-module-parameter-names\2.9.9\jackson-module-parameter-names-2.9.9.jar;C:\Users\sfjbs\.m2\repository\org\springframework\boot\spring-boot-starter-tomcat\2.1.7.RELEASE\spring-boot-starter-tomcat-2.1.7.RELEASE.jar;C:\Users\sfjbs\.m2\repository\org\apache\tomcat\embed\tomcat-embed-core\9.0.22\tomcat-embed-core-9.0.22.jar;C:\Users\sfjbs\.m2\repository\org\apache\tomcat\embed\tomcat-embed-el\9.0.22\tomcat-embed-el-9.0.22.jar;C:\Users\sfjbs\.m2\repository\org\apache\tomcat\embed\tomcat-embed-websocket\9.0.22\tomcat-embed-websocket-9.0.22.jar;C:\Users\sfjbs\.m2\repository\org\hibernate\validator\hibernate-validator\6.0.17.Final\hibernate-validator-6.0.17.Final.jar;C:\Users\sfjbs\.m2\repository\javax\validation\validation-api\2.0.1.Final\validation-api-2.0.1.Final.jar;C:\Users\sfjbs\.m2\repository\org\jboss\logging\jboss-logging\3.3.2.Final\jboss-logging-3.3.2.Final.jar;C:\Users\sfjbs\.m2\repository\com\fasterxml\classmate\1.4.0\classmate-1.4.0.jar;C:\Users\sfjbs\.m2\repository\org\springframework\spring-web\5.1.9.RELEASE\spring-web-5.1.9.RELEASE.jar;C:\Users\sfjbs\.m2\repository\org\springframework\spring-beans\5.1.9.RELEASE\spring-beans-5.1.9.RELEASE.jar;C:\Users\sfjbs\.m2\repository\org\springframework\spring-webmvc\5.1.9.RELEASE\spring-webmvc-5.1.9.RELEASE.jar;C:\Users\sfjbs\.m2\repository\org\springframework\spring-expression\5.1.9.RELEASE\spring-expression-5.1.9.RELEASE.jar;C:\Users\sfjbs\.m2\repository\org\springframework\boot\spring-boot-starter-log4j2\2.1.7.RELEASE\spring-boot-starter-log4j2-2.1.7.RELEASE.jar;C:\Users\sfjbs\.m2\repository\org\apache\logging\log4j\log4j-slf4j-impl\2.11.2\log4j-slf4j-impl-2.11.2.jar;C:\Users\sfjbs\.m2\repository\org\slf4j\slf4j-api\1.7.26\slf4j-api-1.7.26.jar;C:\Users\sfjbs\.m2\repository\org\apache\logging\log4j\log4j-api\2.11.2\log4j-api-2.11.2.jar;C:\Users\sfjbs\.m2\repository\org\apache\logging\log4j\log4j-core\2.11.2\log4j-core-2.11.2.jar;C:\Users\sfjbs\.m2\repository\org\apache\logging\log4j\log4j-jul\2.11.2\log4j-jul-2.11.2.jar;C:\Users\sfjbs\.m2\repository\org\slf4j\jul-to-slf4j\1.7.26\jul-to-slf4j-1.7.26.jar;C:\Users\sfjbs\.m2\repository\org\springframework\cloud\spring-cloud-starter-zipkin\2.1.2.RELEASE\spring-cloud-starter-zipkin-2.1.2.RELEASE.jar;C:\Users\sfjbs\.m2\repository\org\springframework\cloud\spring-cloud-sleuth-zipkin\2.1.2.RELEASE\spring-cloud-sleuth-zipkin-2.1.2.RELEASE.jar;C:\Users\sfjbs\.m2\repository\io\zipkin\zipkin2\zipkin\2.14.2\zipkin-2.14.2.jar;C:\Users\sfjbs\.m2\repository\io\zipkin\reporter2\zipkin-reporter\2.8.4\zipkin-reporter-2.8.4.jar;C:\Users\sfjbs\.m2\repository\io\zipkin\reporter2\zipkin-sender-kafka\2.8.4\zipkin-sender-kafka-2.8.4.jar;C:\Users\sfjbs\.m2\repository\io\zipkin\reporter2\zipkin-sender-amqp-client\2.8.4\zipkin-sender-amqp-client-2.8.4.jar
Launcher Type: SUN_STANDARD

[Global flags]
     intx CICompilerCount                          = 2                                         {product} {ergonomic}
     uint ConcGCThreads                            = 1                                         {product} {ergonomic}
     uint G1ConcRefinementThreads                  = 2                                         {product} {ergonomic}
   size_t G1HeapRegionSize                         = 1048576                                   {product} {ergonomic}
    uintx GCDrainStackTargetSize                   = 64                                        {product} {ergonomic}
   size_t InitialHeapSize                          = 134217728                                 {product} {ergonomic}
   size_t MarkStackSize                            = 4194304                                   {product} {ergonomic}
   size_t MaxHeapSize                              = 2147483648                                {product} {ergonomic}
   size_t MaxNewSize                               = 1287651328                                {product} {ergonomic}
   size_t MinHeapDeltaBytes                        = 1048576                                   {product} {ergonomic}
   size_t MinHeapSize                              = 8388608                                   {product} {ergonomic}
    uintx NonNMethodCodeHeapSize                   = 5826188                                {pd product} {ergonomic}
    uintx NonProfiledCodeHeapSize                  = 122916026                              {pd product} {ergonomic}
    uintx ProfiledCodeHeapSize                     = 122916026                              {pd product} {ergonomic}
    uintx ReservedCodeCacheSize                    = 251658240                              {pd product} {ergonomic}
     bool SegmentedCodeCache                       = true                                      {product} {ergonomic}
   size_t SoftMaxHeapSize                          = 2147483648                             {manageable} {ergonomic}
     bool UseCompressedClassPointers               = true                           {product lp64_product} {ergonomic}
     bool UseCompressedOops                        = true                           {product lp64_product} {ergonomic}
     bool UseG1GC                                  = true                                      {product} {ergonomic}
     bool UseLargePagesIndividualAllocation        = false                                  {pd product} {ergonomic}

Logging:
Log output configuration:
 #0: stdout all=warning uptime,level,tags foldmultilines=false
 #1: stderr all=off uptime,level,tags foldmultilines=false

Environment Variables:
PATH=C:\Program Files\Common Files\Oracle\Java\javapath;C:\Windows\system32;C:\Windows;C:\Windows\System32\Wbem;C:\Windows\System32\WindowsPowerShell\v1.0\;C:\Windows\System32\OpenSSH\;C:\Program Files\PuTTY\;C:\Program Files\Git\cmd;C:\Program Files\Docker\Docker\resources\bin;C:\ProgramData\DockerDesktop\version-bin;C:\Users\sfjbs\Downloads\apache-maven-3.8.6-bin\apache-maven-3.8.6\bin;C:\Users\sfjbs\Downloads\apache-maven-3.8.6-bin\apache-maven-3.8.6\lib;C:\Users\sfjbs\AppData\Local\Microsoft\WindowsApps;C:\Program Files\JetBrains\IntelliJ IDEA Community Edition 2022.2.1\bin;;C:\Users\sfjbs\Downloads\apache-maven-3.8.6-bin\apache-maven-3.8.6\bin;C:\Users\sfjbs\Downloads\apache-maven-3.8.6-bin\apache-maven-3.8.6\lib;
USERNAME=sfjbs
OS=Windows_NT
PROCESSOR_IDENTIFIER=Intel64 Family 6 Model 85 Stepping 7, GenuineIntel



---------------  S Y S T E M  ---------------

OS:
 Windows 10 , 64 bit Build 19041 (10.0.19041.1889)
OS uptime: 17 days 11:05 hours
Hyper-V role detected

CPU: total 2 (initial active 2) (1 cores per cpu, 2 threads per core) family 6 model 85 stepping 7 microcode 0xffffffff, cx8, cmov, fxsr, ht, mmx, 3dnowpref, sse, sse2, sse3, ssse3, sse4.1, sse4.2, popcnt, lzcnt, tsc, avx, avx2, aes, erms, clmul, bmi1, bmi2, rtm, adx, avx512f, avx512dq, avx512cd, avx512bw, avx512vl, fma, vzeroupper, clflush, clflushopt, hv

Memory: 4k page, system-wide physical 8190M (759M free)
TotalPageFile size 10238M (AvailPageFile size 3M)
current process WorkingSet (physical memory assigned to process): 81M, peak: 81M
current process commit charge ("private bytes"): 220M, peak: 220M

vm_info: OpenJDK 64-Bit Server VM (18.0.2.1+1-1) for windows-amd64 JRE (18.0.2.1+1-1), built on Aug 16 2022 01:44:29 by "mach5one" with MS VC++ 16.8 / 16.9 (VS2019)

END.
