#
# There is insufficient memory for the Java Runtime Environment to continue.
# Native memory allocation (mmap) failed to map 27262976 bytes for G1 virtual space
# Possible reasons:
#   The system is out of physical RAM or swap space
#   The process is running with CompressedOops enabled, and the Java Heap may be blocking the growth of the native heap
# Possible solutions:
#   Reduce memory load on the system
#   Increase physical memory or swap space
#   Check if swap backing store is full
#   Decrease Java heap size (-Xmx/-Xms)
#   Decrease number of Java threads
#   Decrease Java thread stack sizes (-Xss)
#   Set larger code cache with -XX:ReservedCodeCacheSize=
#   JVM is running with Unscaled Compressed Oops mode in which the Java heap is
#     placed in the first 4GB address space. The Java Heap base address is the
#     maximum limit for the native heap growth. Please use -XX:HeapBaseMinAddress
#     to set the Java Heap base and to place the Java Heap above 4GB virtual address.
# This output file may be truncated or incomplete.
#
#  Out of Memory Error (os_windows.cpp:3530), pid=51148, tid=169712
#
# JRE version: OpenJDK Runtime Environment (18.0.2.1+1) (build 18.0.2.1+1-1)
# Java VM: OpenJDK 64-Bit Server VM (18.0.2.1+1-1, mixed mode, sharing, tiered, compressed oops, compressed class ptrs, g1 gc, windows-amd64)
# No core dump will be written. Minidumps are not enabled by default on client versions of Windows
#

---------------  S U M M A R Y ------------

Command Line: -javaagent:C:\Program Files\JetBrains\IntelliJ IDEA Community Edition 2022.2.1\lib\idea_rt.jar=59631:C:\Program Files\JetBrains\IntelliJ IDEA Community Edition 2022.2.1\bin -Dfile.encoding=UTF-8 -Dsun.stdout.encoding=UTF-8 -Dsun.stderr.encoding=UTF-8 com.training.Microservice5Application

Host: Intel(R) Xeon(R) Platinum 8272CL CPU @ 2.60GHz, 2 cores, 7G,  Windows 10 , 64 bit Build 19041 (10.0.19041.1889)
Time: Thu Sep  8 06:43:21 2022 Coordinated Universal Time elapsed time: 3.180231 seconds (0d 0h 0m 3s)

---------------  T H R E A D  ---------------

Current thread (0x000001727f2f5230):  VMThread "VM Thread" [stack: 0x0000005ea9b00000,0x0000005ea9c00000] [id=169712]

Stack: [0x0000005ea9b00000,0x0000005ea9c00000]
Native frames: (J=compiled Java code, j=interpreted, Vv=VM code, C=native code)
V  [jvm.dll+0x6993aa]
V  [jvm.dll+0x7f46dd]
V  [jvm.dll+0x7f5fee]
V  [jvm.dll+0x7f66a3]
V  [jvm.dll+0x25cf1f]
V  [jvm.dll+0x6962f9]
V  [jvm.dll+0x68ae2a]
V  [jvm.dll+0x32255b]
V  [jvm.dll+0x329f36]
V  [jvm.dll+0x37eade]
V  [jvm.dll+0x37ed0f]
V  [jvm.dll+0x2fa2da]
V  [jvm.dll+0x2fa387]
V  [jvm.dll+0x33e8c2]
V  [jvm.dll+0x33ce64]
V  [jvm.dll+0x2f9ab0]
V  [jvm.dll+0x33c43b]
V  [jvm.dll+0x7fb48b]
V  [jvm.dll+0x7fc224]
V  [jvm.dll+0x7fc75c]
V  [jvm.dll+0x7fcbb4]
V  [jvm.dll+0x7fcc77]
V  [jvm.dll+0x7a120a]
V  [jvm.dll+0x698255]
C  [ucrtbase.dll+0x21bb2]
C  [KERNEL32.DLL+0x17034]
C  [ntdll.dll+0x52651]

VM_Operation (0x0000005eaabfba90): G1CollectForAllocation, mode: safepoint, requested by thread 0x0000017206368e50


---------------  P R O C E S S  ---------------

Threads class SMR info:
_java_thread_list=0x0000017206bae860, length=15, elements={
0x0000017263e773d0, 0x000001727f2f8870, 0x000001727f2f99b0, 0x000001727f3139a0,
0x000001727f316350, 0x000001727f317490, 0x000001727f317f70, 0x000001727f318c40,
0x000001727f320490, 0x000001727f321ef0, 0x0000017263f345f0, 0x000001727f7bb660,
0x000001727f732080, 0x000001720662f3e0, 0x0000017206368e50
}

Java Threads: ( => current thread )
  0x0000017263e773d0 JavaThread "main" [_thread_blocked, id=84180, stack(0x0000005ea9500000,0x0000005ea9600000)]
  0x000001727f2f8870 JavaThread "Reference Handler" daemon [_thread_blocked, id=89688, stack(0x0000005ea9c00000,0x0000005ea9d00000)]
  0x000001727f2f99b0 JavaThread "Finalizer" daemon [_thread_blocked, id=89332, stack(0x0000005ea9d00000,0x0000005ea9e00000)]
  0x000001727f3139a0 JavaThread "Signal Dispatcher" daemon [_thread_blocked, id=80964, stack(0x0000005ea9e00000,0x0000005ea9f00000)]
  0x000001727f316350 JavaThread "Attach Listener" daemon [_thread_blocked, id=85720, stack(0x0000005ea9f00000,0x0000005eaa000000)]
  0x000001727f317490 JavaThread "Service Thread" daemon [_thread_blocked, id=78396, stack(0x0000005eaa000000,0x0000005eaa100000)]
  0x000001727f317f70 JavaThread "Monitor Deflation Thread" daemon [_thread_blocked, id=97356, stack(0x0000005eaa100000,0x0000005eaa200000)]
  0x000001727f318c40 JavaThread "C2 CompilerThread0" daemon [_thread_blocked, id=41212, stack(0x0000005eaa200000,0x0000005eaa300000)]
  0x000001727f320490 JavaThread "C1 CompilerThread0" daemon [_thread_blocked, id=102896, stack(0x0000005eaa300000,0x0000005eaa400000)]
  0x000001727f321ef0 JavaThread "Sweeper thread" daemon [_thread_blocked, id=31176, stack(0x0000005eaa400000,0x0000005eaa500000)]
  0x0000017263f345f0 JavaThread "Common-Cleaner" daemon [_thread_blocked, id=87500, stack(0x0000005eaa500000,0x0000005eaa600000)]
  0x000001727f7bb660 JavaThread "Monitor Ctrl-Break" daemon [_thread_in_native, id=11508, stack(0x0000005eaa600000,0x0000005eaa700000)]
  0x000001727f732080 JavaThread "Notification Thread" daemon [_thread_blocked, id=69580, stack(0x0000005eaa700000,0x0000005eaa800000)]
  0x000001720662f3e0 JavaThread "Thread-0" [_thread_blocked, id=99592, stack(0x0000005eaaa00000,0x0000005eaab00000)]
  0x0000017206368e50 JavaThread "restartedMain" [_thread_blocked, id=71948, stack(0x0000005eaab00000,0x0000005eaac00000)]

Other Threads:
=>0x000001727f2f5230 VMThread "VM Thread" [stack: 0x0000005ea9b00000,0x0000005ea9c00000] [id=169712]
  0x000001727f74e020 WatcherThread "VM Periodic Task Thread" [stack: 0x0000005eaa800000,0x0000005eaa900000] [id=117472]
  0x0000017263ed85a0 WorkerThread "GC Thread#0" [stack: 0x0000005ea9600000,0x0000005ea9700000] [id=72324]
  0x000001727f8ce460 WorkerThread "GC Thread#1" [stack: 0x0000005eaa900000,0x0000005eaaa00000] [id=82092]
  0x0000017263eea3e0 ConcurrentGCThread "G1 Main Marker" [stack: 0x0000005ea9700000,0x0000005ea9800000] [id=99300]
  0x0000017263eeacd0 WorkerThread "G1 Conc#0" [stack: 0x0000005ea9800000,0x0000005ea9900000] [id=99424]
  0x0000017263f1d490 ConcurrentGCThread "G1 Refine#0" [stack: 0x0000005ea9900000,0x0000005ea9a00000] [id=67136]
  0x0000017263f1dda0 ConcurrentGCThread "G1 Service" [stack: 0x0000005ea9a00000,0x0000005ea9b00000] [id=85152]

Threads with active compile tasks:
C2 CompilerThread0     3197 2465 %     4       java.io.WinNTFileSystem::normalize @ 58 (224 bytes)

VM state: at safepoint (normal execution)

VM Mutex/Monitor currently owned by a thread:  ([mutex/lock_event])
[0x0000017263e73610] Threads_lock - owner thread: 0x000001727f2f5230
[0x0000017263e73970] Heap_lock - owner thread: 0x0000017206368e50

Heap address: 0x0000000080000000, size: 2048 MB, Compressed Oops mode: 32-bit

CDS archive(s) mapped at: [0x0000000800000000-0x0000000800ba0000-0x0000000800ba0000), size 12189696, SharedBaseAddress: 0x0000000800000000, ArchiveRelocationMode: 0.
Compressed class space mapped at: 0x0000000800c00000-0x0000000840c00000, reserved size: 1073741824
Narrow klass base: 0x0000000800000000, Narrow klass shift: 0, Narrow klass range: 0x100000000

GC Precious Log:
 CardTable entry size: 512
 Card Set container configuration: InlinePtr #cards 5 size 8 Array Of Cards #cards 12 size 40 Howl #buckets 4 coarsen threshold 1843 Howl Bitmap #cards 512 size 80 coarsen threshold 460 Card regions per heap region 1 cards per card region 2048
 CPUs: 2 total, 2 available
 Memory: 8190M
 Large Page Support: Disabled
 NUMA Support: Disabled
 Compressed Oops: Enabled (32-bit)
 Heap Region Size: 1M
 Heap Min Capacity: 8M
 Heap Initial Capacity: 128M
 Heap Max Capacity: 2G
 Pre-touch: Disabled
 Parallel Workers: 2
 Concurrent Workers: 1
 Concurrent Refinement Workers: 2
 Periodic GC: Disabled

Heap:
 garbage-first heap   total 131072K, used 8368K [0x0000000080000000, 0x0000000100000000)
  region size 1024K, 4 young (4096K), 4 survivors (4096K)
 Metaspace       used 17213K, committed 17472K, reserved 1114112K
  class space    used 2049K, committed 2176K, reserved 1048576K

Heap Regions: E=young(eden), S=young(survivor), O=old, HS=humongous(starts), HC=humongous(continues), CS=collection set, F=free, OA=open archive, CA=closed archive, TAMS=top-at-mark-start (previous, next)
|   0|0x0000000080000000, 0x0000000080100000, 0x0000000080100000|100%| O|  |TAMS 0x0000000080000000, 0x0000000080000000| Untracked 
|   1|0x0000000080100000, 0x0000000080200000, 0x0000000080200000|100%| O|  |TAMS 0x0000000080100000, 0x0000000080100000| Untracked 
|   2|0x0000000080200000, 0x0000000080300000, 0x0000000080300000|100%| O|  |TAMS 0x0000000080200000, 0x0000000080200000| Untracked 
|   3|0x0000000080300000, 0x0000000080400000, 0x0000000080400000|100%| O|  |TAMS 0x0000000080300000, 0x0000000080300000| Untracked 
|   4|0x0000000080400000, 0x000000008042c200, 0x0000000080500000| 17%| O|  |TAMS 0x0000000080400000, 0x0000000080400000| Untracked 
|   5|0x0000000080500000, 0x0000000080500000, 0x0000000080600000|  0%| F|  |TAMS 0x0000000080500000, 0x0000000080500000| Untracked 
|   6|0x0000000080600000, 0x0000000080600000, 0x0000000080700000|  0%| F|  |TAMS 0x0000000080600000, 0x0000000080600000| Untracked 
|   7|0x0000000080700000, 0x0000000080700000, 0x0000000080800000|  0%| F|  |TAMS 0x0000000080700000, 0x0000000080700000| Untracked 
|   8|0x0000000080800000, 0x0000000080800000, 0x0000000080900000|  0%| F|  |TAMS 0x0000000080800000, 0x0000000080800000| Untracked 
|   9|0x0000000080900000, 0x0000000080900000, 0x0000000080a00000|  0%| F|  |TAMS 0x0000000080900000, 0x0000000080900000| Untracked 
|  10|0x0000000080a00000, 0x0000000080a00000, 0x0000000080b00000|  0%| F|  |TAMS 0x0000000080a00000, 0x0000000080a00000| Untracked 
|  11|0x0000000080b00000, 0x0000000080b00000, 0x0000000080c00000|  0%| F|  |TAMS 0x0000000080b00000, 0x0000000080b00000| Untracked 
|  12|0x0000000080c00000, 0x0000000080c00000, 0x0000000080d00000|  0%| F|  |TAMS 0x0000000080c00000, 0x0000000080c00000| Untracked 
|  13|0x0000000080d00000, 0x0000000080d00000, 0x0000000080e00000|  0%| F|  |TAMS 0x0000000080d00000, 0x0000000080d00000| Untracked 
|  14|0x0000000080e00000, 0x0000000080e00000, 0x0000000080f00000|  0%| F|  |TAMS 0x0000000080e00000, 0x0000000080e00000| Untracked 
|  15|0x0000000080f00000, 0x0000000080f00000, 0x0000000081000000|  0%| F|  |TAMS 0x0000000080f00000, 0x0000000080f00000| Untracked 
|  16|0x0000000081000000, 0x0000000081000000, 0x0000000081100000|  0%| F|  |TAMS 0x0000000081000000, 0x0000000081000000| Untracked 
|  17|0x0000000081100000, 0x0000000081100000, 0x0000000081200000|  0%| F|  |TAMS 0x0000000081100000, 0x0000000081100000| Untracked 
|  18|0x0000000081200000, 0x0000000081200000, 0x0000000081300000|  0%| F|  |TAMS 0x0000000081200000, 0x0000000081200000| Untracked 
|  19|0x0000000081300000, 0x0000000081300000, 0x0000000081400000|  0%| F|  |TAMS 0x0000000081300000, 0x0000000081300000| Untracked 
|  20|0x0000000081400000, 0x0000000081400000, 0x0000000081500000|  0%| F|  |TAMS 0x0000000081400000, 0x0000000081400000| Untracked 
|  21|0x0000000081500000, 0x0000000081500000, 0x0000000081600000|  0%| F|  |TAMS 0x0000000081500000, 0x0000000081500000| Untracked 
|  22|0x0000000081600000, 0x0000000081600000, 0x0000000081700000|  0%| F|  |TAMS 0x0000000081600000, 0x0000000081600000| Untracked 
|  23|0x0000000081700000, 0x0000000081700000, 0x0000000081800000|  0%| F|  |TAMS 0x0000000081700000, 0x0000000081700000| Untracked 
|  24|0x0000000081800000, 0x0000000081800000, 0x0000000081900000|  0%| F|  |TAMS 0x0000000081800000, 0x0000000081800000| Untracked 
|  25|0x0000000081900000, 0x0000000081900000, 0x0000000081a00000|  0%| F|  |TAMS 0x0000000081900000, 0x0000000081900000| Untracked 
|  26|0x0000000081a00000, 0x0000000081a00000, 0x0000000081b00000|  0%| F|  |TAMS 0x0000000081a00000, 0x0000000081a00000| Untracked 
|  27|0x0000000081b00000, 0x0000000081b00000, 0x0000000081c00000|  0%| F|  |TAMS 0x0000000081b00000, 0x0000000081b00000| Untracked 
|  28|0x0000000081c00000, 0x0000000081c00000, 0x0000000081d00000|  0%| F|  |TAMS 0x0000000081c00000, 0x0000000081c00000| Untracked 
|  29|0x0000000081d00000, 0x0000000081d00000, 0x0000000081e00000|  0%| F|  |TAMS 0x0000000081d00000, 0x0000000081d00000| Untracked 
|  30|0x0000000081e00000, 0x0000000081e00000, 0x0000000081f00000|  0%| F|  |TAMS 0x0000000081e00000, 0x0000000081e00000| Untracked 
|  31|0x0000000081f00000, 0x0000000081f00000, 0x0000000082000000|  0%| F|  |TAMS 0x0000000081f00000, 0x0000000081f00000| Untracked 
|  32|0x0000000082000000, 0x0000000082000000, 0x0000000082100000|  0%| F|  |TAMS 0x0000000082000000, 0x0000000082000000| Untracked 
|  33|0x0000000082100000, 0x0000000082100000, 0x0000000082200000|  0%| F|  |TAMS 0x0000000082100000, 0x0000000082100000| Untracked 
|  34|0x0000000082200000, 0x0000000082200000, 0x0000000082300000|  0%| F|  |TAMS 0x0000000082200000, 0x0000000082200000| Untracked 
|  35|0x0000000082300000, 0x0000000082300000, 0x0000000082400000|  0%| F|  |TAMS 0x0000000082300000, 0x0000000082300000| Untracked 
|  36|0x0000000082400000, 0x0000000082400000, 0x0000000082500000|  0%| F|  |TAMS 0x0000000082400000, 0x0000000082400000| Untracked 
|  37|0x0000000082500000, 0x0000000082500000, 0x0000000082600000|  0%| F|  |TAMS 0x0000000082500000, 0x0000000082500000| Untracked 
|  38|0x0000000082600000, 0x0000000082600000, 0x0000000082700000|  0%| F|  |TAMS 0x0000000082600000, 0x0000000082600000| Untracked 
|  39|0x0000000082700000, 0x0000000082700000, 0x0000000082800000|  0%| F|  |TAMS 0x0000000082700000, 0x0000000082700000| Untracked 
|  40|0x0000000082800000, 0x0000000082800000, 0x0000000082900000|  0%| F|  |TAMS 0x0000000082800000, 0x0000000082800000| Untracked 
|  41|0x0000000082900000, 0x0000000082900000, 0x0000000082a00000|  0%| F|  |TAMS 0x0000000082900000, 0x0000000082900000| Untracked 
|  42|0x0000000082a00000, 0x0000000082a00000, 0x0000000082b00000|  0%| F|  |TAMS 0x0000000082a00000, 0x0000000082a00000| Untracked 
|  43|0x0000000082b00000, 0x0000000082b00000, 0x0000000082c00000|  0%| F|  |TAMS 0x0000000082b00000, 0x0000000082b00000| Untracked 
|  44|0x0000000082c00000, 0x0000000082c00000, 0x0000000082d00000|  0%| F|  |TAMS 0x0000000082c00000, 0x0000000082c00000| Untracked 
|  45|0x0000000082d00000, 0x0000000082d00000, 0x0000000082e00000|  0%| F|  |TAMS 0x0000000082d00000, 0x0000000082d00000| Untracked 
|  46|0x0000000082e00000, 0x0000000082e00000, 0x0000000082f00000|  0%| F|  |TAMS 0x0000000082e00000, 0x0000000082e00000| Untracked 
|  47|0x0000000082f00000, 0x0000000082f00000, 0x0000000083000000|  0%| F|  |TAMS 0x0000000082f00000, 0x0000000082f00000| Untracked 
|  48|0x0000000083000000, 0x0000000083000000, 0x0000000083100000|  0%| F|  |TAMS 0x0000000083000000, 0x0000000083000000| Untracked 
|  49|0x0000000083100000, 0x0000000083100000, 0x0000000083200000|  0%| F|  |TAMS 0x0000000083100000, 0x0000000083100000| Untracked 
|  50|0x0000000083200000, 0x0000000083200000, 0x0000000083300000|  0%| F|  |TAMS 0x0000000083200000, 0x0000000083200000| Untracked 
|  51|0x0000000083300000, 0x0000000083300000, 0x0000000083400000|  0%| F|  |TAMS 0x0000000083300000, 0x0000000083300000| Untracked 
|  52|0x0000000083400000, 0x0000000083400000, 0x0000000083500000|  0%| F|  |TAMS 0x0000000083400000, 0x0000000083400000| Untracked 
|  53|0x0000000083500000, 0x0000000083500000, 0x0000000083600000|  0%| F|  |TAMS 0x0000000083500000, 0x0000000083500000| Untracked 
|  54|0x0000000083600000, 0x0000000083600000, 0x0000000083700000|  0%| F|  |TAMS 0x0000000083600000, 0x0000000083600000| Untracked 
|  55|0x0000000083700000, 0x0000000083700000, 0x0000000083800000|  0%| F|  |TAMS 0x0000000083700000, 0x0000000083700000| Untracked 
|  56|0x0000000083800000, 0x0000000083800000, 0x0000000083900000|  0%| F|  |TAMS 0x0000000083800000, 0x0000000083800000| Untracked 
|  57|0x0000000083900000, 0x0000000083900000, 0x0000000083a00000|  0%| F|  |TAMS 0x0000000083900000, 0x0000000083900000| Untracked 
|  58|0x0000000083a00000, 0x0000000083a00000, 0x0000000083b00000|  0%| F|  |TAMS 0x0000000083a00000, 0x0000000083a00000| Untracked 
|  59|0x0000000083b00000, 0x0000000083b00000, 0x0000000083c00000|  0%| F|  |TAMS 0x0000000083b00000, 0x0000000083b00000| Untracked 
|  60|0x0000000083c00000, 0x0000000083c00000, 0x0000000083d00000|  0%| F|  |TAMS 0x0000000083c00000, 0x0000000083c00000| Untracked 
|  61|0x0000000083d00000, 0x0000000083d00000, 0x0000000083e00000|  0%| F|  |TAMS 0x0000000083d00000, 0x0000000083d00000| Untracked 
|  62|0x0000000083e00000, 0x0000000083e00000, 0x0000000083f00000|  0%| F|  |TAMS 0x0000000083e00000, 0x0000000083e00000| Untracked 
|  63|0x0000000083f00000, 0x0000000083f00000, 0x0000000084000000|  0%| F|  |TAMS 0x0000000083f00000, 0x0000000083f00000| Untracked 
|  64|0x0000000084000000, 0x0000000084000000, 0x0000000084100000|  0%| F|  |TAMS 0x0000000084000000, 0x0000000084000000| Untracked 
|  65|0x0000000084100000, 0x0000000084100000, 0x0000000084200000|  0%| F|  |TAMS 0x0000000084100000, 0x0000000084100000| Untracked 
|  66|0x0000000084200000, 0x0000000084200000, 0x0000000084300000|  0%| F|  |TAMS 0x0000000084200000, 0x0000000084200000| Untracked 
|  67|0x0000000084300000, 0x0000000084300000, 0x0000000084400000|  0%| F|  |TAMS 0x0000000084300000, 0x0000000084300000| Untracked 
|  68|0x0000000084400000, 0x0000000084400000, 0x0000000084500000|  0%| F|  |TAMS 0x0000000084400000, 0x0000000084400000| Untracked 
|  69|0x0000000084500000, 0x0000000084500000, 0x0000000084600000|  0%| F|  |TAMS 0x0000000084500000, 0x0000000084500000| Untracked 
|  70|0x0000000084600000, 0x0000000084600000, 0x0000000084700000|  0%| F|  |TAMS 0x0000000084600000, 0x0000000084600000| Untracked 
|  71|0x0000000084700000, 0x0000000084700000, 0x0000000084800000|  0%| F|  |TAMS 0x0000000084700000, 0x0000000084700000| Untracked 
|  72|0x0000000084800000, 0x0000000084800000, 0x0000000084900000|  0%| F|  |TAMS 0x0000000084800000, 0x0000000084800000| Untracked 
|  73|0x0000000084900000, 0x0000000084900000, 0x0000000084a00000|  0%| F|  |TAMS 0x0000000084900000, 0x0000000084900000| Untracked 
|  74|0x0000000084a00000, 0x0000000084a00000, 0x0000000084b00000|  0%| F|  |TAMS 0x0000000084a00000, 0x0000000084a00000| Untracked 
|  75|0x0000000084b00000, 0x0000000084b00000, 0x0000000084c00000|  0%| F|  |TAMS 0x0000000084b00000, 0x0000000084b00000| Untracked 
|  76|0x0000000084c00000, 0x0000000084c00000, 0x0000000084d00000|  0%| F|  |TAMS 0x0000000084c00000, 0x0000000084c00000| Untracked 
|  77|0x0000000084d00000, 0x0000000084d00000, 0x0000000084e00000|  0%| F|  |TAMS 0x0000000084d00000, 0x0000000084d00000| Untracked 
|  78|0x0000000084e00000, 0x0000000084e00000, 0x0000000084f00000|  0%| F|  |TAMS 0x0000000084e00000, 0x0000000084e00000| Untracked 
|  79|0x0000000084f00000, 0x0000000084f00000, 0x0000000085000000|  0%| F|  |TAMS 0x0000000084f00000, 0x0000000084f00000| Untracked 
|  80|0x0000000085000000, 0x0000000085000000, 0x0000000085100000|  0%| F|  |TAMS 0x0000000085000000, 0x0000000085000000| Untracked 
|  81|0x0000000085100000, 0x0000000085100000, 0x0000000085200000|  0%| F|  |TAMS 0x0000000085100000, 0x0000000085100000| Untracked 
|  82|0x0000000085200000, 0x0000000085200000, 0x0000000085300000|  0%| F|  |TAMS 0x0000000085200000, 0x0000000085200000| Untracked 
|  83|0x0000000085300000, 0x0000000085300000, 0x0000000085400000|  0%| F|  |TAMS 0x0000000085300000, 0x0000000085300000| Untracked 
|  84|0x0000000085400000, 0x0000000085500000, 0x0000000085500000|100%| S|CS|TAMS 0x0000000085400000, 0x0000000085400000| Complete 
|  85|0x0000000085500000, 0x0000000085600000, 0x0000000085600000|100%| S|CS|TAMS 0x0000000085500000, 0x0000000085500000| Complete 
|  86|0x0000000085600000, 0x0000000085700000, 0x0000000085700000|100%| S|CS|TAMS 0x0000000085600000, 0x0000000085600000| Complete 
|  87|0x0000000085700000, 0x0000000085800000, 0x0000000085800000|100%| S|CS|TAMS 0x0000000085700000, 0x0000000085700000| Complete 
|  88|0x0000000085800000, 0x0000000085800000, 0x0000000085900000|  0%| F|  |TAMS 0x0000000085800000, 0x0000000085800000| Untracked 
|  89|0x0000000085900000, 0x0000000085900000, 0x0000000085a00000|  0%| F|  |TAMS 0x0000000085900000, 0x0000000085900000| Untracked 
|  90|0x0000000085a00000, 0x0000000085a00000, 0x0000000085b00000|  0%| F|  |TAMS 0x0000000085a00000, 0x0000000085a00000| Untracked 
|  91|0x0000000085b00000, 0x0000000085b00000, 0x0000000085c00000|  0%| F|  |TAMS 0x0000000085b00000, 0x0000000085b00000| Untracked 
|  92|0x0000000085c00000, 0x0000000085c00000, 0x0000000085d00000|  0%| F|  |TAMS 0x0000000085c00000, 0x0000000085c00000| Untracked 
|  93|0x0000000085d00000, 0x0000000085d00000, 0x0000000085e00000|  0%| F|  |TAMS 0x0000000085d00000, 0x0000000085d00000| Untracked 
|  94|0x0000000085e00000, 0x0000000085e00000, 0x0000000085f00000|  0%| F|  |TAMS 0x0000000085e00000, 0x0000000085e00000| Untracked 
|  95|0x0000000085f00000, 0x0000000085f00000, 0x0000000086000000|  0%| F|  |TAMS 0x0000000085f00000, 0x0000000085f00000| Untracked 
|  96|0x0000000086000000, 0x0000000086000000, 0x0000000086100000|  0%| F|  |TAMS 0x0000000086000000, 0x0000000086000000| Untracked 
|  97|0x0000000086100000, 0x0000000086100000, 0x0000000086200000|  0%| F|  |TAMS 0x0000000086100000, 0x0000000086100000| Untracked 
|  98|0x0000000086200000, 0x0000000086200000, 0x0000000086300000|  0%| F|  |TAMS 0x0000000086200000, 0x0000000086200000| Untracked 
|  99|0x0000000086300000, 0x0000000086300000, 0x0000000086400000|  0%| F|  |TAMS 0x0000000086300000, 0x0000000086300000| Untracked 
| 100|0x0000000086400000, 0x0000000086400000, 0x0000000086500000|  0%| F|  |TAMS 0x0000000086400000, 0x0000000086400000| Untracked 
| 101|0x0000000086500000, 0x0000000086500000, 0x0000000086600000|  0%| F|  |TAMS 0x0000000086500000, 0x0000000086500000| Untracked 
| 102|0x0000000086600000, 0x0000000086600000, 0x0000000086700000|  0%| F|  |TAMS 0x0000000086600000, 0x0000000086600000| Untracked 
| 103|0x0000000086700000, 0x0000000086700000, 0x0000000086800000|  0%| F|  |TAMS 0x0000000086700000, 0x0000000086700000| Untracked 
| 104|0x0000000086800000, 0x0000000086800000, 0x0000000086900000|  0%| F|  |TAMS 0x0000000086800000, 0x0000000086800000| Untracked 
| 105|0x0000000086900000, 0x0000000086900000, 0x0000000086a00000|  0%| F|  |TAMS 0x0000000086900000, 0x0000000086900000| Untracked 
| 106|0x0000000086a00000, 0x0000000086a00000, 0x0000000086b00000|  0%| F|  |TAMS 0x0000000086a00000, 0x0000000086a00000| Untracked 
| 107|0x0000000086b00000, 0x0000000086b00000, 0x0000000086c00000|  0%| F|  |TAMS 0x0000000086b00000, 0x0000000086b00000| Untracked 
| 108|0x0000000086c00000, 0x0000000086c00000, 0x0000000086d00000|  0%| F|  |TAMS 0x0000000086c00000, 0x0000000086c00000| Untracked 
| 109|0x0000000086d00000, 0x0000000086d00000, 0x0000000086e00000|  0%| F|  |TAMS 0x0000000086d00000, 0x0000000086d00000| Untracked 
| 110|0x0000000086e00000, 0x0000000086e00000, 0x0000000086f00000|  0%| F|  |TAMS 0x0000000086e00000, 0x0000000086e00000| Untracked 
| 111|0x0000000086f00000, 0x0000000086f00000, 0x0000000087000000|  0%| F|  |TAMS 0x0000000086f00000, 0x0000000086f00000| Untracked 
| 112|0x0000000087000000, 0x0000000087000000, 0x0000000087100000|  0%| F|  |TAMS 0x0000000087000000, 0x0000000087000000| Untracked 
| 113|0x0000000087100000, 0x0000000087100000, 0x0000000087200000|  0%| F|  |TAMS 0x0000000087100000, 0x0000000087100000| Untracked 
| 114|0x0000000087200000, 0x0000000087200000, 0x0000000087300000|  0%| F|  |TAMS 0x0000000087200000, 0x0000000087200000| Untracked 
| 115|0x0000000087300000, 0x0000000087300000, 0x0000000087400000|  0%| F|  |TAMS 0x0000000087300000, 0x0000000087300000| Untracked 
| 116|0x0000000087400000, 0x0000000087400000, 0x0000000087500000|  0%| F|  |TAMS 0x0000000087400000, 0x0000000087400000| Untracked 
| 117|0x0000000087500000, 0x0000000087500000, 0x0000000087600000|  0%| F|  |TAMS 0x0000000087500000, 0x0000000087500000| Untracked 
| 118|0x0000000087600000, 0x0000000087600000, 0x0000000087700000|  0%| F|  |TAMS 0x0000000087600000, 0x0000000087600000| Untracked 
| 119|0x0000000087700000, 0x0000000087700000, 0x0000000087800000|  0%| F|  |TAMS 0x0000000087700000, 0x0000000087700000| Untracked 
| 120|0x0000000087800000, 0x0000000087800000, 0x0000000087900000|  0%| F|  |TAMS 0x0000000087800000, 0x0000000087800000| Untracked 
| 121|0x0000000087900000, 0x0000000087900000, 0x0000000087a00000|  0%| F|  |TAMS 0x0000000087900000, 0x0000000087900000| Untracked 
| 122|0x0000000087a00000, 0x0000000087a00000, 0x0000000087b00000|  0%| F|  |TAMS 0x0000000087a00000, 0x0000000087a00000| Untracked 
| 123|0x0000000087b00000, 0x0000000087b00000, 0x0000000087c00000|  0%| F|  |TAMS 0x0000000087b00000, 0x0000000087b00000| Untracked 
| 124|0x0000000087c00000, 0x0000000087c00000, 0x0000000087d00000|  0%| F|  |TAMS 0x0000000087c00000, 0x0000000087c00000| Untracked 
| 125|0x0000000087d00000, 0x0000000087d00000, 0x0000000087e00000|  0%| F|  |TAMS 0x0000000087d00000, 0x0000000087d00000| Untracked 
| 126|0x0000000087e00000, 0x0000000087e00000, 0x0000000087f00000|  0%| F|  |TAMS 0x0000000087e00000, 0x0000000087e00000| Untracked 
| 127|0x0000000087f00000, 0x0000000087f00000, 0x0000000088000000|  0%| F|  |TAMS 0x0000000087f00000, 0x0000000087f00000| Untracked 

Card table byte_map: [0x000001727a7b0000,0x000001727abb0000] _byte_map_base: 0x000001727a3b0000

Marking Bits (Prev, Next): (CMBitMap*) 0x0000017263ed9ab0, (CMBitMap*) 0x0000017263ed9af0
 Prev Bits: [0x000001727afb0000, 0x000001727cfb0000)
 Next Bits: [0x000001727cfb0000, 0x000001727efb0000)

Polling page: 0x0000017261dd0000

Metaspace:

Usage:
  Non-class:     14.81 MB used.
      Class:      2.00 MB used.
       Both:     16.81 MB used.

Virtual space:
  Non-class space:       64.00 MB reserved,      14.94 MB ( 23%) committed,  1 nodes.
      Class space:        1.00 GB reserved,       2.12 MB ( <1%) committed,  1 nodes.
             Both:        1.06 GB reserved,      17.06 MB (  2%) committed. 

Chunk freelists:
   Non-Class:  544.00 KB
       Class:  1.86 MB
        Both:  2.39 MB

MaxMetaspaceSize: unlimited
CompressedClassSpaceSize: 1.00 GB
Initial GC threshold: 21.00 MB
Current GC threshold: 21.00 MB
CDS: on
MetaspaceReclaimPolicy: balanced
 - commit_granule_bytes: 65536.
 - commit_granule_words: 8192.
 - virtual_space_node_default_size: 8388608.
 - enlarge_chunks_in_place: 1.
 - new_chunks_are_fully_committed: 0.
 - uncommit_free_chunks: 1.
 - use_allocation_guard: 0.


Internal statistics:

num_allocs_failed_limit: 0.
num_arena_births: 210.
num_arena_deaths: 0.
num_vsnodes_births: 2.
num_vsnodes_deaths: 0.
num_space_committed: 273.
num_space_uncommitted: 0.
num_chunks_returned_to_freelist: 0.
num_chunks_taken_from_freelist: 771.
num_chunk_merges: 0.
num_chunk_splits: 521.
num_chunks_enlarged: 421.
num_inconsistent_stats: 0.

CodeHeap 'non-profiled nmethods': size=120064Kb used=914Kb max_used=914Kb free=119149Kb
 bounds [0x0000017273270000, 0x00000172734e0000, 0x000001727a7b0000]
CodeHeap 'profiled nmethods': size=120000Kb used=4915Kb max_used=4915Kb free=115084Kb
 bounds [0x000001726bd40000, 0x000001726c210000, 0x0000017273270000]
CodeHeap 'non-nmethods': size=5696Kb used=1200Kb max_used=1254Kb free=4495Kb
 bounds [0x000001726b7b0000, 0x000001726ba20000, 0x000001726bd40000]
 total_blobs=2938 nmethods=2468 adapters=382
 compilation: enabled
              stopped_count=0, restarted_count=0
 full_count=0

Compilation events (20 events):
Event: 3.134 Thread 0x000001727f320490 2461       3       org.springframework.util.StringUtils::containsText (37 bytes)
Event: 3.134 Thread 0x000001727f320490 nmethod 2461 0x000001726c202790 code [0x000001726c202980, 0x000001726c202ef8]
Event: 3.136 Thread 0x000001727f320490 2462       3       java.util.TreeMap::fixAfterInsertion (267 bytes)
Event: 3.137 Thread 0x000001727f318c40 nmethod 2447 0x0000017273353910 code [0x0000017273353ae0, 0x0000017273354318]
Event: 3.138 Thread 0x000001727f320490 nmethod 2462 0x000001726c203090 code [0x000001726c203540, 0x000001726c205c18]
Event: 3.138 Thread 0x000001727f320490 2463       3       java.util.Spliterator::forEachRemaining (11 bytes)
Event: 3.138 Thread 0x000001727f320490 nmethod 2463 0x000001726c206890 code [0x000001726c206a40, 0x000001726c206ce8]
Event: 3.138 Thread 0x000001727f320490 2464       3       java.util.stream.Collectors$$Lambda$154/0x0000000800cd0780::accept (11 bytes)
Event: 3.139 Thread 0x000001727f320490 nmethod 2464 0x000001726c206d90 code [0x000001726c206f40, 0x000001726c207228]
Event: 3.139 Thread 0x000001727f318c40 2465 %     4       java.io.WinNTFileSystem::normalize @ 58 (224 bytes)
Event: 3.139 Thread 0x000001727f320490 2466       3       java.util.RegularEnumSet::iterator (9 bytes)
Event: 3.140 Thread 0x000001727f320490 nmethod 2466 0x000001726c207310 code [0x000001726c2074c0, 0x000001726c207758]
Event: 3.140 Thread 0x000001727f320490 2467       3       org.springframework.core.annotation.MergedAnnotationsCollection::spliterator (10 bytes)
Event: 3.140 Thread 0x000001727f320490 nmethod 2467 0x000001726c207890 code [0x000001726c207a40, 0x000001726c207e38]
Event: 3.142 Thread 0x000001727f320490 2469       3       java.util.IdentityHashMap::get (60 bytes)
Event: 3.142 Thread 0x000001727f320490 nmethod 2469 0x000001726c207f90 code [0x000001726c208160, 0x000001726c2085e8]
Event: 3.150 Thread 0x000001727f320490 2471       3       org.springframework.boot.devtools.restart.classloader.RestartClassLoader::findClass (69 bytes)
Event: 3.152 Thread 0x000001727f320490 nmethod 2471 0x000001726c208810 code [0x000001726c208be0, 0x000001726c20a488]
Event: 3.152 Thread 0x000001727f320490 2472   !   3       java.net.URLClassLoader$1::run (81 bytes)
Event: 3.153 Thread 0x000001727f320490 nmethod 2472 0x000001726c20ad90 code [0x000001726c20b120, 0x000001726c20c6b8]

GC Heap History (9 events):
Event: 0.475 GC heap before
{Heap before GC invocations=0 (full 0):
 garbage-first heap   total 131072K, used 5120K [0x0000000080000000, 0x0000000100000000)
  region size 1024K, 6 young (6144K), 0 survivors (0K)
 Metaspace       used 2035K, committed 2176K, reserved 1114112K
  class space    used 178K, committed 256K, reserved 1048576K
}
Event: 0.480 GC heap after
{Heap after GC invocations=1 (full 0):
 garbage-first heap   total 131072K, used 2899K [0x0000000080000000, 0x0000000100000000)
  region size 1024K, 1 young (1024K), 1 survivors (1024K)
 Metaspace       used 2035K, committed 2176K, reserved 1114112K
  class space    used 178K, committed 256K, reserved 1048576K
}
Event: 0.841 GC heap before
{Heap before GC invocations=1 (full 0):
 garbage-first heap   total 131072K, used 6995K [0x0000000080000000, 0x0000000100000000)
  region size 1024K, 6 young (6144K), 1 survivors (1024K)
 Metaspace       used 3623K, committed 3776K, reserved 1114112K
  class space    used 362K, committed 448K, reserved 1048576K
}
Event: 0.847 GC heap after
{Heap after GC invocations=2 (full 0):
 garbage-first heap   total 131072K, used 4076K [0x0000000080000000, 0x0000000100000000)
  region size 1024K, 1 young (1024K), 1 survivors (1024K)
 Metaspace       used 3623K, committed 3776K, reserved 1114112K
  class space    used 362K, committed 448K, reserved 1048576K
}
Event: 1.174 GC heap before
{Heap before GC invocations=2 (full 0):
 garbage-first heap   total 131072K, used 12268K [0x0000000080000000, 0x0000000100000000)
  region size 1024K, 9 young (9216K), 1 survivors (1024K)
 Metaspace       used 5826K, committed 5952K, reserved 1114112K
  class space    used 640K, committed 704K, reserved 1048576K
}
Event: 1.179 GC heap after
{Heap after GC invocations=3 (full 0):
 garbage-first heap   total 131072K, used 5078K [0x0000000080000000, 0x0000000100000000)
  region size 1024K, 2 young (2048K), 2 survivors (2048K)
 Metaspace       used 5826K, committed 5952K, reserved 1114112K
  class space    used 640K, committed 704K, reserved 1048576K
}
Event: 1.802 GC heap before
{Heap before GC invocations=3 (full 0):
 garbage-first heap   total 131072K, used 18390K [0x0000000080000000, 0x0000000100000000)
  region size 1024K, 15 young (15360K), 2 survivors (2048K)
 Metaspace       used 9134K, committed 9344K, reserved 1114112K
  class space    used 1131K, committed 1216K, reserved 1048576K
}
Event: 1.812 GC heap after
{Heap after GC invocations=4 (full 0):
 garbage-first heap   total 131072K, used 6320K [0x0000000080000000, 0x0000000100000000)
  region size 1024K, 2 young (2048K), 2 survivors (2048K)
 Metaspace       used 9134K, committed 9344K, reserved 1114112K
  class space    used 1131K, committed 1216K, reserved 1048576K
}
Event: 3.158 GC heap before
{Heap before GC invocations=4 (full 0):
 garbage-first heap   total 131072K, used 44208K [0x0000000080000000, 0x0000000100000000)
  region size 1024K, 40 young (40960K), 2 survivors (2048K)
 Metaspace       used 17213K, committed 17472K, reserved 1114112K
  class space    used 2049K, committed 2176K, reserved 1048576K
}

Deoptimization events (20 events):
Event: 3.026 Thread 0x0000017206368e50 Uncommon trap: trap_request=0xffffffc6 fr.pc=0x00000172733080bc relative=0x00000000000002fc
Event: 3.026 Thread 0x0000017206368e50 Uncommon trap: reason=bimorphic_or_optimized_type_check action=maybe_recompile pc=0x00000172733080bc method=java.util.HashMap.getNode(Ljava/lang/Object;)Ljava/util/HashMap$Node; @ 128 c2
Event: 3.026 Thread 0x0000017206368e50 DEOPT PACKING pc=0x00000172733080bc sp=0x0000005eaabfe270
Event: 3.026 Thread 0x0000017206368e50 DEOPT UNPACKING pc=0x000001726b805c23 sp=0x0000005eaabfe1f8 mode 2
Event: 3.148 Thread 0x0000017206368e50 Uncommon trap: trap_request=0xffffffde fr.pc=0x000001727327b628 relative=0x00000000000001a8
Event: 3.148 Thread 0x0000017206368e50 Uncommon trap: reason=class_check action=maybe_recompile pc=0x000001727327b628 method=java.lang.String.equals(Ljava/lang/Object;)Z @ 8 c2
Event: 3.148 Thread 0x0000017206368e50 DEOPT PACKING pc=0x000001727327b628 sp=0x0000005eaabfe5c0
Event: 3.148 Thread 0x0000017206368e50 DEOPT UNPACKING pc=0x000001726b805c23 sp=0x0000005eaabfe558 mode 2
Event: 3.148 Thread 0x0000017206368e50 Uncommon trap: trap_request=0xffffffde fr.pc=0x000001727327b628 relative=0x00000000000001a8
Event: 3.148 Thread 0x0000017206368e50 Uncommon trap: reason=class_check action=maybe_recompile pc=0x000001727327b628 method=java.lang.String.equals(Ljava/lang/Object;)Z @ 8 c2
Event: 3.148 Thread 0x0000017206368e50 DEOPT PACKING pc=0x000001727327b628 sp=0x0000005eaabfe5c0
Event: 3.148 Thread 0x0000017206368e50 DEOPT UNPACKING pc=0x000001726b805c23 sp=0x0000005eaabfe558 mode 2
Event: 3.148 Thread 0x0000017206368e50 Uncommon trap: trap_request=0xffffffde fr.pc=0x000001727327b628 relative=0x00000000000001a8
Event: 3.148 Thread 0x0000017206368e50 Uncommon trap: reason=class_check action=maybe_recompile pc=0x000001727327b628 method=java.lang.String.equals(Ljava/lang/Object;)Z @ 8 c2
Event: 3.148 Thread 0x0000017206368e50 DEOPT PACKING pc=0x000001727327b628 sp=0x0000005eaabfe5c0
Event: 3.148 Thread 0x0000017206368e50 DEOPT UNPACKING pc=0x000001726b805c23 sp=0x0000005eaabfe558 mode 2
Event: 3.149 Thread 0x0000017206368e50 Uncommon trap: trap_request=0xffffffde fr.pc=0x000001727327b628 relative=0x00000000000001a8
Event: 3.149 Thread 0x0000017206368e50 Uncommon trap: reason=class_check action=maybe_recompile pc=0x000001727327b628 method=java.lang.String.equals(Ljava/lang/Object;)Z @ 8 c2
Event: 3.149 Thread 0x0000017206368e50 DEOPT PACKING pc=0x000001727327b628 sp=0x0000005eaabfe220
Event: 3.149 Thread 0x0000017206368e50 DEOPT UNPACKING pc=0x000001726b805c23 sp=0x0000005eaabfe1b8 mode 2

Classes loaded (20 events):
Event: 2.276 Loading class java/util/Hashtable$EntrySet
Event: 2.276 Loading class java/util/Hashtable$EntrySet done
Event: 2.281 Loading class java/util/AbstractList$ListItr
Event: 2.281 Loading class java/util/AbstractList$Itr
Event: 2.281 Loading class java/util/AbstractList$Itr done
Event: 2.282 Loading class java/util/AbstractList$ListItr done
Event: 2.314 Loading class java/util/concurrent/ConcurrentLinkedDeque$Itr
Event: 2.314 Loading class java/util/concurrent/ConcurrentLinkedDeque$AbstractItr
Event: 2.314 Loading class java/util/concurrent/ConcurrentLinkedDeque$AbstractItr done
Event: 2.314 Loading class java/util/concurrent/ConcurrentLinkedDeque$Itr done
Event: 2.362 Loading class java/net/SocketException
Event: 2.363 Loading class java/net/SocketException done
Event: 2.396 Loading class java/util/regex/Pattern$LazyLoop
Event: 2.396 Loading class java/util/regex/Pattern$LazyLoop done
Event: 2.635 Loading class javax/naming/ldap/LdapContext
Event: 2.635 Loading class javax/naming/directory/DirContext
Event: 2.635 Loading class javax/naming/directory/DirContext done
Event: 2.635 Loading class javax/naming/ldap/LdapContext done
Event: 2.686 Loading class java/lang/Deprecated
Event: 2.686 Loading class java/lang/Deprecated done

Classes unloaded (0 events):
No events

Classes redefined (0 events):
No events

Internal exceptions (20 events):
Event: 2.276 Thread 0x000001720679b030 Exception <a 'java/lang/NoSuchMethodError'{0x0000000086ae02a0}: 'long java.lang.invoke.DirectMethodHandle$Holder.invokeSpecial(java.lang.Object, java.lang.Object)'> (0x0000000086ae02a0) 
thrown [s\open\src\hotspot\share\interpreter\linkResolver.cpp, line 759]
Event: 2.277 Thread 0x000001720679b030 Exception <a 'java/lang/NoSuchMethodError'{0x0000000086aeb810}: 'long java.lang.invoke.DirectMethodHandle$Holder.invokeStatic(java.lang.Object, java.lang.Object)'> (0x0000000086aeb810) 
thrown [s\open\src\hotspot\share\interpreter\linkResolver.cpp, line 759]
Event: 2.278 Thread 0x000001720679b030 Exception <a 'java/lang/NoSuchMethodError'{0x0000000086aeee08}: 'long java.lang.invoke.DirectMethodHandle$Holder.invokeStaticInit(java.lang.Object, java.lang.Object)'> (0x0000000086aeee08) 
thrown [s\open\src\hotspot\share\interpreter\linkResolver.cpp, line 759]
Event: 2.283 Thread 0x0000017206368e50 Exception <a 'java/lang/ClassNotFoundException'{0x0000000086910fe0}: org/springframework/beans/factory/support/BeanDefinitionRegistryPostProcessorCustomizer> (0x0000000086910fe0) 
thrown [s\open\src\hotspot\share\classfile\systemDictionary.cpp, line 255]
Event: 2.284 Thread 0x0000017206368e50 Exception <a 'java/lang/ClassNotFoundException'{0x00000000869154a0}: org/springframework/beans/factory/config/BeanFactoryPostProcessorCustomizer> (0x00000000869154a0) 
thrown [s\open\src\hotspot\share\classfile\systemDictionary.cpp, line 255]
Event: 2.285 Thread 0x0000017206368e50 Exception <a 'java/lang/ClassNotFoundException'{0x0000000086919810}: org/springframework/core/PriorityOrderedCustomizer> (0x0000000086919810) 
thrown [s\open\src\hotspot\share\classfile\systemDictionary.cpp, line 255]
Event: 2.286 Thread 0x0000017206368e50 Exception <a 'java/lang/ClassNotFoundException'{0x000000008691c820}: org/springframework/core/OrderedCustomizer> (0x000000008691c820) 
thrown [s\open\src\hotspot\share\classfile\systemDictionary.cpp, line 255]
Event: 2.287 Thread 0x0000017206368e50 Exception <a 'java/lang/ClassNotFoundException'{0x00000000869209d8}: org/springframework/context/ResourceLoaderAwareCustomizer> (0x00000000869209d8) 
thrown [s\open\src\hotspot\share\classfile\systemDictionary.cpp, line 255]
Event: 2.304 Thread 0x0000017206368e50 Exception <a 'java/lang/ClassNotFoundException'{0x0000000086924d28}: org/springframework/beans/factory/AwareCustomizer> (0x0000000086924d28) 
thrown [s\open\src\hotspot\share\classfile\systemDictionary.cpp, line 255]
Event: 2.305 Thread 0x0000017206368e50 Exception <a 'java/lang/ClassNotFoundException'{0x0000000086928018}: org/springframework/context/ApplicationStartupAwareCustomizer> (0x0000000086928018) 
thrown [s\open\src\hotspot\share\classfile\systemDictionary.cpp, line 255]
Event: 2.305 Thread 0x0000017206368e50 Exception <a 'java/lang/ClassNotFoundException'{0x000000008692c5f0}: org/springframework/beans/factory/AwareCustomizer> (0x000000008692c5f0) 
thrown [s\open\src\hotspot\share\classfile\systemDictionary.cpp, line 255]
Event: 2.306 Thread 0x0000017206368e50 Exception <a 'java/lang/ClassNotFoundException'{0x0000000086972448}: org/springframework/beans/factory/BeanClassLoaderAwareCustomizer> (0x0000000086972448) 
thrown [s\open\src\hotspot\share\classfile\systemDictionary.cpp, line 255]
Event: 2.307 Thread 0x0000017206368e50 Exception <a 'java/lang/ClassNotFoundException'{0x0000000086976780}: org/springframework/beans/factory/AwareCustomizer> (0x0000000086976780) 
thrown [s\open\src\hotspot\share\classfile\systemDictionary.cpp, line 255]
Event: 2.307 Thread 0x0000017206368e50 Exception <a 'java/lang/ClassNotFoundException'{0x00000000869798b0}: org/springframework/context/EnvironmentAwareCustomizer> (0x00000000869798b0) 
thrown [s\open\src\hotspot\share\classfile\systemDictionary.cpp, line 255]
Event: 2.308 Thread 0x0000017206368e50 Exception <a 'java/lang/ClassNotFoundException'{0x000000008697db80}: org/springframework/beans/factory/AwareCustomizer> (0x000000008697db80) 
thrown [s\open\src\hotspot\share\classfile\systemDictionary.cpp, line 255]
Event: 2.311 Thread 0x000001720679b030 Exception <a 'java/lang/NoSuchMethodError'{0x0000000086afd1d0}: 'long java.lang.invoke.DirectMethodHandle$Holder.invokeInterface(java.lang.Object, java.lang.Object)'> (0x0000000086afd1d0) 
thrown [s\open\src\hotspot\share\interpreter\linkResolver.cpp, line 759]
Event: 2.312 Thread 0x000001720679b030 Exception <a 'java/lang/IncompatibleClassChangeError'{0x000000008699edd0}: Found class java.lang.Object, but interface was expected> (0x000000008699edd0) 
thrown [s\open\src\hotspot\share\interpreter\linkResolver.cpp, line 826]
Event: 2.328 Thread 0x000001720679b030 Exception <a 'java/lang/NoSuchMethodError'{0x0000000086826590}: 'java.lang.Object java.lang.invoke.DirectMethodHandle$Holder.invokeVirtual(java.lang.Object, java.lang.Object, java.lang.Object, java.lang.Object)'> (0x0000000086826590) 
thrown [s\open\src\hotspot\share\interpreter\linkResolver.cpp, line 759]
Event: 2.661 Thread 0x0000017206368e50 Exception <a 'java/lang/IncompatibleClassChangeError'{0x00000000862d4180}: Found class java.lang.Object, but interface was expected> (0x00000000862d4180) 
thrown [s\open\src\hotspot\share\interpreter\linkResolver.cpp, line 826]
Event: 2.729 Thread 0x0000017206368e50 Exception <a 'java/lang/NoSuchMethodError'{0x0000000086067968}: 'void java.lang.invoke.DirectMethodHandle$Holder.invokeInterface(java.lang.Object, java.lang.Object, java.lang.Object, java.lang.Object)'> (0x0000000086067968) 
thrown [s\open\src\hotspot\share\interpreter\linkResolver.cpp, line 759]

VM Operations (20 events):
Event: 1.179 Executing VM operation: G1CollectForAllocation done
Event: 1.498 Executing VM operation: HandshakeAllThreads
Event: 1.498 Executing VM operation: HandshakeAllThreads done
Event: 1.759 Executing VM operation: ICBufferFull
Event: 1.761 Executing VM operation: ICBufferFull done
Event: 1.802 Executing VM operation: G1CollectForAllocation
Event: 1.814 Executing VM operation: G1CollectForAllocation done
Event: 1.815 Executing VM operation: HandshakeAllThreads
Event: 1.815 Executing VM operation: HandshakeAllThreads done
Event: 1.816 Executing VM operation: HandshakeAllThreads
Event: 1.816 Executing VM operation: HandshakeAllThreads done
Event: 2.205 Executing VM operation: HandshakeAllThreads
Event: 2.215 Executing VM operation: HandshakeAllThreads done
Event: 2.271 Executing VM operation: HandshakeAllThreads
Event: 2.271 Executing VM operation: HandshakeAllThreads done
Event: 2.374 Executing VM operation: HandshakeAllThreads
Event: 2.374 Executing VM operation: HandshakeAllThreads done
Event: 2.827 Executing VM operation: ICBufferFull
Event: 2.828 Executing VM operation: ICBufferFull done
Event: 3.158 Executing VM operation: G1CollectForAllocation

Events (20 events):
Event: 0.058 Thread 0x000001727f321ef0 Thread added: 0x000001727f321ef0
Event: 0.132 Thread 0x0000017263f345f0 Thread added: 0x0000017263f345f0
Event: 0.170 Loaded shared library C:\Program Files\Java\jdk-18.0.2.1\bin\zip.dll
Event: 0.173 Loaded shared library C:\Program Files\Java\jdk-18.0.2.1\bin\instrument.dll
Event: 0.181 Loaded shared library C:\Program Files\Java\jdk-18.0.2.1\bin\net.dll
Event: 0.183 Loaded shared library C:\Program Files\Java\jdk-18.0.2.1\bin\nio.dll
Event: 0.188 Loaded shared library C:\Program Files\Java\jdk-18.0.2.1\bin\zip.dll
Event: 0.312 Loaded shared library C:\Program Files\JetBrains\IntelliJ IDEA Community Edition 2022.2.1\bin\breakgen64.dll
Event: 0.313 Thread 0x000001727f7bb660 Thread added: 0x000001727f7bb660
Event: 0.313 Thread 0x000001727f732080 Thread added: 0x000001727f732080
Event: 0.359 Loaded shared library C:\Program Files\Java\jdk-18.0.2.1\bin\verify.dll
Event: 0.368 Loaded shared library C:\Program Files\Java\jdk-18.0.2.1\bin\jimage.dll
Event: 0.945 Loaded shared library C:\Program Files\Java\jdk-18.0.2.1\bin\management.dll
Event: 0.948 Loaded shared library C:\Program Files\Java\jdk-18.0.2.1\bin\management_ext.dll
Event: 1.004 Thread 0x000001720662f3e0 Thread added: 0x000001720662f3e0
Event: 1.011 Thread 0x0000017206368e50 Thread added: 0x0000017206368e50
Event: 1.748 Thread 0x000001720679b030 Thread added: 0x000001720679b030
Event: 2.356 Thread 0x000001720679b030 Thread exited: 0x000001720679b030
Event: 2.544 Thread 0x0000017206e60800 Thread added: 0x0000017206e60800
Event: 2.647 Thread 0x0000017206e60800 Thread exited: 0x0000017206e60800


Dynamic libraries:
0x00007ff69ab20000 - 0x00007ff69ab2e000 	C:\Program Files\Java\jdk-18.0.2.1\bin\java.exe
0x00007ffeb8df0000 - 0x00007ffeb8fe8000 	C:\Windows\SYSTEM32\ntdll.dll
0x00007ffeb71e0000 - 0x00007ffeb729d000 	C:\Windows\System32\KERNEL32.DLL
0x00007ffeb6b80000 - 0x00007ffeb6e4e000 	C:\Windows\System32\KERNELBASE.dll
0x00007ffeb69c0000 - 0x00007ffeb6ac0000 	C:\Windows\System32\ucrtbase.dll
0x00007ffea2c00000 - 0x00007ffea2c1a000 	C:\Program Files\Java\jdk-18.0.2.1\bin\VCRUNTIME140.dll
0x00007ffea2c20000 - 0x00007ffea2c37000 	C:\Program Files\Java\jdk-18.0.2.1\bin\jli.dll
0x00007ffeb7040000 - 0x00007ffeb71e0000 	C:\Windows\System32\USER32.dll
0x00007ffeb6510000 - 0x00007ffeb6532000 	C:\Windows\System32\win32u.dll
0x00007ffeb7580000 - 0x00007ffeb75aa000 	C:\Windows\System32\GDI32.dll
0x00007ffeb6540000 - 0x00007ffeb664b000 	C:\Windows\System32\gdi32full.dll
0x00007ffea57f0000 - 0x00007ffea5a8a000 	C:\Windows\WinSxS\amd64_microsoft.windows.common-controls_6595b64144ccf1df_6.0.19041.1110_none_60b5254171f9507e\COMCTL32.dll
0x00007ffeb68b0000 - 0x00007ffeb694d000 	C:\Windows\System32\msvcp_win.dll
0x00007ffeb8d10000 - 0x00007ffeb8dae000 	C:\Windows\System32\msvcrt.dll
0x00007ffeb6e50000 - 0x00007ffeb6e80000 	C:\Windows\System32\IMM32.DLL
0x00007ffea44d0000 - 0x00007ffea44dc000 	C:\Program Files\Java\jdk-18.0.2.1\bin\vcruntime140_1.dll
0x00007ffe97580000 - 0x00007ffe9760d000 	C:\Program Files\Java\jdk-18.0.2.1\bin\msvcp140.dll
0x00007ffe80340000 - 0x00007ffe80f51000 	C:\Program Files\Java\jdk-18.0.2.1\bin\server\jvm.dll
0x00007ffeb72a0000 - 0x00007ffeb734e000 	C:\Windows\System32\ADVAPI32.dll
0x00007ffeb7ee0000 - 0x00007ffeb7f7c000 	C:\Windows\System32\sechost.dll
0x00007ffeb8130000 - 0x00007ffeb8255000 	C:\Windows\System32\RPCRT4.dll
0x00007ffeb7640000 - 0x00007ffeb7648000 	C:\Windows\System32\PSAPI.DLL
0x00007ffea4870000 - 0x00007ffea4879000 	C:\Windows\SYSTEM32\WSOCK32.dll
0x00007ffea4840000 - 0x00007ffea4867000 	C:\Windows\SYSTEM32\WINMM.dll
0x00007ffeb7e70000 - 0x00007ffeb7edb000 	C:\Windows\System32\WS2_32.dll
0x00007ffeadd30000 - 0x00007ffeadd3a000 	C:\Windows\SYSTEM32\VERSION.dll
0x00007ffeb43f0000 - 0x00007ffeb4402000 	C:\Windows\SYSTEM32\kernel.appcore.dll
0x00007ffea38c0000 - 0x00007ffea38ca000 	C:\Program Files\Java\jdk-18.0.2.1\bin\jimage.dll
0x00007ffeaef30000 - 0x00007ffeaf114000 	C:\Windows\SYSTEM32\DBGHELP.DLL
0x00007ffeaf260000 - 0x00007ffeaf28c000 	C:\Windows\SYSTEM32\dbgcore.DLL
0x00007ffeb6af0000 - 0x00007ffeb6b72000 	C:\Windows\System32\bcryptPrimitives.dll
0x00007ffea3280000 - 0x00007ffea328e000 	C:\Program Files\Java\jdk-18.0.2.1\bin\instrument.dll
0x00007ffea2bd0000 - 0x00007ffea2bf5000 	C:\Program Files\Java\jdk-18.0.2.1\bin\java.dll
0x00007ffe948e0000 - 0x00007ffe949b6000 	C:\Program Files\Java\jdk-18.0.2.1\bin\jsvml.dll
0x00007ffeb7650000 - 0x00007ffeb7d94000 	C:\Windows\System32\SHELL32.dll
0x00007ffeb45f0000 - 0x00007ffeb4d84000 	C:\Windows\SYSTEM32\windows.storage.dll
0x00007ffeb8520000 - 0x00007ffeb8874000 	C:\Windows\System32\combase.dll
0x00007ffeb5dc0000 - 0x00007ffeb5df0000 	C:\Windows\SYSTEM32\Wldp.dll
0x00007ffeb7470000 - 0x00007ffeb751d000 	C:\Windows\System32\SHCORE.dll
0x00007ffeb6f00000 - 0x00007ffeb6f55000 	C:\Windows\System32\shlwapi.dll
0x00007ffeb6450000 - 0x00007ffeb646f000 	C:\Windows\SYSTEM32\profapi.dll
0x00007ffea2760000 - 0x00007ffea2778000 	C:\Program Files\Java\jdk-18.0.2.1\bin\zip.dll
0x00007ffea2bb0000 - 0x00007ffea2bc3000 	C:\Program Files\Java\jdk-18.0.2.1\bin\net.dll
0x00007ffead640000 - 0x00007ffead74a000 	C:\Windows\SYSTEM32\WINHTTP.dll
0x00007ffeb5ba0000 - 0x00007ffeb5c0a000 	C:\Windows\system32\mswsock.dll
0x00007ffea29d0000 - 0x00007ffea29e6000 	C:\Program Files\Java\jdk-18.0.2.1\bin\nio.dll
0x00007ffea26e0000 - 0x00007ffea26fa000 	C:\Program Files\JetBrains\IntelliJ IDEA Community Edition 2022.2.1\bin\breakgen64.dll
0x00007ffea3250000 - 0x00007ffea3260000 	C:\Program Files\Java\jdk-18.0.2.1\bin\verify.dll
0x00007ffea2a00000 - 0x00007ffea2a09000 	C:\Program Files\Java\jdk-18.0.2.1\bin\management.dll
0x00007ffea2750000 - 0x00007ffea275b000 	C:\Program Files\Java\jdk-18.0.2.1\bin\management_ext.dll
0x00007ffea0d00000 - 0x00007ffea0d17000 	C:\Windows\system32\napinsp.dll
0x00007ffea0ce0000 - 0x00007ffea0cfb000 	C:\Windows\system32\pnrpnsp.dll
0x00007ffea0cc0000 - 0x00007ffea0cd5000 	C:\Windows\system32\wshbth.dll
0x00007ffeaf860000 - 0x00007ffeaf87d000 	C:\Windows\system32\NLAapi.dll
0x00007ffeb58b0000 - 0x00007ffeb58eb000 	C:\Windows\SYSTEM32\IPHLPAPI.DLL
0x00007ffeb5900000 - 0x00007ffeb59ca000 	C:\Windows\SYSTEM32\DNSAPI.dll
0x00007ffeb6e80000 - 0x00007ffeb6e88000 	C:\Windows\System32\NSI.dll
0x00007ffea0ca0000 - 0x00007ffea0cb2000 	C:\Windows\System32\winrnr.dll
0x00007ffead0c0000 - 0x00007ffead0ca000 	C:\Windows\System32\rasadhlp.dll
0x00007ffead850000 - 0x00007ffead8d0000 	C:\Windows\System32\fwpuclnt.dll
0x00007ffeb6ac0000 - 0x00007ffeb6ae7000 	C:\Windows\System32\bcrypt.dll

dbghelp: loaded successfully - version: 4.0.5 - missing functions: none
symbol engine: initialized successfully - sym options: 0x614 - pdb path: .;C:\Program Files\Java\jdk-18.0.2.1\bin;C:\Windows\SYSTEM32;C:\Windows\WinSxS\amd64_microsoft.windows.common-controls_6595b64144ccf1df_6.0.19041.1110_none_60b5254171f9507e;C:\Program Files\Java\jdk-18.0.2.1\bin\server;C:\Program Files\JetBrains\IntelliJ IDEA Community Edition 2022.2.1\bin

VM Arguments:
jvm_args: -javaagent:C:\Program Files\JetBrains\IntelliJ IDEA Community Edition 2022.2.1\lib\idea_rt.jar=59631:C:\Program Files\JetBrains\IntelliJ IDEA Community Edition 2022.2.1\bin -Dfile.encoding=UTF-8 -Dsun.stdout.encoding=UTF-8 -Dsun.stderr.encoding=UTF-8 
java_command: com.training.Microservice5Application
java_class_path (initial): C:\Users\sfjbs\Downloads\resilience4j-main\resilience4j-main\target\classes;C:\Users\sfjbs\.m2\repository\org\springframework\boot\spring-boot-starter-web\2.6.2\spring-boot-starter-web-2.6.2.jar;C:\Users\sfjbs\.m2\repository\org\springframework\boot\spring-boot-starter\2.6.2\spring-boot-starter-2.6.2.jar;C:\Users\sfjbs\.m2\repository\org\springframework\boot\spring-boot-starter-logging\2.6.2\spring-boot-starter-logging-2.6.2.jar;C:\Users\sfjbs\.m2\repository\ch\qos\logback\logback-classic\1.2.9\logback-classic-1.2.9.jar;C:\Users\sfjbs\.m2\repository\ch\qos\logback\logback-core\1.2.9\logback-core-1.2.9.jar;C:\Users\sfjbs\.m2\repository\org\apache\logging\log4j\log4j-to-slf4j\2.17.0\log4j-to-slf4j-2.17.0.jar;C:\Users\sfjbs\.m2\repository\org\apache\logging\log4j\log4j-api\2.17.0\log4j-api-2.17.0.jar;C:\Users\sfjbs\.m2\repository\org\slf4j\jul-to-slf4j\1.7.32\jul-to-slf4j-1.7.32.jar;C:\Users\sfjbs\.m2\repository\jakarta\annotation\jakarta.annotation-api\1.3.5\jakarta.annotation-api-1.3.5.jar;C:\Users\sfjbs\.m2\repository\org\springframework\spring-core\5.3.14\spring-core-5.3.14.jar;C:\Users\sfjbs\.m2\repository\org\springframework\spring-jcl\5.3.14\spring-jcl-5.3.14.jar;C:\Users\sfjbs\.m2\repository\org\yaml\snakeyaml\1.29\snakeyaml-1.29.jar;C:\Users\sfjbs\.m2\repository\org\springframework\boot\spring-boot-starter-json\2.6.2\spring-boot-starter-json-2.6.2.jar;C:\Users\sfjbs\.m2\repository\com\fasterxml\jackson\core\jackson-databind\2.13.1\jackson-databind-2.13.1.jar;C:\Users\sfjbs\.m2\repository\com\fasterxml\jackson\core\jackson-annotations\2.13.1\jackson-annotations-2.13.1.jar;C:\Users\sfjbs\.m2\repository\com\fasterxml\jackson\core\jackson-core\2.13.1\jackson-core-2.13.1.jar;C:\Users\sfjbs\.m2\repository\com\fasterxml\jackson\datatype\jackson-datatype-jdk8\2.13.1\jackson-datatype-jdk8-2.13.1.jar;C:\Users\sfjbs\.m2\repository\com\fasterxml\jackson\datatype\jackson-datatype-jsr310\2.13.1\jackson-datatype-jsr310-2.13.1.jar;C:\Users\sfjbs\.m2\repository\com\fasterxml\jackson\module\jackson-module-parameter-names\2.13.1\jackson-module-parameter-names-2.13.1.jar;C:\Users\sfjbs\.m2\repository\org\springframework\boot\spring-boot-starter-tomcat\2.6.2\spring-boot-starter-tomcat-2.6.2.jar;C:\Users\sfjbs\.m2\repository\org\apache\tomcat\embed\tomcat-embed-core\9.0.56\tomcat-embed-core-9.0.56.jar;C:\Users\sfjbs\.m2\repository\org\apache\tomcat\embed\tomcat-embed-el\9.0.56\tomcat-embed-el-9.0.56.jar;C:\Users\sfjbs\.m2\repository\org\apache\tomcat\embed\tomcat-embed-websocket\9.0.56\tomcat-embed-websocket-9.0.56.jar;C:\Users\sfjbs\.m2\repository\org\springframework\spring-web\5.3.14\spring-web-5.3.14.jar;C:\Users\sfjbs\.m2\repository\org\springframework\spring-beans\5.3.14\spring-beans-5.3.14.jar;C:\Users\sfjbs\.m2\repository\org\springframework\spring-webmvc\5.3.14\spring-webmvc-5.3.14.jar;C:\Users\sfjbs\.m2\repository\org\springframework\spring-context\5.3.14\spring-context-5.3.14.jar;C:\Users\sfjbs\.m2\repository\org\springframework\spring-expression\5.3.14\spring-expression-5.3.14.jar;C:\Users\sfjbs\.m2\repository\io\github\resilience4j\resilience4j-spring-boot2\1.7.0\resilience4j-spring-boot2-1.7.0.jar;C:\Users\sfjbs\.m2\repository\io\vavr\vavr\0.10.2\vavr-0.10.2.jar;C:\Users\sfjbs\.m2\repository\io\vavr\vavr-match\0.10.2\vavr-match-0.10.2.jar;C:\Users\sfjbs\.m2\repository\org\slf4j\slf4j-api\1.7.32\slf4j-api-1.7.32.jar;C:\Users\sfjbs\.m2\repository\io\github\resilience4j\resilience4j-spring\1.7.0\resilience4j-spring-1.7.0.jar;C:\Users\sfjbs\.m2\repository\io\github\resilience4j\resilience4j-annotations\1.7.0\resilience4j-annotations-1.7.0.jar;C:\Users\sfjbs\.m2\repository\io\github\resilience4j\resilience4j-consumer\1.7.0\resilience4j-consumer-1.7.0.jar;C:\Users\sfjbs\.m2\repository\io\github\resilience4j\resilience4j-core\1.7.0\resilience4j-core-1.7.0.jar;C:\Users\sfjbs\.m2\repository\io\github\resilience4j\resilience4j-circularbuffer\1.7.0\resilience4j-circularbuffer-1.7.0.jar;C:\Users\sfjbs\.m2\repository\io\github\resilience4j\resilience4j-framework-common\1.7.0\resilience4j-framework-common-1.7.0.jar;C:\Users\sfjbs\.m2\repository\io\github\resilience4j\resilience4j-circuitbreaker\1.7.0\resilience4j-circuitbreaker-1.7.0.jar;C:\Users\sfjbs\.m2\repository\io\github\resilience4j\resilience4j-ratelimiter\1.7.0\resilience4j-ratelimiter-1.7.0.jar;C:\Users\sfjbs\.m2\repository\io\github\resilience4j\resilience4j-retry\1.7.0\resilience4j-retry-1.7.0.jar;C:\Users\sfjbs\.m2\repository\io\github\resilience4j\resilience4j-bulkhead\1.7.0\resilience4j-bulkhead-1.7.0.jar;C:\Users\sfjbs\.m2\repository\io\github\resilience4j\resilience4j-timelimiter\1.7.0\resilience4j-timelimiter-1.7.0.jar;C:\Users\sfjbs\.m2\repository\io\github\resilience4j\resilience4j-micrometer\1.7.0\resilience4j-micrometer-1.7.0.jar;C:\Users\sfjbs\.m2\repository\org\springframework\boot\spring-boot-starter-aop\2.6.2\spring-boot-starter-aop-2.6.2.jar;C:\Users\sfjbs\.m2\repository\org\springframework\spring-aop\5.3.14\spring-aop-5.3.14.jar;C:\Users\sfjbs\.m2\repository\org\aspectj\aspectjweaver\1.9.7\aspectjweaver-1.9.7.jar;C:\Users\sfjbs\.m2\repository\org\springframework\boot\spring-boot-devtools\2.6.2\spring-boot-devtools-2.6.2.jar;C:\Users\sfjbs\.m2\repository\org\springframework\boot\spring-boot\2.6.2\spring-boot-2.6.2.jar;C:\Users\sfjbs\.m2\repository\org\springframework\boot\spring-boot-autoconfigure\2.6.2\spring-boot-autoconfigure-2.6.2.jar
Launcher Type: SUN_STANDARD

[Global flags]
     intx CICompilerCount                          = 2                                         {product} {ergonomic}
     uint ConcGCThreads                            = 1                                         {product} {ergonomic}
     uint G1ConcRefinementThreads                  = 2                                         {product} {ergonomic}
   size_t G1HeapRegionSize                         = 1048576                                   {product} {ergonomic}
    uintx GCDrainStackTargetSize                   = 64                                        {product} {ergonomic}
   size_t InitialHeapSize                          = 134217728                                 {product} {ergonomic}
   size_t MarkStackSize                            = 4194304                                   {product} {ergonomic}
   size_t MaxHeapSize                              = 2147483648                                {product} {ergonomic}
   size_t MaxNewSize                               = 1287651328                                {product} {ergonomic}
   size_t MinHeapDeltaBytes                        = 1048576                                   {product} {ergonomic}
   size_t MinHeapSize                              = 8388608                                   {product} {ergonomic}
    uintx NonNMethodCodeHeapSize                   = 5826188                                {pd product} {ergonomic}
    uintx NonProfiledCodeHeapSize                  = 122916026                              {pd product} {ergonomic}
    uintx ProfiledCodeHeapSize                     = 122916026                              {pd product} {ergonomic}
    uintx ReservedCodeCacheSize                    = 251658240                              {pd product} {ergonomic}
     bool SegmentedCodeCache                       = true                                      {product} {ergonomic}
   size_t SoftMaxHeapSize                          = 2147483648                             {manageable} {ergonomic}
     bool UseCompressedClassPointers               = true                           {product lp64_product} {ergonomic}
     bool UseCompressedOops                        = true                           {product lp64_product} {ergonomic}
     bool UseG1GC                                  = true                                      {product} {ergonomic}
     bool UseLargePagesIndividualAllocation        = false                                  {pd product} {ergonomic}

Logging:
Log output configuration:
 #0: stdout all=warning uptime,level,tags foldmultilines=false
 #1: stderr all=off uptime,level,tags foldmultilines=false

Environment Variables:
PATH=C:\Program Files\Common Files\Oracle\Java\javapath;C:\Windows\system32;C:\Windows;C:\Windows\System32\Wbem;C:\Windows\System32\WindowsPowerShell\v1.0\;C:\Windows\System32\OpenSSH\;C:\Program Files\PuTTY\;C:\Program Files\Git\cmd;C:\Program Files\Docker\Docker\resources\bin;C:\ProgramData\DockerDesktop\version-bin;C:\Users\sfjbs\Downloads\apache-maven-3.8.6-bin\apache-maven-3.8.6\bin;C:\Users\sfjbs\Downloads\apache-maven-3.8.6-bin\apache-maven-3.8.6\lib;C:\Users\sfjbs\AppData\Local\Microsoft\WindowsApps;C:\Program Files\JetBrains\IntelliJ IDEA Community Edition 2022.2.1\bin;;C:\Users\sfjbs\Downloads\apache-maven-3.8.6-bin\apache-maven-3.8.6\bin;C:\Users\sfjbs\Downloads\apache-maven-3.8.6-bin\apache-maven-3.8.6\lib;
USERNAME=sfjbs
OS=Windows_NT
PROCESSOR_IDENTIFIER=Intel64 Family 6 Model 85 Stepping 7, GenuineIntel



---------------  S Y S T E M  ---------------

OS:
 Windows 10 , 64 bit Build 19041 (10.0.19041.1889)
OS uptime: 17 days 12:59 hours
Hyper-V role detected

CPU: total 2 (initial active 2) (1 cores per cpu, 2 threads per core) family 6 model 85 stepping 7 microcode 0xffffffff, cx8, cmov, fxsr, ht, mmx, 3dnowpref, sse, sse2, sse3, ssse3, sse4.1, sse4.2, popcnt, lzcnt, tsc, avx, avx2, aes, erms, clmul, bmi1, bmi2, rtm, adx, avx512f, avx512dq, avx512cd, avx512bw, avx512vl, fma, vzeroupper, clflush, clflushopt, hv

Memory: 4k page, system-wide physical 8190M (1167M free)
TotalPageFile size 10238M (AvailPageFile size 30M)
current process WorkingSet (physical memory assigned to process): 127M, peak: 127M
current process commit charge ("private bytes"): 238M, peak: 264M

vm_info: OpenJDK 64-Bit Server VM (18.0.2.1+1-1) for windows-amd64 JRE (18.0.2.1+1-1), built on Aug 16 2022 01:44:29 by "mach5one" with MS VC++ 16.8 / 16.9 (VS2019)

END.
