#
# There is insufficient memory for the Java Runtime Environment to continue.
# Native memory allocation (malloc) failed to allocate 861856 bytes for Chunk::new
# Possible reasons:
#   The system is out of physical RAM or swap space
#   The process is running with CompressedOops enabled, and the Java Heap may be blocking the growth of the native heap
# Possible solutions:
#   Reduce memory load on the system
#   Increase physical memory or swap space
#   Check if swap backing store is full
#   Decrease Java heap size (-Xmx/-Xms)
#   Decrease number of Java threads
#   Decrease Java thread stack sizes (-Xss)
#   Set larger code cache with -XX:ReservedCodeCacheSize=
#   JVM is running with Unscaled Compressed Oops mode in which the Java heap is
#     placed in the first 4GB address space. The Java Heap base address is the
#     maximum limit for the native heap growth. Please use -XX:HeapBaseMinAddress
#     to set the Java Heap base and to place the Java Heap above 4GB virtual address.
# This output file may be truncated or incomplete.
#
#  Out of Memory Error (arena.cpp:184), pid=7360, tid=71004
#
# JRE version: OpenJDK Runtime Environment (18.0.2.1+1) (build 18.0.2.1+1-1)
# Java VM: OpenJDK 64-Bit Server VM (18.0.2.1+1-1, mixed mode, sharing, tiered, compressed oops, compressed class ptrs, g1 gc, windows-amd64)
# No core dump will be written. Minidumps are not enabled by default on client versions of Windows
#

---------------  S U M M A R Y ------------

Command Line: -javaagent:C:\Program Files\JetBrains\IntelliJ IDEA Community Edition 2022.2.1\lib\idea_rt.jar=59663:C:\Program Files\JetBrains\IntelliJ IDEA Community Edition 2022.2.1\bin -Dfile.encoding=UTF-8 -Dsun.stdout.encoding=UTF-8 -Dsun.stderr.encoding=UTF-8 com.training.Microservice5Application

Host: Intel(R) Xeon(R) Platinum 8272CL CPU @ 2.60GHz, 2 cores, 7G,  Windows 10 , 64 bit Build 19041 (10.0.19041.1889)
Time: Thu Sep  8 06:47:21 2022 Coordinated Universal Time elapsed time: 2.948912 seconds (0d 0h 0m 2s)

---------------  T H R E A D  ---------------

Current thread (0x0000024022917f40):  JavaThread "C2 CompilerThread0" daemon [_thread_in_native, id=71004, stack(0x000000a23f900000,0x000000a23fa00000)]


Current CompileTask:
C2:   2948 2249   !   4       java.net.URL::<init> (543 bytes)

Stack: [0x000000a23f900000,0x000000a23fa00000]
Native frames: (J=compiled Java code, j=interpreted, Vv=VM code, C=native code)
V  [jvm.dll+0x6993aa]
V  [jvm.dll+0x7f46dd]
V  [jvm.dll+0x7f5fee]
V  [jvm.dll+0x7f66a3]
V  [jvm.dll+0x25cf1f]
V  [jvm.dll+0xb8c2f]
V  [jvm.dll+0xb8fa5]
V  [jvm.dll+0x2c7e2f]
V  [jvm.dll+0x5a0d8e]
V  [jvm.dll+0x2388de]
V  [jvm.dll+0x231ea5]
V  [jvm.dll+0x22f3cb]
V  [jvm.dll+0x1ba01c]
V  [jvm.dll+0x23ee0a]
V  [jvm.dll+0x23d0f5]
V  [jvm.dll+0x7a6dd1]
V  [jvm.dll+0x7a120a]
V  [jvm.dll+0x698255]
C  [ucrtbase.dll+0x21bb2]
C  [KERNEL32.DLL+0x17034]
C  [ntdll.dll+0x52651]


---------------  P R O C E S S  ---------------

Threads class SMR info:
_java_thread_list=0x0000024027decd60, length=15, elements={
0x00000240054758f0, 0x00000240228f8b70, 0x00000240228f9420, 0x0000024022913940,
0x0000024022916200, 0x0000024022916ab0, 0x0000024022917360, 0x0000024022917f40,
0x00000240229197e0, 0x000002402291d870, 0x0000024005535800, 0x0000024026ed72a0,
0x0000024026ed7760, 0x0000024027566100, 0x0000024027245ff0
}

Java Threads: ( => current thread )
  0x00000240054758f0 JavaThread "main" [_thread_blocked, id=88420, stack(0x000000a23ec00000,0x000000a23ed00000)]
  0x00000240228f8b70 JavaThread "Reference Handler" daemon [_thread_blocked, id=100280, stack(0x000000a23f300000,0x000000a23f400000)]
  0x00000240228f9420 JavaThread "Finalizer" daemon [_thread_blocked, id=74496, stack(0x000000a23f400000,0x000000a23f500000)]
  0x0000024022913940 JavaThread "Signal Dispatcher" daemon [_thread_blocked, id=52496, stack(0x000000a23f500000,0x000000a23f600000)]
  0x0000024022916200 JavaThread "Attach Listener" daemon [_thread_blocked, id=49476, stack(0x000000a23f600000,0x000000a23f700000)]
  0x0000024022916ab0 JavaThread "Service Thread" daemon [_thread_blocked, id=100852, stack(0x000000a23f700000,0x000000a23f800000)]
  0x0000024022917360 JavaThread "Monitor Deflation Thread" daemon [_thread_blocked, id=207756, stack(0x000000a23f800000,0x000000a23f900000)]
=>0x0000024022917f40 JavaThread "C2 CompilerThread0" daemon [_thread_in_native, id=71004, stack(0x000000a23f900000,0x000000a23fa00000)]
  0x00000240229197e0 JavaThread "C1 CompilerThread0" daemon [_thread_in_vm, id=72040, stack(0x000000a23fa00000,0x000000a23fb00000)]
  0x000002402291d870 JavaThread "Sweeper thread" daemon [_thread_blocked, id=57176, stack(0x000000a23fb00000,0x000000a23fc00000)]
  0x0000024005535800 JavaThread "Common-Cleaner" daemon [_thread_blocked, id=101940, stack(0x000000a23fc00000,0x000000a23fd00000)]
  0x0000024026ed72a0 JavaThread "Monitor Ctrl-Break" daemon [_thread_in_native, id=87984, stack(0x000000a23fd00000,0x000000a23fe00000)]
  0x0000024026ed7760 JavaThread "Notification Thread" daemon [_thread_blocked, id=103884, stack(0x000000a23fe00000,0x000000a23ff00000)]
  0x0000024027566100 JavaThread "Thread-0" [_thread_blocked, id=54960, stack(0x000000a240100000,0x000000a240200000)]
  0x0000024027245ff0 JavaThread "restartedMain" [_thread_in_Java, id=68000, stack(0x000000a240200000,0x000000a240300000)]

Other Threads:
  0x00000240228f6630 VMThread "VM Thread" [stack: 0x000000a23f200000,0x000000a23f300000] [id=57316]
  0x0000024005476890 WatcherThread "VM Periodic Task Thread" [stack: 0x000000a23ff00000,0x000000a240000000] [id=100568]
  0x00000240054d4db0 WorkerThread "GC Thread#0" [stack: 0x000000a23ed00000,0x000000a23ee00000] [id=34564]
  0x0000024026fcf350 WorkerThread "GC Thread#1" [stack: 0x000000a240000000,0x000000a240100000] [id=89548]
  0x00000240054e6cf0 ConcurrentGCThread "G1 Main Marker" [stack: 0x000000a23ee00000,0x000000a23ef00000] [id=76136]
  0x00000240054e7e80 WorkerThread "G1 Conc#0" [stack: 0x000000a23ef00000,0x000000a23f000000] [id=104272]
  0x000002400551e140 ConcurrentGCThread "G1 Refine#0" [stack: 0x000000a23f000000,0x000000a23f100000] [id=95832]
  0x000002400551f970 ConcurrentGCThread "G1 Service" [stack: 0x000000a23f100000,0x000000a23f200000] [id=231560]

Threads with active compile tasks:
C2 CompilerThread0     2969 2249   !   4       java.net.URL::<init> (543 bytes)

VM state: not at safepoint (normal execution)

VM Mutex/Monitor currently owned by a thread: None

Heap address: 0x0000000080000000, size: 2048 MB, Compressed Oops mode: 32-bit

CDS archive(s) mapped at: [0x0000000800000000-0x0000000800ba0000-0x0000000800ba0000), size 12189696, SharedBaseAddress: 0x0000000800000000, ArchiveRelocationMode: 0.
Compressed class space mapped at: 0x0000000800c00000-0x0000000840c00000, reserved size: 1073741824
Narrow klass base: 0x0000000800000000, Narrow klass shift: 0, Narrow klass range: 0x100000000

GC Precious Log:
 CardTable entry size: 512
 Card Set container configuration: InlinePtr #cards 5 size 8 Array Of Cards #cards 12 size 40 Howl #buckets 4 coarsen threshold 1843 Howl Bitmap #cards 512 size 80 coarsen threshold 460 Card regions per heap region 1 cards per card region 2048
 CPUs: 2 total, 2 available
 Memory: 8190M
 Large Page Support: Disabled
 NUMA Support: Disabled
 Compressed Oops: Enabled (32-bit)
 Heap Region Size: 1M
 Heap Min Capacity: 8M
 Heap Initial Capacity: 128M
 Heap Max Capacity: 2G
 Pre-touch: Disabled
 Parallel Workers: 2
 Concurrent Workers: 1
 Concurrent Refinement Workers: 2
 Periodic GC: Disabled

Heap:
 garbage-first heap   total 131072K, used 51765K [0x0000000080000000, 0x0000000100000000)
  region size 1024K, 49 young (50176K), 1 survivors (1024K)
 Metaspace       used 16770K, committed 17024K, reserved 1114112K
  class space    used 2009K, committed 2112K, reserved 1048576K

Heap Regions: E=young(eden), S=young(survivor), O=old, HS=humongous(starts), HC=humongous(continues), CS=collection set, F=free, OA=open archive, CA=closed archive, TAMS=top-at-mark-start (previous, next)
|   0|0x0000000080000000, 0x0000000080100000, 0x0000000080100000|100%| O|  |TAMS 0x0000000080000000, 0x0000000080000000| Untracked 
|   1|0x0000000080100000, 0x0000000080200000, 0x0000000080200000|100%| O|  |TAMS 0x0000000080100000, 0x0000000080100000| Untracked 
|   2|0x0000000080200000, 0x0000000080300000, 0x0000000080300000|100%| O|  |TAMS 0x0000000080200000, 0x0000000080200000| Untracked 
|   3|0x0000000080300000, 0x00000000803f0800, 0x0000000080400000| 93%| O|  |TAMS 0x0000000080300000, 0x0000000080300000| Untracked 
|   4|0x0000000080400000, 0x0000000080400000, 0x0000000080500000|  0%| F|  |TAMS 0x0000000080400000, 0x0000000080400000| Untracked 
|   5|0x0000000080500000, 0x0000000080500000, 0x0000000080600000|  0%| F|  |TAMS 0x0000000080500000, 0x0000000080500000| Untracked 
|   6|0x0000000080600000, 0x0000000080600000, 0x0000000080700000|  0%| F|  |TAMS 0x0000000080600000, 0x0000000080600000| Untracked 
|   7|0x0000000080700000, 0x0000000080700000, 0x0000000080800000|  0%| F|  |TAMS 0x0000000080700000, 0x0000000080700000| Untracked 
|   8|0x0000000080800000, 0x0000000080800000, 0x0000000080900000|  0%| F|  |TAMS 0x0000000080800000, 0x0000000080800000| Untracked 
|   9|0x0000000080900000, 0x0000000080900000, 0x0000000080a00000|  0%| F|  |TAMS 0x0000000080900000, 0x0000000080900000| Untracked 
|  10|0x0000000080a00000, 0x0000000080a00000, 0x0000000080b00000|  0%| F|  |TAMS 0x0000000080a00000, 0x0000000080a00000| Untracked 
|  11|0x0000000080b00000, 0x0000000080b00000, 0x0000000080c00000|  0%| F|  |TAMS 0x0000000080b00000, 0x0000000080b00000| Untracked 
|  12|0x0000000080c00000, 0x0000000080c00000, 0x0000000080d00000|  0%| F|  |TAMS 0x0000000080c00000, 0x0000000080c00000| Untracked 
|  13|0x0000000080d00000, 0x0000000080d00000, 0x0000000080e00000|  0%| F|  |TAMS 0x0000000080d00000, 0x0000000080d00000| Untracked 
|  14|0x0000000080e00000, 0x0000000080e00000, 0x0000000080f00000|  0%| F|  |TAMS 0x0000000080e00000, 0x0000000080e00000| Untracked 
|  15|0x0000000080f00000, 0x0000000080f00000, 0x0000000081000000|  0%| F|  |TAMS 0x0000000080f00000, 0x0000000080f00000| Untracked 
|  16|0x0000000081000000, 0x0000000081000000, 0x0000000081100000|  0%| F|  |TAMS 0x0000000081000000, 0x0000000081000000| Untracked 
|  17|0x0000000081100000, 0x0000000081100000, 0x0000000081200000|  0%| F|  |TAMS 0x0000000081100000, 0x0000000081100000| Untracked 
|  18|0x0000000081200000, 0x0000000081200000, 0x0000000081300000|  0%| F|  |TAMS 0x0000000081200000, 0x0000000081200000| Untracked 
|  19|0x0000000081300000, 0x0000000081300000, 0x0000000081400000|  0%| F|  |TAMS 0x0000000081300000, 0x0000000081300000| Untracked 
|  20|0x0000000081400000, 0x0000000081400000, 0x0000000081500000|  0%| F|  |TAMS 0x0000000081400000, 0x0000000081400000| Untracked 
|  21|0x0000000081500000, 0x0000000081500000, 0x0000000081600000|  0%| F|  |TAMS 0x0000000081500000, 0x0000000081500000| Untracked 
|  22|0x0000000081600000, 0x0000000081600000, 0x0000000081700000|  0%| F|  |TAMS 0x0000000081600000, 0x0000000081600000| Untracked 
|  23|0x0000000081700000, 0x0000000081700000, 0x0000000081800000|  0%| F|  |TAMS 0x0000000081700000, 0x0000000081700000| Untracked 
|  24|0x0000000081800000, 0x0000000081800000, 0x0000000081900000|  0%| F|  |TAMS 0x0000000081800000, 0x0000000081800000| Untracked 
|  25|0x0000000081900000, 0x0000000081900000, 0x0000000081a00000|  0%| F|  |TAMS 0x0000000081900000, 0x0000000081900000| Untracked 
|  26|0x0000000081a00000, 0x0000000081a00000, 0x0000000081b00000|  0%| F|  |TAMS 0x0000000081a00000, 0x0000000081a00000| Untracked 
|  27|0x0000000081b00000, 0x0000000081b00000, 0x0000000081c00000|  0%| F|  |TAMS 0x0000000081b00000, 0x0000000081b00000| Untracked 
|  28|0x0000000081c00000, 0x0000000081c00000, 0x0000000081d00000|  0%| F|  |TAMS 0x0000000081c00000, 0x0000000081c00000| Untracked 
|  29|0x0000000081d00000, 0x0000000081d00000, 0x0000000081e00000|  0%| F|  |TAMS 0x0000000081d00000, 0x0000000081d00000| Untracked 
|  30|0x0000000081e00000, 0x0000000081e00000, 0x0000000081f00000|  0%| F|  |TAMS 0x0000000081e00000, 0x0000000081e00000| Untracked 
|  31|0x0000000081f00000, 0x0000000081f00000, 0x0000000082000000|  0%| F|  |TAMS 0x0000000081f00000, 0x0000000081f00000| Untracked 
|  32|0x0000000082000000, 0x0000000082000000, 0x0000000082100000|  0%| F|  |TAMS 0x0000000082000000, 0x0000000082000000| Untracked 
|  33|0x0000000082100000, 0x0000000082100000, 0x0000000082200000|  0%| F|  |TAMS 0x0000000082100000, 0x0000000082100000| Untracked 
|  34|0x0000000082200000, 0x0000000082200000, 0x0000000082300000|  0%| F|  |TAMS 0x0000000082200000, 0x0000000082200000| Untracked 
|  35|0x0000000082300000, 0x0000000082300000, 0x0000000082400000|  0%| F|  |TAMS 0x0000000082300000, 0x0000000082300000| Untracked 
|  36|0x0000000082400000, 0x0000000082400000, 0x0000000082500000|  0%| F|  |TAMS 0x0000000082400000, 0x0000000082400000| Untracked 
|  37|0x0000000082500000, 0x0000000082500000, 0x0000000082600000|  0%| F|  |TAMS 0x0000000082500000, 0x0000000082500000| Untracked 
|  38|0x0000000082600000, 0x0000000082600000, 0x0000000082700000|  0%| F|  |TAMS 0x0000000082600000, 0x0000000082600000| Untracked 
|  39|0x0000000082700000, 0x0000000082700000, 0x0000000082800000|  0%| F|  |TAMS 0x0000000082700000, 0x0000000082700000| Untracked 
|  40|0x0000000082800000, 0x0000000082800000, 0x0000000082900000|  0%| F|  |TAMS 0x0000000082800000, 0x0000000082800000| Untracked 
|  41|0x0000000082900000, 0x0000000082900000, 0x0000000082a00000|  0%| F|  |TAMS 0x0000000082900000, 0x0000000082900000| Untracked 
|  42|0x0000000082a00000, 0x0000000082a00000, 0x0000000082b00000|  0%| F|  |TAMS 0x0000000082a00000, 0x0000000082a00000| Untracked 
|  43|0x0000000082b00000, 0x0000000082b00000, 0x0000000082c00000|  0%| F|  |TAMS 0x0000000082b00000, 0x0000000082b00000| Untracked 
|  44|0x0000000082c00000, 0x0000000082c00000, 0x0000000082d00000|  0%| F|  |TAMS 0x0000000082c00000, 0x0000000082c00000| Untracked 
|  45|0x0000000082d00000, 0x0000000082d00000, 0x0000000082e00000|  0%| F|  |TAMS 0x0000000082d00000, 0x0000000082d00000| Untracked 
|  46|0x0000000082e00000, 0x0000000082e00000, 0x0000000082f00000|  0%| F|  |TAMS 0x0000000082e00000, 0x0000000082e00000| Untracked 
|  47|0x0000000082f00000, 0x0000000082f00000, 0x0000000083000000|  0%| F|  |TAMS 0x0000000082f00000, 0x0000000082f00000| Untracked 
|  48|0x0000000083000000, 0x0000000083000000, 0x0000000083100000|  0%| F|  |TAMS 0x0000000083000000, 0x0000000083000000| Untracked 
|  49|0x0000000083100000, 0x0000000083100000, 0x0000000083200000|  0%| F|  |TAMS 0x0000000083100000, 0x0000000083100000| Untracked 
|  50|0x0000000083200000, 0x0000000083200000, 0x0000000083300000|  0%| F|  |TAMS 0x0000000083200000, 0x0000000083200000| Untracked 
|  51|0x0000000083300000, 0x0000000083300000, 0x0000000083400000|  0%| F|  |TAMS 0x0000000083300000, 0x0000000083300000| Untracked 
|  52|0x0000000083400000, 0x0000000083400000, 0x0000000083500000|  0%| F|  |TAMS 0x0000000083400000, 0x0000000083400000| Untracked 
|  53|0x0000000083500000, 0x0000000083500000, 0x0000000083600000|  0%| F|  |TAMS 0x0000000083500000, 0x0000000083500000| Untracked 
|  54|0x0000000083600000, 0x0000000083600000, 0x0000000083700000|  0%| F|  |TAMS 0x0000000083600000, 0x0000000083600000| Untracked 
|  55|0x0000000083700000, 0x0000000083700000, 0x0000000083800000|  0%| F|  |TAMS 0x0000000083700000, 0x0000000083700000| Untracked 
|  56|0x0000000083800000, 0x0000000083800000, 0x0000000083900000|  0%| F|  |TAMS 0x0000000083800000, 0x0000000083800000| Untracked 
|  57|0x0000000083900000, 0x0000000083900000, 0x0000000083a00000|  0%| F|  |TAMS 0x0000000083900000, 0x0000000083900000| Untracked 
|  58|0x0000000083a00000, 0x0000000083a00000, 0x0000000083b00000|  0%| F|  |TAMS 0x0000000083a00000, 0x0000000083a00000| Untracked 
|  59|0x0000000083b00000, 0x0000000083b00000, 0x0000000083c00000|  0%| F|  |TAMS 0x0000000083b00000, 0x0000000083b00000| Untracked 
|  60|0x0000000083c00000, 0x0000000083c00000, 0x0000000083d00000|  0%| F|  |TAMS 0x0000000083c00000, 0x0000000083c00000| Untracked 
|  61|0x0000000083d00000, 0x0000000083d00000, 0x0000000083e00000|  0%| F|  |TAMS 0x0000000083d00000, 0x0000000083d00000| Untracked 
|  62|0x0000000083e00000, 0x0000000083e00000, 0x0000000083f00000|  0%| F|  |TAMS 0x0000000083e00000, 0x0000000083e00000| Untracked 
|  63|0x0000000083f00000, 0x0000000083f00000, 0x0000000084000000|  0%| F|  |TAMS 0x0000000083f00000, 0x0000000083f00000| Untracked 
|  64|0x0000000084000000, 0x0000000084000000, 0x0000000084100000|  0%| F|  |TAMS 0x0000000084000000, 0x0000000084000000| Untracked 
|  65|0x0000000084100000, 0x0000000084100000, 0x0000000084200000|  0%| F|  |TAMS 0x0000000084100000, 0x0000000084100000| Untracked 
|  66|0x0000000084200000, 0x0000000084200000, 0x0000000084300000|  0%| F|  |TAMS 0x0000000084200000, 0x0000000084200000| Untracked 
|  67|0x0000000084300000, 0x0000000084300000, 0x0000000084400000|  0%| F|  |TAMS 0x0000000084300000, 0x0000000084300000| Untracked 
|  68|0x0000000084400000, 0x0000000084400000, 0x0000000084500000|  0%| F|  |TAMS 0x0000000084400000, 0x0000000084400000| Untracked 
|  69|0x0000000084500000, 0x0000000084500000, 0x0000000084600000|  0%| F|  |TAMS 0x0000000084500000, 0x0000000084500000| Untracked 
|  70|0x0000000084600000, 0x0000000084600000, 0x0000000084700000|  0%| F|  |TAMS 0x0000000084600000, 0x0000000084600000| Untracked 
|  71|0x0000000084700000, 0x0000000084700000, 0x0000000084800000|  0%| F|  |TAMS 0x0000000084700000, 0x0000000084700000| Untracked 
|  72|0x0000000084800000, 0x0000000084800000, 0x0000000084900000|  0%| F|  |TAMS 0x0000000084800000, 0x0000000084800000| Untracked 
|  73|0x0000000084900000, 0x0000000084900000, 0x0000000084a00000|  0%| F|  |TAMS 0x0000000084900000, 0x0000000084900000| Untracked 
|  74|0x0000000084a00000, 0x0000000084a00000, 0x0000000084b00000|  0%| F|  |TAMS 0x0000000084a00000, 0x0000000084a00000| Untracked 
|  75|0x0000000084b00000, 0x0000000084b00000, 0x0000000084c00000|  0%| F|  |TAMS 0x0000000084b00000, 0x0000000084b00000| Untracked 
|  76|0x0000000084c00000, 0x0000000084c00000, 0x0000000084d00000|  0%| F|  |TAMS 0x0000000084c00000, 0x0000000084c00000| Untracked 
|  77|0x0000000084d00000, 0x0000000084d00000, 0x0000000084e00000|  0%| F|  |TAMS 0x0000000084d00000, 0x0000000084d00000| Untracked 
|  78|0x0000000084e00000, 0x0000000084e00000, 0x0000000084f00000|  0%| F|  |TAMS 0x0000000084e00000, 0x0000000084e00000| Untracked 
|  79|0x0000000084f00000, 0x0000000084fd1840, 0x0000000085000000| 81%| E|  |TAMS 0x0000000084f00000, 0x0000000084f00000| Complete 
|  80|0x0000000085000000, 0x0000000085100000, 0x0000000085100000|100%| E|CS|TAMS 0x0000000085000000, 0x0000000085000000| Complete 
|  81|0x0000000085100000, 0x0000000085200000, 0x0000000085200000|100%| E|CS|TAMS 0x0000000085100000, 0x0000000085100000| Complete 
|  82|0x0000000085200000, 0x0000000085300000, 0x0000000085300000|100%| E|CS|TAMS 0x0000000085200000, 0x0000000085200000| Complete 
|  83|0x0000000085300000, 0x0000000085400000, 0x0000000085400000|100%| E|CS|TAMS 0x0000000085300000, 0x0000000085300000| Complete 
|  84|0x0000000085400000, 0x0000000085500000, 0x0000000085500000|100%| E|CS|TAMS 0x0000000085400000, 0x0000000085400000| Complete 
|  85|0x0000000085500000, 0x0000000085600000, 0x0000000085600000|100%| E|CS|TAMS 0x0000000085500000, 0x0000000085500000| Complete 
|  86|0x0000000085600000, 0x0000000085700000, 0x0000000085700000|100%| E|CS|TAMS 0x0000000085600000, 0x0000000085600000| Complete 
|  87|0x0000000085700000, 0x0000000085800000, 0x0000000085800000|100%| E|  |TAMS 0x0000000085700000, 0x0000000085700000| Complete 
|  88|0x0000000085800000, 0x0000000085900000, 0x0000000085900000|100%| E|CS|TAMS 0x0000000085800000, 0x0000000085800000| Complete 
|  89|0x0000000085900000, 0x0000000085a00000, 0x0000000085a00000|100%| E|CS|TAMS 0x0000000085900000, 0x0000000085900000| Complete 
|  90|0x0000000085a00000, 0x0000000085b00000, 0x0000000085b00000|100%| E|CS|TAMS 0x0000000085a00000, 0x0000000085a00000| Complete 
|  91|0x0000000085b00000, 0x0000000085c00000, 0x0000000085c00000|100%| E|CS|TAMS 0x0000000085b00000, 0x0000000085b00000| Complete 
|  92|0x0000000085c00000, 0x0000000085d00000, 0x0000000085d00000|100%| E|CS|TAMS 0x0000000085c00000, 0x0000000085c00000| Complete 
|  93|0x0000000085d00000, 0x0000000085e00000, 0x0000000085e00000|100%| E|CS|TAMS 0x0000000085d00000, 0x0000000085d00000| Complete 
|  94|0x0000000085e00000, 0x0000000085f00000, 0x0000000085f00000|100%| E|CS|TAMS 0x0000000085e00000, 0x0000000085e00000| Complete 
|  95|0x0000000085f00000, 0x0000000086000000, 0x0000000086000000|100%| E|CS|TAMS 0x0000000085f00000, 0x0000000085f00000| Complete 
|  96|0x0000000086000000, 0x0000000086100000, 0x0000000086100000|100%| E|CS|TAMS 0x0000000086000000, 0x0000000086000000| Complete 
|  97|0x0000000086100000, 0x0000000086200000, 0x0000000086200000|100%| E|CS|TAMS 0x0000000086100000, 0x0000000086100000| Complete 
|  98|0x0000000086200000, 0x0000000086300000, 0x0000000086300000|100%| E|CS|TAMS 0x0000000086200000, 0x0000000086200000| Complete 
|  99|0x0000000086300000, 0x0000000086400000, 0x0000000086400000|100%| E|CS|TAMS 0x0000000086300000, 0x0000000086300000| Complete 
| 100|0x0000000086400000, 0x0000000086500000, 0x0000000086500000|100%| E|CS|TAMS 0x0000000086400000, 0x0000000086400000| Complete 
| 101|0x0000000086500000, 0x0000000086600000, 0x0000000086600000|100%| E|CS|TAMS 0x0000000086500000, 0x0000000086500000| Complete 
| 102|0x0000000086600000, 0x0000000086700000, 0x0000000086700000|100%| E|CS|TAMS 0x0000000086600000, 0x0000000086600000| Complete 
| 103|0x0000000086700000, 0x0000000086800000, 0x0000000086800000|100%| E|CS|TAMS 0x0000000086700000, 0x0000000086700000| Complete 
| 104|0x0000000086800000, 0x0000000086900000, 0x0000000086900000|100%| E|CS|TAMS 0x0000000086800000, 0x0000000086800000| Complete 
| 105|0x0000000086900000, 0x0000000086a00000, 0x0000000086a00000|100%| E|CS|TAMS 0x0000000086900000, 0x0000000086900000| Complete 
| 106|0x0000000086a00000, 0x0000000086b00000, 0x0000000086b00000|100%| E|CS|TAMS 0x0000000086a00000, 0x0000000086a00000| Complete 
| 107|0x0000000086b00000, 0x0000000086c00000, 0x0000000086c00000|100%| E|CS|TAMS 0x0000000086b00000, 0x0000000086b00000| Complete 
| 108|0x0000000086c00000, 0x0000000086d00000, 0x0000000086d00000|100%| E|CS|TAMS 0x0000000086c00000, 0x0000000086c00000| Complete 
| 109|0x0000000086d00000, 0x0000000086e00000, 0x0000000086e00000|100%| E|CS|TAMS 0x0000000086d00000, 0x0000000086d00000| Complete 
| 110|0x0000000086e00000, 0x0000000086f00000, 0x0000000086f00000|100%| E|CS|TAMS 0x0000000086e00000, 0x0000000086e00000| Complete 
| 111|0x0000000086f00000, 0x0000000087000000, 0x0000000087000000|100%| E|CS|TAMS 0x0000000086f00000, 0x0000000086f00000| Complete 
| 112|0x0000000087000000, 0x0000000087100000, 0x0000000087100000|100%| E|CS|TAMS 0x0000000087000000, 0x0000000087000000| Complete 
| 113|0x0000000087100000, 0x0000000087200000, 0x0000000087200000|100%| E|CS|TAMS 0x0000000087100000, 0x0000000087100000| Complete 
| 114|0x0000000087200000, 0x0000000087300000, 0x0000000087300000|100%| E|CS|TAMS 0x0000000087200000, 0x0000000087200000| Complete 
| 115|0x0000000087300000, 0x0000000087400000, 0x0000000087400000|100%| E|CS|TAMS 0x0000000087300000, 0x0000000087300000| Complete 
| 116|0x0000000087400000, 0x0000000087500000, 0x0000000087500000|100%| E|CS|TAMS 0x0000000087400000, 0x0000000087400000| Complete 
| 117|0x0000000087500000, 0x0000000087600000, 0x0000000087600000|100%| E|CS|TAMS 0x0000000087500000, 0x0000000087500000| Complete 
| 118|0x0000000087600000, 0x0000000087700000, 0x0000000087700000|100%| E|CS|TAMS 0x0000000087600000, 0x0000000087600000| Complete 
| 119|0x0000000087700000, 0x000000008779ce98, 0x0000000087800000| 61%| S|CS|TAMS 0x0000000087700000, 0x0000000087700000| Complete 
| 120|0x0000000087800000, 0x0000000087900000, 0x0000000087900000|100%| E|CS|TAMS 0x0000000087800000, 0x0000000087800000| Complete 
| 121|0x0000000087900000, 0x0000000087a00000, 0x0000000087a00000|100%| E|CS|TAMS 0x0000000087900000, 0x0000000087900000| Complete 
| 122|0x0000000087a00000, 0x0000000087b00000, 0x0000000087b00000|100%| E|CS|TAMS 0x0000000087a00000, 0x0000000087a00000| Complete 
| 123|0x0000000087b00000, 0x0000000087c00000, 0x0000000087c00000|100%| E|CS|TAMS 0x0000000087b00000, 0x0000000087b00000| Complete 
| 124|0x0000000087c00000, 0x0000000087d00000, 0x0000000087d00000|100%| E|CS|TAMS 0x0000000087c00000, 0x0000000087c00000| Complete 
| 125|0x0000000087d00000, 0x0000000087e00000, 0x0000000087e00000|100%| E|CS|TAMS 0x0000000087d00000, 0x0000000087d00000| Complete 
| 126|0x0000000087e00000, 0x0000000087f00000, 0x0000000087f00000|100%| E|CS|TAMS 0x0000000087e00000, 0x0000000087e00000| Complete 
| 127|0x0000000087f00000, 0x0000000088000000, 0x0000000088000000|100%| E|CS|TAMS 0x0000000087f00000, 0x0000000087f00000| Complete 

Card table byte_map: [0x000002401bdb0000,0x000002401c1b0000] _byte_map_base: 0x000002401b9b0000

Marking Bits (Prev, Next): (CMBitMap*) 0x00000240054d63c0, (CMBitMap*) 0x00000240054d6400
 Prev Bits: [0x000002401c5b0000, 0x000002401e5b0000)
 Next Bits: [0x000002401e5b0000, 0x00000240205b0000)

Polling page: 0x0000024003400000

Metaspace:

Usage:
  Non-class:     14.44 MB used.
      Class:      1.96 MB used.
       Both:     16.40 MB used.

Virtual space:
  Non-class space:       64.00 MB reserved,      14.56 MB ( 23%) committed,  1 nodes.
      Class space:        1.00 GB reserved,       2.06 MB ( <1%) committed,  1 nodes.
             Both:        1.06 GB reserved,      16.62 MB (  2%) committed. 

Chunk freelists:
   Non-Class:  736.00 KB
       Class:  1.89 MB
        Both:  2.61 MB

MaxMetaspaceSize: unlimited
CompressedClassSpaceSize: 1.00 GB
Initial GC threshold: 21.00 MB
Current GC threshold: 21.00 MB
CDS: on
MetaspaceReclaimPolicy: balanced
 - commit_granule_bytes: 65536.
 - commit_granule_words: 8192.
 - virtual_space_node_default_size: 8388608.
 - enlarge_chunks_in_place: 1.
 - new_chunks_are_fully_committed: 0.
 - uncommit_free_chunks: 1.
 - use_allocation_guard: 0.


Internal statistics:

num_allocs_failed_limit: 0.
num_arena_births: 210.
num_arena_deaths: 0.
num_vsnodes_births: 2.
num_vsnodes_deaths: 0.
num_space_committed: 266.
num_space_uncommitted: 0.
num_chunks_returned_to_freelist: 0.
num_chunks_taken_from_freelist: 753.
num_chunk_merges: 0.
num_chunk_splits: 517.
num_chunks_enlarged: 418.
num_inconsistent_stats: 0.

CodeHeap 'non-profiled nmethods': size=120064Kb used=823Kb max_used=823Kb free=119240Kb
 bounds [0x0000024014870000, 0x0000024014ae0000, 0x000002401bdb0000]
CodeHeap 'profiled nmethods': size=120000Kb used=4691Kb max_used=4691Kb free=115308Kb
 bounds [0x000002400d340000, 0x000002400d7e0000, 0x0000024014870000]
CodeHeap 'non-nmethods': size=5696Kb used=1201Kb max_used=1254Kb free=4494Kb
 bounds [0x000002400cdb0000, 0x000002400d020000, 0x000002400d340000]
 total_blobs=2806 nmethods=2336 adapters=382
 compilation: enabled
              stopped_count=0, restarted_count=0
 full_count=0

Compilation events (20 events):
Event: 2.928 Thread 0x00000240229197e0 nmethod 2311 0x000002400d7b2190 code [0x000002400d7b23e0, 0x000002400d7b2fc8]
Event: 2.930 Thread 0x00000240229197e0 2312       3       java.lang.invoke.LambdaForm$DMH/0x0000000800d24400::invokeInterface (25 bytes)
Event: 2.930 Thread 0x00000240229197e0 nmethod 2312 0x000002400d7b3290 code [0x000002400d7b3480, 0x000002400d7b3c48]
Event: 2.931 Thread 0x00000240229197e0 2313       3       java.lang.Integer::numberOfTrailingZeros (80 bytes)
Event: 2.931 Thread 0x00000240229197e0 nmethod 2313 0x000002400d7b3d90 code [0x000002400d7b3f40, 0x000002400d7b41b8]
Event: 2.933 Thread 0x00000240229197e0 2314       3       java.util.HashMap::putMapEntries (167 bytes)
Event: 2.934 Thread 0x00000240229197e0 nmethod 2314 0x000002400d7b4290 code [0x000002400d7b4560, 0x000002400d7b5388]
Event: 2.934 Thread 0x00000240229197e0 2315       3       java.lang.reflect.Proxy::newProxyInstance (35 bytes)
Event: 2.934 Thread 0x00000240229197e0 nmethod 2315 0x000002400d7b5790 code [0x000002400d7b5980, 0x000002400d7b5d48]
Event: 2.934 Thread 0x00000240229197e0 2316       3       java.lang.reflect.Proxy::<init> (15 bytes)
Event: 2.935 Thread 0x00000240229197e0 nmethod 2316 0x000002400d7b5f10 code [0x000002400d7b60c0, 0x000002400d7b63e8]
Event: 2.936 Thread 0x00000240229197e0 2317       3       org.springframework.core.annotation.MergedAnnotationsCollection$AnnotationsSpliterator::createMergedAnnotationIfPossible (54 bytes)
Event: 2.937 Thread 0x00000240229197e0 nmethod 2317 0x000002400d7b6510 code [0x000002400d7b6700, 0x000002400d7b6bd8]
Event: 2.941 Thread 0x00000240229197e0 2318       3       java.util.RegularEnumSet$EnumSetIterator::next (5 bytes)
Event: 2.941 Thread 0x00000240229197e0 nmethod 2318 0x000002400d7b6e10 code [0x000002400d7b6fc0, 0x000002400d7b7108]
Event: 2.941 Thread 0x00000240229197e0 2319       3       java.lang.Long::numberOfTrailingZeros (26 bytes)
Event: 2.941 Thread 0x00000240229197e0 nmethod 2319 0x000002400d7b7190 code [0x000002400d7b7340, 0x000002400d7b74f8]
Event: 2.943 Thread 0x00000240229197e0 2320       3       sun.reflect.annotation.AnnotationInvocationHandler::<init> (71 bytes)
Event: 2.944 Thread 0x00000240229197e0 nmethod 2320 0x000002400d7b7590 code [0x000002400d7b7820, 0x000002400d7b8298]
Event: 2.945 Thread 0x00000240229197e0 2321       3       java.lang.reflect.Method::invoke (108 bytes)

GC Heap History (6 events):
Event: 0.462 GC heap before
{Heap before GC invocations=0 (full 0):
 garbage-first heap   total 131072K, used 5120K [0x0000000080000000, 0x0000000100000000)
  region size 1024K, 6 young (6144K), 0 survivors (0K)
 Metaspace       used 2036K, committed 2240K, reserved 1114112K
  class space    used 178K, committed 256K, reserved 1048576K
}
Event: 0.467 GC heap after
{Heap after GC invocations=1 (full 0):
 garbage-first heap   total 131072K, used 2923K [0x0000000080000000, 0x0000000100000000)
  region size 1024K, 1 young (1024K), 1 survivors (1024K)
 Metaspace       used 2036K, committed 2240K, reserved 1114112K
  class space    used 178K, committed 256K, reserved 1048576K
}
Event: 0.759 GC heap before
{Heap before GC invocations=1 (full 0):
 garbage-first heap   total 131072K, used 7019K [0x0000000080000000, 0x0000000100000000)
  region size 1024K, 6 young (6144K), 1 survivors (1024K)
 Metaspace       used 3594K, committed 3776K, reserved 1114112K
  class space    used 362K, committed 448K, reserved 1048576K
}
Event: 0.765 GC heap after
{Heap after GC invocations=2 (full 0):
 garbage-first heap   total 131072K, used 4007K [0x0000000080000000, 0x0000000100000000)
  region size 1024K, 1 young (1024K), 1 survivors (1024K)
 Metaspace       used 3594K, committed 3776K, reserved 1114112K
  class space    used 362K, committed 448K, reserved 1048576K
}
Event: 1.116 GC heap before
{Heap before GC invocations=2 (full 0):
 garbage-first heap   total 131072K, used 11175K [0x0000000080000000, 0x0000000100000000)
  region size 1024K, 8 young (8192K), 1 survivors (1024K)
 Metaspace       used 5570K, committed 5760K, reserved 1114112K
  class space    used 610K, committed 704K, reserved 1048576K
}
Event: 1.121 GC heap after
{Heap after GC invocations=3 (full 0):
 garbage-first heap   total 131072K, used 4661K [0x0000000080000000, 0x0000000100000000)
  region size 1024K, 1 young (1024K), 1 survivors (1024K)
 Metaspace       used 5570K, committed 5760K, reserved 1114112K
  class space    used 610K, committed 704K, reserved 1048576K
}

Deoptimization events (20 events):
Event: 2.605 Thread 0x0000024027245ff0 DEOPT PACKING pc=0x000002400d467666 sp=0x000000a2402fe6e0
Event: 2.605 Thread 0x0000024027245ff0 DEOPT UNPACKING pc=0x000002400ce06763 sp=0x000000a2402fdba8 mode 0
Event: 2.605 Thread 0x0000024027245ff0 DEOPT PACKING pc=0x000002400d4653b1 sp=0x000000a2402fe6b0
Event: 2.605 Thread 0x0000024027245ff0 DEOPT UNPACKING pc=0x000002400ce06763 sp=0x000000a2402fdba0 mode 0
Event: 2.606 Thread 0x0000024027245ff0 DEOPT PACKING pc=0x000002400d4653b1 sp=0x000000a2402fe6b0
Event: 2.606 Thread 0x0000024027245ff0 DEOPT UNPACKING pc=0x000002400ce06763 sp=0x000000a2402fdba0 mode 0
Event: 2.606 Thread 0x0000024027245ff0 DEOPT PACKING pc=0x000002400d467666 sp=0x000000a2402fe6e0
Event: 2.606 Thread 0x0000024027245ff0 DEOPT UNPACKING pc=0x000002400ce06763 sp=0x000000a2402fdba8 mode 0
Event: 2.693 Thread 0x0000024027245ff0 Uncommon trap: trap_request=0xffffffc6 fr.pc=0x00000240148fc0a4 relative=0x0000000000001b84
Event: 2.693 Thread 0x0000024027245ff0 Uncommon trap: reason=bimorphic_or_optimized_type_check action=maybe_recompile pc=0x00000240148fc0a4 method=java.util.HashMap.putVal(ILjava/lang/Object;Ljava/lang/Object;ZZ)Ljava/lang/Object; @ 91 c2
Event: 2.693 Thread 0x0000024027245ff0 DEOPT PACKING pc=0x00000240148fc0a4 sp=0x000000a2402fe550
Event: 2.693 Thread 0x0000024027245ff0 DEOPT UNPACKING pc=0x000002400ce05c23 sp=0x000000a2402fe418 mode 2
Event: 2.727 Thread 0x0000024027245ff0 Uncommon trap: trap_request=0xffffffc6 fr.pc=0x00000240148fc0a4 relative=0x0000000000001b84
Event: 2.727 Thread 0x0000024027245ff0 Uncommon trap: reason=bimorphic_or_optimized_type_check action=maybe_recompile pc=0x00000240148fc0a4 method=java.util.HashMap.putVal(ILjava/lang/Object;Ljava/lang/Object;ZZ)Ljava/lang/Object; @ 91 c2
Event: 2.728 Thread 0x0000024027245ff0 DEOPT PACKING pc=0x00000240148fc0a4 sp=0x000000a2402fe340
Event: 2.728 Thread 0x0000024027245ff0 DEOPT UNPACKING pc=0x000002400ce05c23 sp=0x000000a2402fe208 mode 2
Event: 2.758 Thread 0x0000024027245ff0 Uncommon trap: trap_request=0xffffffc6 fr.pc=0x00000240148ebc6c relative=0x000000000000096c
Event: 2.758 Thread 0x0000024027245ff0 Uncommon trap: reason=bimorphic_or_optimized_type_check action=maybe_recompile pc=0x00000240148ebc6c method=java.util.HashMap.putVal(ILjava/lang/Object;Ljava/lang/Object;ZZ)Ljava/lang/Object; @ 91 c2
Event: 2.758 Thread 0x0000024027245ff0 DEOPT PACKING pc=0x00000240148ebc6c sp=0x000000a2402fe260
Event: 2.758 Thread 0x0000024027245ff0 DEOPT UNPACKING pc=0x000002400ce05c23 sp=0x000000a2402fe200 mode 2

Classes loaded (20 events):
Event: 2.209 Loading class java/util/AbstractList$ListItr
Event: 2.209 Loading class java/util/AbstractList$Itr
Event: 2.209 Loading class java/util/AbstractList$Itr done
Event: 2.209 Loading class java/util/AbstractList$ListItr done
Event: 2.224 Loading class java/util/concurrent/ConcurrentLinkedDeque$Itr
Event: 2.224 Loading class java/util/concurrent/ConcurrentLinkedDeque$AbstractItr
Event: 2.224 Loading class java/util/concurrent/ConcurrentLinkedDeque$AbstractItr done
Event: 2.224 Loading class java/util/concurrent/ConcurrentLinkedDeque$Itr done
Event: 2.235 Loading class java/net/SocketException
Event: 2.235 Loading class java/net/SocketException done
Event: 2.266 Loading class java/util/regex/Pattern$LazyLoop
Event: 2.266 Loading class java/util/regex/Pattern$LazyLoop done
Event: 2.279 Loading class java/util/regex/Pattern$Pos
Event: 2.279 Loading class java/util/regex/Pattern$Pos done
Event: 2.521 Loading class javax/naming/ldap/LdapContext
Event: 2.521 Loading class javax/naming/directory/DirContext
Event: 2.521 Loading class javax/naming/directory/DirContext done
Event: 2.521 Loading class javax/naming/ldap/LdapContext done
Event: 2.624 Loading class java/lang/Deprecated
Event: 2.625 Loading class java/lang/Deprecated done

Classes unloaded (0 events):
No events

Classes redefined (0 events):
No events

Internal exceptions (20 events):
Event: 2.210 Thread 0x0000024027245ff0 Exception <a 'java/lang/ClassNotFoundException'{0x000000008601dd50}: org/springframework/beans/factory/support/BeanDefinitionRegistryPostProcessorCustomizer> (0x000000008601dd50) 
thrown [s\open\src\hotspot\share\classfile\systemDictionary.cpp, line 255]
Event: 2.211 Thread 0x0000024027245ff0 Exception <a 'java/lang/ClassNotFoundException'{0x0000000086022210}: org/springframework/beans/factory/config/BeanFactoryPostProcessorCustomizer> (0x0000000086022210) 
thrown [s\open\src\hotspot\share\classfile\systemDictionary.cpp, line 255]
Event: 2.212 Thread 0x0000024027245ff0 Exception <a 'java/lang/ClassNotFoundException'{0x0000000086080f58}: org/springframework/core/PriorityOrderedCustomizer> (0x0000000086080f58) 
thrown [s\open\src\hotspot\share\classfile\systemDictionary.cpp, line 255]
Event: 2.212 Thread 0x0000024027245ff0 Exception <a 'java/lang/ClassNotFoundException'{0x0000000086083f68}: org/springframework/core/OrderedCustomizer> (0x0000000086083f68) 
thrown [s\open\src\hotspot\share\classfile\systemDictionary.cpp, line 255]
Event: 2.215 Thread 0x0000024027245ff0 Exception <a 'java/lang/ClassNotFoundException'{0x0000000086088120}: org/springframework/context/ResourceLoaderAwareCustomizer> (0x0000000086088120) 
thrown [s\open\src\hotspot\share\classfile\systemDictionary.cpp, line 255]
Event: 2.216 Thread 0x0000024027245ff0 Exception <a 'java/lang/ClassNotFoundException'{0x000000008608c470}: org/springframework/beans/factory/AwareCustomizer> (0x000000008608c470) 
thrown [s\open\src\hotspot\share\classfile\systemDictionary.cpp, line 255]
Event: 2.217 Thread 0x0000024027245ff0 Exception <a 'java/lang/ClassNotFoundException'{0x000000008608f9b8}: org/springframework/context/ApplicationStartupAwareCustomizer> (0x000000008608f9b8) 
thrown [s\open\src\hotspot\share\classfile\systemDictionary.cpp, line 255]
Event: 2.218 Thread 0x0000024027245ff0 Exception <a 'java/lang/ClassNotFoundException'{0x0000000086093f90}: org/springframework/beans/factory/AwareCustomizer> (0x0000000086093f90) 
thrown [s\open\src\hotspot\share\classfile\systemDictionary.cpp, line 255]
Event: 2.219 Thread 0x0000024027245ff0 Exception <a 'java/lang/ClassNotFoundException'{0x0000000086097270}: org/springframework/beans/factory/BeanClassLoaderAwareCustomizer> (0x0000000086097270) 
thrown [s\open\src\hotspot\share\classfile\systemDictionary.cpp, line 255]
Event: 2.219 Thread 0x0000024027245ff0 Exception <a 'java/lang/ClassNotFoundException'{0x000000008609b5a8}: org/springframework/beans/factory/AwareCustomizer> (0x000000008609b5a8) 
thrown [s\open\src\hotspot\share\classfile\systemDictionary.cpp, line 255]
Event: 2.220 Thread 0x0000024027245ff0 Exception <a 'java/lang/ClassNotFoundException'{0x000000008609e6d8}: org/springframework/context/EnvironmentAwareCustomizer> (0x000000008609e6d8) 
thrown [s\open\src\hotspot\share\classfile\systemDictionary.cpp, line 255]
Event: 2.221 Thread 0x0000024027245ff0 Exception <a 'java/lang/ClassNotFoundException'{0x0000000085f03ae8}: org/springframework/beans/factory/AwareCustomizer> (0x0000000085f03ae8) 
thrown [s\open\src\hotspot\share\classfile\systemDictionary.cpp, line 255]
Event: 2.302 Thread 0x00000240277f58b0 Exception <a 'java/lang/NoSuchMethodError'{0x0000000085c59e40}: 'long java.lang.invoke.DirectMethodHandle$Holder.invokeSpecial(java.lang.Object, java.lang.Object)'> (0x0000000085c59e40) 
thrown [s\open\src\hotspot\share\interpreter\linkResolver.cpp, line 759]
Event: 2.305 Thread 0x00000240277f58b0 Exception <a 'java/lang/NoSuchMethodError'{0x0000000085ce4418}: 'long java.lang.invoke.DirectMethodHandle$Holder.invokeStatic(java.lang.Object, java.lang.Object)'> (0x0000000085ce4418) 
thrown [s\open\src\hotspot\share\interpreter\linkResolver.cpp, line 759]
Event: 2.305 Thread 0x00000240277f58b0 Exception <a 'java/lang/NoSuchMethodError'{0x0000000085ce7a10}: 'long java.lang.invoke.DirectMethodHandle$Holder.invokeStaticInit(java.lang.Object, java.lang.Object)'> (0x0000000085ce7a10) 
thrown [s\open\src\hotspot\share\interpreter\linkResolver.cpp, line 759]
Event: 2.325 Thread 0x00000240277f58b0 Exception <a 'java/lang/NoSuchMethodError'{0x0000000085cf5af8}: 'long java.lang.invoke.DirectMethodHandle$Holder.invokeInterface(java.lang.Object, java.lang.Object)'> (0x0000000085cf5af8) 
thrown [s\open\src\hotspot\share\interpreter\linkResolver.cpp, line 759]
Event: 2.325 Thread 0x00000240277f58b0 Exception <a 'java/lang/IncompatibleClassChangeError'{0x0000000085cf9080}: Found class java.lang.Object, but interface was expected> (0x0000000085cf9080) 
thrown [s\open\src\hotspot\share\interpreter\linkResolver.cpp, line 826]
Event: 2.346 Thread 0x00000240277f58b0 Exception <a 'java/lang/NoSuchMethodError'{0x0000000085bab4f0}: 'java.lang.Object java.lang.invoke.DirectMethodHandle$Holder.invokeVirtual(java.lang.Object, java.lang.Object, java.lang.Object, java.lang.Object)'> (0x0000000085bab4f0) 
thrown [s\open\src\hotspot\share\interpreter\linkResolver.cpp, line 759]
Event: 2.593 Thread 0x0000024027245ff0 Exception <a 'java/lang/IncompatibleClassChangeError'{0x0000000085510888}: Found class java.lang.Object, but interface was expected> (0x0000000085510888) 
thrown [s\open\src\hotspot\share\interpreter\linkResolver.cpp, line 826]
Event: 2.665 Thread 0x0000024027245ff0 Exception <a 'java/lang/NoSuchMethodError'{0x00000000854a5ba0}: 'void java.lang.invoke.DirectMethodHandle$Holder.invokeInterface(java.lang.Object, java.lang.Object, java.lang.Object, java.lang.Object)'> (0x00000000854a5ba0) 
thrown [s\open\src\hotspot\share\interpreter\linkResolver.cpp, line 759]

VM Operations (20 events):
Event: 0.759 Executing VM operation: G1CollectForAllocation
Event: 0.765 Executing VM operation: G1CollectForAllocation done
Event: 1.057 Executing VM operation: HandshakeAllThreads
Event: 1.057 Executing VM operation: HandshakeAllThreads done
Event: 1.116 Executing VM operation: G1CollectForAllocation
Event: 1.121 Executing VM operation: G1CollectForAllocation done
Event: 1.801 Executing VM operation: HandshakeAllThreads
Event: 1.801 Executing VM operation: HandshakeAllThreads done
Event: 1.802 Executing VM operation: HandshakeAllThreads
Event: 1.802 Executing VM operation: HandshakeAllThreads done
Event: 1.807 Executing VM operation: ICBufferFull
Event: 1.807 Executing VM operation: ICBufferFull done
Event: 2.131 Executing VM operation: HandshakeAllThreads
Event: 2.131 Executing VM operation: HandshakeAllThreads done
Event: 2.194 Executing VM operation: HandshakeAllThreads
Event: 2.194 Executing VM operation: HandshakeAllThreads done
Event: 2.241 Executing VM operation: HandshakeAllThreads
Event: 2.241 Executing VM operation: HandshakeAllThreads done
Event: 2.707 Executing VM operation: ICBufferFull
Event: 2.707 Executing VM operation: ICBufferFull done

Events (20 events):
Event: 0.063 Thread 0x000002402291d870 Thread added: 0x000002402291d870
Event: 0.130 Thread 0x0000024005535800 Thread added: 0x0000024005535800
Event: 0.168 Loaded shared library C:\Program Files\Java\jdk-18.0.2.1\bin\zip.dll
Event: 0.172 Loaded shared library C:\Program Files\Java\jdk-18.0.2.1\bin\instrument.dll
Event: 0.180 Loaded shared library C:\Program Files\Java\jdk-18.0.2.1\bin\net.dll
Event: 0.183 Loaded shared library C:\Program Files\Java\jdk-18.0.2.1\bin\nio.dll
Event: 0.188 Loaded shared library C:\Program Files\Java\jdk-18.0.2.1\bin\zip.dll
Event: 0.302 Loaded shared library C:\Program Files\JetBrains\IntelliJ IDEA Community Edition 2022.2.1\bin\breakgen64.dll
Event: 0.303 Thread 0x0000024026ed72a0 Thread added: 0x0000024026ed72a0
Event: 0.303 Thread 0x0000024026ed7760 Thread added: 0x0000024026ed7760
Event: 0.355 Loaded shared library C:\Program Files\Java\jdk-18.0.2.1\bin\verify.dll
Event: 0.363 Loaded shared library C:\Program Files\Java\jdk-18.0.2.1\bin\jimage.dll
Event: 0.860 Loaded shared library C:\Program Files\Java\jdk-18.0.2.1\bin\management.dll
Event: 0.862 Loaded shared library C:\Program Files\Java\jdk-18.0.2.1\bin\management_ext.dll
Event: 0.940 Thread 0x0000024027566100 Thread added: 0x0000024027566100
Event: 0.948 Thread 0x0000024027245ff0 Thread added: 0x0000024027245ff0
Event: 1.728 Thread 0x00000240277f58b0 Thread added: 0x00000240277f58b0
Event: 2.350 Thread 0x00000240277f58b0 Thread exited: 0x00000240277f58b0
Event: 2.466 Thread 0x00000240277f58b0 Thread added: 0x00000240277f58b0
Event: 2.586 Thread 0x00000240277f58b0 Thread exited: 0x00000240277f58b0


Dynamic libraries:
0x00007ff69ab20000 - 0x00007ff69ab2e000 	C:\Program Files\Java\jdk-18.0.2.1\bin\java.exe
0x00007ffeb8df0000 - 0x00007ffeb8fe8000 	C:\Windows\SYSTEM32\ntdll.dll
0x00007ffeb71e0000 - 0x00007ffeb729d000 	C:\Windows\System32\KERNEL32.DLL
0x00007ffeb6b80000 - 0x00007ffeb6e4e000 	C:\Windows\System32\KERNELBASE.dll
0x00007ffeb69c0000 - 0x00007ffeb6ac0000 	C:\Windows\System32\ucrtbase.dll
0x00007ffea2c20000 - 0x00007ffea2c37000 	C:\Program Files\Java\jdk-18.0.2.1\bin\jli.dll
0x00007ffeb7040000 - 0x00007ffeb71e0000 	C:\Windows\System32\USER32.dll
0x00007ffeb6510000 - 0x00007ffeb6532000 	C:\Windows\System32\win32u.dll
0x00007ffea57f0000 - 0x00007ffea5a8a000 	C:\Windows\WinSxS\amd64_microsoft.windows.common-controls_6595b64144ccf1df_6.0.19041.1110_none_60b5254171f9507e\COMCTL32.dll
0x00007ffeb7580000 - 0x00007ffeb75aa000 	C:\Windows\System32\GDI32.dll
0x00007ffeb8d10000 - 0x00007ffeb8dae000 	C:\Windows\System32\msvcrt.dll
0x00007ffeb6540000 - 0x00007ffeb664b000 	C:\Windows\System32\gdi32full.dll
0x00007ffeb68b0000 - 0x00007ffeb694d000 	C:\Windows\System32\msvcp_win.dll
0x00007ffea2c00000 - 0x00007ffea2c1a000 	C:\Program Files\Java\jdk-18.0.2.1\bin\VCRUNTIME140.dll
0x00007ffeb6e50000 - 0x00007ffeb6e80000 	C:\Windows\System32\IMM32.DLL
0x00007ffea44d0000 - 0x00007ffea44dc000 	C:\Program Files\Java\jdk-18.0.2.1\bin\vcruntime140_1.dll
0x00007ffe97580000 - 0x00007ffe9760d000 	C:\Program Files\Java\jdk-18.0.2.1\bin\msvcp140.dll
0x00007ffe80340000 - 0x00007ffe80f51000 	C:\Program Files\Java\jdk-18.0.2.1\bin\server\jvm.dll
0x00007ffeb72a0000 - 0x00007ffeb734e000 	C:\Windows\System32\ADVAPI32.dll
0x00007ffeb7ee0000 - 0x00007ffeb7f7c000 	C:\Windows\System32\sechost.dll
0x00007ffeb8130000 - 0x00007ffeb8255000 	C:\Windows\System32\RPCRT4.dll
0x00007ffeb7640000 - 0x00007ffeb7648000 	C:\Windows\System32\PSAPI.DLL
0x00007ffea4870000 - 0x00007ffea4879000 	C:\Windows\SYSTEM32\WSOCK32.dll
0x00007ffeb7e70000 - 0x00007ffeb7edb000 	C:\Windows\System32\WS2_32.dll
0x00007ffea4840000 - 0x00007ffea4867000 	C:\Windows\SYSTEM32\WINMM.dll
0x00007ffeadd30000 - 0x00007ffeadd3a000 	C:\Windows\SYSTEM32\VERSION.dll
0x00007ffeb43f0000 - 0x00007ffeb4402000 	C:\Windows\SYSTEM32\kernel.appcore.dll
0x00007ffea38c0000 - 0x00007ffea38ca000 	C:\Program Files\Java\jdk-18.0.2.1\bin\jimage.dll
0x00007ffeaef30000 - 0x00007ffeaf114000 	C:\Windows\SYSTEM32\DBGHELP.DLL
0x00007ffeaf260000 - 0x00007ffeaf28c000 	C:\Windows\SYSTEM32\dbgcore.DLL
0x00007ffeb6af0000 - 0x00007ffeb6b72000 	C:\Windows\System32\bcryptPrimitives.dll
0x00007ffea3280000 - 0x00007ffea328e000 	C:\Program Files\Java\jdk-18.0.2.1\bin\instrument.dll
0x00007ffea2bd0000 - 0x00007ffea2bf5000 	C:\Program Files\Java\jdk-18.0.2.1\bin\java.dll
0x00007ffe948e0000 - 0x00007ffe949b6000 	C:\Program Files\Java\jdk-18.0.2.1\bin\jsvml.dll
0x00007ffeb7650000 - 0x00007ffeb7d94000 	C:\Windows\System32\SHELL32.dll
0x00007ffeb45f0000 - 0x00007ffeb4d84000 	C:\Windows\SYSTEM32\windows.storage.dll
0x00007ffeb8520000 - 0x00007ffeb8874000 	C:\Windows\System32\combase.dll
0x00007ffeb5dc0000 - 0x00007ffeb5df0000 	C:\Windows\SYSTEM32\Wldp.dll
0x00007ffeb7470000 - 0x00007ffeb751d000 	C:\Windows\System32\SHCORE.dll
0x00007ffeb6f00000 - 0x00007ffeb6f55000 	C:\Windows\System32\shlwapi.dll
0x00007ffeb6450000 - 0x00007ffeb646f000 	C:\Windows\SYSTEM32\profapi.dll
0x00007ffea2760000 - 0x00007ffea2778000 	C:\Program Files\Java\jdk-18.0.2.1\bin\zip.dll
0x00007ffea2bb0000 - 0x00007ffea2bc3000 	C:\Program Files\Java\jdk-18.0.2.1\bin\net.dll
0x00007ffead640000 - 0x00007ffead74a000 	C:\Windows\SYSTEM32\WINHTTP.dll
0x00007ffeb5ba0000 - 0x00007ffeb5c0a000 	C:\Windows\system32\mswsock.dll
0x00007ffea29d0000 - 0x00007ffea29e6000 	C:\Program Files\Java\jdk-18.0.2.1\bin\nio.dll
0x00007ffea26e0000 - 0x00007ffea26fa000 	C:\Program Files\JetBrains\IntelliJ IDEA Community Edition 2022.2.1\bin\breakgen64.dll
0x00007ffea3250000 - 0x00007ffea3260000 	C:\Program Files\Java\jdk-18.0.2.1\bin\verify.dll
0x00007ffea2a00000 - 0x00007ffea2a09000 	C:\Program Files\Java\jdk-18.0.2.1\bin\management.dll
0x00007ffea2750000 - 0x00007ffea275b000 	C:\Program Files\Java\jdk-18.0.2.1\bin\management_ext.dll
0x00007ffea0d00000 - 0x00007ffea0d17000 	C:\Windows\system32\napinsp.dll
0x00007ffea0ce0000 - 0x00007ffea0cfb000 	C:\Windows\system32\pnrpnsp.dll
0x00007ffea0cc0000 - 0x00007ffea0cd5000 	C:\Windows\system32\wshbth.dll
0x00007ffeaf860000 - 0x00007ffeaf87d000 	C:\Windows\system32\NLAapi.dll
0x00007ffeb58b0000 - 0x00007ffeb58eb000 	C:\Windows\SYSTEM32\IPHLPAPI.DLL
0x00007ffeb5900000 - 0x00007ffeb59ca000 	C:\Windows\SYSTEM32\DNSAPI.dll
0x00007ffeb6e80000 - 0x00007ffeb6e88000 	C:\Windows\System32\NSI.dll
0x00007ffea0ca0000 - 0x00007ffea0cb2000 	C:\Windows\System32\winrnr.dll
0x00007ffead0c0000 - 0x00007ffead0ca000 	C:\Windows\System32\rasadhlp.dll
0x00007ffead850000 - 0x00007ffead8d0000 	C:\Windows\System32\fwpuclnt.dll
0x00007ffeb6ac0000 - 0x00007ffeb6ae7000 	C:\Windows\System32\bcrypt.dll

dbghelp: loaded successfully - version: 4.0.5 - missing functions: none
symbol engine: initialized successfully - sym options: 0x614 - pdb path: .;C:\Program Files\Java\jdk-18.0.2.1\bin;C:\Windows\SYSTEM32;C:\Windows\WinSxS\amd64_microsoft.windows.common-controls_6595b64144ccf1df_6.0.19041.1110_none_60b5254171f9507e;C:\Program Files\Java\jdk-18.0.2.1\bin\server;C:\Program Files\JetBrains\IntelliJ IDEA Community Edition 2022.2.1\bin

VM Arguments:
jvm_args: -javaagent:C:\Program Files\JetBrains\IntelliJ IDEA Community Edition 2022.2.1\lib\idea_rt.jar=59663:C:\Program Files\JetBrains\IntelliJ IDEA Community Edition 2022.2.1\bin -Dfile.encoding=UTF-8 -Dsun.stdout.encoding=UTF-8 -Dsun.stderr.encoding=UTF-8 
java_command: com.training.Microservice5Application
java_class_path (initial): C:\Users\sfjbs\Downloads\resilience4j-main\resilience4j-main\target\classes;C:\Users\sfjbs\.m2\repository\org\springframework\boot\spring-boot-starter-web\2.6.2\spring-boot-starter-web-2.6.2.jar;C:\Users\sfjbs\.m2\repository\org\springframework\boot\spring-boot-starter\2.6.2\spring-boot-starter-2.6.2.jar;C:\Users\sfjbs\.m2\repository\org\springframework\boot\spring-boot-starter-logging\2.6.2\spring-boot-starter-logging-2.6.2.jar;C:\Users\sfjbs\.m2\repository\ch\qos\logback\logback-classic\1.2.9\logback-classic-1.2.9.jar;C:\Users\sfjbs\.m2\repository\ch\qos\logback\logback-core\1.2.9\logback-core-1.2.9.jar;C:\Users\sfjbs\.m2\repository\org\apache\logging\log4j\log4j-to-slf4j\2.17.0\log4j-to-slf4j-2.17.0.jar;C:\Users\sfjbs\.m2\repository\org\apache\logging\log4j\log4j-api\2.17.0\log4j-api-2.17.0.jar;C:\Users\sfjbs\.m2\repository\org\slf4j\jul-to-slf4j\1.7.32\jul-to-slf4j-1.7.32.jar;C:\Users\sfjbs\.m2\repository\jakarta\annotation\jakarta.annotation-api\1.3.5\jakarta.annotation-api-1.3.5.jar;C:\Users\sfjbs\.m2\repository\org\springframework\spring-core\5.3.14\spring-core-5.3.14.jar;C:\Users\sfjbs\.m2\repository\org\springframework\spring-jcl\5.3.14\spring-jcl-5.3.14.jar;C:\Users\sfjbs\.m2\repository\org\yaml\snakeyaml\1.29\snakeyaml-1.29.jar;C:\Users\sfjbs\.m2\repository\org\springframework\boot\spring-boot-starter-json\2.6.2\spring-boot-starter-json-2.6.2.jar;C:\Users\sfjbs\.m2\repository\com\fasterxml\jackson\core\jackson-databind\2.13.1\jackson-databind-2.13.1.jar;C:\Users\sfjbs\.m2\repository\com\fasterxml\jackson\core\jackson-annotations\2.13.1\jackson-annotations-2.13.1.jar;C:\Users\sfjbs\.m2\repository\com\fasterxml\jackson\core\jackson-core\2.13.1\jackson-core-2.13.1.jar;C:\Users\sfjbs\.m2\repository\com\fasterxml\jackson\datatype\jackson-datatype-jdk8\2.13.1\jackson-datatype-jdk8-2.13.1.jar;C:\Users\sfjbs\.m2\repository\com\fasterxml\jackson\datatype\jackson-datatype-jsr310\2.13.1\jackson-datatype-jsr310-2.13.1.jar;C:\Users\sfjbs\.m2\repository\com\fasterxml\jackson\module\jackson-module-parameter-names\2.13.1\jackson-module-parameter-names-2.13.1.jar;C:\Users\sfjbs\.m2\repository\org\springframework\boot\spring-boot-starter-tomcat\2.6.2\spring-boot-starter-tomcat-2.6.2.jar;C:\Users\sfjbs\.m2\repository\org\apache\tomcat\embed\tomcat-embed-core\9.0.56\tomcat-embed-core-9.0.56.jar;C:\Users\sfjbs\.m2\repository\org\apache\tomcat\embed\tomcat-embed-el\9.0.56\tomcat-embed-el-9.0.56.jar;C:\Users\sfjbs\.m2\repository\org\apache\tomcat\embed\tomcat-embed-websocket\9.0.56\tomcat-embed-websocket-9.0.56.jar;C:\Users\sfjbs\.m2\repository\org\springframework\spring-web\5.3.14\spring-web-5.3.14.jar;C:\Users\sfjbs\.m2\repository\org\springframework\spring-beans\5.3.14\spring-beans-5.3.14.jar;C:\Users\sfjbs\.m2\repository\org\springframework\spring-webmvc\5.3.14\spring-webmvc-5.3.14.jar;C:\Users\sfjbs\.m2\repository\org\springframework\spring-context\5.3.14\spring-context-5.3.14.jar;C:\Users\sfjbs\.m2\repository\org\springframework\spring-expression\5.3.14\spring-expression-5.3.14.jar;C:\Users\sfjbs\.m2\repository\io\github\resilience4j\resilience4j-spring-boot2\1.7.0\resilience4j-spring-boot2-1.7.0.jar;C:\Users\sfjbs\.m2\repository\io\vavr\vavr\0.10.2\vavr-0.10.2.jar;C:\Users\sfjbs\.m2\repository\io\vavr\vavr-match\0.10.2\vavr-match-0.10.2.jar;C:\Users\sfjbs\.m2\repository\org\slf4j\slf4j-api\1.7.32\slf4j-api-1.7.32.jar;C:\Users\sfjbs\.m2\repository\io\github\resilience4j\resilience4j-spring\1.7.0\resilience4j-spring-1.7.0.jar;C:\Users\sfjbs\.m2\repository\io\github\resilience4j\resilience4j-annotations\1.7.0\resilience4j-annotations-1.7.0.jar;C:\Users\sfjbs\.m2\repository\io\github\resilience4j\resilience4j-consumer\1.7.0\resilience4j-consumer-1.7.0.jar;C:\Users\sfjbs\.m2\repository\io\github\resilience4j\resilience4j-core\1.7.0\resilience4j-core-1.7.0.jar;C:\Users\sfjbs\.m2\repository\io\github\resilience4j\resilience4j-circularbuffer\1.7.0\resilience4j-circularbuffer-1.7.0.jar;C:\Users\sfjbs\.m2\repository\io\github\resilience4j\resilience4j-framework-common\1.7.0\resilience4j-framework-common-1.7.0.jar;C:\Users\sfjbs\.m2\repository\io\github\resilience4j\resilience4j-circuitbreaker\1.7.0\resilience4j-circuitbreaker-1.7.0.jar;C:\Users\sfjbs\.m2\repository\io\github\resilience4j\resilience4j-ratelimiter\1.7.0\resilience4j-ratelimiter-1.7.0.jar;C:\Users\sfjbs\.m2\repository\io\github\resilience4j\resilience4j-retry\1.7.0\resilience4j-retry-1.7.0.jar;C:\Users\sfjbs\.m2\repository\io\github\resilience4j\resilience4j-bulkhead\1.7.0\resilience4j-bulkhead-1.7.0.jar;C:\Users\sfjbs\.m2\repository\io\github\resilience4j\resilience4j-timelimiter\1.7.0\resilience4j-timelimiter-1.7.0.jar;C:\Users\sfjbs\.m2\repository\io\github\resilience4j\resilience4j-micrometer\1.7.0\resilience4j-micrometer-1.7.0.jar;C:\Users\sfjbs\.m2\repository\org\springframework\boot\spring-boot-starter-aop\2.6.2\spring-boot-starter-aop-2.6.2.jar;C:\Users\sfjbs\.m2\repository\org\springframework\spring-aop\5.3.14\spring-aop-5.3.14.jar;C:\Users\sfjbs\.m2\repository\org\aspectj\aspectjweaver\1.9.7\aspectjweaver-1.9.7.jar;C:\Users\sfjbs\.m2\repository\org\springframework\boot\spring-boot-devtools\2.6.2\spring-boot-devtools-2.6.2.jar;C:\Users\sfjbs\.m2\repository\org\springframework\boot\spring-boot\2.6.2\spring-boot-2.6.2.jar;C:\Users\sfjbs\.m2\repository\org\springframework\boot\spring-boot-autoconfigure\2.6.2\spring-boot-autoconfigure-2.6.2.jar
Launcher Type: SUN_STANDARD

[Global flags]
     intx CICompilerCount                          = 2                                         {product} {ergonomic}
     uint ConcGCThreads                            = 1                                         {product} {ergonomic}
     uint G1ConcRefinementThreads                  = 2                                         {product} {ergonomic}
   size_t G1HeapRegionSize                         = 1048576                                   {product} {ergonomic}
    uintx GCDrainStackTargetSize                   = 64                                        {product} {ergonomic}
   size_t InitialHeapSize                          = 134217728                                 {product} {ergonomic}
   size_t MarkStackSize                            = 4194304                                   {product} {ergonomic}
   size_t MaxHeapSize                              = 2147483648                                {product} {ergonomic}
   size_t MaxNewSize                               = 1287651328                                {product} {ergonomic}
   size_t MinHeapDeltaBytes                        = 1048576                                   {product} {ergonomic}
   size_t MinHeapSize                              = 8388608                                   {product} {ergonomic}
    uintx NonNMethodCodeHeapSize                   = 5826188                                {pd product} {ergonomic}
    uintx NonProfiledCodeHeapSize                  = 122916026                              {pd product} {ergonomic}
    uintx ProfiledCodeHeapSize                     = 122916026                              {pd product} {ergonomic}
    uintx ReservedCodeCacheSize                    = 251658240                              {pd product} {ergonomic}
     bool SegmentedCodeCache                       = true                                      {product} {ergonomic}
   size_t SoftMaxHeapSize                          = 2147483648                             {manageable} {ergonomic}
     bool UseCompressedClassPointers               = true                           {product lp64_product} {ergonomic}
     bool UseCompressedOops                        = true                           {product lp64_product} {ergonomic}
     bool UseG1GC                                  = true                                      {product} {ergonomic}
     bool UseLargePagesIndividualAllocation        = false                                  {pd product} {ergonomic}

Logging:
Log output configuration:
 #0: stdout all=warning uptime,level,tags foldmultilines=false
 #1: stderr all=off uptime,level,tags foldmultilines=false

Environment Variables:
PATH=C:\Program Files\Common Files\Oracle\Java\javapath;C:\Windows\system32;C:\Windows;C:\Windows\System32\Wbem;C:\Windows\System32\WindowsPowerShell\v1.0\;C:\Windows\System32\OpenSSH\;C:\Program Files\PuTTY\;C:\Program Files\Git\cmd;C:\Program Files\Docker\Docker\resources\bin;C:\ProgramData\DockerDesktop\version-bin;C:\Users\sfjbs\Downloads\apache-maven-3.8.6-bin\apache-maven-3.8.6\bin;C:\Users\sfjbs\Downloads\apache-maven-3.8.6-bin\apache-maven-3.8.6\lib;C:\Users\sfjbs\AppData\Local\Microsoft\WindowsApps;C:\Program Files\JetBrains\IntelliJ IDEA Community Edition 2022.2.1\bin;;C:\Users\sfjbs\Downloads\apache-maven-3.8.6-bin\apache-maven-3.8.6\bin;C:\Users\sfjbs\Downloads\apache-maven-3.8.6-bin\apache-maven-3.8.6\lib;
USERNAME=sfjbs
OS=Windows_NT
PROCESSOR_IDENTIFIER=Intel64 Family 6 Model 85 Stepping 7, GenuineIntel



---------------  S Y S T E M  ---------------

OS:
 Windows 10 , 64 bit Build 19041 (10.0.19041.1889)
OS uptime: 17 days 13:03 hours
Hyper-V role detected

CPU: total 2 (initial active 2) (1 cores per cpu, 2 threads per core) family 6 model 85 stepping 7 microcode 0xffffffff, cx8, cmov, fxsr, ht, mmx, 3dnowpref, sse, sse2, sse3, ssse3, sse4.1, sse4.2, popcnt, lzcnt, tsc, avx, avx2, aes, erms, clmul, bmi1, bmi2, rtm, adx, avx512f, avx512dq, avx512cd, avx512bw, avx512vl, fma, vzeroupper, clflush, clflushopt, hv

Memory: 4k page, system-wide physical 8190M (1283M free)
TotalPageFile size 10238M (AvailPageFile size 5M)
current process WorkingSet (physical memory assigned to process): 128M, peak: 128M
current process commit charge ("private bytes"): 235M, peak: 236M

vm_info: OpenJDK 64-Bit Server VM (18.0.2.1+1-1) for windows-amd64 JRE (18.0.2.1+1-1), built on Aug 16 2022 01:44:29 by "mach5one" with MS VC++ 16.8 / 16.9 (VS2019)

END.
